* The number of fragments for sample Ctrl_12h_IAA_4SU_3 is 32
* The fragment size is set to 1349782 alignments per fragment
* Aligned .sam file fragmented for sample Ctrl_12h_IAA_4SU_3
[E::idx_find_and_load] Could not retrieve index file for './results/read_to_junctions/10_Ctrl_12h_IAA_4SU_3_frag.bam'
Traceback (most recent call last):
  File "/home/volker/.cache/snakemake/snakemake/source-cache/runtime-cache/tmpygol52gj/https/raw.githubusercontent.com/isaacvock/fastq2EZbakR/main/workflow/scripts/features/junction_assignment.py", line 64, in <module>
    if junction_tags[0][0] == 'jM':
IndexError: list index out of range
[E::idx_find_and_load] Could not retrieve index file for './results/read_to_junctions/11_Ctrl_12h_IAA_4SU_3_frag.bam'
Traceback (most recent call last):
  File "/home/volker/.cache/snakemake/snakemake/source-cache/runtime-cache/tmpygol52gj/https/raw.githubusercontent.com/isaacvock/fastq2EZbakR/main/workflow/scripts/features/junction_assignment.py", line 64, in <module>
    if junction_tags[0][0] == 'jM':
IndexError: list index out of range
[E::idx_find_and_load] Could not retrieve index file for './results/read_to_junctions/12_Ctrl_12h_IAA_4SU_3_frag.bam'
Traceback (most recent call last):
  File "/home/volker/.cache/snakemake/snakemake/source-cache/runtime-cache/tmpygol52gj/https/raw.githubusercontent.com/isaacvock/fastq2EZbakR/main/workflow/scripts/features/junction_assignment.py", line 64, in <module>
    if junction_tags[0][0] == 'jM':
IndexError: list index out of range
[E::idx_find_and_load] Could not retrieve index file for './results/read_to_junctions/15_Ctrl_12h_IAA_4SU_3_frag.bam'
Traceback (most recent call last):
  File "/home/volker/.cache/snakemake/snakemake/source-cache/runtime-cache/tmpygol52gj/https/raw.githubusercontent.com/isaacvock/fastq2EZbakR/main/workflow/scripts/features/junction_assignment.py", line 64, in <module>
    if junction_tags[0][0] == 'jM':
IndexError: list index out of range
[E::idx_find_and_load] Could not retrieve index file for './results/read_to_junctions/13_Ctrl_12h_IAA_4SU_3_frag.bam'
Traceback (most recent call last):
  File "/home/volker/.cache/snakemake/snakemake/source-cache/runtime-cache/tmpygol52gj/https/raw.githubusercontent.com/isaacvock/fastq2EZbakR/main/workflow/scripts/features/junction_assignment.py", line 64, in <module>
    if junction_tags[0][0] == 'jM':
IndexError: list index out of range
[E::idx_find_and_load] Could not retrieve index file for './results/read_to_junctions/17_Ctrl_12h_IAA_4SU_3_frag.bam'
Traceback (most recent call last):
  File "/home/volker/.cache/snakemake/snakemake/source-cache/runtime-cache/tmpygol52gj/https/raw.githubusercontent.com/isaacvock/fastq2EZbakR/main/workflow/scripts/features/junction_assignment.py", line 64, in <module>
    if junction_tags[0][0] == 'jM':
IndexError: list index out of range
[E::idx_find_and_load] Could not retrieve index file for './results/read_to_junctions/21_Ctrl_12h_IAA_4SU_3_frag.bam'
Traceback (most recent call last):
  File "/home/volker/.cache/snakemake/snakemake/source-cache/runtime-cache/tmpygol52gj/https/raw.githubusercontent.com/isaacvock/fastq2EZbakR/main/workflow/scripts/features/junction_assignment.py", line 64, in <module>
    if junction_tags[0][0] == 'jM':
IndexError: list index out of range
[E::idx_find_and_load] Could not retrieve index file for './results/read_to_junctions/23_Ctrl_12h_IAA_4SU_3_frag.bam'
Traceback (most recent call last):
  File "/home/volker/.cache/snakemake/snakemake/source-cache/runtime-cache/tmpygol52gj/https/raw.githubusercontent.com/isaacvock/fastq2EZbakR/main/workflow/scripts/features/junction_assignment.py", line 64, in <module>
    if junction_tags[0][0] == 'jM':
IndexError: list index out of range
[E::idx_find_and_load] Could not retrieve index file for './results/read_to_junctions/14_Ctrl_12h_IAA_4SU_3_frag.bam'
Traceback (most recent call last):
  File "/home/volker/.cache/snakemake/snakemake/source-cache/runtime-cache/tmpygol52gj/https/raw.githubusercontent.com/isaacvock/fastq2EZbakR/main/workflow/scripts/features/junction_assignment.py", line 64, in <module>
    if junction_tags[0][0] == 'jM':
IndexError: list index out of range
[E::idx_find_and_load] Could not retrieve index file for './results/read_to_junctions/18_Ctrl_12h_IAA_4SU_3_frag.bam'
Traceback (most recent call last):
  File "/home/volker/.cache/snakemake/snakemake/source-cache/runtime-cache/tmpygol52gj/https/raw.githubusercontent.com/isaacvock/fastq2EZbakR/main/workflow/scripts/features/junction_assignment.py", line 64, in <module>
    if junction_tags[0][0] == 'jM':
IndexError: list index out of range
[E::idx_find_and_load] Could not retrieve index file for './results/read_to_junctions/16_Ctrl_12h_IAA_4SU_3_frag.bam'
Traceback (most recent call last):
  File "/home/volker/.cache/snakemake/snakemake/source-cache/runtime-cache/tmpygol52gj/https/raw.githubusercontent.com/isaacvock/fastq2EZbakR/main/workflow/scripts/features/junction_assignment.py", line 64, in <module>
    if junction_tags[0][0] == 'jM':
IndexError: list index out of range
[E::idx_find_and_load] Could not retrieve index file for './results/read_to_junctions/1_Ctrl_12h_IAA_4SU_3_frag.bam'
Traceback (most recent call last):
  File "/home/volker/.cache/snakemake/snakemake/source-cache/runtime-cache/tmpygol52gj/https/raw.githubusercontent.com/isaacvock/fastq2EZbakR/main/workflow/scripts/features/junction_assignment.py", line 64, in <module>
    if junction_tags[0][0] == 'jM':
IndexError: list index out of range
[E::idx_find_and_load] Could not retrieve index file for './results/read_to_junctions/19_Ctrl_12h_IAA_4SU_3_frag.bam'
Traceback (most recent call last):
  File "/home/volker/.cache/snakemake/snakemake/source-cache/runtime-cache/tmpygol52gj/https/raw.githubusercontent.com/isaacvock/fastq2EZbakR/main/workflow/scripts/features/junction_assignment.py", line 64, in <module>
    if junction_tags[0][0] == 'jM':
IndexError: list index out of range
[E::idx_find_and_load] Could not retrieve index file for './results/read_to_junctions/20_Ctrl_12h_IAA_4SU_3_frag.bam'
Traceback (most recent call last):
  File "/home/volker/.cache/snakemake/snakemake/source-cache/runtime-cache/tmpygol52gj/https/raw.githubusercontent.com/isaacvock/fastq2EZbakR/main/workflow/scripts/features/junction_assignment.py", line 64, in <module>
    if junction_tags[0][0] == 'jM':
IndexError: list index out of range
[E::idx_find_and_load] Could not retrieve index file for './results/read_to_junctions/24_Ctrl_12h_IAA_4SU_3_frag.bam'
Traceback (most recent call last):
  File "/home/volker/.cache/snakemake/snakemake/source-cache/runtime-cache/tmpygol52gj/https/raw.githubusercontent.com/isaacvock/fastq2EZbakR/main/workflow/scripts/features/junction_assignment.py", line 64, in <module>
    if junction_tags[0][0] == 'jM':
IndexError: list index out of range
[E::idx_find_and_load] Could not retrieve index file for './results/read_to_junctions/25_Ctrl_12h_IAA_4SU_3_frag.bam'
Traceback (most recent call last):
  File "/home/volker/.cache/snakemake/snakemake/source-cache/runtime-cache/tmpygol52gj/https/raw.githubusercontent.com/isaacvock/fastq2EZbakR/main/workflow/scripts/features/junction_assignment.py", line 64, in <module>
    if junction_tags[0][0] == 'jM':
IndexError: list index out of range
[E::idx_find_and_load] Could not retrieve index file for './results/read_to_junctions/22_Ctrl_12h_IAA_4SU_3_frag.bam'
Traceback (most recent call last):
  File "/home/volker/.cache/snakemake/snakemake/source-cache/runtime-cache/tmpygol52gj/https/raw.githubusercontent.com/isaacvock/fastq2EZbakR/main/workflow/scripts/features/junction_assignment.py", line 64, in <module>
    if junction_tags[0][0] == 'jM':
IndexError: list index out of range
[E::idx_find_and_load] Could not retrieve index file for './results/read_to_junctions/27_Ctrl_12h_IAA_4SU_3_frag.bam'
Traceback (most recent call last):
  File "/home/volker/.cache/snakemake/snakemake/source-cache/runtime-cache/tmpygol52gj/https/raw.githubusercontent.com/isaacvock/fastq2EZbakR/main/workflow/scripts/features/junction_assignment.py", line 64, in <module>
    if junction_tags[0][0] == 'jM':
IndexError: list index out of range
[E::idx_find_and_load] Could not retrieve index file for './results/read_to_junctions/29_Ctrl_12h_IAA_4SU_3_frag.bam'
Traceback (most recent call last):
  File "/home/volker/.cache/snakemake/snakemake/source-cache/runtime-cache/tmpygol52gj/https/raw.githubusercontent.com/isaacvock/fastq2EZbakR/main/workflow/scripts/features/junction_assignment.py", line 64, in <module>
    if junction_tags[0][0] == 'jM':
IndexError: list index out of range
[E::idx_find_and_load] Could not retrieve index file for './results/read_to_junctions/4_Ctrl_12h_IAA_4SU_3_frag.bam'
Traceback (most recent call last):
  File "/home/volker/.cache/snakemake/snakemake/source-cache/runtime-cache/tmpygol52gj/https/raw.githubusercontent.com/isaacvock/fastq2EZbakR/main/workflow/scripts/features/junction_assignment.py", line 64, in <module>
    if junction_tags[0][0] == 'jM':
IndexError: list index out of range
[E::idx_find_and_load] Could not retrieve index file for './results/read_to_junctions/26_Ctrl_12h_IAA_4SU_3_frag.bam'
Traceback (most recent call last):
  File "/home/volker/.cache/snakemake/snakemake/source-cache/runtime-cache/tmpygol52gj/https/raw.githubusercontent.com/isaacvock/fastq2EZbakR/main/workflow/scripts/features/junction_assignment.py", line 64, in <module>
    if junction_tags[0][0] == 'jM':
IndexError: list index out of range
[E::idx_find_and_load] Could not retrieve index file for './results/read_to_junctions/28_Ctrl_12h_IAA_4SU_3_frag.bam'
Traceback (most recent call last):
  File "/home/volker/.cache/snakemake/snakemake/source-cache/runtime-cache/tmpygol52gj/https/raw.githubusercontent.com/isaacvock/fastq2EZbakR/main/workflow/scripts/features/junction_assignment.py", line 64, in <module>
    if junction_tags[0][0] == 'jM':
IndexError: list index out of range
[E::idx_find_and_load] Could not retrieve index file for './results/read_to_junctions/2_Ctrl_12h_IAA_4SU_3_frag.bam'
Traceback (most recent call last):
  File "/home/volker/.cache/snakemake/snakemake/source-cache/runtime-cache/tmpygol52gj/https/raw.githubusercontent.com/isaacvock/fastq2EZbakR/main/workflow/scripts/features/junction_assignment.py", line 64, in <module>
    if junction_tags[0][0] == 'jM':
IndexError: list index out of range
[E::idx_find_and_load] Could not retrieve index file for './results/read_to_junctions/31_Ctrl_12h_IAA_4SU_3_frag.bam'
Traceback (most recent call last):
  File "/home/volker/.cache/snakemake/snakemake/source-cache/runtime-cache/tmpygol52gj/https/raw.githubusercontent.com/isaacvock/fastq2EZbakR/main/workflow/scripts/features/junction_assignment.py", line 64, in <module>
    if junction_tags[0][0] == 'jM':
IndexError: list index out of range
[E::idx_find_and_load] Could not retrieve index file for './results/read_to_junctions/30_Ctrl_12h_IAA_4SU_3_frag.bam'
Traceback (most recent call last):
  File "/home/volker/.cache/snakemake/snakemake/source-cache/runtime-cache/tmpygol52gj/https/raw.githubusercontent.com/isaacvock/fastq2EZbakR/main/workflow/scripts/features/junction_assignment.py", line 64, in <module>
    if junction_tags[0][0] == 'jM':
IndexError: list index out of range
[E::idx_find_and_load] Could not retrieve index file for './results/read_to_junctions/32_Ctrl_12h_IAA_4SU_3_frag.bam'
Traceback (most recent call last):
  File "/home/volker/.cache/snakemake/snakemake/source-cache/runtime-cache/tmpygol52gj/https/raw.githubusercontent.com/isaacvock/fastq2EZbakR/main/workflow/scripts/features/junction_assignment.py", line 64, in <module>
    if junction_tags[0][0] == 'jM':
IndexError: list index out of range
[E::idx_find_and_load] Could not retrieve index file for './results/read_to_junctions/6_Ctrl_12h_IAA_4SU_3_frag.bam'
Traceback (most recent call last):
  File "/home/volker/.cache/snakemake/snakemake/source-cache/runtime-cache/tmpygol52gj/https/raw.githubusercontent.com/isaacvock/fastq2EZbakR/main/workflow/scripts/features/junction_assignment.py", line 64, in <module>
    if junction_tags[0][0] == 'jM':
IndexError: list index out of range
[E::idx_find_and_load] Could not retrieve index file for './results/read_to_junctions/8_Ctrl_12h_IAA_4SU_3_frag.bam'
Traceback (most recent call last):
  File "/home/volker/.cache/snakemake/snakemake/source-cache/runtime-cache/tmpygol52gj/https/raw.githubusercontent.com/isaacvock/fastq2EZbakR/main/workflow/scripts/features/junction_assignment.py", line 64, in <module>
    if junction_tags[0][0] == 'jM':
IndexError: list index out of range
[E::idx_find_and_load] Could not retrieve index file for './results/read_to_junctions/3_Ctrl_12h_IAA_4SU_3_frag.bam'
Traceback (most recent call last):
  File "/home/volker/.cache/snakemake/snakemake/source-cache/runtime-cache/tmpygol52gj/https/raw.githubusercontent.com/isaacvock/fastq2EZbakR/main/workflow/scripts/features/junction_assignment.py", line 64, in <module>
    if junction_tags[0][0] == 'jM':
IndexError: list index out of range
[E::idx_find_and_load] Could not retrieve index file for './results/read_to_junctions/5_Ctrl_12h_IAA_4SU_3_frag.bam'
Traceback (most recent call last):
  File "/home/volker/.cache/snakemake/snakemake/source-cache/runtime-cache/tmpygol52gj/https/raw.githubusercontent.com/isaacvock/fastq2EZbakR/main/workflow/scripts/features/junction_assignment.py", line 64, in <module>
    if junction_tags[0][0] == 'jM':
IndexError: list index out of range
[E::idx_find_and_load] Could not retrieve index file for './results/read_to_junctions/7_Ctrl_12h_IAA_4SU_3_frag.bam'
Traceback (most recent call last):
  File "/home/volker/.cache/snakemake/snakemake/source-cache/runtime-cache/tmpygol52gj/https/raw.githubusercontent.com/isaacvock/fastq2EZbakR/main/workflow/scripts/features/junction_assignment.py", line 64, in <module>
    if junction_tags[0][0] == 'jM':
IndexError: list index out of range
[E::idx_find_and_load] Could not retrieve index file for './results/read_to_junctions/9_Ctrl_12h_IAA_4SU_3_frag.bam'
Traceback (most recent call last):
  File "/home/volker/.cache/snakemake/snakemake/source-cache/runtime-cache/tmpygol52gj/https/raw.githubusercontent.com/isaacvock/fastq2EZbakR/main/workflow/scripts/features/junction_assignment.py", line 64, in <module>
    if junction_tags[0][0] == 'jM':
IndexError: list index out of range
** Junction information extracted for Ctrl_12h_IAA_4SU_3
** fragmented bam files cleaned up for Ctrl_12h_IAA_4SU_3
** Results fragments merged into final files
* Cleaning up fragmented .bam files
