* The number of fragments for sample Ctrl_24h_IAA_4SU_2 is 32
* The fragment size is set to 1111482 alignments per fragment
* Aligned .sam file fragmented for sample Ctrl_24h_IAA_4SU_2
[E::idx_find_and_load] Could not retrieve index file for './results/read_to_junctions/10_Ctrl_24h_IAA_4SU_2_frag.bam'
Traceback (most recent call last):
  File "/home/volker/.cache/snakemake/snakemake/source-cache/runtime-cache/tmpygol52gj/https/raw.githubusercontent.com/isaacvock/fastq2EZbakR/main/workflow/scripts/features/junction_assignment.py", line 64, in <module>
    if junction_tags[0][0] == 'jM':
IndexError: list index out of range
[E::idx_find_and_load] Could not retrieve index file for './results/read_to_junctions/11_Ctrl_24h_IAA_4SU_2_frag.bam'
Traceback (most recent call last):
  File "/home/volker/.cache/snakemake/snakemake/source-cache/runtime-cache/tmpygol52gj/https/raw.githubusercontent.com/isaacvock/fastq2EZbakR/main/workflow/scripts/features/junction_assignment.py", line 64, in <module>
    if junction_tags[0][0] == 'jM':
IndexError: list index out of range
[E::idx_find_and_load] Could not retrieve index file for './results/read_to_junctions/12_Ctrl_24h_IAA_4SU_2_frag.bam'
Traceback (most recent call last):
  File "/home/volker/.cache/snakemake/snakemake/source-cache/runtime-cache/tmpygol52gj/https/raw.githubusercontent.com/isaacvock/fastq2EZbakR/main/workflow/scripts/features/junction_assignment.py", line 64, in <module>
    if junction_tags[0][0] == 'jM':
IndexError: list index out of range
[E::idx_find_and_load] Could not retrieve index file for './results/read_to_junctions/13_Ctrl_24h_IAA_4SU_2_frag.bam'
Traceback (most recent call last):
  File "/home/volker/.cache/snakemake/snakemake/source-cache/runtime-cache/tmpygol52gj/https/raw.githubusercontent.com/isaacvock/fastq2EZbakR/main/workflow/scripts/features/junction_assignment.py", line 64, in <module>
    if junction_tags[0][0] == 'jM':
IndexError: list index out of range
[E::idx_find_and_load] Could not retrieve index file for './results/read_to_junctions/15_Ctrl_24h_IAA_4SU_2_frag.bam'
Traceback (most recent call last):
  File "/home/volker/.cache/snakemake/snakemake/source-cache/runtime-cache/tmpygol52gj/https/raw.githubusercontent.com/isaacvock/fastq2EZbakR/main/workflow/scripts/features/junction_assignment.py", line 64, in <module>
    if junction_tags[0][0] == 'jM':
IndexError: list index out of range
[E::idx_find_and_load] Could not retrieve index file for './results/read_to_junctions/14_Ctrl_24h_IAA_4SU_2_frag.bam'
Traceback (most recent call last):
  File "/home/volker/.cache/snakemake/snakemake/source-cache/runtime-cache/tmpygol52gj/https/raw.githubusercontent.com/isaacvock/fastq2EZbakR/main/workflow/scripts/features/junction_assignment.py", line 64, in <module>
    if junction_tags[0][0] == 'jM':
IndexError: list index out of range
[E::idx_find_and_load] Could not retrieve index file for './results/read_to_junctions/17_Ctrl_24h_IAA_4SU_2_frag.bam'
Traceback (most recent call last):
  File "/home/volker/.cache/snakemake/snakemake/source-cache/runtime-cache/tmpygol52gj/https/raw.githubusercontent.com/isaacvock/fastq2EZbakR/main/workflow/scripts/features/junction_assignment.py", line 64, in <module>
    if junction_tags[0][0] == 'jM':
IndexError: list index out of range
[E::idx_find_and_load] Could not retrieve index file for './results/read_to_junctions/21_Ctrl_24h_IAA_4SU_2_frag.bam'
Traceback (most recent call last):
  File "/home/volker/.cache/snakemake/snakemake/source-cache/runtime-cache/tmpygol52gj/https/raw.githubusercontent.com/isaacvock/fastq2EZbakR/main/workflow/scripts/features/junction_assignment.py", line 64, in <module>
    if junction_tags[0][0] == 'jM':
IndexError: list index out of range
[E::idx_find_and_load] Could not retrieve index file for './results/read_to_junctions/18_Ctrl_24h_IAA_4SU_2_frag.bam'
Traceback (most recent call last):
  File "/home/volker/.cache/snakemake/snakemake/source-cache/runtime-cache/tmpygol52gj/https/raw.githubusercontent.com/isaacvock/fastq2EZbakR/main/workflow/scripts/features/junction_assignment.py", line 64, in <module>
    if junction_tags[0][0] == 'jM':
IndexError: list index out of range
[E::idx_find_and_load] Could not retrieve index file for './results/read_to_junctions/19_Ctrl_24h_IAA_4SU_2_frag.bam'
Traceback (most recent call last):
  File "/home/volker/.cache/snakemake/snakemake/source-cache/runtime-cache/tmpygol52gj/https/raw.githubusercontent.com/isaacvock/fastq2EZbakR/main/workflow/scripts/features/junction_assignment.py", line 64, in <module>
    if junction_tags[0][0] == 'jM':
IndexError: list index out of range
[E::idx_find_and_load] Could not retrieve index file for './results/read_to_junctions/23_Ctrl_24h_IAA_4SU_2_frag.bam'
Traceback (most recent call last):
  File "/home/volker/.cache/snakemake/snakemake/source-cache/runtime-cache/tmpygol52gj/https/raw.githubusercontent.com/isaacvock/fastq2EZbakR/main/workflow/scripts/features/junction_assignment.py", line 64, in <module>
    if junction_tags[0][0] == 'jM':
IndexError: list index out of range
[E::idx_find_and_load] Could not retrieve index file for './results/read_to_junctions/16_Ctrl_24h_IAA_4SU_2_frag.bam'
Traceback (most recent call last):
  File "/home/volker/.cache/snakemake/snakemake/source-cache/runtime-cache/tmpygol52gj/https/raw.githubusercontent.com/isaacvock/fastq2EZbakR/main/workflow/scripts/features/junction_assignment.py", line 64, in <module>
    if junction_tags[0][0] == 'jM':
IndexError: list index out of range
[E::idx_find_and_load] Could not retrieve index file for './results/read_to_junctions/1_Ctrl_24h_IAA_4SU_2_frag.bam'
Traceback (most recent call last):
  File "/home/volker/.cache/snakemake/snakemake/source-cache/runtime-cache/tmpygol52gj/https/raw.githubusercontent.com/isaacvock/fastq2EZbakR/main/workflow/scripts/features/junction_assignment.py", line 64, in <module>
    if junction_tags[0][0] == 'jM':
IndexError: list index out of range
[E::idx_find_and_load] Could not retrieve index file for './results/read_to_junctions/20_Ctrl_24h_IAA_4SU_2_frag.bam'
Traceback (most recent call last):
  File "/home/volker/.cache/snakemake/snakemake/source-cache/runtime-cache/tmpygol52gj/https/raw.githubusercontent.com/isaacvock/fastq2EZbakR/main/workflow/scripts/features/junction_assignment.py", line 64, in <module>
    if junction_tags[0][0] == 'jM':
IndexError: list index out of range
[E::idx_find_and_load] Could not retrieve index file for './results/read_to_junctions/24_Ctrl_24h_IAA_4SU_2_frag.bam'
Traceback (most recent call last):
  File "/home/volker/.cache/snakemake/snakemake/source-cache/runtime-cache/tmpygol52gj/https/raw.githubusercontent.com/isaacvock/fastq2EZbakR/main/workflow/scripts/features/junction_assignment.py", line 64, in <module>
    if junction_tags[0][0] == 'jM':
IndexError: list index out of range
[E::idx_find_and_load] Could not retrieve index file for './results/read_to_junctions/22_Ctrl_24h_IAA_4SU_2_frag.bam'
Traceback (most recent call last):
  File "/home/volker/.cache/snakemake/snakemake/source-cache/runtime-cache/tmpygol52gj/https/raw.githubusercontent.com/isaacvock/fastq2EZbakR/main/workflow/scripts/features/junction_assignment.py", line 64, in <module>
    if junction_tags[0][0] == 'jM':
IndexError: list index out of range
[E::idx_find_and_load] Could not retrieve index file for './results/read_to_junctions/27_Ctrl_24h_IAA_4SU_2_frag.bam'
Traceback (most recent call last):
  File "/home/volker/.cache/snakemake/snakemake/source-cache/runtime-cache/tmpygol52gj/https/raw.githubusercontent.com/isaacvock/fastq2EZbakR/main/workflow/scripts/features/junction_assignment.py", line 64, in <module>
    if junction_tags[0][0] == 'jM':
IndexError: list index out of range
[E::idx_find_and_load] Could not retrieve index file for './results/read_to_junctions/25_Ctrl_24h_IAA_4SU_2_frag.bam'
Traceback (most recent call last):
  File "/home/volker/.cache/snakemake/snakemake/source-cache/runtime-cache/tmpygol52gj/https/raw.githubusercontent.com/isaacvock/fastq2EZbakR/main/workflow/scripts/features/junction_assignment.py", line 64, in <module>
    if junction_tags[0][0] == 'jM':
IndexError: list index out of range
[E::idx_find_and_load] Could not retrieve index file for './results/read_to_junctions/29_Ctrl_24h_IAA_4SU_2_frag.bam'
Traceback (most recent call last):
  File "/home/volker/.cache/snakemake/snakemake/source-cache/runtime-cache/tmpygol52gj/https/raw.githubusercontent.com/isaacvock/fastq2EZbakR/main/workflow/scripts/features/junction_assignment.py", line 64, in <module>
    if junction_tags[0][0] == 'jM':
IndexError: list index out of range
[E::idx_find_and_load] Could not retrieve index file for './results/read_to_junctions/3_Ctrl_24h_IAA_4SU_2_frag.bam'
Traceback (most recent call last):
  File "/home/volker/.cache/snakemake/snakemake/source-cache/runtime-cache/tmpygol52gj/https/raw.githubusercontent.com/isaacvock/fastq2EZbakR/main/workflow/scripts/features/junction_assignment.py", line 64, in <module>
    if junction_tags[0][0] == 'jM':
IndexError: list index out of range
[E::idx_find_and_load] Could not retrieve index file for './results/read_to_junctions/2_Ctrl_24h_IAA_4SU_2_frag.bam'
Traceback (most recent call last):
  File "/home/volker/.cache/snakemake/snakemake/source-cache/runtime-cache/tmpygol52gj/https/raw.githubusercontent.com/isaacvock/fastq2EZbakR/main/workflow/scripts/features/junction_assignment.py", line 64, in <module>
    if junction_tags[0][0] == 'jM':
IndexError: list index out of range
[E::idx_find_and_load] Could not retrieve index file for './results/read_to_junctions/26_Ctrl_24h_IAA_4SU_2_frag.bam'
Traceback (most recent call last):
  File "/home/volker/.cache/snakemake/snakemake/source-cache/runtime-cache/tmpygol52gj/https/raw.githubusercontent.com/isaacvock/fastq2EZbakR/main/workflow/scripts/features/junction_assignment.py", line 64, in <module>
    if junction_tags[0][0] == 'jM':
IndexError: list index out of range
[E::idx_find_and_load] Could not retrieve index file for './results/read_to_junctions/28_Ctrl_24h_IAA_4SU_2_frag.bam'
Traceback (most recent call last):
  File "/home/volker/.cache/snakemake/snakemake/source-cache/runtime-cache/tmpygol52gj/https/raw.githubusercontent.com/isaacvock/fastq2EZbakR/main/workflow/scripts/features/junction_assignment.py", line 64, in <module>
    if junction_tags[0][0] == 'jM':
IndexError: list index out of range
[E::idx_find_and_load] Could not retrieve index file for './results/read_to_junctions/31_Ctrl_24h_IAA_4SU_2_frag.bam'
Traceback (most recent call last):
  File "/home/volker/.cache/snakemake/snakemake/source-cache/runtime-cache/tmpygol52gj/https/raw.githubusercontent.com/isaacvock/fastq2EZbakR/main/workflow/scripts/features/junction_assignment.py", line 64, in <module>
    if junction_tags[0][0] == 'jM':
IndexError: list index out of range
[E::idx_find_and_load] Could not retrieve index file for './results/read_to_junctions/4_Ctrl_24h_IAA_4SU_2_frag.bam'
Traceback (most recent call last):
  File "/home/volker/.cache/snakemake/snakemake/source-cache/runtime-cache/tmpygol52gj/https/raw.githubusercontent.com/isaacvock/fastq2EZbakR/main/workflow/scripts/features/junction_assignment.py", line 64, in <module>
    if junction_tags[0][0] == 'jM':
IndexError: list index out of range
[E::idx_find_and_load] Could not retrieve index file for './results/read_to_junctions/30_Ctrl_24h_IAA_4SU_2_frag.bam'
Traceback (most recent call last):
  File "/home/volker/.cache/snakemake/snakemake/source-cache/runtime-cache/tmpygol52gj/https/raw.githubusercontent.com/isaacvock/fastq2EZbakR/main/workflow/scripts/features/junction_assignment.py", line 64, in <module>
    if junction_tags[0][0] == 'jM':
IndexError: list index out of range
[E::idx_find_and_load] Could not retrieve index file for './results/read_to_junctions/5_Ctrl_24h_IAA_4SU_2_frag.bam'
Traceback (most recent call last):
  File "/home/volker/.cache/snakemake/snakemake/source-cache/runtime-cache/tmpygol52gj/https/raw.githubusercontent.com/isaacvock/fastq2EZbakR/main/workflow/scripts/features/junction_assignment.py", line 64, in <module>
    if junction_tags[0][0] == 'jM':
IndexError: list index out of range
[E::idx_find_and_load] Could not retrieve index file for './results/read_to_junctions/6_Ctrl_24h_IAA_4SU_2_frag.bam'
Traceback (most recent call last):
  File "/home/volker/.cache/snakemake/snakemake/source-cache/runtime-cache/tmpygol52gj/https/raw.githubusercontent.com/isaacvock/fastq2EZbakR/main/workflow/scripts/features/junction_assignment.py", line 64, in <module>
    if junction_tags[0][0] == 'jM':
IndexError: list index out of range
[E::idx_find_and_load] Could not retrieve index file for './results/read_to_junctions/32_Ctrl_24h_IAA_4SU_2_frag.bam'
Traceback (most recent call last):
  File "/home/volker/.cache/snakemake/snakemake/source-cache/runtime-cache/tmpygol52gj/https/raw.githubusercontent.com/isaacvock/fastq2EZbakR/main/workflow/scripts/features/junction_assignment.py", line 64, in <module>
    if junction_tags[0][0] == 'jM':
IndexError: list index out of range
[E::idx_find_and_load] Could not retrieve index file for './results/read_to_junctions/7_Ctrl_24h_IAA_4SU_2_frag.bam'
Traceback (most recent call last):
  File "/home/volker/.cache/snakemake/snakemake/source-cache/runtime-cache/tmpygol52gj/https/raw.githubusercontent.com/isaacvock/fastq2EZbakR/main/workflow/scripts/features/junction_assignment.py", line 64, in <module>
    if junction_tags[0][0] == 'jM':
IndexError: list index out of range
[E::idx_find_and_load] Could not retrieve index file for './results/read_to_junctions/9_Ctrl_24h_IAA_4SU_2_frag.bam'
Traceback (most recent call last):
  File "/home/volker/.cache/snakemake/snakemake/source-cache/runtime-cache/tmpygol52gj/https/raw.githubusercontent.com/isaacvock/fastq2EZbakR/main/workflow/scripts/features/junction_assignment.py", line 64, in <module>
    if junction_tags[0][0] == 'jM':
IndexError: list index out of range
[E::idx_find_and_load] Could not retrieve index file for './results/read_to_junctions/8_Ctrl_24h_IAA_4SU_2_frag.bam'
Traceback (most recent call last):
  File "/home/volker/.cache/snakemake/snakemake/source-cache/runtime-cache/tmpygol52gj/https/raw.githubusercontent.com/isaacvock/fastq2EZbakR/main/workflow/scripts/features/junction_assignment.py", line 64, in <module>
    if junction_tags[0][0] == 'jM':
IndexError: list index out of range
** Junction information extracted for Ctrl_24h_IAA_4SU_2
** fragmented bam files cleaned up for Ctrl_24h_IAA_4SU_2
** Results fragments merged into final files
* Cleaning up fragmented .bam files
