
        ==========     _____ _    _ ____  _____  ______          _____  
        =====         / ____| |  | |  _ \|  __ \|  ____|   /\   |  __ \ 
          =====      | (___ | |  | | |_) | |__) | |__     /  \  | |  | |
            ====      \___ \| |  | |  _ <|  _  /|  __|   / /\ \ | |  | |
              ====    ____) | |__| | |_) | | \ \| |____ / ____ \| |__| |
        ==========   |_____/ \____/|____/|_|  \_\______/_/    \_\_____/
	  v2.0.6

//========================== featureCounts setting ===========================\\
||                                                                            ||
||             Input files : 1 BAM file                                       ||
||                                                                            ||
||                           Ctrl_12h_IAA_4SU_1.s.bam                         ||
||                                                                            ||
||             Output file : Ctrl_12h_IAA_4SU_1.featureCounts                 ||
||                 Summary : Ctrl_12h_IAA_4SU_1.featureCounts.summary         ||
||              Paired-end : yes                                              ||
||        Count read pairs : yes                                              ||
||              Annotation : NMDRegHumanTxome.v1.1.sort.gtf (GTF)             ||
||      Dir for temp files : /tmp/tmpg0d6ywa8                                 ||
||      Assignment details : <input_file>.featureCounts                       ||
||                      (Note that files are saved to the output directory)   ||
||                                                                            ||
||                                                                            ||
||                 Threads : 20                                               ||
||                   Level : meta-feature level                               ||
||      Multimapping reads : counted                                          ||
|| Multi-overlapping reads : not counted                                      ||
||   Min overlapping bases : 1                                                ||
||                                                                            ||
\\============================================================================//

//================================= Running ==================================\\
||                                                                            ||
|| Load annotation file NMDRegHumanTxome.v1.1.sort.gtf ...                    ||
||    Features : 45757                                                        ||
||    Meta-features : 22014                                                   ||
||    Chromosomes/contigs : 25                                                ||
||                                                                            ||
|| Process BAM file Ctrl_12h_IAA_4SU_1.s.bam...                               ||
||    Strand specific : reversely stranded                                    ||
||    Paired-end reads are included.                                          ||
||    Total alignments : 25220912                                             ||
||    Successfully assigned alignments : 23486576 (93.1%)                     ||
||    Running time : 0.56 minutes                                             ||
||                                                                            ||
|| Write the final count table.                                               ||
|| Write the read assignment summary.                                         ||
||                                                                            ||
|| Summary of counting results can be found in file "results/featurecounts_g  ||
|| enes/Ctrl_12h_IAA_4SU_1.featureCounts.summary"                             ||
||                                                                            ||
\\============================================================================//

