* Creating files for each level of counting.
* Sorting bam files by coordiantes
[bam_sort_core] merging from 0 files and 32 in-memory blocks...
* Making .chrom.sizes file
* Making track headers
* Filtering reads
*making tracks with STAR
May 27 01:21:20 ..... reading from BAM, output wiggle
May 27 01:22:49 ..... done
May 27 01:21:20 ..... reading from BAM, output wiggle
May 27 01:22:49 ..... done
May 27 01:21:20 ..... reading from BAM, output wiggle
May 27 01:22:51 ..... done
May 27 01:21:20 ..... reading from BAM, output wiggle
May 27 01:22:52 ..... done
May 27 01:21:20 ..... reading from BAM, output wiggle
May 27 01:22:54 ..... done
May 27 01:21:20 ..... reading from BAM, output wiggle
May 27 01:23:30 ..... done
* Taking only unique components of tracks
* Make tdf files from tracks
INFO [2023-05-27 01:23:41,485]  [IgvTools.java:667] [main]  toTDF.  File = ./results/tracks/Ctrl_24h_IAA_4SU_3.TC.5.min.bedGraph
toTDF.  File = ./results/tracks/Ctrl_24h_IAA_4SU_3.TC.5.min.bedGraph
INFO [2023-05-27 01:23:41,488]  [IgvTools.java:668] [main]  Max zoom = 7
Max zoom = 7
INFO [2023-05-27 01:23:41,488]  [IgvTools.java:676] [main]  Window functions: mean max 
Window functions: mean max 
INFO [2023-05-27 01:23:41,496]  [GenomeManager.java:145] [main]  Loading genome: /srv/2023_UPF1_4SU/bam2bakR/./results/tracks/GRCh38.chrom.sizes
Loading genome: /srv/2023_UPF1_4SU/bam2bakR/./results/tracks/GRCh38.chrom.sizes
INFO [2023-05-27 01:23:41,687]  [DirectoryManager.java:169] [main]  IGV Directory: /home/volker/igv
IGV Directory: /home/volker/igv
INFO [2023-05-27 01:23:41,702]  [GenomeManager.java:192] [main]  Genome loaded.  id= /srv/2023_UPF1_4SU/bam2bakR/
Genome loaded.  id= /srv/2023_UPF1_4SU/bam2bakR/
INFO [2023-05-27 01:23:41,719]  [Preprocessor.java:125] [main]  track type=bedGraph name=" Ctrl_24h_IAA_4SU_3 TC 5 minus " description=" Ctrl_24h_IAA_4SU_3 TC 5 minus strand" visibility=full negateValues=on autoScale=off windowingFunction=mean viewLimits=-10:0 color=10,10,10 altColor=50,0,0  priority=20
track type=bedGraph name=" Ctrl_24h_IAA_4SU_3 TC 5 minus " description=" Ctrl_24h_IAA_4SU_3 TC 5 minus strand" visibility=full negateValues=on autoScale=off windowingFunction=mean viewLimits=-10:0 color=10,10,10 altColor=50,0,0  priority=20
INFO [2023-05-27 01:23:41,733]  [Preprocessor.java:255] [main]  Processing chromosome chr1
Processing chromosome chr1
.....INFO [2023-05-27 01:23:42,852]  [Preprocessor.java:255] [main]  Processing chromosome chr2
Processing chromosome chr2
...INFO [2023-05-27 01:23:43,119]  [Preprocessor.java:255] [main]  Processing chromosome chr3
Processing chromosome chr3
.10.0% 
.INFO [2023-05-27 01:23:43,683]  [Preprocessor.java:255] [main]  Processing chromosome chr4
Processing chromosome chr4
..INFO [2023-05-27 01:23:43,772]  [Preprocessor.java:255] [main]  Processing chromosome chr5
Processing chromosome chr5
..INFO [2023-05-27 01:23:43,920]  [Preprocessor.java:255] [main]  Processing chromosome chr6
Processing chromosome chr6
....INFO [2023-05-27 01:23:44,218]  [Preprocessor.java:255] [main]  Processing chromosome chr7
Processing chromosome chr7
20.0% 
..INFO [2023-05-27 01:23:44,328]  [Preprocessor.java:255] [main]  Processing chromosome chr8
Processing chromosome chr8
..INFO [2023-05-27 01:23:44,416]  [Preprocessor.java:255] [main]  Processing chromosome chr9
Processing chromosome chr9
..INFO [2023-05-27 01:23:44,499]  [Preprocessor.java:255] [main]  Processing chromosome chr10
Processing chromosome chr10
..INFO [2023-05-27 01:23:44,813]  [Preprocessor.java:255] [main]  Processing chromosome chr11
Processing chromosome chr11
.30.0% 
.INFO [2023-05-27 01:23:44,926]  [Preprocessor.java:255] [main]  Processing chromosome chr12
Processing chromosome chr12
....INFO [2023-05-27 01:23:45,049]  [Preprocessor.java:255] [main]  Processing chromosome chr13
Processing chromosome chr13
INFO [2023-05-27 01:23:45,084]  [Preprocessor.java:255] [main]  Processing chromosome chr14
Processing chromosome chr14
..INFO [2023-05-27 01:23:45,143]  [Preprocessor.java:255] [main]  Processing chromosome chr15
Processing chromosome chr15
.INFO [2023-05-27 01:23:45,424]  [Preprocessor.java:255] [main]  Processing chromosome chr16
Processing chromosome chr16
.40.0% 
.INFO [2023-05-27 01:23:45,510]  [Preprocessor.java:255] [main]  Processing chromosome chr17
Processing chromosome chr17
....INFO [2023-05-27 01:23:45,635]  [Preprocessor.java:255] [main]  Processing chromosome chr18
Processing chromosome chr18
.INFO [2023-05-27 01:23:45,667]  [Preprocessor.java:255] [main]  Processing chromosome chr19
Processing chromosome chr19
...50.0% 
.INFO [2023-05-27 01:23:45,978]  [Preprocessor.java:255] [main]  Processing chromosome chr20
Processing chromosome chr20
..INFO [2023-05-27 01:23:46,042]  [Preprocessor.java:255] [main]  Processing chromosome chr21
Processing chromosome chr21
INFO [2023-05-27 01:23:46,062]  [Preprocessor.java:255] [main]  Processing chromosome chr22
Processing chromosome chr22
.INFO [2023-05-27 01:23:46,116]  [Preprocessor.java:255] [main]  Processing chromosome chrX
Processing chromosome chrX
..INFO [2023-05-27 01:23:46,158]  [Preprocessor.java:255] [main]  Processing chromosome chrY
Processing chromosome chrY
INFO [2023-05-27 01:23:46,159]  [Preprocessor.java:255] [main]  Processing chromosome chrM
Processing chromosome chrM
.INFO [2023-05-27 01:23:46,279]  [Preprocessor.java:255] [main]  Processing chromosome GL000195.1
Processing chromosome GL000195.1
INFO [2023-05-27 01:23:46,292]  [Preprocessor.java:255] [main]  Processing chromosome GL000220.1
Processing chromosome GL000220.1
INFO [2023-05-27 01:23:46,293]  [Preprocessor.java:255] [main]  Processing chromosome KI270713.1
Processing chromosome KI270713.1
INFO [2023-05-27 01:23:46,296]  [Preprocessor.java:255] [main]  Processing chromosome KI270714.1
Processing chromosome KI270714.1
INFO [2023-05-27 01:23:46,297]  [Preprocessor.java:255] [main]  Processing chromosome KI270721.1
Processing chromosome KI270721.1
INFO [2023-05-27 01:23:46,298]  [Preprocessor.java:255] [main]  Processing chromosome KI270733.1
Processing chromosome KI270733.1
INFO [2023-05-27 01:23:46,301]  [Preprocessor.java:255] [main]  Processing chromosome KI270734.1
Processing chromosome KI270734.1
INFO [2023-05-27 01:23:46,556]  [TDFWriter.java:318] [main]  Group idx: 1
Group idx: 1
100.0% 
Done
INFO [2023-05-27 01:23:41,495]  [IgvTools.java:667] [main]  toTDF.  File = ./results/tracks/Ctrl_24h_IAA_4SU_3.TC.5.pos.bedGraph
toTDF.  File = ./results/tracks/Ctrl_24h_IAA_4SU_3.TC.5.pos.bedGraph
INFO [2023-05-27 01:23:41,498]  [IgvTools.java:668] [main]  Max zoom = 7
Max zoom = 7
INFO [2023-05-27 01:23:41,499]  [IgvTools.java:676] [main]  Window functions: mean max 
Window functions: mean max 
INFO [2023-05-27 01:23:41,506]  [GenomeManager.java:145] [main]  Loading genome: /srv/2023_UPF1_4SU/bam2bakR/./results/tracks/GRCh38.chrom.sizes
Loading genome: /srv/2023_UPF1_4SU/bam2bakR/./results/tracks/GRCh38.chrom.sizes
INFO [2023-05-27 01:23:41,691]  [DirectoryManager.java:169] [main]  IGV Directory: /home/volker/igv
IGV Directory: /home/volker/igv
INFO [2023-05-27 01:23:41,706]  [GenomeManager.java:192] [main]  Genome loaded.  id= /srv/2023_UPF1_4SU/bam2bakR/
Genome loaded.  id= /srv/2023_UPF1_4SU/bam2bakR/
INFO [2023-05-27 01:23:41,720]  [Preprocessor.java:125] [main]  track type=bedGraph name=" Ctrl_24h_IAA_4SU_3 TC 5 plus " description=" Ctrl_24h_IAA_4SU_3 TC 5 positive strand" visibility=full autoScale=off windowingFunction=mean viewLimits=0:10 color=50,0,0  altColor=10,10,10 priority=20
track type=bedGraph name=" Ctrl_24h_IAA_4SU_3 TC 5 plus " description=" Ctrl_24h_IAA_4SU_3 TC 5 positive strand" visibility=full autoScale=off windowingFunction=mean viewLimits=0:10 color=50,0,0  altColor=10,10,10 priority=20
INFO [2023-05-27 01:23:41,735]  [Preprocessor.java:255] [main]  Processing chromosome chr1
Processing chromosome chr1
......INFO [2023-05-27 01:23:42,884]  [Preprocessor.java:255] [main]  Processing chromosome chr2
Processing chromosome chr2
...INFO [2023-05-27 01:23:43,212]  [Preprocessor.java:255] [main]  Processing chromosome chr3
Processing chromosome chr3
10.0% 
..INFO [2023-05-27 01:23:44,034]  [Preprocessor.java:255] [main]  Processing chromosome chr4
Processing chromosome chr4
..INFO [2023-05-27 01:23:44,132]  [Preprocessor.java:255] [main]  Processing chromosome chr5
Processing chromosome chr5
..INFO [2023-05-27 01:23:44,217]  [Preprocessor.java:255] [main]  Processing chromosome chr6
Processing chromosome chr6
...INFO [2023-05-27 01:23:44,322]  [Preprocessor.java:255] [main]  Processing chromosome chr7
Processing chromosome chr7
20.0% 
..INFO [2023-05-27 01:23:44,755]  [Preprocessor.java:255] [main]  Processing chromosome chr8
Processing chromosome chr8
..INFO [2023-05-27 01:23:44,867]  [Preprocessor.java:255] [main]  Processing chromosome chr9
Processing chromosome chr9
..INFO [2023-05-27 01:23:44,974]  [Preprocessor.java:255] [main]  Processing chromosome chr10
Processing chromosome chr10
...INFO [2023-05-27 01:23:45,085]  [Preprocessor.java:255] [main]  Processing chromosome chr11
Processing chromosome chr11
30.0% 
..INFO [2023-05-27 01:23:45,572]  [Preprocessor.java:255] [main]  Processing chromosome chr12
Processing chromosome chr12
...INFO [2023-05-27 01:23:45,690]  [Preprocessor.java:255] [main]  Processing chromosome chr13
Processing chromosome chr13
.INFO [2023-05-27 01:23:45,727]  [Preprocessor.java:255] [main]  Processing chromosome chr14
Processing chromosome chr14
..INFO [2023-05-27 01:23:45,810]  [Preprocessor.java:255] [main]  Processing chromosome chr15
Processing chromosome chr15
.40.0% 
INFO [2023-05-27 01:23:45,861]  [Preprocessor.java:255] [main]  Processing chromosome chr16
Processing chromosome chr16
..INFO [2023-05-27 01:23:46,244]  [Preprocessor.java:255] [main]  Processing chromosome chr17
Processing chromosome chr17
.....INFO [2023-05-27 01:23:46,385]  [Preprocessor.java:255] [main]  Processing chromosome chr18
Processing chromosome chr18
.INFO [2023-05-27 01:23:46,421]  [Preprocessor.java:255] [main]  Processing chromosome chr19
Processing chromosome chr19
.50.0% 
.INFO [2023-05-27 01:23:46,711]  [Preprocessor.java:255] [main]  Processing chromosome chr20
Processing chromosome chr20
..INFO [2023-05-27 01:23:46,768]  [Preprocessor.java:255] [main]  Processing chromosome chr21
Processing chromosome chr21
.INFO [2023-05-27 01:23:46,788]  [Preprocessor.java:255] [main]  Processing chromosome chr22
Processing chromosome chr22
.INFO [2023-05-27 01:23:46,836]  [Preprocessor.java:255] [main]  Processing chromosome chrX
Processing chromosome chrX
.INFO [2023-05-27 01:23:46,872]  [Preprocessor.java:255] [main]  Processing chromosome chrY
Processing chromosome chrY
INFO [2023-05-27 01:23:46,873]  [Preprocessor.java:255] [main]  Processing chromosome chrM
Processing chromosome chrM
INFO [2023-05-27 01:23:46,924]  [Preprocessor.java:255] [main]  Processing chromosome GL000194.1
Processing chromosome GL000194.1
INFO [2023-05-27 01:23:46,928]  [Preprocessor.java:255] [main]  Processing chromosome GL000195.1
Processing chromosome GL000195.1
INFO [2023-05-27 01:23:46,932]  [Preprocessor.java:255] [main]  Processing chromosome GL000205.2
Processing chromosome GL000205.2
INFO [2023-05-27 01:23:46,935]  [Preprocessor.java:255] [main]  Processing chromosome GL000218.1
Processing chromosome GL000218.1
INFO [2023-05-27 01:23:46,939]  [Preprocessor.java:255] [main]  Processing chromosome GL000219.1
Processing chromosome GL000219.1
INFO [2023-05-27 01:23:46,942]  [Preprocessor.java:255] [main]  Processing chromosome GL000220.1
Processing chromosome GL000220.1
INFO [2023-05-27 01:23:46,943]  [Preprocessor.java:255] [main]  Processing chromosome KI270711.1
Processing chromosome KI270711.1
INFO [2023-05-27 01:23:46,944]  [Preprocessor.java:255] [main]  Processing chromosome KI270712.1
Processing chromosome KI270712.1
INFO [2023-05-27 01:23:46,945]  [Preprocessor.java:255] [main]  Processing chromosome KI270714.1
Processing chromosome KI270714.1
INFO [2023-05-27 01:23:46,951]  [Preprocessor.java:255] [main]  Processing chromosome KI270733.1
Processing chromosome KI270733.1
INFO [2023-05-27 01:23:46,952]  [Preprocessor.java:255] [main]  Processing chromosome KI270744.1
Processing chromosome KI270744.1
INFO [2023-05-27 01:23:47,022]  [TDFWriter.java:318] [main]  Group idx: 1
Group idx: 1
100.0% 
Done
INFO [2023-05-27 01:23:41,480]  [IgvTools.java:667] [main]  toTDF.  File = ./results/tracks/Ctrl_24h_IAA_4SU_3.TC.4.pos.bedGraph
toTDF.  File = ./results/tracks/Ctrl_24h_IAA_4SU_3.TC.4.pos.bedGraph
INFO [2023-05-27 01:23:41,482]  [IgvTools.java:668] [main]  Max zoom = 7
Max zoom = 7
INFO [2023-05-27 01:23:41,483]  [IgvTools.java:676] [main]  Window functions: mean max 
Window functions: mean max 
INFO [2023-05-27 01:23:41,489]  [GenomeManager.java:145] [main]  Loading genome: /srv/2023_UPF1_4SU/bam2bakR/./results/tracks/GRCh38.chrom.sizes
Loading genome: /srv/2023_UPF1_4SU/bam2bakR/./results/tracks/GRCh38.chrom.sizes
INFO [2023-05-27 01:23:41,733]  [DirectoryManager.java:169] [main]  IGV Directory: /home/volker/igv
IGV Directory: /home/volker/igv
INFO [2023-05-27 01:23:41,747]  [GenomeManager.java:192] [main]  Genome loaded.  id= /srv/2023_UPF1_4SU/bam2bakR/
Genome loaded.  id= /srv/2023_UPF1_4SU/bam2bakR/
INFO [2023-05-27 01:23:41,761]  [Preprocessor.java:125] [main]  track type=bedGraph name=" Ctrl_24h_IAA_4SU_3 TC 4 plus " description=" Ctrl_24h_IAA_4SU_3 TC 4 positive strand" visibility=full autoScale=off windowingFunction=mean viewLimits=0:10 color=100,0,0  altColor=10,10,10 priority=20
track type=bedGraph name=" Ctrl_24h_IAA_4SU_3 TC 4 plus " description=" Ctrl_24h_IAA_4SU_3 TC 4 positive strand" visibility=full autoScale=off windowingFunction=mean viewLimits=0:10 color=100,0,0  altColor=10,10,10 priority=20
INFO [2023-05-27 01:23:41,775]  [Preprocessor.java:255] [main]  Processing chromosome chr1
Processing chromosome chr1
.....INFO [2023-05-27 01:23:42,942]  [Preprocessor.java:255] [main]  Processing chromosome chr2
Processing chromosome chr2
....INFO [2023-05-27 01:23:43,723]  [Preprocessor.java:255] [main]  Processing chromosome chr3
Processing chromosome chr3
10.0% 
..INFO [2023-05-27 01:23:43,885]  [Preprocessor.java:255] [main]  Processing chromosome chr4
Processing chromosome chr4
.INFO [2023-05-27 01:23:44,137]  [Preprocessor.java:255] [main]  Processing chromosome chr5
Processing chromosome chr5
...INFO [2023-05-27 01:23:44,248]  [Preprocessor.java:255] [main]  Processing chromosome chr6
Processing chromosome chr6
..INFO [2023-05-27 01:23:44,399]  [Preprocessor.java:255] [main]  Processing chromosome chr7
Processing chromosome chr7
.20.0% 
INFO [2023-05-27 01:23:44,837]  [Preprocessor.java:255] [main]  Processing chromosome chr8
Processing chromosome chr8
...INFO [2023-05-27 01:23:44,985]  [Preprocessor.java:255] [main]  Processing chromosome chr9
Processing chromosome chr9
..INFO [2023-05-27 01:23:45,134]  [Preprocessor.java:255] [main]  Processing chromosome chr10
Processing chromosome chr10
..INFO [2023-05-27 01:23:45,351]  [Preprocessor.java:255] [main]  Processing chromosome chr11
Processing chromosome chr11
..30.0% 
INFO [2023-05-27 01:23:45,489]  [Preprocessor.java:255] [main]  Processing chromosome chr12
Processing chromosome chr12
....INFO [2023-05-27 01:23:45,642]  [Preprocessor.java:255] [main]  Processing chromosome chr13
Processing chromosome chr13
.INFO [2023-05-27 01:23:45,951]  [Preprocessor.java:255] [main]  Processing chromosome chr14
Processing chromosome chr14
.INFO [2023-05-27 01:23:46,057]  [Preprocessor.java:255] [main]  Processing chromosome chr15
Processing chromosome chr15
..INFO [2023-05-27 01:23:46,126]  [Preprocessor.java:255] [main]  Processing chromosome chr16
Processing chromosome chr16
.40.0% 
INFO [2023-05-27 01:23:46,234]  [Preprocessor.java:255] [main]  Processing chromosome chr17
Processing chromosome chr17
.....INFO [2023-05-27 01:23:46,587]  [Preprocessor.java:255] [main]  Processing chromosome chr18
Processing chromosome chr18
.INFO [2023-05-27 01:23:46,625]  [Preprocessor.java:255] [main]  Processing chromosome chr19
Processing chromosome chr19
...INFO [2023-05-27 01:23:46,879]  [Preprocessor.java:255] [main]  Processing chromosome chr20
Processing chromosome chr20
50.0% 
.INFO [2023-05-27 01:23:46,952]  [Preprocessor.java:255] [main]  Processing chromosome chr21
Processing chromosome chr21
INFO [2023-05-27 01:23:46,977]  [Preprocessor.java:255] [main]  Processing chromosome chr22
Processing chromosome chr22
..INFO [2023-05-27 01:23:47,045]  [Preprocessor.java:255] [main]  Processing chromosome chrX
Processing chromosome chrX
.INFO [2023-05-27 01:23:47,092]  [Preprocessor.java:255] [main]  Processing chromosome chrY
Processing chromosome chrY
INFO [2023-05-27 01:23:47,094]  [Preprocessor.java:255] [main]  Processing chromosome chrM
Processing chromosome chrM
INFO [2023-05-27 01:23:47,146]  [Preprocessor.java:255] [main]  Processing chromosome GL000194.1
Processing chromosome GL000194.1
INFO [2023-05-27 01:23:47,150]  [Preprocessor.java:255] [main]  Processing chromosome GL000195.1
Processing chromosome GL000195.1
INFO [2023-05-27 01:23:47,154]  [Preprocessor.java:255] [main]  Processing chromosome GL000205.2
Processing chromosome GL000205.2
INFO [2023-05-27 01:23:47,157]  [Preprocessor.java:255] [main]  Processing chromosome GL000218.1
Processing chromosome GL000218.1
INFO [2023-05-27 01:23:47,161]  [Preprocessor.java:255] [main]  Processing chromosome GL000219.1
Processing chromosome GL000219.1
INFO [2023-05-27 01:23:47,166]  [Preprocessor.java:255] [main]  Processing chromosome GL000220.1
Processing chromosome GL000220.1
INFO [2023-05-27 01:23:47,168]  [Preprocessor.java:255] [main]  Processing chromosome KI270711.1
Processing chromosome KI270711.1
INFO [2023-05-27 01:23:47,172]  [Preprocessor.java:255] [main]  Processing chromosome KI270712.1
Processing chromosome KI270712.1
INFO [2023-05-27 01:23:47,173]  [Preprocessor.java:255] [main]  Processing chromosome KI270714.1
Processing chromosome KI270714.1
INFO [2023-05-27 01:23:47,179]  [Preprocessor.java:255] [main]  Processing chromosome KI270733.1
Processing chromosome KI270733.1
INFO [2023-05-27 01:23:47,181]  [Preprocessor.java:255] [main]  Processing chromosome KI270744.1
Processing chromosome KI270744.1
INFO [2023-05-27 01:23:47,291]  [TDFWriter.java:318] [main]  Group idx: 1
Group idx: 1
100.0% 
Done
INFO [2023-05-27 01:23:41,480]  [IgvTools.java:667] [main]  toTDF.  File = ./results/tracks/Ctrl_24h_IAA_4SU_3.TC.3.pos.bedGraph
toTDF.  File = ./results/tracks/Ctrl_24h_IAA_4SU_3.TC.3.pos.bedGraph
INFO [2023-05-27 01:23:41,483]  [IgvTools.java:668] [main]  Max zoom = 7
Max zoom = 7
INFO [2023-05-27 01:23:41,484]  [IgvTools.java:676] [main]  Window functions: mean max 
Window functions: mean max 
INFO [2023-05-27 01:23:41,491]  [GenomeManager.java:145] [main]  Loading genome: /srv/2023_UPF1_4SU/bam2bakR/./results/tracks/GRCh38.chrom.sizes
Loading genome: /srv/2023_UPF1_4SU/bam2bakR/./results/tracks/GRCh38.chrom.sizes
INFO [2023-05-27 01:23:41,685]  [DirectoryManager.java:169] [main]  IGV Directory: /home/volker/igv
IGV Directory: /home/volker/igv
INFO [2023-05-27 01:23:41,699]  [GenomeManager.java:192] [main]  Genome loaded.  id= /srv/2023_UPF1_4SU/bam2bakR/
Genome loaded.  id= /srv/2023_UPF1_4SU/bam2bakR/
INFO [2023-05-27 01:23:41,714]  [Preprocessor.java:125] [main]  track type=bedGraph name=" Ctrl_24h_IAA_4SU_3 TC 3 plus " description=" Ctrl_24h_IAA_4SU_3 TC 3 positive strand" visibility=full autoScale=off windowingFunction=mean viewLimits=0:10 color=150,0,0  altColor=10,10,10 priority=20
track type=bedGraph name=" Ctrl_24h_IAA_4SU_3 TC 3 plus " description=" Ctrl_24h_IAA_4SU_3 TC 3 positive strand" visibility=full autoScale=off windowingFunction=mean viewLimits=0:10 color=150,0,0  altColor=10,10,10 priority=20
INFO [2023-05-27 01:23:41,738]  [Preprocessor.java:255] [main]  Processing chromosome chr1
Processing chromosome chr1
.....INFO [2023-05-27 01:23:43,592]  [Preprocessor.java:255] [main]  Processing chromosome chr2
Processing chromosome chr2
....INFO [2023-05-27 01:23:43,857]  [Preprocessor.java:255] [main]  Processing chromosome chr3
Processing chromosome chr3
10.0% 
.INFO [2023-05-27 01:23:44,372]  [Preprocessor.java:255] [main]  Processing chromosome chr4
Processing chromosome chr4
..INFO [2023-05-27 01:23:44,522]  [Preprocessor.java:255] [main]  Processing chromosome chr5
Processing chromosome chr5
..INFO [2023-05-27 01:23:44,914]  [Preprocessor.java:255] [main]  Processing chromosome chr6
Processing chromosome chr6
...INFO [2023-05-27 01:23:45,109]  [Preprocessor.java:255] [main]  Processing chromosome chr7
Processing chromosome chr7
.20.0% 
INFO [2023-05-27 01:23:45,304]  [Preprocessor.java:255] [main]  Processing chromosome chr8
Processing chromosome chr8
...INFO [2023-05-27 01:23:45,569]  [Preprocessor.java:255] [main]  Processing chromosome chr9
Processing chromosome chr9
..INFO [2023-05-27 01:23:45,684]  [Preprocessor.java:255] [main]  Processing chromosome chr10
Processing chromosome chr10
..INFO [2023-05-27 01:23:45,977]  [Preprocessor.java:255] [main]  Processing chromosome chr11
Processing chromosome chr11
..30.0% 
INFO [2023-05-27 01:23:46,130]  [Preprocessor.java:255] [main]  Processing chromosome chr12
Processing chromosome chr12
...INFO [2023-05-27 01:23:46,406]  [Preprocessor.java:255] [main]  Processing chromosome chr13
Processing chromosome chr13
.INFO [2023-05-27 01:23:46,456]  [Preprocessor.java:255] [main]  Processing chromosome chr14
Processing chromosome chr14
..INFO [2023-05-27 01:23:46,547]  [Preprocessor.java:255] [main]  Processing chromosome chr15
Processing chromosome chr15
.INFO [2023-05-27 01:23:46,731]  [Preprocessor.java:255] [main]  Processing chromosome chr16
Processing chromosome chr16
..40.0% 
INFO [2023-05-27 01:23:46,854]  [Preprocessor.java:255] [main]  Processing chromosome chr17
Processing chromosome chr17
.....INFO [2023-05-27 01:23:47,267]  [Preprocessor.java:255] [main]  Processing chromosome chr18
Processing chromosome chr18
INFO [2023-05-27 01:23:47,321]  [Preprocessor.java:255] [main]  Processing chromosome chr19
Processing chromosome chr19
....INFO [2023-05-27 01:23:47,621]  [Preprocessor.java:255] [main]  Processing chromosome chr20
Processing chromosome chr20
50.0% 
.INFO [2023-05-27 01:23:47,708]  [Preprocessor.java:255] [main]  Processing chromosome chr21
Processing chromosome chr21
INFO [2023-05-27 01:23:47,738]  [Preprocessor.java:255] [main]  Processing chromosome chr22
Processing chromosome chr22
..INFO [2023-05-27 01:23:48,040]  [Preprocessor.java:255] [main]  Processing chromosome chrX
Processing chromosome chrX
.INFO [2023-05-27 01:23:48,095]  [Preprocessor.java:255] [main]  Processing chromosome chrY
Processing chromosome chrY
INFO [2023-05-27 01:23:48,098]  [Preprocessor.java:255] [main]  Processing chromosome chrM
Processing chromosome chrM
INFO [2023-05-27 01:23:48,161]  [Preprocessor.java:255] [main]  Processing chromosome GL000194.1
Processing chromosome GL000194.1
INFO [2023-05-27 01:23:48,166]  [Preprocessor.java:255] [main]  Processing chromosome GL000195.1
Processing chromosome GL000195.1
INFO [2023-05-27 01:23:48,170]  [Preprocessor.java:255] [main]  Processing chromosome GL000205.2
Processing chromosome GL000205.2
INFO [2023-05-27 01:23:48,174]  [Preprocessor.java:255] [main]  Processing chromosome GL000218.1
Processing chromosome GL000218.1
INFO [2023-05-27 01:23:48,180]  [Preprocessor.java:255] [main]  Processing chromosome GL000219.1
Processing chromosome GL000219.1
INFO [2023-05-27 01:23:48,185]  [Preprocessor.java:255] [main]  Processing chromosome GL000220.1
Processing chromosome GL000220.1
INFO [2023-05-27 01:23:48,187]  [Preprocessor.java:255] [main]  Processing chromosome KI270707.1
Processing chromosome KI270707.1
INFO [2023-05-27 01:23:48,188]  [Preprocessor.java:255] [main]  Processing chromosome KI270711.1
Processing chromosome KI270711.1
INFO [2023-05-27 01:23:48,195]  [Preprocessor.java:255] [main]  Processing chromosome KI270712.1
Processing chromosome KI270712.1
INFO [2023-05-27 01:23:48,196]  [Preprocessor.java:255] [main]  Processing chromosome KI270714.1
Processing chromosome KI270714.1
INFO [2023-05-27 01:23:48,204]  [Preprocessor.java:255] [main]  Processing chromosome KI270733.1
Processing chromosome KI270733.1
INFO [2023-05-27 01:23:48,206]  [Preprocessor.java:255] [main]  Processing chromosome KI270744.1
Processing chromosome KI270744.1
INFO [2023-05-27 01:23:48,242]  [TDFWriter.java:318] [main]  Group idx: 1
Group idx: 1
100.0% 
Done
INFO [2023-05-27 01:23:41,484]  [IgvTools.java:667] [main]  toTDF.  File = ./results/tracks/Ctrl_24h_IAA_4SU_3.TC.4.min.bedGraph
toTDF.  File = ./results/tracks/Ctrl_24h_IAA_4SU_3.TC.4.min.bedGraph
INFO [2023-05-27 01:23:41,487]  [IgvTools.java:668] [main]  Max zoom = 7
Max zoom = 7
INFO [2023-05-27 01:23:41,487]  [IgvTools.java:676] [main]  Window functions: mean max 
Window functions: mean max 
INFO [2023-05-27 01:23:41,494]  [GenomeManager.java:145] [main]  Loading genome: /srv/2023_UPF1_4SU/bam2bakR/./results/tracks/GRCh38.chrom.sizes
Loading genome: /srv/2023_UPF1_4SU/bam2bakR/./results/tracks/GRCh38.chrom.sizes
INFO [2023-05-27 01:23:41,697]  [DirectoryManager.java:169] [main]  IGV Directory: /home/volker/igv
IGV Directory: /home/volker/igv
INFO [2023-05-27 01:23:41,711]  [GenomeManager.java:192] [main]  Genome loaded.  id= /srv/2023_UPF1_4SU/bam2bakR/
Genome loaded.  id= /srv/2023_UPF1_4SU/bam2bakR/
INFO [2023-05-27 01:23:41,727]  [Preprocessor.java:125] [main]  track type=bedGraph name=" Ctrl_24h_IAA_4SU_3 TC 4 minus " description=" Ctrl_24h_IAA_4SU_3 TC 4 minus strand" visibility=full negateValues=on autoScale=off windowingFunction=mean viewLimits=-10:0 color=10,10,10 altColor=100,0,0  priority=20
track type=bedGraph name=" Ctrl_24h_IAA_4SU_3 TC 4 minus " description=" Ctrl_24h_IAA_4SU_3 TC 4 minus strand" visibility=full negateValues=on autoScale=off windowingFunction=mean viewLimits=-10:0 color=10,10,10 altColor=100,0,0  priority=20
INFO [2023-05-27 01:23:41,742]  [Preprocessor.java:255] [main]  Processing chromosome chr1
Processing chromosome chr1
.....INFO [2023-05-27 01:23:43,011]  [Preprocessor.java:255] [main]  Processing chromosome chr2
Processing chromosome chr2
...INFO [2023-05-27 01:23:44,116]  [Preprocessor.java:255] [main]  Processing chromosome chr3
Processing chromosome chr3
.10.0% 
.INFO [2023-05-27 01:23:44,316]  [Preprocessor.java:255] [main]  Processing chromosome chr4
Processing chromosome chr4
..INFO [2023-05-27 01:23:44,419]  [Preprocessor.java:255] [main]  Processing chromosome chr5
Processing chromosome chr5
..INFO [2023-05-27 01:23:44,942]  [Preprocessor.java:255] [main]  Processing chromosome chr6
Processing chromosome chr6
....INFO [2023-05-27 01:23:45,127]  [Preprocessor.java:255] [main]  Processing chromosome chr7
Processing chromosome chr7
20.0% 
.INFO [2023-05-27 01:23:45,389]  [Preprocessor.java:255] [main]  Processing chromosome chr8
Processing chromosome chr8
..INFO [2023-05-27 01:23:45,525]  [Preprocessor.java:255] [main]  Processing chromosome chr9
Processing chromosome chr9
..INFO [2023-05-27 01:23:45,661]  [Preprocessor.java:255] [main]  Processing chromosome chr10
Processing chromosome chr10
...INFO [2023-05-27 01:23:46,055]  [Preprocessor.java:255] [main]  Processing chromosome chr11
Processing chromosome chr11
.30.0% 
.INFO [2023-05-27 01:23:46,184]  [Preprocessor.java:255] [main]  Processing chromosome chr12
Processing chromosome chr12
...INFO [2023-05-27 01:23:46,446]  [Preprocessor.java:255] [main]  Processing chromosome chr13
Processing chromosome chr13
.INFO [2023-05-27 01:23:46,484]  [Preprocessor.java:255] [main]  Processing chromosome chr14
Processing chromosome chr14
.INFO [2023-05-27 01:23:46,554]  [Preprocessor.java:255] [main]  Processing chromosome chr15
Processing chromosome chr15
..INFO [2023-05-27 01:23:46,645]  [Preprocessor.java:255] [main]  Processing chromosome chr16
Processing chromosome chr16
.40.0% 
.INFO [2023-05-27 01:23:47,116]  [Preprocessor.java:255] [main]  Processing chromosome chr17
Processing chromosome chr17
....INFO [2023-05-27 01:23:47,281]  [Preprocessor.java:255] [main]  Processing chromosome chr18
Processing chromosome chr18
.INFO [2023-05-27 01:23:47,321]  [Preprocessor.java:255] [main]  Processing chromosome chr19
Processing chromosome chr19
...50.0% 
.INFO [2023-05-27 01:23:47,727]  [Preprocessor.java:255] [main]  Processing chromosome chr20
Processing chromosome chr20
..INFO [2023-05-27 01:23:47,815]  [Preprocessor.java:255] [main]  Processing chromosome chr21
Processing chromosome chr21
INFO [2023-05-27 01:23:47,840]  [Preprocessor.java:255] [main]  Processing chromosome chr22
Processing chromosome chr22
..INFO [2023-05-27 01:23:48,165]  [Preprocessor.java:255] [main]  Processing chromosome chrX
Processing chromosome chrX
.INFO [2023-05-27 01:23:48,221]  [Preprocessor.java:255] [main]  Processing chromosome chrY
Processing chromosome chrY
INFO [2023-05-27 01:23:48,223]  [Preprocessor.java:255] [main]  Processing chromosome chrM
Processing chromosome chrM
.INFO [2023-05-27 01:23:48,362]  [Preprocessor.java:255] [main]  Processing chromosome GL000195.1
Processing chromosome GL000195.1
INFO [2023-05-27 01:23:48,377]  [Preprocessor.java:255] [main]  Processing chromosome GL000205.2
Processing chromosome GL000205.2
INFO [2023-05-27 01:23:48,377]  [Preprocessor.java:255] [main]  Processing chromosome GL000220.1
Processing chromosome GL000220.1
INFO [2023-05-27 01:23:48,378]  [Preprocessor.java:255] [main]  Processing chromosome KI270713.1
Processing chromosome KI270713.1
INFO [2023-05-27 01:23:48,382]  [Preprocessor.java:255] [main]  Processing chromosome KI270714.1
Processing chromosome KI270714.1
INFO [2023-05-27 01:23:48,383]  [Preprocessor.java:255] [main]  Processing chromosome KI270721.1
Processing chromosome KI270721.1
INFO [2023-05-27 01:23:48,385]  [Preprocessor.java:255] [main]  Processing chromosome KI270733.1
Processing chromosome KI270733.1
INFO [2023-05-27 01:23:48,390]  [Preprocessor.java:255] [main]  Processing chromosome KI270734.1
Processing chromosome KI270734.1
INFO [2023-05-27 01:23:48,439]  [TDFWriter.java:318] [main]  Group idx: 1
Group idx: 1
100.0% 
Done
INFO [2023-05-27 01:23:41,466]  [IgvTools.java:667] [main]  toTDF.  File = ./results/tracks/Ctrl_24h_IAA_4SU_3.TC.2.pos.bedGraph
toTDF.  File = ./results/tracks/Ctrl_24h_IAA_4SU_3.TC.2.pos.bedGraph
INFO [2023-05-27 01:23:41,469]  [IgvTools.java:668] [main]  Max zoom = 7
Max zoom = 7
INFO [2023-05-27 01:23:41,470]  [IgvTools.java:676] [main]  Window functions: mean max 
Window functions: mean max 
INFO [2023-05-27 01:23:41,477]  [GenomeManager.java:145] [main]  Loading genome: /srv/2023_UPF1_4SU/bam2bakR/./results/tracks/GRCh38.chrom.sizes
Loading genome: /srv/2023_UPF1_4SU/bam2bakR/./results/tracks/GRCh38.chrom.sizes
INFO [2023-05-27 01:23:41,714]  [DirectoryManager.java:169] [main]  IGV Directory: /home/volker/igv
IGV Directory: /home/volker/igv
INFO [2023-05-27 01:23:41,726]  [GenomeManager.java:192] [main]  Genome loaded.  id= /srv/2023_UPF1_4SU/bam2bakR/
Genome loaded.  id= /srv/2023_UPF1_4SU/bam2bakR/
INFO [2023-05-27 01:23:41,739]  [Preprocessor.java:125] [main]  track type=bedGraph name=" Ctrl_24h_IAA_4SU_3 TC 2 plus " description=" Ctrl_24h_IAA_4SU_3 TC 2 positive strand" visibility=full autoScale=off windowingFunction=mean viewLimits=0:10 color=250,0,0  altColor=10,10,10 priority=20
track type=bedGraph name=" Ctrl_24h_IAA_4SU_3 TC 2 plus " description=" Ctrl_24h_IAA_4SU_3 TC 2 positive strand" visibility=full autoScale=off windowingFunction=mean viewLimits=0:10 color=250,0,0  altColor=10,10,10 priority=20
INFO [2023-05-27 01:23:41,751]  [Preprocessor.java:255] [main]  Processing chromosome chr1
Processing chromosome chr1
.....INFO [2023-05-27 01:23:43,644]  [Preprocessor.java:255] [main]  Processing chromosome chr2
Processing chromosome chr2
...INFO [2023-05-27 01:23:44,163]  [Preprocessor.java:255] [main]  Processing chromosome chr3
Processing chromosome chr3
.10.0% 
.INFO [2023-05-27 01:23:44,401]  [Preprocessor.java:255] [main]  Processing chromosome chr4
Processing chromosome chr4
..INFO [2023-05-27 01:23:44,790]  [Preprocessor.java:255] [main]  Processing chromosome chr5
Processing chromosome chr5
..INFO [2023-05-27 01:23:44,993]  [Preprocessor.java:255] [main]  Processing chromosome chr6
Processing chromosome chr6
...INFO [2023-05-27 01:23:45,296]  [Preprocessor.java:255] [main]  Processing chromosome chr7
Processing chromosome chr7
.20.0% 
INFO [2023-05-27 01:23:45,469]  [Preprocessor.java:255] [main]  Processing chromosome chr8
Processing chromosome chr8
..INFO [2023-05-27 01:23:45,726]  [Preprocessor.java:255] [main]  Processing chromosome chr9
Processing chromosome chr9
...INFO [2023-05-27 01:23:45,875]  [Preprocessor.java:255] [main]  Processing chromosome chr10
Processing chromosome chr10
..INFO [2023-05-27 01:23:46,103]  [Preprocessor.java:255] [main]  Processing chromosome chr11
Processing chromosome chr11
..30.0% 
INFO [2023-05-27 01:23:46,377]  [Preprocessor.java:255] [main]  Processing chromosome chr12
Processing chromosome chr12
...INFO [2023-05-27 01:23:46,580]  [Preprocessor.java:255] [main]  Processing chromosome chr13
Processing chromosome chr13
.INFO [2023-05-27 01:23:46,758]  [Preprocessor.java:255] [main]  Processing chromosome chr14
Processing chromosome chr14
..INFO [2023-05-27 01:23:46,870]  [Preprocessor.java:255] [main]  Processing chromosome chr15
Processing chromosome chr15
.INFO [2023-05-27 01:23:46,969]  [Preprocessor.java:255] [main]  Processing chromosome chr16
Processing chromosome chr16
..40.0% 
INFO [2023-05-27 01:23:47,401]  [Preprocessor.java:255] [main]  Processing chromosome chr17
Processing chromosome chr17
.....INFO [2023-05-27 01:23:47,858]  [Preprocessor.java:255] [main]  Processing chromosome chr18
Processing chromosome chr18
INFO [2023-05-27 01:23:47,905]  [Preprocessor.java:255] [main]  Processing chromosome chr19
Processing chromosome chr19
....INFO [2023-05-27 01:23:48,252]  [Preprocessor.java:255] [main]  Processing chromosome chr20
Processing chromosome chr20
50.0% 
.INFO [2023-05-27 01:23:48,476]  [Preprocessor.java:255] [main]  Processing chromosome chr21
Processing chromosome chr21
INFO [2023-05-27 01:23:48,510]  [Preprocessor.java:255] [main]  Processing chromosome chr22
Processing chromosome chr22
..INFO [2023-05-27 01:23:48,625]  [Preprocessor.java:255] [main]  Processing chromosome chrX
Processing chromosome chrX
.INFO [2023-05-27 01:23:48,704]  [Preprocessor.java:255] [main]  Processing chromosome chrY
Processing chromosome chrY
INFO [2023-05-27 01:23:48,707]  [Preprocessor.java:255] [main]  Processing chromosome chrM
Processing chromosome chrM
INFO [2023-05-27 01:23:48,796]  [Preprocessor.java:255] [main]  Processing chromosome GL000009.2
Processing chromosome GL000009.2
INFO [2023-05-27 01:23:48,800]  [Preprocessor.java:255] [main]  Processing chromosome GL000194.1
Processing chromosome GL000194.1
INFO [2023-05-27 01:23:48,804]  [Preprocessor.java:255] [main]  Processing chromosome GL000195.1
Processing chromosome GL000195.1
INFO [2023-05-27 01:23:48,809]  [Preprocessor.java:255] [main]  Processing chromosome GL000205.2
Processing chromosome GL000205.2
INFO [2023-05-27 01:23:48,815]  [Preprocessor.java:255] [main]  Processing chromosome GL000218.1
Processing chromosome GL000218.1
INFO [2023-05-27 01:23:48,823]  [Preprocessor.java:255] [main]  Processing chromosome GL000219.1
Processing chromosome GL000219.1
INFO [2023-05-27 01:23:48,829]  [Preprocessor.java:255] [main]  Processing chromosome GL000220.1
Processing chromosome GL000220.1
INFO [2023-05-27 01:23:48,833]  [Preprocessor.java:255] [main]  Processing chromosome KI270707.1
Processing chromosome KI270707.1
INFO [2023-05-27 01:23:48,834]  [Preprocessor.java:255] [main]  Processing chromosome KI270711.1
Processing chromosome KI270711.1
INFO [2023-05-27 01:23:48,842]  [Preprocessor.java:255] [main]  Processing chromosome KI270712.1
Processing chromosome KI270712.1
INFO [2023-05-27 01:23:48,843]  [Preprocessor.java:255] [main]  Processing chromosome KI270713.1
Processing chromosome KI270713.1
INFO [2023-05-27 01:23:48,844]  [Preprocessor.java:255] [main]  Processing chromosome KI270714.1
Processing chromosome KI270714.1
INFO [2023-05-27 01:23:48,854]  [Preprocessor.java:255] [main]  Processing chromosome KI270733.1
Processing chromosome KI270733.1
INFO [2023-05-27 01:23:48,857]  [Preprocessor.java:255] [main]  Processing chromosome KI270734.1
Processing chromosome KI270734.1
INFO [2023-05-27 01:23:48,858]  [Preprocessor.java:255] [main]  Processing chromosome KI270744.1
Processing chromosome KI270744.1
INFO [2023-05-27 01:23:49,019]  [TDFWriter.java:318] [main]  Group idx: 1
Group idx: 1
100.0% 
Done
INFO [2023-05-27 01:23:41,468]  [IgvTools.java:667] [main]  toTDF.  File = ./results/tracks/Ctrl_24h_IAA_4SU_3.TC.3.min.bedGraph
toTDF.  File = ./results/tracks/Ctrl_24h_IAA_4SU_3.TC.3.min.bedGraph
INFO [2023-05-27 01:23:41,470]  [IgvTools.java:668] [main]  Max zoom = 7
Max zoom = 7
INFO [2023-05-27 01:23:41,471]  [IgvTools.java:676] [main]  Window functions: mean max 
Window functions: mean max 
INFO [2023-05-27 01:23:41,477]  [GenomeManager.java:145] [main]  Loading genome: /srv/2023_UPF1_4SU/bam2bakR/./results/tracks/GRCh38.chrom.sizes
Loading genome: /srv/2023_UPF1_4SU/bam2bakR/./results/tracks/GRCh38.chrom.sizes
INFO [2023-05-27 01:23:41,656]  [DirectoryManager.java:169] [main]  IGV Directory: /home/volker/igv
IGV Directory: /home/volker/igv
INFO [2023-05-27 01:23:41,669]  [GenomeManager.java:192] [main]  Genome loaded.  id= /srv/2023_UPF1_4SU/bam2bakR/
Genome loaded.  id= /srv/2023_UPF1_4SU/bam2bakR/
INFO [2023-05-27 01:23:41,688]  [Preprocessor.java:125] [main]  track type=bedGraph name=" Ctrl_24h_IAA_4SU_3 TC 3 minus " description=" Ctrl_24h_IAA_4SU_3 TC 3 minus strand" visibility=full negateValues=on autoScale=off windowingFunction=mean viewLimits=-10:0 color=10,10,10 altColor=150,0,0  priority=20
track type=bedGraph name=" Ctrl_24h_IAA_4SU_3 TC 3 minus " description=" Ctrl_24h_IAA_4SU_3 TC 3 minus strand" visibility=full negateValues=on autoScale=off windowingFunction=mean viewLimits=-10:0 color=10,10,10 altColor=150,0,0  priority=20
INFO [2023-05-27 01:23:41,703]  [Preprocessor.java:255] [main]  Processing chromosome chr1
Processing chromosome chr1
.....INFO [2023-05-27 01:23:43,730]  [Preprocessor.java:255] [main]  Processing chromosome chr2
Processing chromosome chr2
...INFO [2023-05-27 01:23:44,249]  [Preprocessor.java:255] [main]  Processing chromosome chr3
Processing chromosome chr3
.10.0% 
.INFO [2023-05-27 01:23:44,786]  [Preprocessor.java:255] [main]  Processing chromosome chr4
Processing chromosome chr4
..INFO [2023-05-27 01:23:44,924]  [Preprocessor.java:255] [main]  Processing chromosome chr5
Processing chromosome chr5
..INFO [2023-05-27 01:23:45,462]  [Preprocessor.java:255] [main]  Processing chromosome chr6
Processing chromosome chr6
...INFO [2023-05-27 01:23:45,708]  [Preprocessor.java:255] [main]  Processing chromosome chr7
Processing chromosome chr7
.20.0% 
.INFO [2023-05-27 01:23:46,068]  [Preprocessor.java:255] [main]  Processing chromosome chr8
Processing chromosome chr8
..INFO [2023-05-27 01:23:46,181]  [Preprocessor.java:255] [main]  Processing chromosome chr9
Processing chromosome chr9
..INFO [2023-05-27 01:23:46,297]  [Preprocessor.java:255] [main]  Processing chromosome chr10
Processing chromosome chr10
...INFO [2023-05-27 01:23:46,531]  [Preprocessor.java:255] [main]  Processing chromosome chr11
Processing chromosome chr11
.30.0% 
.INFO [2023-05-27 01:23:46,881]  [Preprocessor.java:255] [main]  Processing chromosome chr12
Processing chromosome chr12
...INFO [2023-05-27 01:23:47,046]  [Preprocessor.java:255] [main]  Processing chromosome chr13
Processing chromosome chr13
.INFO [2023-05-27 01:23:47,095]  [Preprocessor.java:255] [main]  Processing chromosome chr14
Processing chromosome chr14
.INFO [2023-05-27 01:23:47,341]  [Preprocessor.java:255] [main]  Processing chromosome chr15
Processing chromosome chr15
..INFO [2023-05-27 01:23:47,438]  [Preprocessor.java:255] [main]  Processing chromosome chr16
Processing chromosome chr16
.40.0% 
.INFO [2023-05-27 01:23:47,786]  [Preprocessor.java:255] [main]  Processing chromosome chr17
Processing chromosome chr17
....INFO [2023-05-27 01:23:48,008]  [Preprocessor.java:255] [main]  Processing chromosome chr18
Processing chromosome chr18
.INFO [2023-05-27 01:23:48,055]  [Preprocessor.java:255] [main]  Processing chromosome chr19
Processing chromosome chr19
...50.0% 
.INFO [2023-05-27 01:23:48,416]  [Preprocessor.java:255] [main]  Processing chromosome chr20
Processing chromosome chr20
..INFO [2023-05-27 01:23:48,611]  [Preprocessor.java:255] [main]  Processing chromosome chr21
Processing chromosome chr21
INFO [2023-05-27 01:23:48,648]  [Preprocessor.java:255] [main]  Processing chromosome chr22
Processing chromosome chr22
..INFO [2023-05-27 01:23:48,749]  [Preprocessor.java:255] [main]  Processing chromosome chrX
Processing chromosome chrX
.INFO [2023-05-27 01:23:48,823]  [Preprocessor.java:255] [main]  Processing chromosome chrY
Processing chromosome chrY
INFO [2023-05-27 01:23:48,826]  [Preprocessor.java:255] [main]  Processing chromosome chrM
Processing chromosome chrM
.INFO [2023-05-27 01:23:48,945]  [Preprocessor.java:255] [main]  Processing chromosome GL000195.1
Processing chromosome GL000195.1
INFO [2023-05-27 01:23:48,961]  [Preprocessor.java:255] [main]  Processing chromosome GL000205.2
Processing chromosome GL000205.2
INFO [2023-05-27 01:23:48,962]  [Preprocessor.java:255] [main]  Processing chromosome GL000219.1
Processing chromosome GL000219.1
INFO [2023-05-27 01:23:48,962]  [Preprocessor.java:255] [main]  Processing chromosome GL000220.1
Processing chromosome GL000220.1
INFO [2023-05-27 01:23:48,964]  [Preprocessor.java:255] [main]  Processing chromosome KI270713.1
Processing chromosome KI270713.1
INFO [2023-05-27 01:23:48,967]  [Preprocessor.java:255] [main]  Processing chromosome KI270714.1
Processing chromosome KI270714.1
INFO [2023-05-27 01:23:48,968]  [Preprocessor.java:255] [main]  Processing chromosome KI270721.1
Processing chromosome KI270721.1
INFO [2023-05-27 01:23:48,971]  [Preprocessor.java:255] [main]  Processing chromosome KI270733.1
Processing chromosome KI270733.1
INFO [2023-05-27 01:23:48,976]  [Preprocessor.java:255] [main]  Processing chromosome KI270734.1
Processing chromosome KI270734.1
INFO [2023-05-27 01:23:48,977]  [Preprocessor.java:255] [main]  Processing chromosome KI270748.1
Processing chromosome KI270748.1
INFO [2023-05-27 01:23:49,069]  [TDFWriter.java:318] [main]  Group idx: 1
Group idx: 1
100.0% 
Done
INFO [2023-05-27 01:23:41,517]  [IgvTools.java:667] [main]  toTDF.  File = ./results/tracks/Ctrl_24h_IAA_4SU_3.TC.2.min.bedGraph
toTDF.  File = ./results/tracks/Ctrl_24h_IAA_4SU_3.TC.2.min.bedGraph
INFO [2023-05-27 01:23:41,522]  [IgvTools.java:668] [main]  Max zoom = 7
Max zoom = 7
INFO [2023-05-27 01:23:41,522]  [IgvTools.java:676] [main]  Window functions: mean max 
Window functions: mean max 
INFO [2023-05-27 01:23:41,532]  [GenomeManager.java:145] [main]  Loading genome: /srv/2023_UPF1_4SU/bam2bakR/./results/tracks/GRCh38.chrom.sizes
Loading genome: /srv/2023_UPF1_4SU/bam2bakR/./results/tracks/GRCh38.chrom.sizes
INFO [2023-05-27 01:23:41,767]  [DirectoryManager.java:169] [main]  IGV Directory: /home/volker/igv
IGV Directory: /home/volker/igv
INFO [2023-05-27 01:23:41,779]  [GenomeManager.java:192] [main]  Genome loaded.  id= /srv/2023_UPF1_4SU/bam2bakR/
Genome loaded.  id= /srv/2023_UPF1_4SU/bam2bakR/
INFO [2023-05-27 01:23:41,795]  [Preprocessor.java:125] [main]  track type=bedGraph name=" Ctrl_24h_IAA_4SU_3 TC 2 minus " description=" Ctrl_24h_IAA_4SU_3 TC 2 minus strand" visibility=full negateValues=on autoScale=off windowingFunction=mean viewLimits=-10:0 color=10,10,10 altColor=250,0,0  priority=20
track type=bedGraph name=" Ctrl_24h_IAA_4SU_3 TC 2 minus " description=" Ctrl_24h_IAA_4SU_3 TC 2 minus strand" visibility=full negateValues=on autoScale=off windowingFunction=mean viewLimits=-10:0 color=10,10,10 altColor=250,0,0  priority=20
INFO [2023-05-27 01:23:41,811]  [Preprocessor.java:255] [main]  Processing chromosome chr1
Processing chromosome chr1
.....INFO [2023-05-27 01:23:43,691]  [Preprocessor.java:255] [main]  Processing chromosome chr2
Processing chromosome chr2
...INFO [2023-05-27 01:23:44,463]  [Preprocessor.java:255] [main]  Processing chromosome chr3
Processing chromosome chr3
.10.0% 
.INFO [2023-05-27 01:23:44,702]  [Preprocessor.java:255] [main]  Processing chromosome chr4
Processing chromosome chr4
..INFO [2023-05-27 01:23:45,067]  [Preprocessor.java:255] [main]  Processing chromosome chr5
Processing chromosome chr5
..INFO [2023-05-27 01:23:45,290]  [Preprocessor.java:255] [main]  Processing chromosome chr6
Processing chromosome chr6
...INFO [2023-05-27 01:23:45,610]  [Preprocessor.java:255] [main]  Processing chromosome chr7
Processing chromosome chr7
.20.0% 
.INFO [2023-05-27 01:23:45,885]  [Preprocessor.java:255] [main]  Processing chromosome chr8
Processing chromosome chr8
..INFO [2023-05-27 01:23:46,012]  [Preprocessor.java:255] [main]  Processing chromosome chr9
Processing chromosome chr9
..INFO [2023-05-27 01:23:46,398]  [Preprocessor.java:255] [main]  Processing chromosome chr10
Processing chromosome chr10
..INFO [2023-05-27 01:23:46,613]  [Preprocessor.java:255] [main]  Processing chromosome chr11
Processing chromosome chr11
..30.0% 
INFO [2023-05-27 01:23:46,909]  [Preprocessor.java:255] [main]  Processing chromosome chr12
Processing chromosome chr12
....INFO [2023-05-27 01:23:47,181]  [Preprocessor.java:255] [main]  Processing chromosome chr13
Processing chromosome chr13
INFO [2023-05-27 01:23:47,230]  [Preprocessor.java:255] [main]  Processing chromosome chr14
Processing chromosome chr14
..INFO [2023-05-27 01:23:47,321]  [Preprocessor.java:255] [main]  Processing chromosome chr15
Processing chromosome chr15
..INFO [2023-05-27 01:23:47,658]  [Preprocessor.java:255] [main]  Processing chromosome chr16
Processing chromosome chr16
.40.0% 
.INFO [2023-05-27 01:23:47,859]  [Preprocessor.java:255] [main]  Processing chromosome chr17
Processing chromosome chr17
....INFO [2023-05-27 01:23:48,204]  [Preprocessor.java:255] [main]  Processing chromosome chr18
Processing chromosome chr18
.INFO [2023-05-27 01:23:48,268]  [Preprocessor.java:255] [main]  Processing chromosome chr19
Processing chromosome chr19
...50.0% 
.INFO [2023-05-27 01:23:48,672]  [Preprocessor.java:255] [main]  Processing chromosome chr20
Processing chromosome chr20
..INFO [2023-05-27 01:23:48,809]  [Preprocessor.java:255] [main]  Processing chromosome chr21
Processing chromosome chr21
INFO [2023-05-27 01:23:48,848]  [Preprocessor.java:255] [main]  Processing chromosome chr22
Processing chromosome chr22
..INFO [2023-05-27 01:23:49,056]  [Preprocessor.java:255] [main]  Processing chromosome chrX
Processing chromosome chrX
.INFO [2023-05-27 01:23:49,128]  [Preprocessor.java:255] [main]  Processing chromosome chrY
Processing chromosome chrY
INFO [2023-05-27 01:23:49,131]  [Preprocessor.java:255] [main]  Processing chromosome chrM
Processing chromosome chrM
.INFO [2023-05-27 01:23:49,233]  [Preprocessor.java:255] [main]  Processing chromosome GL000195.1
Processing chromosome GL000195.1
INFO [2023-05-27 01:23:49,249]  [Preprocessor.java:255] [main]  Processing chromosome GL000205.2
Processing chromosome GL000205.2
INFO [2023-05-27 01:23:49,250]  [Preprocessor.java:255] [main]  Processing chromosome GL000219.1
Processing chromosome GL000219.1
INFO [2023-05-27 01:23:49,251]  [Preprocessor.java:255] [main]  Processing chromosome GL000220.1
Processing chromosome GL000220.1
INFO [2023-05-27 01:23:49,252]  [Preprocessor.java:255] [main]  Processing chromosome KI270438.1
Processing chromosome KI270438.1
INFO [2023-05-27 01:23:49,253]  [Preprocessor.java:255] [main]  Processing chromosome KI270713.1
Processing chromosome KI270713.1
INFO [2023-05-27 01:23:49,257]  [Preprocessor.java:255] [main]  Processing chromosome KI270714.1
Processing chromosome KI270714.1
INFO [2023-05-27 01:23:49,258]  [Preprocessor.java:255] [main]  Processing chromosome KI270721.1
Processing chromosome KI270721.1
INFO [2023-05-27 01:23:49,261]  [Preprocessor.java:255] [main]  Processing chromosome KI270733.1
Processing chromosome KI270733.1
INFO [2023-05-27 01:23:49,268]  [Preprocessor.java:255] [main]  Processing chromosome KI270734.1
Processing chromosome KI270734.1
INFO [2023-05-27 01:23:49,269]  [Preprocessor.java:255] [main]  Processing chromosome KI270748.1
Processing chromosome KI270748.1
INFO [2023-05-27 01:23:49,270]  [Preprocessor.java:255] [main]  Processing chromosome KI270752.1
Processing chromosome KI270752.1
INFO [2023-05-27 01:23:49,301]  [TDFWriter.java:318] [main]  Group idx: 1
Group idx: 1
100.0% 
Done
INFO [2023-05-27 01:23:41,462]  [IgvTools.java:667] [main]  toTDF.  File = ./results/tracks/Ctrl_24h_IAA_4SU_3.TC.1.pos.bedGraph
toTDF.  File = ./results/tracks/Ctrl_24h_IAA_4SU_3.TC.1.pos.bedGraph
INFO [2023-05-27 01:23:41,465]  [IgvTools.java:668] [main]  Max zoom = 7
Max zoom = 7
INFO [2023-05-27 01:23:41,466]  [IgvTools.java:676] [main]  Window functions: mean max 
Window functions: mean max 
INFO [2023-05-27 01:23:41,473]  [GenomeManager.java:145] [main]  Loading genome: /srv/2023_UPF1_4SU/bam2bakR/./results/tracks/GRCh38.chrom.sizes
Loading genome: /srv/2023_UPF1_4SU/bam2bakR/./results/tracks/GRCh38.chrom.sizes
INFO [2023-05-27 01:23:41,713]  [DirectoryManager.java:169] [main]  IGV Directory: /home/volker/igv
IGV Directory: /home/volker/igv
INFO [2023-05-27 01:23:41,728]  [GenomeManager.java:192] [main]  Genome loaded.  id= /srv/2023_UPF1_4SU/bam2bakR/
Genome loaded.  id= /srv/2023_UPF1_4SU/bam2bakR/
INFO [2023-05-27 01:23:41,743]  [Preprocessor.java:125] [main]  track type=bedGraph name=" Ctrl_24h_IAA_4SU_3 TC 1 plus " description=" Ctrl_24h_IAA_4SU_3 TC 1 positive strand" visibility=full autoScale=off windowingFunction=mean viewLimits=0:10 color=250,150,150  altColor=10,10,10 priority=20
track type=bedGraph name=" Ctrl_24h_IAA_4SU_3 TC 1 plus " description=" Ctrl_24h_IAA_4SU_3 TC 1 positive strand" visibility=full autoScale=off windowingFunction=mean viewLimits=0:10 color=250,150,150  altColor=10,10,10 priority=20
INFO [2023-05-27 01:23:41,758]  [Preprocessor.java:255] [main]  Processing chromosome chr1
Processing chromosome chr1
.....INFO [2023-05-27 01:23:43,883]  [Preprocessor.java:255] [main]  Processing chromosome chr2
Processing chromosome chr2
...INFO [2023-05-27 01:23:44,591]  [Preprocessor.java:255] [main]  Processing chromosome chr3
Processing chromosome chr3
.10.0% 
.INFO [2023-05-27 01:23:45,068]  [Preprocessor.java:255] [main]  Processing chromosome chr4
Processing chromosome chr4
..INFO [2023-05-27 01:23:45,241]  [Preprocessor.java:255] [main]  Processing chromosome chr5
Processing chromosome chr5
.INFO [2023-05-27 01:23:45,489]  [Preprocessor.java:255] [main]  Processing chromosome chr6
Processing chromosome chr6
...INFO [2023-05-27 01:23:45,854]  [Preprocessor.java:255] [main]  Processing chromosome chr7
Processing chromosome chr7
..INFO [2023-05-27 01:23:46,129]  [Preprocessor.java:255] [main]  Processing chromosome chr8
Processing chromosome chr8
20.0% 
.INFO [2023-05-27 01:23:46,317]  [Preprocessor.java:255] [main]  Processing chromosome chr9
Processing chromosome chr9
...INFO [2023-05-27 01:23:46,654]  [Preprocessor.java:255] [main]  Processing chromosome chr10
Processing chromosome chr10
..INFO [2023-05-27 01:23:46,814]  [Preprocessor.java:255] [main]  Processing chromosome chr11
Processing chromosome chr11
...INFO [2023-05-27 01:23:47,094]  [Preprocessor.java:255] [main]  Processing chromosome chr12
Processing chromosome chr12
30.0% 
..INFO [2023-05-27 01:23:47,415]  [Preprocessor.java:255] [main]  Processing chromosome chr13
Processing chromosome chr13
INFO [2023-05-27 01:23:47,602]  [Preprocessor.java:255] [main]  Processing chromosome chr14
Processing chromosome chr14
..INFO [2023-05-27 01:23:47,729]  [Preprocessor.java:255] [main]  Processing chromosome chr15
Processing chromosome chr15
.INFO [2023-05-27 01:23:47,840]  [Preprocessor.java:255] [main]  Processing chromosome chr16
Processing chromosome chr16
...INFO [2023-05-27 01:23:48,108]  [Preprocessor.java:255] [main]  Processing chromosome chr17
Processing chromosome chr17
.40.0% 
...INFO [2023-05-27 01:23:48,596]  [Preprocessor.java:255] [main]  Processing chromosome chr18
Processing chromosome chr18
INFO [2023-05-27 01:23:48,652]  [Preprocessor.java:255] [main]  Processing chromosome chr19
Processing chromosome chr19
....INFO [2023-05-27 01:23:48,983]  [Preprocessor.java:255] [main]  Processing chromosome chr20
Processing chromosome chr20
..INFO [2023-05-27 01:23:49,207]  [Preprocessor.java:255] [main]  Processing chromosome chr21
Processing chromosome chr21
INFO [2023-05-27 01:23:49,250]  [Preprocessor.java:255] [main]  Processing chromosome chr22
Processing chromosome chr22
50.0% 
.INFO [2023-05-27 01:23:49,387]  [Preprocessor.java:255] [main]  Processing chromosome chrX
Processing chromosome chrX
.INFO [2023-05-27 01:23:49,476]  [Preprocessor.java:255] [main]  Processing chromosome chrY
Processing chromosome chrY
INFO [2023-05-27 01:23:49,479]  [Preprocessor.java:255] [main]  Processing chromosome chrM
Processing chromosome chrM
INFO [2023-05-27 01:23:49,564]  [Preprocessor.java:255] [main]  Processing chromosome GL000008.2
Processing chromosome GL000008.2
INFO [2023-05-27 01:23:49,569]  [Preprocessor.java:255] [main]  Processing chromosome GL000009.2
Processing chromosome GL000009.2
INFO [2023-05-27 01:23:49,570]  [Preprocessor.java:255] [main]  Processing chromosome GL000194.1
Processing chromosome GL000194.1
INFO [2023-05-27 01:23:49,574]  [Preprocessor.java:255] [main]  Processing chromosome GL000195.1
Processing chromosome GL000195.1
INFO [2023-05-27 01:23:49,579]  [Preprocessor.java:255] [main]  Processing chromosome GL000205.2
Processing chromosome GL000205.2
INFO [2023-05-27 01:23:49,586]  [Preprocessor.java:255] [main]  Processing chromosome GL000218.1
Processing chromosome GL000218.1
INFO [2023-05-27 01:23:49,595]  [Preprocessor.java:255] [main]  Processing chromosome GL000219.1
Processing chromosome GL000219.1
INFO [2023-05-27 01:23:49,600]  [Preprocessor.java:255] [main]  Processing chromosome GL000220.1
Processing chromosome GL000220.1
INFO [2023-05-27 01:23:49,603]  [Preprocessor.java:255] [main]  Processing chromosome KI270707.1
Processing chromosome KI270707.1
INFO [2023-05-27 01:23:49,604]  [Preprocessor.java:255] [main]  Processing chromosome KI270711.1
Processing chromosome KI270711.1
INFO [2023-05-27 01:23:49,613]  [Preprocessor.java:255] [main]  Processing chromosome KI270712.1
Processing chromosome KI270712.1
INFO [2023-05-27 01:23:49,614]  [Preprocessor.java:255] [main]  Processing chromosome KI270713.1
Processing chromosome KI270713.1
INFO [2023-05-27 01:23:49,615]  [Preprocessor.java:255] [main]  Processing chromosome KI270714.1
Processing chromosome KI270714.1
INFO [2023-05-27 01:23:49,624]  [Preprocessor.java:255] [main]  Processing chromosome KI270728.1
Processing chromosome KI270728.1
INFO [2023-05-27 01:23:49,625]  [Preprocessor.java:255] [main]  Processing chromosome KI270733.1
Processing chromosome KI270733.1
INFO [2023-05-27 01:23:49,628]  [Preprocessor.java:255] [main]  Processing chromosome KI270734.1
Processing chromosome KI270734.1
INFO [2023-05-27 01:23:49,628]  [Preprocessor.java:255] [main]  Processing chromosome KI270743.1
Processing chromosome KI270743.1
INFO [2023-05-27 01:23:49,629]  [Preprocessor.java:255] [main]  Processing chromosome KI270744.1
Processing chromosome KI270744.1
INFO [2023-05-27 01:23:49,710]  [TDFWriter.java:318] [main]  Group idx: 1
Group idx: 1
100.0% 
Done
INFO [2023-05-27 01:23:41,466]  [IgvTools.java:667] [main]  toTDF.  File = ./results/tracks/Ctrl_24h_IAA_4SU_3.TC.1.min.bedGraph
toTDF.  File = ./results/tracks/Ctrl_24h_IAA_4SU_3.TC.1.min.bedGraph
INFO [2023-05-27 01:23:41,468]  [IgvTools.java:668] [main]  Max zoom = 7
Max zoom = 7
INFO [2023-05-27 01:23:41,469]  [IgvTools.java:676] [main]  Window functions: mean max 
Window functions: mean max 
INFO [2023-05-27 01:23:41,475]  [GenomeManager.java:145] [main]  Loading genome: /srv/2023_UPF1_4SU/bam2bakR/./results/tracks/GRCh38.chrom.sizes
Loading genome: /srv/2023_UPF1_4SU/bam2bakR/./results/tracks/GRCh38.chrom.sizes
INFO [2023-05-27 01:23:41,723]  [DirectoryManager.java:169] [main]  IGV Directory: /home/volker/igv
IGV Directory: /home/volker/igv
INFO [2023-05-27 01:23:41,739]  [GenomeManager.java:192] [main]  Genome loaded.  id= /srv/2023_UPF1_4SU/bam2bakR/
Genome loaded.  id= /srv/2023_UPF1_4SU/bam2bakR/
INFO [2023-05-27 01:23:41,755]  [Preprocessor.java:125] [main]  track type=bedGraph name=" Ctrl_24h_IAA_4SU_3 TC 1 minus " description=" Ctrl_24h_IAA_4SU_3 TC 1 minus strand" visibility=full negateValues=on autoScale=off windowingFunction=mean viewLimits=-10:0 color=10,10,10 altColor=250,150,150  priority=20
track type=bedGraph name=" Ctrl_24h_IAA_4SU_3 TC 1 minus " description=" Ctrl_24h_IAA_4SU_3 TC 1 minus strand" visibility=full negateValues=on autoScale=off windowingFunction=mean viewLimits=-10:0 color=10,10,10 altColor=250,150,150  priority=20
INFO [2023-05-27 01:23:41,769]  [Preprocessor.java:255] [main]  Processing chromosome chr1
Processing chromosome chr1
.....INFO [2023-05-27 01:23:43,863]  [Preprocessor.java:255] [main]  Processing chromosome chr2
Processing chromosome chr2
...INFO [2023-05-27 01:23:44,387]  [Preprocessor.java:255] [main]  Processing chromosome chr3
Processing chromosome chr3
.10.0% 
.INFO [2023-05-27 01:23:44,790]  [Preprocessor.java:255] [main]  Processing chromosome chr4
Processing chromosome chr4
..INFO [2023-05-27 01:23:44,984]  [Preprocessor.java:255] [main]  Processing chromosome chr5
Processing chromosome chr5
..INFO [2023-05-27 01:23:45,283]  [Preprocessor.java:255] [main]  Processing chromosome chr6
Processing chromosome chr6
...INFO [2023-05-27 01:23:45,670]  [Preprocessor.java:255] [main]  Processing chromosome chr7
Processing chromosome chr7
.20.0% 
.INFO [2023-05-27 01:23:46,002]  [Preprocessor.java:255] [main]  Processing chromosome chr8
Processing chromosome chr8
..INFO [2023-05-27 01:23:46,160]  [Preprocessor.java:255] [main]  Processing chromosome chr9
Processing chromosome chr9
..INFO [2023-05-27 01:23:46,512]  [Preprocessor.java:255] [main]  Processing chromosome chr10
Processing chromosome chr10
..INFO [2023-05-27 01:23:46,879]  [Preprocessor.java:255] [main]  Processing chromosome chr11
Processing chromosome chr11
..30.0% 
INFO [2023-05-27 01:23:47,162]  [Preprocessor.java:255] [main]  Processing chromosome chr12
Processing chromosome chr12
....INFO [2023-05-27 01:23:47,510]  [Preprocessor.java:255] [main]  Processing chromosome chr13
Processing chromosome chr13
INFO [2023-05-27 01:23:47,572]  [Preprocessor.java:255] [main]  Processing chromosome chr14
Processing chromosome chr14
..INFO [2023-05-27 01:23:47,693]  [Preprocessor.java:255] [main]  Processing chromosome chr15
Processing chromosome chr15
..INFO [2023-05-27 01:23:48,054]  [Preprocessor.java:255] [main]  Processing chromosome chr16
Processing chromosome chr16
.40.0% 
.INFO [2023-05-27 01:23:48,404]  [Preprocessor.java:255] [main]  Processing chromosome chr17
Processing chromosome chr17
....INFO [2023-05-27 01:23:48,802]  [Preprocessor.java:255] [main]  Processing chromosome chr18
Processing chromosome chr18
.INFO [2023-05-27 01:23:48,876]  [Preprocessor.java:255] [main]  Processing chromosome chr19
Processing chromosome chr19
...50.0% 
.INFO [2023-05-27 01:23:49,399]  [Preprocessor.java:255] [main]  Processing chromosome chr20
Processing chromosome chr20
..INFO [2023-05-27 01:23:49,564]  [Preprocessor.java:255] [main]  Processing chromosome chr21
Processing chromosome chr21
INFO [2023-05-27 01:23:49,612]  [Preprocessor.java:255] [main]  Processing chromosome chr22
Processing chromosome chr22
..INFO [2023-05-27 01:23:49,835]  [Preprocessor.java:255] [main]  Processing chromosome chrX
Processing chromosome chrX
.INFO [2023-05-27 01:23:49,929]  [Preprocessor.java:255] [main]  Processing chromosome chrY
Processing chromosome chrY
INFO [2023-05-27 01:23:49,931]  [Preprocessor.java:255] [main]  Processing chromosome chrM
Processing chromosome chrM
.INFO [2023-05-27 01:23:50,037]  [Preprocessor.java:255] [main]  Processing chromosome GL000009.2
Processing chromosome GL000009.2
INFO [2023-05-27 01:23:50,053]  [Preprocessor.java:255] [main]  Processing chromosome GL000194.1
Processing chromosome GL000194.1
INFO [2023-05-27 01:23:50,054]  [Preprocessor.java:255] [main]  Processing chromosome GL000195.1
Processing chromosome GL000195.1
INFO [2023-05-27 01:23:50,056]  [Preprocessor.java:255] [main]  Processing chromosome GL000205.2
Processing chromosome GL000205.2
INFO [2023-05-27 01:23:50,056]  [Preprocessor.java:255] [main]  Processing chromosome GL000219.1
Processing chromosome GL000219.1
INFO [2023-05-27 01:23:50,057]  [Preprocessor.java:255] [main]  Processing chromosome GL000220.1
Processing chromosome GL000220.1
INFO [2023-05-27 01:23:50,060]  [Preprocessor.java:255] [main]  Processing chromosome KI270438.1
Processing chromosome KI270438.1
INFO [2023-05-27 01:23:50,061]  [Preprocessor.java:255] [main]  Processing chromosome KI270712.1
Processing chromosome KI270712.1
INFO [2023-05-27 01:23:50,062]  [Preprocessor.java:255] [main]  Processing chromosome KI270713.1
Processing chromosome KI270713.1
INFO [2023-05-27 01:23:50,066]  [Preprocessor.java:255] [main]  Processing chromosome KI270714.1
Processing chromosome KI270714.1
INFO [2023-05-27 01:23:50,067]  [Preprocessor.java:255] [main]  Processing chromosome KI270721.1
Processing chromosome KI270721.1
INFO [2023-05-27 01:23:50,069]  [Preprocessor.java:255] [main]  Processing chromosome KI270733.1
Processing chromosome KI270733.1
INFO [2023-05-27 01:23:50,077]  [Preprocessor.java:255] [main]  Processing chromosome KI270734.1
Processing chromosome KI270734.1
INFO [2023-05-27 01:23:50,079]  [Preprocessor.java:255] [main]  Processing chromosome KI270745.1
Processing chromosome KI270745.1
INFO [2023-05-27 01:23:50,080]  [Preprocessor.java:255] [main]  Processing chromosome KI270748.1
Processing chromosome KI270748.1
INFO [2023-05-27 01:23:50,081]  [Preprocessor.java:255] [main]  Processing chromosome KI270752.1
Processing chromosome KI270752.1
INFO [2023-05-27 01:23:50,133]  [TDFWriter.java:318] [main]  Group idx: 1
Group idx: 1
100.0% 
Done
INFO [2023-05-27 01:23:41,483]  [IgvTools.java:667] [main]  toTDF.  File = ./results/tracks/Ctrl_24h_IAA_4SU_3.TC.0.min.bedGraph
toTDF.  File = ./results/tracks/Ctrl_24h_IAA_4SU_3.TC.0.min.bedGraph
INFO [2023-05-27 01:23:41,487]  [IgvTools.java:668] [main]  Max zoom = 7
Max zoom = 7
INFO [2023-05-27 01:23:41,487]  [IgvTools.java:676] [main]  Window functions: mean max 
Window functions: mean max 
INFO [2023-05-27 01:23:41,495]  [GenomeManager.java:145] [main]  Loading genome: /srv/2023_UPF1_4SU/bam2bakR/./results/tracks/GRCh38.chrom.sizes
Loading genome: /srv/2023_UPF1_4SU/bam2bakR/./results/tracks/GRCh38.chrom.sizes
INFO [2023-05-27 01:23:41,752]  [DirectoryManager.java:169] [main]  IGV Directory: /home/volker/igv
IGV Directory: /home/volker/igv
INFO [2023-05-27 01:23:41,768]  [GenomeManager.java:192] [main]  Genome loaded.  id= /srv/2023_UPF1_4SU/bam2bakR/
Genome loaded.  id= /srv/2023_UPF1_4SU/bam2bakR/
INFO [2023-05-27 01:23:41,784]  [Preprocessor.java:125] [main]  track type=bedGraph name=" Ctrl_24h_IAA_4SU_3 TC 0 minus " description=" Ctrl_24h_IAA_4SU_3 TC 0 minus strand" visibility=full negateValues=on autoScale=off windowingFunction=mean viewLimits=-10:0 color=10,10,10 altColor=200,200,200  priority=20
track type=bedGraph name=" Ctrl_24h_IAA_4SU_3 TC 0 minus " description=" Ctrl_24h_IAA_4SU_3 TC 0 minus strand" visibility=full negateValues=on autoScale=off windowingFunction=mean viewLimits=-10:0 color=10,10,10 altColor=200,200,200  priority=20
INFO [2023-05-27 01:23:41,804]  [Preprocessor.java:255] [main]  Processing chromosome chr1
Processing chromosome chr1
.....INFO [2023-05-27 01:23:45,027]  [Preprocessor.java:255] [main]  Processing chromosome chr2
Processing chromosome chr2
....INFO [2023-05-27 01:23:46,344]  [Preprocessor.java:255] [main]  Processing chromosome chr3
Processing chromosome chr3
10.0% 
..INFO [2023-05-27 01:23:47,131]  [Preprocessor.java:255] [main]  Processing chromosome chr4
Processing chromosome chr4
..INFO [2023-05-27 01:23:47,668]  [Preprocessor.java:255] [main]  Processing chromosome chr5
Processing chromosome chr5
..INFO [2023-05-27 01:23:48,366]  [Preprocessor.java:255] [main]  Processing chromosome chr6
Processing chromosome chr6
...INFO [2023-05-27 01:23:49,104]  [Preprocessor.java:255] [main]  Processing chromosome chr7
Processing chromosome chr7
20.0% 
..INFO [2023-05-27 01:23:49,796]  [Preprocessor.java:255] [main]  Processing chromosome chr8
Processing chromosome chr8
..INFO [2023-05-27 01:23:50,289]  [Preprocessor.java:255] [main]  Processing chromosome chr9
Processing chromosome chr9
..INFO [2023-05-27 01:23:50,820]  [Preprocessor.java:255] [main]  Processing chromosome chr10
Processing chromosome chr10
..INFO [2023-05-27 01:23:51,370]  [Preprocessor.java:255] [main]  Processing chromosome chr11
Processing chromosome chr11
.30.0% 
..INFO [2023-05-27 01:23:52,198]  [Preprocessor.java:255] [main]  Processing chromosome chr12
Processing chromosome chr12
...INFO [2023-05-27 01:23:52,983]  [Preprocessor.java:255] [main]  Processing chromosome chr13
Processing chromosome chr13
.INFO [2023-05-27 01:23:53,190]  [Preprocessor.java:255] [main]  Processing chromosome chr14
Processing chromosome chr14
.INFO [2023-05-27 01:23:53,644]  [Preprocessor.java:255] [main]  Processing chromosome chr15
Processing chromosome chr15
..INFO [2023-05-27 01:23:54,108]  [Preprocessor.java:255] [main]  Processing chromosome chr16
Processing chromosome chr16
40.0% 
..INFO [2023-05-27 01:23:54,806]  [Preprocessor.java:255] [main]  Processing chromosome chr17
Processing chromosome chr17
....INFO [2023-05-27 01:23:56,109]  [Preprocessor.java:255] [main]  Processing chromosome chr18
Processing chromosome chr18
.INFO [2023-05-27 01:23:56,315]  [Preprocessor.java:255] [main]  Processing chromosome chr19
Processing chromosome chr19
..50.0% 
.INFO [2023-05-27 01:23:57,303]  [Preprocessor.java:255] [main]  Processing chromosome chr20
Processing chromosome chr20
..INFO [2023-05-27 01:23:57,732]  [Preprocessor.java:255] [main]  Processing chromosome chr21
Processing chromosome chr21
INFO [2023-05-27 01:23:57,892]  [Preprocessor.java:255] [main]  Processing chromosome chr22
Processing chromosome chr22
..INFO [2023-05-27 01:23:58,271]  [Preprocessor.java:255] [main]  Processing chromosome chrX
Processing chromosome chrX
.INFO [2023-05-27 01:23:58,642]  [Preprocessor.java:255] [main]  Processing chromosome chrY
Processing chromosome chrY
INFO [2023-05-27 01:23:58,645]  [Preprocessor.java:255] [main]  Processing chromosome chrM
Processing chromosome chrM
INFO [2023-05-27 01:23:58,743]  [Preprocessor.java:255] [main]  Processing chromosome GL000009.2
Processing chromosome GL000009.2
INFO [2023-05-27 01:23:58,760]  [Preprocessor.java:255] [main]  Processing chromosome GL000194.1
Processing chromosome GL000194.1
INFO [2023-05-27 01:23:58,760]  [Preprocessor.java:255] [main]  Processing chromosome GL000195.1
Processing chromosome GL000195.1
INFO [2023-05-27 01:23:58,765]  [Preprocessor.java:255] [main]  Processing chromosome GL000205.2
Processing chromosome GL000205.2
INFO [2023-05-27 01:23:58,766]  [Preprocessor.java:255] [main]  Processing chromosome GL000218.1
Processing chromosome GL000218.1
INFO [2023-05-27 01:23:58,767]  [Preprocessor.java:255] [main]  Processing chromosome GL000219.1
Processing chromosome GL000219.1
INFO [2023-05-27 01:23:58,769]  [Preprocessor.java:255] [main]  Processing chromosome GL000220.1
Processing chromosome GL000220.1
INFO [2023-05-27 01:23:58,773]  [Preprocessor.java:255] [main]  Processing chromosome KI270438.1
Processing chromosome KI270438.1
INFO [2023-05-27 01:23:58,775]  [Preprocessor.java:255] [main]  Processing chromosome KI270711.1
Processing chromosome KI270711.1
INFO [2023-05-27 01:23:58,776]  [Preprocessor.java:255] [main]  Processing chromosome KI270712.1
Processing chromosome KI270712.1
INFO [2023-05-27 01:23:58,776]  [Preprocessor.java:255] [main]  Processing chromosome KI270713.1
Processing chromosome KI270713.1
INFO [2023-05-27 01:23:58,786]  [Preprocessor.java:255] [main]  Processing chromosome KI270714.1
Processing chromosome KI270714.1
INFO [2023-05-27 01:23:58,787]  [Preprocessor.java:255] [main]  Processing chromosome KI270721.1
Processing chromosome KI270721.1
INFO [2023-05-27 01:23:58,790]  [Preprocessor.java:255] [main]  Processing chromosome KI270725.1
Processing chromosome KI270725.1
INFO [2023-05-27 01:23:58,791]  [Preprocessor.java:255] [main]  Processing chromosome KI270731.1
Processing chromosome KI270731.1
INFO [2023-05-27 01:23:58,791]  [Preprocessor.java:255] [main]  Processing chromosome KI270733.1
Processing chromosome KI270733.1
INFO [2023-05-27 01:23:58,803]  [Preprocessor.java:255] [main]  Processing chromosome KI270734.1
Processing chromosome KI270734.1
INFO [2023-05-27 01:23:58,806]  [Preprocessor.java:255] [main]  Processing chromosome KI270745.1
Processing chromosome KI270745.1
INFO [2023-05-27 01:23:58,810]  [Preprocessor.java:255] [main]  Processing chromosome KI270748.1
Processing chromosome KI270748.1
INFO [2023-05-27 01:23:58,810]  [Preprocessor.java:255] [main]  Processing chromosome KI270752.1
Processing chromosome KI270752.1
INFO [2023-05-27 01:23:58,824]  [TDFWriter.java:318] [main]  Group idx: 1
Group idx: 1
100.0% 
Done
INFO [2023-05-27 01:23:41,494]  [IgvTools.java:667] [main]  toTDF.  File = ./results/tracks/Ctrl_24h_IAA_4SU_3.TC.0.pos.bedGraph
toTDF.  File = ./results/tracks/Ctrl_24h_IAA_4SU_3.TC.0.pos.bedGraph
INFO [2023-05-27 01:23:41,496]  [IgvTools.java:668] [main]  Max zoom = 7
Max zoom = 7
INFO [2023-05-27 01:23:41,497]  [IgvTools.java:676] [main]  Window functions: mean max 
Window functions: mean max 
INFO [2023-05-27 01:23:41,503]  [GenomeManager.java:145] [main]  Loading genome: /srv/2023_UPF1_4SU/bam2bakR/./results/tracks/GRCh38.chrom.sizes
Loading genome: /srv/2023_UPF1_4SU/bam2bakR/./results/tracks/GRCh38.chrom.sizes
INFO [2023-05-27 01:23:41,705]  [DirectoryManager.java:169] [main]  IGV Directory: /home/volker/igv
IGV Directory: /home/volker/igv
INFO [2023-05-27 01:23:41,720]  [GenomeManager.java:192] [main]  Genome loaded.  id= /srv/2023_UPF1_4SU/bam2bakR/
Genome loaded.  id= /srv/2023_UPF1_4SU/bam2bakR/
INFO [2023-05-27 01:23:41,734]  [Preprocessor.java:125] [main]  track type=bedGraph name=" Ctrl_24h_IAA_4SU_3 TC 0 plus " description=" Ctrl_24h_IAA_4SU_3 TC 0 positive strand" visibility=full autoScale=off windowingFunction=mean viewLimits=0:10 color=200,200,200  altColor=10,10,10 priority=20
track type=bedGraph name=" Ctrl_24h_IAA_4SU_3 TC 0 plus " description=" Ctrl_24h_IAA_4SU_3 TC 0 positive strand" visibility=full autoScale=off windowingFunction=mean viewLimits=0:10 color=200,200,200  altColor=10,10,10 priority=20
INFO [2023-05-27 01:23:41,748]  [Preprocessor.java:255] [main]  Processing chromosome chr1
Processing chromosome chr1
.....INFO [2023-05-27 01:23:45,097]  [Preprocessor.java:255] [main]  Processing chromosome chr2
Processing chromosome chr2
...INFO [2023-05-27 01:23:46,212]  [Preprocessor.java:255] [main]  Processing chromosome chr3
Processing chromosome chr3
.10.0% 
.INFO [2023-05-27 01:23:47,106]  [Preprocessor.java:255] [main]  Processing chromosome chr4
Processing chromosome chr4
..INFO [2023-05-27 01:23:47,740]  [Preprocessor.java:255] [main]  Processing chromosome chr5
Processing chromosome chr5
..INFO [2023-05-27 01:23:48,363]  [Preprocessor.java:255] [main]  Processing chromosome chr6
Processing chromosome chr6
...INFO [2023-05-27 01:23:49,134]  [Preprocessor.java:255] [main]  Processing chromosome chr7
Processing chromosome chr7
.20.0% 
INFO [2023-05-27 01:23:49,857]  [Preprocessor.java:255] [main]  Processing chromosome chr8
Processing chromosome chr8
..INFO [2023-05-27 01:23:50,516]  [Preprocessor.java:255] [main]  Processing chromosome chr9
Processing chromosome chr9
..INFO [2023-05-27 01:23:51,150]  [Preprocessor.java:255] [main]  Processing chromosome chr10
Processing chromosome chr10
..INFO [2023-05-27 01:23:51,756]  [Preprocessor.java:255] [main]  Processing chromosome chr11
Processing chromosome chr11
...INFO [2023-05-27 01:23:52,552]  [Preprocessor.java:255] [main]  Processing chromosome chr12
Processing chromosome chr12
30.0% 
..INFO [2023-05-27 01:23:53,349]  [Preprocessor.java:255] [main]  Processing chromosome chr13
Processing chromosome chr13
.INFO [2023-05-27 01:23:53,586]  [Preprocessor.java:255] [main]  Processing chromosome chr14
Processing chromosome chr14
..INFO [2023-05-27 01:23:54,048]  [Preprocessor.java:255] [main]  Processing chromosome chr15
Processing chromosome chr15
.INFO [2023-05-27 01:23:54,473]  [Preprocessor.java:255] [main]  Processing chromosome chr16
Processing chromosome chr16
...INFO [2023-05-27 01:23:55,139]  [Preprocessor.java:255] [main]  Processing chromosome chr17
Processing chromosome chr17
40.0% 
...INFO [2023-05-27 01:23:56,790]  [Preprocessor.java:255] [main]  Processing chromosome chr18
Processing chromosome chr18
.INFO [2023-05-27 01:23:57,002]  [Preprocessor.java:255] [main]  Processing chromosome chr19
Processing chromosome chr19
...INFO [2023-05-27 01:23:57,940]  [Preprocessor.java:255] [main]  Processing chromosome chr20
Processing chromosome chr20
..INFO [2023-05-27 01:23:58,340]  [Preprocessor.java:255] [main]  Processing chromosome chr21
Processing chromosome chr21
INFO [2023-05-27 01:23:58,476]  [Preprocessor.java:255] [main]  Processing chromosome chr22
Processing chromosome chr22
50.0% 
INFO [2023-05-27 01:23:58,889]  [Preprocessor.java:255] [main]  Processing chromosome chrX
Processing chromosome chrX
..INFO [2023-05-27 01:23:59,299]  [Preprocessor.java:255] [main]  Processing chromosome chrY
Processing chromosome chrY
INFO [2023-05-27 01:23:59,302]  [Preprocessor.java:255] [main]  Processing chromosome chrM
Processing chromosome chrM
INFO [2023-05-27 01:23:59,392]  [Preprocessor.java:255] [main]  Processing chromosome GL000008.2
Processing chromosome GL000008.2
INFO [2023-05-27 01:23:59,404]  [Preprocessor.java:255] [main]  Processing chromosome GL000009.2
Processing chromosome GL000009.2
INFO [2023-05-27 01:23:59,405]  [Preprocessor.java:255] [main]  Processing chromosome GL000194.1
Processing chromosome GL000194.1
INFO [2023-05-27 01:23:59,410]  [Preprocessor.java:255] [main]  Processing chromosome GL000195.1
Processing chromosome GL000195.1
INFO [2023-05-27 01:23:59,420]  [Preprocessor.java:255] [main]  Processing chromosome GL000205.2
Processing chromosome GL000205.2
INFO [2023-05-27 01:23:59,428]  [Preprocessor.java:255] [main]  Processing chromosome GL000218.1
Processing chromosome GL000218.1
INFO [2023-05-27 01:23:59,441]  [Preprocessor.java:255] [main]  Processing chromosome GL000219.1
Processing chromosome GL000219.1
INFO [2023-05-27 01:23:59,449]  [Preprocessor.java:255] [main]  Processing chromosome GL000220.1
Processing chromosome GL000220.1
INFO [2023-05-27 01:23:59,454]  [Preprocessor.java:255] [main]  Processing chromosome GL000221.1
Processing chromosome GL000221.1
INFO [2023-05-27 01:23:59,455]  [Preprocessor.java:255] [main]  Processing chromosome GL000224.1
Processing chromosome GL000224.1
INFO [2023-05-27 01:23:59,456]  [Preprocessor.java:255] [main]  Processing chromosome KI270706.1
Processing chromosome KI270706.1
INFO [2023-05-27 01:23:59,456]  [Preprocessor.java:255] [main]  Processing chromosome KI270707.1
Processing chromosome KI270707.1
INFO [2023-05-27 01:23:59,457]  [Preprocessor.java:255] [main]  Processing chromosome KI270711.1
Processing chromosome KI270711.1
INFO [2023-05-27 01:23:59,470]  [Preprocessor.java:255] [main]  Processing chromosome KI270712.1
Processing chromosome KI270712.1
INFO [2023-05-27 01:23:59,472]  [Preprocessor.java:255] [main]  Processing chromosome KI270713.1
Processing chromosome KI270713.1
INFO [2023-05-27 01:23:59,473]  [Preprocessor.java:255] [main]  Processing chromosome KI270714.1
Processing chromosome KI270714.1
INFO [2023-05-27 01:23:59,486]  [Preprocessor.java:255] [main]  Processing chromosome KI270720.1
Processing chromosome KI270720.1
INFO [2023-05-27 01:23:59,487]  [Preprocessor.java:255] [main]  Processing chromosome KI270728.1
Processing chromosome KI270728.1
INFO [2023-05-27 01:23:59,488]  [Preprocessor.java:255] [main]  Processing chromosome KI270733.1
Processing chromosome KI270733.1
INFO [2023-05-27 01:23:59,495]  [Preprocessor.java:255] [main]  Processing chromosome KI270734.1
Processing chromosome KI270734.1
INFO [2023-05-27 01:23:59,496]  [Preprocessor.java:255] [main]  Processing chromosome KI270738.1
Processing chromosome KI270738.1
INFO [2023-05-27 01:23:59,497]  [Preprocessor.java:255] [main]  Processing chromosome KI270742.1
Processing chromosome KI270742.1
INFO [2023-05-27 01:23:59,498]  [Preprocessor.java:255] [main]  Processing chromosome KI270743.1
Processing chromosome KI270743.1
INFO [2023-05-27 01:23:59,499]  [Preprocessor.java:255] [main]  Processing chromosome KI270744.1
Processing chromosome KI270744.1
INFO [2023-05-27 01:23:59,516]  [TDFWriter.java:318] [main]  Group idx: 1
Group idx: 1
100.0% 
Done
* TDF track files created for sample Ctrl_24h_IAA_4SU_3.
