* Creating files for each level of counting.
* Sorting bam files by coordiantes
[bam_sort_core] merging from 0 files and 32 in-memory blocks...
* Making .chrom.sizes file
* Making track headers
* Filtering reads
*making tracks with STAR
May 27 00:07:40 ..... reading from BAM, output wiggle
May 27 00:09:05 ..... done
May 27 00:07:40 ..... reading from BAM, output wiggle
May 27 00:09:09 ..... done
May 27 00:07:40 ..... reading from BAM, output wiggle
May 27 00:09:10 ..... done
May 27 00:07:40 ..... reading from BAM, output wiggle
May 27 00:09:11 ..... done
May 27 00:07:40 ..... reading from BAM, output wiggle
May 27 00:09:16 ..... done
May 27 00:07:40 ..... reading from BAM, output wiggle
May 27 00:09:58 ..... done
* Taking only unique components of tracks
* Make tdf files from tracks
INFO [2023-05-27 00:10:11,771]  [IgvTools.java:667] [main]  toTDF.  File = ./results/tracks/Ctrl_12h_IAA_4SU_1.TC.5.pos.bedGraph
toTDF.  File = ./results/tracks/Ctrl_12h_IAA_4SU_1.TC.5.pos.bedGraph
INFO [2023-05-27 00:10:11,774]  [IgvTools.java:668] [main]  Max zoom = 7
Max zoom = 7
INFO [2023-05-27 00:10:11,774]  [IgvTools.java:676] [main]  Window functions: mean max 
Window functions: mean max 
INFO [2023-05-27 00:10:11,782]  [GenomeManager.java:145] [main]  Loading genome: /srv/2023_UPF1_4SU/bam2bakR/./results/tracks/GRCh38.chrom.sizes
Loading genome: /srv/2023_UPF1_4SU/bam2bakR/./results/tracks/GRCh38.chrom.sizes
INFO [2023-05-27 00:10:12,105]  [DirectoryManager.java:169] [main]  IGV Directory: /home/volker/igv
IGV Directory: /home/volker/igv
INFO [2023-05-27 00:10:12,118]  [GenomeManager.java:192] [main]  Genome loaded.  id= /srv/2023_UPF1_4SU/bam2bakR/
Genome loaded.  id= /srv/2023_UPF1_4SU/bam2bakR/
INFO [2023-05-27 00:10:12,131]  [Preprocessor.java:125] [main]  track type=bedGraph name=" Ctrl_12h_IAA_4SU_1 TC 5 plus " description=" Ctrl_12h_IAA_4SU_1 TC 5 positive strand" visibility=full autoScale=off windowingFunction=mean viewLimits=0:10 color=50,0,0  altColor=10,10,10 priority=20
track type=bedGraph name=" Ctrl_12h_IAA_4SU_1 TC 5 plus " description=" Ctrl_12h_IAA_4SU_1 TC 5 positive strand" visibility=full autoScale=off windowingFunction=mean viewLimits=0:10 color=50,0,0  altColor=10,10,10 priority=20
INFO [2023-05-27 00:10:12,155]  [Preprocessor.java:255] [main]  Processing chromosome chr1
Processing chromosome chr1
......INFO [2023-05-27 00:10:13,568]  [Preprocessor.java:255] [main]  Processing chromosome chr2
Processing chromosome chr2
...INFO [2023-05-27 00:10:14,406]  [Preprocessor.java:255] [main]  Processing chromosome chr3
Processing chromosome chr3
10.0% 
..INFO [2023-05-27 00:10:14,560]  [Preprocessor.java:255] [main]  Processing chromosome chr4
Processing chromosome chr4
..INFO [2023-05-27 00:10:14,657]  [Preprocessor.java:255] [main]  Processing chromosome chr5
Processing chromosome chr5
..INFO [2023-05-27 00:10:15,088]  [Preprocessor.java:255] [main]  Processing chromosome chr6
Processing chromosome chr6
...INFO [2023-05-27 00:10:15,210]  [Preprocessor.java:255] [main]  Processing chromosome chr7
Processing chromosome chr7
20.0% 
.INFO [2023-05-27 00:10:15,324]  [Preprocessor.java:255] [main]  Processing chromosome chr8
Processing chromosome chr8
..INFO [2023-05-27 00:10:15,455]  [Preprocessor.java:255] [main]  Processing chromosome chr9
Processing chromosome chr9
...INFO [2023-05-27 00:10:15,714]  [Preprocessor.java:255] [main]  Processing chromosome chr10
Processing chromosome chr10
..INFO [2023-05-27 00:10:15,826]  [Preprocessor.java:255] [main]  Processing chromosome chr11
Processing chromosome chr11
.30.0% 
.INFO [2023-05-27 00:10:15,957]  [Preprocessor.java:255] [main]  Processing chromosome chr12
Processing chromosome chr12
....INFO [2023-05-27 00:10:16,264]  [Preprocessor.java:255] [main]  Processing chromosome chr13
Processing chromosome chr13
.INFO [2023-05-27 00:10:16,302]  [Preprocessor.java:255] [main]  Processing chromosome chr14
Processing chromosome chr14
.INFO [2023-05-27 00:10:16,373]  [Preprocessor.java:255] [main]  Processing chromosome chr15
Processing chromosome chr15
..INFO [2023-05-27 00:10:16,434]  [Preprocessor.java:255] [main]  Processing chromosome chr16
Processing chromosome chr16
40.0% 
.INFO [2023-05-27 00:10:16,668]  [Preprocessor.java:255] [main]  Processing chromosome chr17
Processing chromosome chr17
......INFO [2023-05-27 00:10:16,844]  [Preprocessor.java:255] [main]  Processing chromosome chr18
Processing chromosome chr18
INFO [2023-05-27 00:10:16,894]  [Preprocessor.java:255] [main]  Processing chromosome chr19
Processing chromosome chr19
..50.0% 
.INFO [2023-05-27 00:10:17,160]  [Preprocessor.java:255] [main]  Processing chromosome chr20
Processing chromosome chr20
..INFO [2023-05-27 00:10:17,225]  [Preprocessor.java:255] [main]  Processing chromosome chr21
Processing chromosome chr21
INFO [2023-05-27 00:10:17,247]  [Preprocessor.java:255] [main]  Processing chromosome chr22
Processing chromosome chr22
..INFO [2023-05-27 00:10:17,308]  [Preprocessor.java:255] [main]  Processing chromosome chrX
Processing chromosome chrX
.INFO [2023-05-27 00:10:17,350]  [Preprocessor.java:255] [main]  Processing chromosome chrY
Processing chromosome chrY
INFO [2023-05-27 00:10:17,351]  [Preprocessor.java:255] [main]  Processing chromosome chrM
Processing chromosome chrM
INFO [2023-05-27 00:10:17,426]  [Preprocessor.java:255] [main]  Processing chromosome GL000194.1
Processing chromosome GL000194.1
INFO [2023-05-27 00:10:17,432]  [Preprocessor.java:255] [main]  Processing chromosome GL000195.1
Processing chromosome GL000195.1
INFO [2023-05-27 00:10:17,435]  [Preprocessor.java:255] [main]  Processing chromosome GL000205.2
Processing chromosome GL000205.2
INFO [2023-05-27 00:10:17,440]  [Preprocessor.java:255] [main]  Processing chromosome GL000218.1
Processing chromosome GL000218.1
INFO [2023-05-27 00:10:17,448]  [Preprocessor.java:255] [main]  Processing chromosome GL000219.1
Processing chromosome GL000219.1
INFO [2023-05-27 00:10:17,451]  [Preprocessor.java:255] [main]  Processing chromosome GL000220.1
Processing chromosome GL000220.1
INFO [2023-05-27 00:10:17,452]  [Preprocessor.java:255] [main]  Processing chromosome KI270711.1
Processing chromosome KI270711.1
INFO [2023-05-27 00:10:17,457]  [Preprocessor.java:255] [main]  Processing chromosome KI270713.1
Processing chromosome KI270713.1
INFO [2023-05-27 00:10:17,458]  [Preprocessor.java:255] [main]  Processing chromosome KI270714.1
Processing chromosome KI270714.1
INFO [2023-05-27 00:10:17,462]  [Preprocessor.java:255] [main]  Processing chromosome KI270731.1
Processing chromosome KI270731.1
INFO [2023-05-27 00:10:17,463]  [Preprocessor.java:255] [main]  Processing chromosome KI270733.1
Processing chromosome KI270733.1
INFO [2023-05-27 00:10:17,556]  [TDFWriter.java:318] [main]  Group idx: 1
Group idx: 1
100.0% 
Done
INFO [2023-05-27 00:10:11,784]  [IgvTools.java:667] [main]  toTDF.  File = ./results/tracks/Ctrl_12h_IAA_4SU_1.TC.5.min.bedGraph
toTDF.  File = ./results/tracks/Ctrl_12h_IAA_4SU_1.TC.5.min.bedGraph
INFO [2023-05-27 00:10:11,787]  [IgvTools.java:668] [main]  Max zoom = 7
Max zoom = 7
INFO [2023-05-27 00:10:11,787]  [IgvTools.java:676] [main]  Window functions: mean max 
Window functions: mean max 
INFO [2023-05-27 00:10:11,795]  [GenomeManager.java:145] [main]  Loading genome: /srv/2023_UPF1_4SU/bam2bakR/./results/tracks/GRCh38.chrom.sizes
Loading genome: /srv/2023_UPF1_4SU/bam2bakR/./results/tracks/GRCh38.chrom.sizes
INFO [2023-05-27 00:10:12,090]  [DirectoryManager.java:169] [main]  IGV Directory: /home/volker/igv
IGV Directory: /home/volker/igv
INFO [2023-05-27 00:10:12,106]  [GenomeManager.java:192] [main]  Genome loaded.  id= /srv/2023_UPF1_4SU/bam2bakR/
Genome loaded.  id= /srv/2023_UPF1_4SU/bam2bakR/
INFO [2023-05-27 00:10:12,122]  [Preprocessor.java:125] [main]  track type=bedGraph name=" Ctrl_12h_IAA_4SU_1 TC 5 minus " description=" Ctrl_12h_IAA_4SU_1 TC 5 minus strand" visibility=full negateValues=on autoScale=off windowingFunction=mean viewLimits=-10:0 color=10,10,10 altColor=50,0,0  priority=20
track type=bedGraph name=" Ctrl_12h_IAA_4SU_1 TC 5 minus " description=" Ctrl_12h_IAA_4SU_1 TC 5 minus strand" visibility=full negateValues=on autoScale=off windowingFunction=mean viewLimits=-10:0 color=10,10,10 altColor=50,0,0  priority=20
INFO [2023-05-27 00:10:12,138]  [Preprocessor.java:255] [main]  Processing chromosome chr1
Processing chromosome chr1
.....INFO [2023-05-27 00:10:13,225]  [Preprocessor.java:255] [main]  Processing chromosome chr2
Processing chromosome chr2
...INFO [2023-05-27 00:10:14,024]  [Preprocessor.java:255] [main]  Processing chromosome chr3
Processing chromosome chr3
.10.0% 
.INFO [2023-05-27 00:10:14,218]  [Preprocessor.java:255] [main]  Processing chromosome chr4
Processing chromosome chr4
..INFO [2023-05-27 00:10:14,304]  [Preprocessor.java:255] [main]  Processing chromosome chr5
Processing chromosome chr5
..INFO [2023-05-27 00:10:14,840]  [Preprocessor.java:255] [main]  Processing chromosome chr6
Processing chromosome chr6
...INFO [2023-05-27 00:10:15,014]  [Preprocessor.java:255] [main]  Processing chromosome chr7
Processing chromosome chr7
.20.0% 
.INFO [2023-05-27 00:10:15,183]  [Preprocessor.java:255] [main]  Processing chromosome chr8
Processing chromosome chr8
..INFO [2023-05-27 00:10:15,436]  [Preprocessor.java:255] [main]  Processing chromosome chr9
Processing chromosome chr9
..INFO [2023-05-27 00:10:15,553]  [Preprocessor.java:255] [main]  Processing chromosome chr10
Processing chromosome chr10
...INFO [2023-05-27 00:10:15,683]  [Preprocessor.java:255] [main]  Processing chromosome chr11
Processing chromosome chr11
.30.0% 
.INFO [2023-05-27 00:10:16,179]  [Preprocessor.java:255] [main]  Processing chromosome chr12
Processing chromosome chr12
...INFO [2023-05-27 00:10:16,392]  [Preprocessor.java:255] [main]  Processing chromosome chr13
Processing chromosome chr13
.INFO [2023-05-27 00:10:16,448]  [Preprocessor.java:255] [main]  Processing chromosome chr14
Processing chromosome chr14
.INFO [2023-05-27 00:10:16,550]  [Preprocessor.java:255] [main]  Processing chromosome chr15
Processing chromosome chr15
..INFO [2023-05-27 00:10:16,618]  [Preprocessor.java:255] [main]  Processing chromosome chr16
Processing chromosome chr16
.40.0% 
.INFO [2023-05-27 00:10:16,884]  [Preprocessor.java:255] [main]  Processing chromosome chr17
Processing chromosome chr17
....INFO [2023-05-27 00:10:17,032]  [Preprocessor.java:255] [main]  Processing chromosome chr18
Processing chromosome chr18
INFO [2023-05-27 00:10:17,067]  [Preprocessor.java:255] [main]  Processing chromosome chr19
Processing chromosome chr19
....50.0% 
INFO [2023-05-27 00:10:17,395]  [Preprocessor.java:255] [main]  Processing chromosome chr20
Processing chromosome chr20
..INFO [2023-05-27 00:10:17,470]  [Preprocessor.java:255] [main]  Processing chromosome chr21
Processing chromosome chr21
.INFO [2023-05-27 00:10:17,491]  [Preprocessor.java:255] [main]  Processing chromosome chr22
Processing chromosome chr22
.INFO [2023-05-27 00:10:17,788]  [Preprocessor.java:255] [main]  Processing chromosome chrX
Processing chromosome chrX
.INFO [2023-05-27 00:10:17,836]  [Preprocessor.java:255] [main]  Processing chromosome chrY
Processing chromosome chrY
INFO [2023-05-27 00:10:17,838]  [Preprocessor.java:255] [main]  Processing chromosome chrM
Processing chromosome chrM
.INFO [2023-05-27 00:10:17,952]  [Preprocessor.java:255] [main]  Processing chromosome GL000195.1
Processing chromosome GL000195.1
INFO [2023-05-27 00:10:17,966]  [Preprocessor.java:255] [main]  Processing chromosome GL000219.1
Processing chromosome GL000219.1
INFO [2023-05-27 00:10:17,967]  [Preprocessor.java:255] [main]  Processing chromosome GL000220.1
Processing chromosome GL000220.1
INFO [2023-05-27 00:10:17,968]  [Preprocessor.java:255] [main]  Processing chromosome KI270713.1
Processing chromosome KI270713.1
INFO [2023-05-27 00:10:17,973]  [Preprocessor.java:255] [main]  Processing chromosome KI270721.1
Processing chromosome KI270721.1
INFO [2023-05-27 00:10:17,974]  [Preprocessor.java:255] [main]  Processing chromosome KI270731.1
Processing chromosome KI270731.1
INFO [2023-05-27 00:10:17,975]  [Preprocessor.java:255] [main]  Processing chromosome KI270733.1
Processing chromosome KI270733.1
INFO [2023-05-27 00:10:18,006]  [TDFWriter.java:318] [main]  Group idx: 1
Group idx: 1
100.0% 
Done
INFO [2023-05-27 00:10:11,801]  [IgvTools.java:667] [main]  toTDF.  File = ./results/tracks/Ctrl_12h_IAA_4SU_1.TC.4.min.bedGraph
toTDF.  File = ./results/tracks/Ctrl_12h_IAA_4SU_1.TC.4.min.bedGraph
INFO [2023-05-27 00:10:11,804]  [IgvTools.java:668] [main]  Max zoom = 7
Max zoom = 7
INFO [2023-05-27 00:10:11,805]  [IgvTools.java:676] [main]  Window functions: mean max 
Window functions: mean max 
INFO [2023-05-27 00:10:11,813]  [GenomeManager.java:145] [main]  Loading genome: /srv/2023_UPF1_4SU/bam2bakR/./results/tracks/GRCh38.chrom.sizes
Loading genome: /srv/2023_UPF1_4SU/bam2bakR/./results/tracks/GRCh38.chrom.sizes
INFO [2023-05-27 00:10:12,088]  [DirectoryManager.java:169] [main]  IGV Directory: /home/volker/igv
IGV Directory: /home/volker/igv
INFO [2023-05-27 00:10:12,103]  [GenomeManager.java:192] [main]  Genome loaded.  id= /srv/2023_UPF1_4SU/bam2bakR/
Genome loaded.  id= /srv/2023_UPF1_4SU/bam2bakR/
INFO [2023-05-27 00:10:12,114]  [Preprocessor.java:125] [main]  track type=bedGraph name=" Ctrl_12h_IAA_4SU_1 TC 4 minus " description=" Ctrl_12h_IAA_4SU_1 TC 4 minus strand" visibility=full negateValues=on autoScale=off windowingFunction=mean viewLimits=-10:0 color=10,10,10 altColor=100,0,0  priority=20
track type=bedGraph name=" Ctrl_12h_IAA_4SU_1 TC 4 minus " description=" Ctrl_12h_IAA_4SU_1 TC 4 minus strand" visibility=full negateValues=on autoScale=off windowingFunction=mean viewLimits=-10:0 color=10,10,10 altColor=100,0,0  priority=20
INFO [2023-05-27 00:10:12,127]  [Preprocessor.java:255] [main]  Processing chromosome chr1
Processing chromosome chr1
.....INFO [2023-05-27 00:10:13,794]  [Preprocessor.java:255] [main]  Processing chromosome chr2
Processing chromosome chr2
...INFO [2023-05-27 00:10:14,114]  [Preprocessor.java:255] [main]  Processing chromosome chr3
Processing chromosome chr3
.10.0% 
.INFO [2023-05-27 00:10:14,434]  [Preprocessor.java:255] [main]  Processing chromosome chr4
Processing chromosome chr4
.INFO [2023-05-27 00:10:14,545]  [Preprocessor.java:255] [main]  Processing chromosome chr5
Processing chromosome chr5
...INFO [2023-05-27 00:10:14,698]  [Preprocessor.java:255] [main]  Processing chromosome chr6
Processing chromosome chr6
...INFO [2023-05-27 00:10:15,064]  [Preprocessor.java:255] [main]  Processing chromosome chr7
Processing chromosome chr7
.20.0% 
.INFO [2023-05-27 00:10:15,227]  [Preprocessor.java:255] [main]  Processing chromosome chr8
Processing chromosome chr8
..INFO [2023-05-27 00:10:15,481]  [Preprocessor.java:255] [main]  Processing chromosome chr9
Processing chromosome chr9
..INFO [2023-05-27 00:10:15,602]  [Preprocessor.java:255] [main]  Processing chromosome chr10
Processing chromosome chr10
..INFO [2023-05-27 00:10:15,908]  [Preprocessor.java:255] [main]  Processing chromosome chr11
Processing chromosome chr11
..30.0% 
INFO [2023-05-27 00:10:16,085]  [Preprocessor.java:255] [main]  Processing chromosome chr12
Processing chromosome chr12
....INFO [2023-05-27 00:10:16,423]  [Preprocessor.java:255] [main]  Processing chromosome chr13
Processing chromosome chr13
INFO [2023-05-27 00:10:16,467]  [Preprocessor.java:255] [main]  Processing chromosome chr14
Processing chromosome chr14
..INFO [2023-05-27 00:10:16,543]  [Preprocessor.java:255] [main]  Processing chromosome chr15
Processing chromosome chr15
.INFO [2023-05-27 00:10:16,738]  [Preprocessor.java:255] [main]  Processing chromosome chr16
Processing chromosome chr16
..40.0% 
INFO [2023-05-27 00:10:16,880]  [Preprocessor.java:255] [main]  Processing chromosome chr17
Processing chromosome chr17
.....INFO [2023-05-27 00:10:17,156]  [Preprocessor.java:255] [main]  Processing chromosome chr18
Processing chromosome chr18
INFO [2023-05-27 00:10:17,201]  [Preprocessor.java:255] [main]  Processing chromosome chr19
Processing chromosome chr19
....50.0% 
INFO [2023-05-27 00:10:17,501]  [Preprocessor.java:255] [main]  Processing chromosome chr20
Processing chromosome chr20
..INFO [2023-05-27 00:10:17,609]  [Preprocessor.java:255] [main]  Processing chromosome chr21
Processing chromosome chr21
.INFO [2023-05-27 00:10:17,639]  [Preprocessor.java:255] [main]  Processing chromosome chr22
Processing chromosome chr22
..INFO [2023-05-27 00:10:17,802]  [Preprocessor.java:255] [main]  Processing chromosome chrX
Processing chromosome chrX
.INFO [2023-05-27 00:10:17,866]  [Preprocessor.java:255] [main]  Processing chromosome chrY
Processing chromosome chrY
INFO [2023-05-27 00:10:17,867]  [Preprocessor.java:255] [main]  Processing chromosome chrM
Processing chromosome chrM
INFO [2023-05-27 00:10:17,973]  [Preprocessor.java:255] [main]  Processing chromosome GL000195.1
Processing chromosome GL000195.1
INFO [2023-05-27 00:10:17,989]  [Preprocessor.java:255] [main]  Processing chromosome GL000219.1
Processing chromosome GL000219.1
INFO [2023-05-27 00:10:17,990]  [Preprocessor.java:255] [main]  Processing chromosome GL000220.1
Processing chromosome GL000220.1
INFO [2023-05-27 00:10:17,991]  [Preprocessor.java:255] [main]  Processing chromosome KI270713.1
Processing chromosome KI270713.1
INFO [2023-05-27 00:10:17,998]  [Preprocessor.java:255] [main]  Processing chromosome KI270721.1
Processing chromosome KI270721.1
INFO [2023-05-27 00:10:18,001]  [Preprocessor.java:255] [main]  Processing chromosome KI270723.1
Processing chromosome KI270723.1
INFO [2023-05-27 00:10:18,002]  [Preprocessor.java:255] [main]  Processing chromosome KI270731.1
Processing chromosome KI270731.1
INFO [2023-05-27 00:10:18,003]  [Preprocessor.java:255] [main]  Processing chromosome KI270733.1
Processing chromosome KI270733.1
INFO [2023-05-27 00:10:18,008]  [Preprocessor.java:255] [main]  Processing chromosome KI270734.1
Processing chromosome KI270734.1
INFO [2023-05-27 00:10:18,036]  [TDFWriter.java:318] [main]  Group idx: 1
Group idx: 1
100.0% 
Done
INFO [2023-05-27 00:10:11,788]  [IgvTools.java:667] [main]  toTDF.  File = ./results/tracks/Ctrl_12h_IAA_4SU_1.TC.4.pos.bedGraph
toTDF.  File = ./results/tracks/Ctrl_12h_IAA_4SU_1.TC.4.pos.bedGraph
INFO [2023-05-27 00:10:11,790]  [IgvTools.java:668] [main]  Max zoom = 7
Max zoom = 7
INFO [2023-05-27 00:10:11,791]  [IgvTools.java:676] [main]  Window functions: mean max 
Window functions: mean max 
INFO [2023-05-27 00:10:11,798]  [GenomeManager.java:145] [main]  Loading genome: /srv/2023_UPF1_4SU/bam2bakR/./results/tracks/GRCh38.chrom.sizes
Loading genome: /srv/2023_UPF1_4SU/bam2bakR/./results/tracks/GRCh38.chrom.sizes
INFO [2023-05-27 00:10:12,105]  [DirectoryManager.java:169] [main]  IGV Directory: /home/volker/igv
IGV Directory: /home/volker/igv
INFO [2023-05-27 00:10:12,118]  [GenomeManager.java:192] [main]  Genome loaded.  id= /srv/2023_UPF1_4SU/bam2bakR/
Genome loaded.  id= /srv/2023_UPF1_4SU/bam2bakR/
INFO [2023-05-27 00:10:12,135]  [Preprocessor.java:125] [main]  track type=bedGraph name=" Ctrl_12h_IAA_4SU_1 TC 4 plus " description=" Ctrl_12h_IAA_4SU_1 TC 4 positive strand" visibility=full autoScale=off windowingFunction=mean viewLimits=0:10 color=100,0,0  altColor=10,10,10 priority=20
track type=bedGraph name=" Ctrl_12h_IAA_4SU_1 TC 4 plus " description=" Ctrl_12h_IAA_4SU_1 TC 4 positive strand" visibility=full autoScale=off windowingFunction=mean viewLimits=0:10 color=100,0,0  altColor=10,10,10 priority=20
INFO [2023-05-27 00:10:12,150]  [Preprocessor.java:255] [main]  Processing chromosome chr1
Processing chromosome chr1
.....INFO [2023-05-27 00:10:13,986]  [Preprocessor.java:255] [main]  Processing chromosome chr2
Processing chromosome chr2
...INFO [2023-05-27 00:10:14,297]  [Preprocessor.java:255] [main]  Processing chromosome chr3
Processing chromosome chr3
.10.0% 
.INFO [2023-05-27 00:10:14,688]  [Preprocessor.java:255] [main]  Processing chromosome chr4
Processing chromosome chr4
..INFO [2023-05-27 00:10:14,803]  [Preprocessor.java:255] [main]  Processing chromosome chr5
Processing chromosome chr5
..INFO [2023-05-27 00:10:14,932]  [Preprocessor.java:255] [main]  Processing chromosome chr6
Processing chromosome chr6
...INFO [2023-05-27 00:10:15,392]  [Preprocessor.java:255] [main]  Processing chromosome chr7
Processing chromosome chr7
.20.0% 
INFO [2023-05-27 00:10:15,556]  [Preprocessor.java:255] [main]  Processing chromosome chr8
Processing chromosome chr8
..INFO [2023-05-27 00:10:15,984]  [Preprocessor.java:255] [main]  Processing chromosome chr9
Processing chromosome chr9
...INFO [2023-05-27 00:10:16,152]  [Preprocessor.java:255] [main]  Processing chromosome chr10
Processing chromosome chr10
..INFO [2023-05-27 00:10:16,279]  [Preprocessor.java:255] [main]  Processing chromosome chr11
Processing chromosome chr11
..30.0% 
INFO [2023-05-27 00:10:16,610]  [Preprocessor.java:255] [main]  Processing chromosome chr12
Processing chromosome chr12
...INFO [2023-05-27 00:10:16,919]  [Preprocessor.java:255] [main]  Processing chromosome chr13
Processing chromosome chr13
.INFO [2023-05-27 00:10:16,971]  [Preprocessor.java:255] [main]  Processing chromosome chr14
Processing chromosome chr14
..INFO [2023-05-27 00:10:17,058]  [Preprocessor.java:255] [main]  Processing chromosome chr15
Processing chromosome chr15
.INFO [2023-05-27 00:10:17,133]  [Preprocessor.java:255] [main]  Processing chromosome chr16
Processing chromosome chr16
..40.0% 
INFO [2023-05-27 00:10:17,352]  [Preprocessor.java:255] [main]  Processing chromosome chr17
Processing chromosome chr17
.....INFO [2023-05-27 00:10:17,694]  [Preprocessor.java:255] [main]  Processing chromosome chr18
Processing chromosome chr18
INFO [2023-05-27 00:10:17,736]  [Preprocessor.java:255] [main]  Processing chromosome chr19
Processing chromosome chr19
....INFO [2023-05-27 00:10:18,061]  [Preprocessor.java:255] [main]  Processing chromosome chr20
Processing chromosome chr20
50.0% 
.INFO [2023-05-27 00:10:18,157]  [Preprocessor.java:255] [main]  Processing chromosome chr21
Processing chromosome chr21
INFO [2023-05-27 00:10:18,184]  [Preprocessor.java:255] [main]  Processing chromosome chr22
Processing chromosome chr22
..INFO [2023-05-27 00:10:18,265]  [Preprocessor.java:255] [main]  Processing chromosome chrX
Processing chromosome chrX
.INFO [2023-05-27 00:10:18,319]  [Preprocessor.java:255] [main]  Processing chromosome chrY
Processing chromosome chrY
INFO [2023-05-27 00:10:18,321]  [Preprocessor.java:255] [main]  Processing chromosome chrM
Processing chromosome chrM
INFO [2023-05-27 00:10:18,371]  [Preprocessor.java:255] [main]  Processing chromosome GL000194.1
Processing chromosome GL000194.1
INFO [2023-05-27 00:10:18,376]  [Preprocessor.java:255] [main]  Processing chromosome GL000195.1
Processing chromosome GL000195.1
INFO [2023-05-27 00:10:18,379]  [Preprocessor.java:255] [main]  Processing chromosome GL000205.2
Processing chromosome GL000205.2
INFO [2023-05-27 00:10:18,384]  [Preprocessor.java:255] [main]  Processing chromosome GL000218.1
Processing chromosome GL000218.1
INFO [2023-05-27 00:10:18,393]  [Preprocessor.java:255] [main]  Processing chromosome GL000219.1
Processing chromosome GL000219.1
INFO [2023-05-27 00:10:18,396]  [Preprocessor.java:255] [main]  Processing chromosome GL000220.1
Processing chromosome GL000220.1
INFO [2023-05-27 00:10:18,398]  [Preprocessor.java:255] [main]  Processing chromosome KI270711.1
Processing chromosome KI270711.1
INFO [2023-05-27 00:10:18,406]  [Preprocessor.java:255] [main]  Processing chromosome KI270713.1
Processing chromosome KI270713.1
INFO [2023-05-27 00:10:18,407]  [Preprocessor.java:255] [main]  Processing chromosome KI270714.1
Processing chromosome KI270714.1
INFO [2023-05-27 00:10:18,412]  [Preprocessor.java:255] [main]  Processing chromosome KI270728.1
Processing chromosome KI270728.1
INFO [2023-05-27 00:10:18,413]  [Preprocessor.java:255] [main]  Processing chromosome KI270731.1
Processing chromosome KI270731.1
INFO [2023-05-27 00:10:18,414]  [Preprocessor.java:255] [main]  Processing chromosome KI270733.1
Processing chromosome KI270733.1
INFO [2023-05-27 00:10:18,566]  [TDFWriter.java:318] [main]  Group idx: 1
Group idx: 1
100.0% 
Done
INFO [2023-05-27 00:10:11,831]  [IgvTools.java:667] [main]  toTDF.  File = ./results/tracks/Ctrl_12h_IAA_4SU_1.TC.3.pos.bedGraph
toTDF.  File = ./results/tracks/Ctrl_12h_IAA_4SU_1.TC.3.pos.bedGraph
INFO [2023-05-27 00:10:11,834]  [IgvTools.java:668] [main]  Max zoom = 7
Max zoom = 7
INFO [2023-05-27 00:10:11,834]  [IgvTools.java:676] [main]  Window functions: mean max 
Window functions: mean max 
INFO [2023-05-27 00:10:11,842]  [GenomeManager.java:145] [main]  Loading genome: /srv/2023_UPF1_4SU/bam2bakR/./results/tracks/GRCh38.chrom.sizes
Loading genome: /srv/2023_UPF1_4SU/bam2bakR/./results/tracks/GRCh38.chrom.sizes
INFO [2023-05-27 00:10:12,096]  [DirectoryManager.java:169] [main]  IGV Directory: /home/volker/igv
IGV Directory: /home/volker/igv
INFO [2023-05-27 00:10:12,109]  [GenomeManager.java:192] [main]  Genome loaded.  id= /srv/2023_UPF1_4SU/bam2bakR/
Genome loaded.  id= /srv/2023_UPF1_4SU/bam2bakR/
INFO [2023-05-27 00:10:12,124]  [Preprocessor.java:125] [main]  track type=bedGraph name=" Ctrl_12h_IAA_4SU_1 TC 3 plus " description=" Ctrl_12h_IAA_4SU_1 TC 3 positive strand" visibility=full autoScale=off windowingFunction=mean viewLimits=0:10 color=150,0,0  altColor=10,10,10 priority=20
track type=bedGraph name=" Ctrl_12h_IAA_4SU_1 TC 3 plus " description=" Ctrl_12h_IAA_4SU_1 TC 3 positive strand" visibility=full autoScale=off windowingFunction=mean viewLimits=0:10 color=150,0,0  altColor=10,10,10 priority=20
INFO [2023-05-27 00:10:12,141]  [Preprocessor.java:255] [main]  Processing chromosome chr1
Processing chromosome chr1
.....INFO [2023-05-27 00:10:14,158]  [Preprocessor.java:255] [main]  Processing chromosome chr2
Processing chromosome chr2
...INFO [2023-05-27 00:10:14,770]  [Preprocessor.java:255] [main]  Processing chromosome chr3
Processing chromosome chr3
.10.0% 
.INFO [2023-05-27 00:10:15,145]  [Preprocessor.java:255] [main]  Processing chromosome chr4
Processing chromosome chr4
..INFO [2023-05-27 00:10:15,497]  [Preprocessor.java:255] [main]  Processing chromosome chr5
Processing chromosome chr5
..INFO [2023-05-27 00:10:15,701]  [Preprocessor.java:255] [main]  Processing chromosome chr6
Processing chromosome chr6
...INFO [2023-05-27 00:10:16,019]  [Preprocessor.java:255] [main]  Processing chromosome chr7
Processing chromosome chr7
.20.0% 
INFO [2023-05-27 00:10:16,205]  [Preprocessor.java:255] [main]  Processing chromosome chr8
Processing chromosome chr8
..INFO [2023-05-27 00:10:16,490]  [Preprocessor.java:255] [main]  Processing chromosome chr9
Processing chromosome chr9
..INFO [2023-05-27 00:10:16,800]  [Preprocessor.java:255] [main]  Processing chromosome chr10
Processing chromosome chr10
...INFO [2023-05-27 00:10:16,943]  [Preprocessor.java:255] [main]  Processing chromosome chr11
Processing chromosome chr11
..30.0% 
INFO [2023-05-27 00:10:17,216]  [Preprocessor.java:255] [main]  Processing chromosome chr12
Processing chromosome chr12
...INFO [2023-05-27 00:10:17,454]  [Preprocessor.java:255] [main]  Processing chromosome chr13
Processing chromosome chr13
.INFO [2023-05-27 00:10:17,515]  [Preprocessor.java:255] [main]  Processing chromosome chr14
Processing chromosome chr14
.INFO [2023-05-27 00:10:17,629]  [Preprocessor.java:255] [main]  Processing chromosome chr15
Processing chromosome chr15
..INFO [2023-05-27 00:10:17,801]  [Preprocessor.java:255] [main]  Processing chromosome chr16
Processing chromosome chr16
..INFO [2023-05-27 00:10:17,982]  [Preprocessor.java:255] [main]  Processing chromosome chr17
Processing chromosome chr17
40.0% 
....INFO [2023-05-27 00:10:18,433]  [Preprocessor.java:255] [main]  Processing chromosome chr18
Processing chromosome chr18
.INFO [2023-05-27 00:10:18,612]  [Preprocessor.java:255] [main]  Processing chromosome chr19
Processing chromosome chr19
....INFO [2023-05-27 00:10:18,985]  [Preprocessor.java:255] [main]  Processing chromosome chr20
Processing chromosome chr20
50.0% 
.INFO [2023-05-27 00:10:19,147]  [Preprocessor.java:255] [main]  Processing chromosome chr21
Processing chromosome chr21
INFO [2023-05-27 00:10:19,198]  [Preprocessor.java:255] [main]  Processing chromosome chr22
Processing chromosome chr22
..INFO [2023-05-27 00:10:19,309]  [Preprocessor.java:255] [main]  Processing chromosome chrX
Processing chromosome chrX
.INFO [2023-05-27 00:10:19,466]  [Preprocessor.java:255] [main]  Processing chromosome chrY
Processing chromosome chrY
INFO [2023-05-27 00:10:19,468]  [Preprocessor.java:255] [main]  Processing chromosome chrM
Processing chromosome chrM
INFO [2023-05-27 00:10:19,534]  [Preprocessor.java:255] [main]  Processing chromosome GL000194.1
Processing chromosome GL000194.1
INFO [2023-05-27 00:10:19,543]  [Preprocessor.java:255] [main]  Processing chromosome GL000195.1
Processing chromosome GL000195.1
INFO [2023-05-27 00:10:19,549]  [Preprocessor.java:255] [main]  Processing chromosome GL000205.2
Processing chromosome GL000205.2
INFO [2023-05-27 00:10:19,558]  [Preprocessor.java:255] [main]  Processing chromosome GL000218.1
Processing chromosome GL000218.1
INFO [2023-05-27 00:10:19,573]  [Preprocessor.java:255] [main]  Processing chromosome GL000219.1
Processing chromosome GL000219.1
INFO [2023-05-27 00:10:19,580]  [Preprocessor.java:255] [main]  Processing chromosome GL000220.1
Processing chromosome GL000220.1
INFO [2023-05-27 00:10:19,582]  [Preprocessor.java:255] [main]  Processing chromosome KI270711.1
Processing chromosome KI270711.1
INFO [2023-05-27 00:10:19,593]  [Preprocessor.java:255] [main]  Processing chromosome KI270713.1
Processing chromosome KI270713.1
INFO [2023-05-27 00:10:19,595]  [Preprocessor.java:255] [main]  Processing chromosome KI270714.1
Processing chromosome KI270714.1
INFO [2023-05-27 00:10:19,603]  [Preprocessor.java:255] [main]  Processing chromosome KI270728.1
Processing chromosome KI270728.1
INFO [2023-05-27 00:10:19,604]  [Preprocessor.java:255] [main]  Processing chromosome KI270731.1
Processing chromosome KI270731.1
INFO [2023-05-27 00:10:19,604]  [Preprocessor.java:255] [main]  Processing chromosome KI270733.1
Processing chromosome KI270733.1
INFO [2023-05-27 00:10:19,627]  [TDFWriter.java:318] [main]  Group idx: 1
Group idx: 1
100.0% 
Done
INFO [2023-05-27 00:10:11,762]  [IgvTools.java:667] [main]  toTDF.  File = ./results/tracks/Ctrl_12h_IAA_4SU_1.TC.3.min.bedGraph
toTDF.  File = ./results/tracks/Ctrl_12h_IAA_4SU_1.TC.3.min.bedGraph
INFO [2023-05-27 00:10:11,764]  [IgvTools.java:668] [main]  Max zoom = 7
Max zoom = 7
INFO [2023-05-27 00:10:11,764]  [IgvTools.java:676] [main]  Window functions: mean max 
Window functions: mean max 
INFO [2023-05-27 00:10:11,770]  [GenomeManager.java:145] [main]  Loading genome: /srv/2023_UPF1_4SU/bam2bakR/./results/tracks/GRCh38.chrom.sizes
Loading genome: /srv/2023_UPF1_4SU/bam2bakR/./results/tracks/GRCh38.chrom.sizes
INFO [2023-05-27 00:10:12,114]  [DirectoryManager.java:169] [main]  IGV Directory: /home/volker/igv
IGV Directory: /home/volker/igv
INFO [2023-05-27 00:10:12,128]  [GenomeManager.java:192] [main]  Genome loaded.  id= /srv/2023_UPF1_4SU/bam2bakR/
Genome loaded.  id= /srv/2023_UPF1_4SU/bam2bakR/
INFO [2023-05-27 00:10:12,143]  [Preprocessor.java:125] [main]  track type=bedGraph name=" Ctrl_12h_IAA_4SU_1 TC 3 minus " description=" Ctrl_12h_IAA_4SU_1 TC 3 minus strand" visibility=full negateValues=on autoScale=off windowingFunction=mean viewLimits=-10:0 color=10,10,10 altColor=150,0,0  priority=20
track type=bedGraph name=" Ctrl_12h_IAA_4SU_1 TC 3 minus " description=" Ctrl_12h_IAA_4SU_1 TC 3 minus strand" visibility=full negateValues=on autoScale=off windowingFunction=mean viewLimits=-10:0 color=10,10,10 altColor=150,0,0  priority=20
INFO [2023-05-27 00:10:12,156]  [Preprocessor.java:255] [main]  Processing chromosome chr1
Processing chromosome chr1
.....INFO [2023-05-27 00:10:14,034]  [Preprocessor.java:255] [main]  Processing chromosome chr2
Processing chromosome chr2
...INFO [2023-05-27 00:10:14,926]  [Preprocessor.java:255] [main]  Processing chromosome chr3
Processing chromosome chr3
.10.0% 
.INFO [2023-05-27 00:10:15,227]  [Preprocessor.java:255] [main]  Processing chromosome chr4
Processing chromosome chr4
.INFO [2023-05-27 00:10:15,526]  [Preprocessor.java:255] [main]  Processing chromosome chr5
Processing chromosome chr5
...INFO [2023-05-27 00:10:15,757]  [Preprocessor.java:255] [main]  Processing chromosome chr6
Processing chromosome chr6
...INFO [2023-05-27 00:10:16,146]  [Preprocessor.java:255] [main]  Processing chromosome chr7
Processing chromosome chr7
.20.0% 
.INFO [2023-05-27 00:10:16,467]  [Preprocessor.java:255] [main]  Processing chromosome chr8
Processing chromosome chr8
..INFO [2023-05-27 00:10:16,599]  [Preprocessor.java:255] [main]  Processing chromosome chr9
Processing chromosome chr9
..INFO [2023-05-27 00:10:16,919]  [Preprocessor.java:255] [main]  Processing chromosome chr10
Processing chromosome chr10
..INFO [2023-05-27 00:10:17,083]  [Preprocessor.java:255] [main]  Processing chromosome chr11
Processing chromosome chr11
..30.0% 
INFO [2023-05-27 00:10:17,360]  [Preprocessor.java:255] [main]  Processing chromosome chr12
Processing chromosome chr12
...INFO [2023-05-27 00:10:17,608]  [Preprocessor.java:255] [main]  Processing chromosome chr13
Processing chromosome chr13
.INFO [2023-05-27 00:10:17,660]  [Preprocessor.java:255] [main]  Processing chromosome chr14
Processing chromosome chr14
.INFO [2023-05-27 00:10:17,755]  [Preprocessor.java:255] [main]  Processing chromosome chr15
Processing chromosome chr15
..INFO [2023-05-27 00:10:17,995]  [Preprocessor.java:255] [main]  Processing chromosome chr16
Processing chromosome chr16
..40.0% 
INFO [2023-05-27 00:10:18,196]  [Preprocessor.java:255] [main]  Processing chromosome chr17
Processing chromosome chr17
.....INFO [2023-05-27 00:10:18,640]  [Preprocessor.java:255] [main]  Processing chromosome chr18
Processing chromosome chr18
INFO [2023-05-27 00:10:18,698]  [Preprocessor.java:255] [main]  Processing chromosome chr19
Processing chromosome chr19
....50.0% 
.INFO [2023-05-27 00:10:19,026]  [Preprocessor.java:255] [main]  Processing chromosome chr20
Processing chromosome chr20
..INFO [2023-05-27 00:10:19,175]  [Preprocessor.java:255] [main]  Processing chromosome chr21
Processing chromosome chr21
INFO [2023-05-27 00:10:19,214]  [Preprocessor.java:255] [main]  Processing chromosome chr22
Processing chromosome chr22
..INFO [2023-05-27 00:10:19,334]  [Preprocessor.java:255] [main]  Processing chromosome chrX
Processing chromosome chrX
.INFO [2023-05-27 00:10:19,422]  [Preprocessor.java:255] [main]  Processing chromosome chrY
Processing chromosome chrY
INFO [2023-05-27 00:10:19,424]  [Preprocessor.java:255] [main]  Processing chromosome chrM
Processing chromosome chrM
INFO [2023-05-27 00:10:19,570]  [Preprocessor.java:255] [main]  Processing chromosome GL000195.1
Processing chromosome GL000195.1
INFO [2023-05-27 00:10:19,590]  [Preprocessor.java:255] [main]  Processing chromosome GL000219.1
Processing chromosome GL000219.1
INFO [2023-05-27 00:10:19,592]  [Preprocessor.java:255] [main]  Processing chromosome GL000220.1
Processing chromosome GL000220.1
INFO [2023-05-27 00:10:19,593]  [Preprocessor.java:255] [main]  Processing chromosome KI270713.1
Processing chromosome KI270713.1
INFO [2023-05-27 00:10:19,605]  [Preprocessor.java:255] [main]  Processing chromosome KI270719.1
Processing chromosome KI270719.1
INFO [2023-05-27 00:10:19,606]  [Preprocessor.java:255] [main]  Processing chromosome KI270721.1
Processing chromosome KI270721.1
INFO [2023-05-27 00:10:19,611]  [Preprocessor.java:255] [main]  Processing chromosome KI270723.1
Processing chromosome KI270723.1
INFO [2023-05-27 00:10:19,613]  [Preprocessor.java:255] [main]  Processing chromosome KI270731.1
Processing chromosome KI270731.1
INFO [2023-05-27 00:10:19,614]  [Preprocessor.java:255] [main]  Processing chromosome KI270733.1
Processing chromosome KI270733.1
INFO [2023-05-27 00:10:19,623]  [Preprocessor.java:255] [main]  Processing chromosome KI270734.1
Processing chromosome KI270734.1
INFO [2023-05-27 00:10:19,625]  [Preprocessor.java:255] [main]  Processing chromosome KI270745.1
Processing chromosome KI270745.1
INFO [2023-05-27 00:10:19,782]  [TDFWriter.java:318] [main]  Group idx: 1
Group idx: 1
100.0% 
Done
INFO [2023-05-27 00:10:11,849]  [IgvTools.java:667] [main]  toTDF.  File = ./results/tracks/Ctrl_12h_IAA_4SU_1.TC.2.min.bedGraph
toTDF.  File = ./results/tracks/Ctrl_12h_IAA_4SU_1.TC.2.min.bedGraph
INFO [2023-05-27 00:10:11,851]  [IgvTools.java:668] [main]  Max zoom = 7
Max zoom = 7
INFO [2023-05-27 00:10:11,852]  [IgvTools.java:676] [main]  Window functions: mean max 
Window functions: mean max 
INFO [2023-05-27 00:10:11,857]  [GenomeManager.java:145] [main]  Loading genome: /srv/2023_UPF1_4SU/bam2bakR/./results/tracks/GRCh38.chrom.sizes
Loading genome: /srv/2023_UPF1_4SU/bam2bakR/./results/tracks/GRCh38.chrom.sizes
INFO [2023-05-27 00:10:12,089]  [DirectoryManager.java:169] [main]  IGV Directory: /home/volker/igv
IGV Directory: /home/volker/igv
INFO [2023-05-27 00:10:12,104]  [GenomeManager.java:192] [main]  Genome loaded.  id= /srv/2023_UPF1_4SU/bam2bakR/
Genome loaded.  id= /srv/2023_UPF1_4SU/bam2bakR/
INFO [2023-05-27 00:10:12,116]  [Preprocessor.java:125] [main]  track type=bedGraph name=" Ctrl_12h_IAA_4SU_1 TC 2 minus " description=" Ctrl_12h_IAA_4SU_1 TC 2 minus strand" visibility=full negateValues=on autoScale=off windowingFunction=mean viewLimits=-10:0 color=10,10,10 altColor=250,0,0  priority=20
track type=bedGraph name=" Ctrl_12h_IAA_4SU_1 TC 2 minus " description=" Ctrl_12h_IAA_4SU_1 TC 2 minus strand" visibility=full negateValues=on autoScale=off windowingFunction=mean viewLimits=-10:0 color=10,10,10 altColor=250,0,0  priority=20
INFO [2023-05-27 00:10:12,131]  [Preprocessor.java:255] [main]  Processing chromosome chr1
Processing chromosome chr1
.....INFO [2023-05-27 00:10:14,339]  [Preprocessor.java:255] [main]  Processing chromosome chr2
Processing chromosome chr2
...INFO [2023-05-27 00:10:14,844]  [Preprocessor.java:255] [main]  Processing chromosome chr3
Processing chromosome chr3
.10.0% 
.INFO [2023-05-27 00:10:15,368]  [Preprocessor.java:255] [main]  Processing chromosome chr4
Processing chromosome chr4
.INFO [2023-05-27 00:10:15,543]  [Preprocessor.java:255] [main]  Processing chromosome chr5
Processing chromosome chr5
...INFO [2023-05-27 00:10:15,948]  [Preprocessor.java:255] [main]  Processing chromosome chr6
Processing chromosome chr6
...INFO [2023-05-27 00:10:16,305]  [Preprocessor.java:255] [main]  Processing chromosome chr7
Processing chromosome chr7
.20.0% 
.INFO [2023-05-27 00:10:16,686]  [Preprocessor.java:255] [main]  Processing chromosome chr8
Processing chromosome chr8
.INFO [2023-05-27 00:10:16,834]  [Preprocessor.java:255] [main]  Processing chromosome chr9
Processing chromosome chr9
..INFO [2023-05-27 00:10:17,045]  [Preprocessor.java:255] [main]  Processing chromosome chr10
Processing chromosome chr10
...INFO [2023-05-27 00:10:17,415]  [Preprocessor.java:255] [main]  Processing chromosome chr11
Processing chromosome chr11
..30.0% 
INFO [2023-05-27 00:10:17,660]  [Preprocessor.java:255] [main]  Processing chromosome chr12
Processing chromosome chr12
...INFO [2023-05-27 00:10:18,035]  [Preprocessor.java:255] [main]  Processing chromosome chr13
Processing chromosome chr13
.INFO [2023-05-27 00:10:18,103]  [Preprocessor.java:255] [main]  Processing chromosome chr14
Processing chromosome chr14
.INFO [2023-05-27 00:10:18,232]  [Preprocessor.java:255] [main]  Processing chromosome chr15
Processing chromosome chr15
..INFO [2023-05-27 00:10:18,467]  [Preprocessor.java:255] [main]  Processing chromosome chr16
Processing chromosome chr16
..40.0% 
INFO [2023-05-27 00:10:18,813]  [Preprocessor.java:255] [main]  Processing chromosome chr17
Processing chromosome chr17
....INFO [2023-05-27 00:10:19,153]  [Preprocessor.java:255] [main]  Processing chromosome chr18
Processing chromosome chr18
.INFO [2023-05-27 00:10:19,216]  [Preprocessor.java:255] [main]  Processing chromosome chr19
Processing chromosome chr19
....50.0% 
.INFO [2023-05-27 00:10:19,690]  [Preprocessor.java:255] [main]  Processing chromosome chr20
Processing chromosome chr20
..INFO [2023-05-27 00:10:19,899]  [Preprocessor.java:255] [main]  Processing chromosome chr21
Processing chromosome chr21
INFO [2023-05-27 00:10:19,944]  [Preprocessor.java:255] [main]  Processing chromosome chr22
Processing chromosome chr22
..INFO [2023-05-27 00:10:20,086]  [Preprocessor.java:255] [main]  Processing chromosome chrX
Processing chromosome chrX
.INFO [2023-05-27 00:10:20,208]  [Preprocessor.java:255] [main]  Processing chromosome chrY
Processing chromosome chrY
INFO [2023-05-27 00:10:20,210]  [Preprocessor.java:255] [main]  Processing chromosome chrM
Processing chromosome chrM
INFO [2023-05-27 00:10:20,343]  [Preprocessor.java:255] [main]  Processing chromosome GL000195.1
Processing chromosome GL000195.1
INFO [2023-05-27 00:10:20,362]  [Preprocessor.java:255] [main]  Processing chromosome GL000205.2
Processing chromosome GL000205.2
INFO [2023-05-27 00:10:20,363]  [Preprocessor.java:255] [main]  Processing chromosome GL000219.1
Processing chromosome GL000219.1
INFO [2023-05-27 00:10:20,363]  [Preprocessor.java:255] [main]  Processing chromosome GL000220.1
Processing chromosome GL000220.1
INFO [2023-05-27 00:10:20,365]  [Preprocessor.java:255] [main]  Processing chromosome KI270713.1
Processing chromosome KI270713.1
INFO [2023-05-27 00:10:20,375]  [Preprocessor.java:255] [main]  Processing chromosome KI270714.1
Processing chromosome KI270714.1
INFO [2023-05-27 00:10:20,376]  [Preprocessor.java:255] [main]  Processing chromosome KI270719.1
Processing chromosome KI270719.1
INFO [2023-05-27 00:10:20,377]  [Preprocessor.java:255] [main]  Processing chromosome KI270721.1
Processing chromosome KI270721.1
INFO [2023-05-27 00:10:20,380]  [Preprocessor.java:255] [main]  Processing chromosome KI270723.1
Processing chromosome KI270723.1
INFO [2023-05-27 00:10:20,381]  [Preprocessor.java:255] [main]  Processing chromosome KI270731.1
Processing chromosome KI270731.1
INFO [2023-05-27 00:10:20,382]  [Preprocessor.java:255] [main]  Processing chromosome KI270733.1
Processing chromosome KI270733.1
INFO [2023-05-27 00:10:20,389]  [Preprocessor.java:255] [main]  Processing chromosome KI270734.1
Processing chromosome KI270734.1
INFO [2023-05-27 00:10:20,391]  [Preprocessor.java:255] [main]  Processing chromosome KI270745.1
Processing chromosome KI270745.1
INFO [2023-05-27 00:10:20,413]  [TDFWriter.java:318] [main]  Group idx: 1
Group idx: 1
100.0% 
Done
INFO [2023-05-27 00:10:11,843]  [IgvTools.java:667] [main]  toTDF.  File = ./results/tracks/Ctrl_12h_IAA_4SU_1.TC.2.pos.bedGraph
toTDF.  File = ./results/tracks/Ctrl_12h_IAA_4SU_1.TC.2.pos.bedGraph
INFO [2023-05-27 00:10:11,846]  [IgvTools.java:668] [main]  Max zoom = 7
Max zoom = 7
INFO [2023-05-27 00:10:11,847]  [IgvTools.java:676] [main]  Window functions: mean max 
Window functions: mean max 
INFO [2023-05-27 00:10:11,854]  [GenomeManager.java:145] [main]  Loading genome: /srv/2023_UPF1_4SU/bam2bakR/./results/tracks/GRCh38.chrom.sizes
Loading genome: /srv/2023_UPF1_4SU/bam2bakR/./results/tracks/GRCh38.chrom.sizes
INFO [2023-05-27 00:10:12,089]  [DirectoryManager.java:169] [main]  IGV Directory: /home/volker/igv
IGV Directory: /home/volker/igv
INFO [2023-05-27 00:10:12,103]  [GenomeManager.java:192] [main]  Genome loaded.  id= /srv/2023_UPF1_4SU/bam2bakR/
Genome loaded.  id= /srv/2023_UPF1_4SU/bam2bakR/
INFO [2023-05-27 00:10:12,117]  [Preprocessor.java:125] [main]  track type=bedGraph name=" Ctrl_12h_IAA_4SU_1 TC 2 plus " description=" Ctrl_12h_IAA_4SU_1 TC 2 positive strand" visibility=full autoScale=off windowingFunction=mean viewLimits=0:10 color=250,0,0  altColor=10,10,10 priority=20
track type=bedGraph name=" Ctrl_12h_IAA_4SU_1 TC 2 plus " description=" Ctrl_12h_IAA_4SU_1 TC 2 positive strand" visibility=full autoScale=off windowingFunction=mean viewLimits=0:10 color=250,0,0  altColor=10,10,10 priority=20
INFO [2023-05-27 00:10:12,131]  [Preprocessor.java:255] [main]  Processing chromosome chr1
Processing chromosome chr1
.....INFO [2023-05-27 00:10:14,162]  [Preprocessor.java:255] [main]  Processing chromosome chr2
Processing chromosome chr2
...INFO [2023-05-27 00:10:14,864]  [Preprocessor.java:255] [main]  Processing chromosome chr3
Processing chromosome chr3
.10.0% 
.INFO [2023-05-27 00:10:15,388]  [Preprocessor.java:255] [main]  Processing chromosome chr4
Processing chromosome chr4
.INFO [2023-05-27 00:10:15,685]  [Preprocessor.java:255] [main]  Processing chromosome chr5
Processing chromosome chr5
..INFO [2023-05-27 00:10:15,882]  [Preprocessor.java:255] [main]  Processing chromosome chr6
Processing chromosome chr6
...INFO [2023-05-27 00:10:16,385]  [Preprocessor.java:255] [main]  Processing chromosome chr7
Processing chromosome chr7
..INFO [2023-05-27 00:10:16,750]  [Preprocessor.java:255] [main]  Processing chromosome chr8
Processing chromosome chr8
20.0% 
.INFO [2023-05-27 00:10:16,929]  [Preprocessor.java:255] [main]  Processing chromosome chr9
Processing chromosome chr9
..INFO [2023-05-27 00:10:17,256]  [Preprocessor.java:255] [main]  Processing chromosome chr10
Processing chromosome chr10
..INFO [2023-05-27 00:10:17,498]  [Preprocessor.java:255] [main]  Processing chromosome chr11
Processing chromosome chr11
...INFO [2023-05-27 00:10:17,760]  [Preprocessor.java:255] [main]  Processing chromosome chr12
Processing chromosome chr12
.30.0% 
.INFO [2023-05-27 00:10:18,159]  [Preprocessor.java:255] [main]  Processing chromosome chr13
Processing chromosome chr13
.INFO [2023-05-27 00:10:18,235]  [Preprocessor.java:255] [main]  Processing chromosome chr14
Processing chromosome chr14
..INFO [2023-05-27 00:10:18,367]  [Preprocessor.java:255] [main]  Processing chromosome chr15
Processing chromosome chr15
.INFO [2023-05-27 00:10:18,610]  [Preprocessor.java:255] [main]  Processing chromosome chr16
Processing chromosome chr16
...INFO [2023-05-27 00:10:18,810]  [Preprocessor.java:255] [main]  Processing chromosome chr17
Processing chromosome chr17
.40.0% 
...INFO [2023-05-27 00:10:19,360]  [Preprocessor.java:255] [main]  Processing chromosome chr18
Processing chromosome chr18
INFO [2023-05-27 00:10:19,419]  [Preprocessor.java:255] [main]  Processing chromosome chr19
Processing chromosome chr19
....INFO [2023-05-27 00:10:19,790]  [Preprocessor.java:255] [main]  Processing chromosome chr20
Processing chromosome chr20
..INFO [2023-05-27 00:10:19,951]  [Preprocessor.java:255] [main]  Processing chromosome chr21
Processing chromosome chr21
INFO [2023-05-27 00:10:19,995]  [Preprocessor.java:255] [main]  Processing chromosome chr22
Processing chromosome chr22
50.0% 
.INFO [2023-05-27 00:10:20,200]  [Preprocessor.java:255] [main]  Processing chromosome chrX
Processing chromosome chrX
.INFO [2023-05-27 00:10:20,278]  [Preprocessor.java:255] [main]  Processing chromosome chrY
Processing chromosome chrY
INFO [2023-05-27 00:10:20,280]  [Preprocessor.java:255] [main]  Processing chromosome chrM
Processing chromosome chrM
INFO [2023-05-27 00:10:20,352]  [Preprocessor.java:255] [main]  Processing chromosome GL000194.1
Processing chromosome GL000194.1
INFO [2023-05-27 00:10:20,359]  [Preprocessor.java:255] [main]  Processing chromosome GL000195.1
Processing chromosome GL000195.1
INFO [2023-05-27 00:10:20,362]  [Preprocessor.java:255] [main]  Processing chromosome GL000205.2
Processing chromosome GL000205.2
INFO [2023-05-27 00:10:20,369]  [Preprocessor.java:255] [main]  Processing chromosome GL000218.1
Processing chromosome GL000218.1
INFO [2023-05-27 00:10:20,380]  [Preprocessor.java:255] [main]  Processing chromosome GL000219.1
Processing chromosome GL000219.1
INFO [2023-05-27 00:10:20,385]  [Preprocessor.java:255] [main]  Processing chromosome GL000220.1
Processing chromosome GL000220.1
INFO [2023-05-27 00:10:20,387]  [Preprocessor.java:255] [main]  Processing chromosome KI270711.1
Processing chromosome KI270711.1
INFO [2023-05-27 00:10:20,397]  [Preprocessor.java:255] [main]  Processing chromosome KI270713.1
Processing chromosome KI270713.1
INFO [2023-05-27 00:10:20,399]  [Preprocessor.java:255] [main]  Processing chromosome KI270714.1
Processing chromosome KI270714.1
INFO [2023-05-27 00:10:20,407]  [Preprocessor.java:255] [main]  Processing chromosome KI270728.1
Processing chromosome KI270728.1
INFO [2023-05-27 00:10:20,408]  [Preprocessor.java:255] [main]  Processing chromosome KI270731.1
Processing chromosome KI270731.1
INFO [2023-05-27 00:10:20,409]  [Preprocessor.java:255] [main]  Processing chromosome KI270733.1
Processing chromosome KI270733.1
INFO [2023-05-27 00:10:20,437]  [TDFWriter.java:318] [main]  Group idx: 1
Group idx: 1
100.0% 
Done
INFO [2023-05-27 00:10:11,782]  [IgvTools.java:667] [main]  toTDF.  File = ./results/tracks/Ctrl_12h_IAA_4SU_1.TC.1.min.bedGraph
toTDF.  File = ./results/tracks/Ctrl_12h_IAA_4SU_1.TC.1.min.bedGraph
INFO [2023-05-27 00:10:11,785]  [IgvTools.java:668] [main]  Max zoom = 7
Max zoom = 7
INFO [2023-05-27 00:10:11,786]  [IgvTools.java:676] [main]  Window functions: mean max 
Window functions: mean max 
INFO [2023-05-27 00:10:11,794]  [GenomeManager.java:145] [main]  Loading genome: /srv/2023_UPF1_4SU/bam2bakR/./results/tracks/GRCh38.chrom.sizes
Loading genome: /srv/2023_UPF1_4SU/bam2bakR/./results/tracks/GRCh38.chrom.sizes
INFO [2023-05-27 00:10:12,111]  [DirectoryManager.java:169] [main]  IGV Directory: /home/volker/igv
IGV Directory: /home/volker/igv
INFO [2023-05-27 00:10:12,125]  [GenomeManager.java:192] [main]  Genome loaded.  id= /srv/2023_UPF1_4SU/bam2bakR/
Genome loaded.  id= /srv/2023_UPF1_4SU/bam2bakR/
INFO [2023-05-27 00:10:12,138]  [Preprocessor.java:125] [main]  track type=bedGraph name=" Ctrl_12h_IAA_4SU_1 TC 1 minus " description=" Ctrl_12h_IAA_4SU_1 TC 1 minus strand" visibility=full negateValues=on autoScale=off windowingFunction=mean viewLimits=-10:0 color=10,10,10 altColor=250,150,150  priority=20
track type=bedGraph name=" Ctrl_12h_IAA_4SU_1 TC 1 minus " description=" Ctrl_12h_IAA_4SU_1 TC 1 minus strand" visibility=full negateValues=on autoScale=off windowingFunction=mean viewLimits=-10:0 color=10,10,10 altColor=250,150,150  priority=20
INFO [2023-05-27 00:10:12,151]  [Preprocessor.java:255] [main]  Processing chromosome chr1
Processing chromosome chr1
.....INFO [2023-05-27 00:10:14,460]  [Preprocessor.java:255] [main]  Processing chromosome chr2
Processing chromosome chr2
...INFO [2023-05-27 00:10:15,220]  [Preprocessor.java:255] [main]  Processing chromosome chr3
Processing chromosome chr3
.10.0% 
.INFO [2023-05-27 00:10:15,656]  [Preprocessor.java:255] [main]  Processing chromosome chr4
Processing chromosome chr4
.INFO [2023-05-27 00:10:15,826]  [Preprocessor.java:255] [main]  Processing chromosome chr5
Processing chromosome chr5
...INFO [2023-05-27 00:10:16,117]  [Preprocessor.java:255] [main]  Processing chromosome chr6
Processing chromosome chr6
...INFO [2023-05-27 00:10:16,475]  [Preprocessor.java:255] [main]  Processing chromosome chr7
Processing chromosome chr7
.20.0% 
INFO [2023-05-27 00:10:16,748]  [Preprocessor.java:255] [main]  Processing chromosome chr8
Processing chromosome chr8
..INFO [2023-05-27 00:10:16,922]  [Preprocessor.java:255] [main]  Processing chromosome chr9
Processing chromosome chr9
..INFO [2023-05-27 00:10:17,139]  [Preprocessor.java:255] [main]  Processing chromosome chr10
Processing chromosome chr10
...INFO [2023-05-27 00:10:17,399]  [Preprocessor.java:255] [main]  Processing chromosome chr11
Processing chromosome chr11
..30.0% 
INFO [2023-05-27 00:10:17,701]  [Preprocessor.java:255] [main]  Processing chromosome chr12
Processing chromosome chr12
...INFO [2023-05-27 00:10:18,027]  [Preprocessor.java:255] [main]  Processing chromosome chr13
Processing chromosome chr13
.INFO [2023-05-27 00:10:18,118]  [Preprocessor.java:255] [main]  Processing chromosome chr14
Processing chromosome chr14
.INFO [2023-05-27 00:10:18,278]  [Preprocessor.java:255] [main]  Processing chromosome chr15
Processing chromosome chr15
..INFO [2023-05-27 00:10:18,561]  [Preprocessor.java:255] [main]  Processing chromosome chr16
Processing chromosome chr16
..40.0% 
INFO [2023-05-27 00:10:18,888]  [Preprocessor.java:255] [main]  Processing chromosome chr17
Processing chromosome chr17
.....INFO [2023-05-27 00:10:19,310]  [Preprocessor.java:255] [main]  Processing chromosome chr18
Processing chromosome chr18
INFO [2023-05-27 00:10:19,393]  [Preprocessor.java:255] [main]  Processing chromosome chr19
Processing chromosome chr19
....50.0% 
.INFO [2023-05-27 00:10:19,943]  [Preprocessor.java:255] [main]  Processing chromosome chr20
Processing chromosome chr20
..INFO [2023-05-27 00:10:20,169]  [Preprocessor.java:255] [main]  Processing chromosome chr21
Processing chromosome chr21
INFO [2023-05-27 00:10:20,218]  [Preprocessor.java:255] [main]  Processing chromosome chr22
Processing chromosome chr22
..INFO [2023-05-27 00:10:20,451]  [Preprocessor.java:255] [main]  Processing chromosome chrX
Processing chromosome chrX
.INFO [2023-05-27 00:10:20,564]  [Preprocessor.java:255] [main]  Processing chromosome chrY
Processing chromosome chrY
INFO [2023-05-27 00:10:20,566]  [Preprocessor.java:255] [main]  Processing chromosome chrM
Processing chromosome chrM
INFO [2023-05-27 00:10:20,671]  [Preprocessor.java:255] [main]  Processing chromosome GL000194.1
Processing chromosome GL000194.1
INFO [2023-05-27 00:10:20,688]  [Preprocessor.java:255] [main]  Processing chromosome GL000195.1
Processing chromosome GL000195.1
INFO [2023-05-27 00:10:20,691]  [Preprocessor.java:255] [main]  Processing chromosome GL000205.2
Processing chromosome GL000205.2
INFO [2023-05-27 00:10:20,691]  [Preprocessor.java:255] [main]  Processing chromosome GL000219.1
Processing chromosome GL000219.1
INFO [2023-05-27 00:10:20,692]  [Preprocessor.java:255] [main]  Processing chromosome GL000220.1
Processing chromosome GL000220.1
INFO [2023-05-27 00:10:20,694]  [Preprocessor.java:255] [main]  Processing chromosome KI270713.1
Processing chromosome KI270713.1
INFO [2023-05-27 00:10:20,703]  [Preprocessor.java:255] [main]  Processing chromosome KI270714.1
Processing chromosome KI270714.1
INFO [2023-05-27 00:10:20,705]  [Preprocessor.java:255] [main]  Processing chromosome KI270719.1
Processing chromosome KI270719.1
INFO [2023-05-27 00:10:20,706]  [Preprocessor.java:255] [main]  Processing chromosome KI270721.1
Processing chromosome KI270721.1
INFO [2023-05-27 00:10:20,709]  [Preprocessor.java:255] [main]  Processing chromosome KI270723.1
Processing chromosome KI270723.1
INFO [2023-05-27 00:10:20,709]  [Preprocessor.java:255] [main]  Processing chromosome KI270731.1
Processing chromosome KI270731.1
INFO [2023-05-27 00:10:20,710]  [Preprocessor.java:255] [main]  Processing chromosome KI270733.1
Processing chromosome KI270733.1
INFO [2023-05-27 00:10:20,719]  [Preprocessor.java:255] [main]  Processing chromosome KI270734.1
Processing chromosome KI270734.1
INFO [2023-05-27 00:10:20,721]  [Preprocessor.java:255] [main]  Processing chromosome KI270739.1
Processing chromosome KI270739.1
INFO [2023-05-27 00:10:20,721]  [Preprocessor.java:255] [main]  Processing chromosome KI270744.1
Processing chromosome KI270744.1
INFO [2023-05-27 00:10:20,722]  [Preprocessor.java:255] [main]  Processing chromosome KI270745.1
Processing chromosome KI270745.1
INFO [2023-05-27 00:10:20,724]  [Preprocessor.java:255] [main]  Processing chromosome KI270749.1
Processing chromosome KI270749.1
INFO [2023-05-27 00:10:20,757]  [TDFWriter.java:318] [main]  Group idx: 1
Group idx: 1
100.0% 
Done
INFO [2023-05-27 00:10:11,833]  [IgvTools.java:667] [main]  toTDF.  File = ./results/tracks/Ctrl_12h_IAA_4SU_1.TC.1.pos.bedGraph
toTDF.  File = ./results/tracks/Ctrl_12h_IAA_4SU_1.TC.1.pos.bedGraph
INFO [2023-05-27 00:10:11,835]  [IgvTools.java:668] [main]  Max zoom = 7
Max zoom = 7
INFO [2023-05-27 00:10:11,836]  [IgvTools.java:676] [main]  Window functions: mean max 
Window functions: mean max 
INFO [2023-05-27 00:10:11,844]  [GenomeManager.java:145] [main]  Loading genome: /srv/2023_UPF1_4SU/bam2bakR/./results/tracks/GRCh38.chrom.sizes
Loading genome: /srv/2023_UPF1_4SU/bam2bakR/./results/tracks/GRCh38.chrom.sizes
INFO [2023-05-27 00:10:12,109]  [DirectoryManager.java:169] [main]  IGV Directory: /home/volker/igv
IGV Directory: /home/volker/igv
INFO [2023-05-27 00:10:12,124]  [GenomeManager.java:192] [main]  Genome loaded.  id= /srv/2023_UPF1_4SU/bam2bakR/
Genome loaded.  id= /srv/2023_UPF1_4SU/bam2bakR/
INFO [2023-05-27 00:10:12,141]  [Preprocessor.java:125] [main]  track type=bedGraph name=" Ctrl_12h_IAA_4SU_1 TC 1 plus " description=" Ctrl_12h_IAA_4SU_1 TC 1 positive strand" visibility=full autoScale=off windowingFunction=mean viewLimits=0:10 color=250,150,150  altColor=10,10,10 priority=20
track type=bedGraph name=" Ctrl_12h_IAA_4SU_1 TC 1 plus " description=" Ctrl_12h_IAA_4SU_1 TC 1 positive strand" visibility=full autoScale=off windowingFunction=mean viewLimits=0:10 color=250,150,150  altColor=10,10,10 priority=20
INFO [2023-05-27 00:10:12,155]  [Preprocessor.java:255] [main]  Processing chromosome chr1
Processing chromosome chr1
.....INFO [2023-05-27 00:10:14,479]  [Preprocessor.java:255] [main]  Processing chromosome chr2
Processing chromosome chr2
...INFO [2023-05-27 00:10:15,143]  [Preprocessor.java:255] [main]  Processing chromosome chr3
Processing chromosome chr3
.10.0% 
.INFO [2023-05-27 00:10:15,617]  [Preprocessor.java:255] [main]  Processing chromosome chr4
Processing chromosome chr4
.INFO [2023-05-27 00:10:15,950]  [Preprocessor.java:255] [main]  Processing chromosome chr5
Processing chromosome chr5
..INFO [2023-05-27 00:10:16,210]  [Preprocessor.java:255] [main]  Processing chromosome chr6
Processing chromosome chr6
...INFO [2023-05-27 00:10:16,492]  [Preprocessor.java:255] [main]  Processing chromosome chr7
Processing chromosome chr7
..INFO [2023-05-27 00:10:16,739]  [Preprocessor.java:255] [main]  Processing chromosome chr8
Processing chromosome chr8
20.0% 
.INFO [2023-05-27 00:10:17,111]  [Preprocessor.java:255] [main]  Processing chromosome chr9
Processing chromosome chr9
..INFO [2023-05-27 00:10:17,349]  [Preprocessor.java:255] [main]  Processing chromosome chr10
Processing chromosome chr10
..INFO [2023-05-27 00:10:17,656]  [Preprocessor.java:255] [main]  Processing chromosome chr11
Processing chromosome chr11
...INFO [2023-05-27 00:10:18,014]  [Preprocessor.java:255] [main]  Processing chromosome chr12
Processing chromosome chr12
.30.0% 
.INFO [2023-05-27 00:10:18,343]  [Preprocessor.java:255] [main]  Processing chromosome chr13
Processing chromosome chr13
.INFO [2023-05-27 00:10:18,426]  [Preprocessor.java:255] [main]  Processing chromosome chr14
Processing chromosome chr14
..INFO [2023-05-27 00:10:18,704]  [Preprocessor.java:255] [main]  Processing chromosome chr15
Processing chromosome chr15
.INFO [2023-05-27 00:10:18,862]  [Preprocessor.java:255] [main]  Processing chromosome chr16
Processing chromosome chr16
...INFO [2023-05-27 00:10:19,152]  [Preprocessor.java:255] [main]  Processing chromosome chr17
Processing chromosome chr17
.40.0% 
..INFO [2023-05-27 00:10:19,734]  [Preprocessor.java:255] [main]  Processing chromosome chr18
Processing chromosome chr18
.INFO [2023-05-27 00:10:19,810]  [Preprocessor.java:255] [main]  Processing chromosome chr19
Processing chromosome chr19
....INFO [2023-05-27 00:10:20,236]  [Preprocessor.java:255] [main]  Processing chromosome chr20
Processing chromosome chr20
..INFO [2023-05-27 00:10:20,412]  [Preprocessor.java:255] [main]  Processing chromosome chr21
Processing chromosome chr21
INFO [2023-05-27 00:10:20,462]  [Preprocessor.java:255] [main]  Processing chromosome chr22
Processing chromosome chr22
50.0% 
.INFO [2023-05-27 00:10:20,637]  [Preprocessor.java:255] [main]  Processing chromosome chrX
Processing chromosome chrX
.INFO [2023-05-27 00:10:20,743]  [Preprocessor.java:255] [main]  Processing chromosome chrY
Processing chromosome chrY
INFO [2023-05-27 00:10:20,745]  [Preprocessor.java:255] [main]  Processing chromosome chrM
Processing chromosome chrM
INFO [2023-05-27 00:10:20,816]  [Preprocessor.java:255] [main]  Processing chromosome GL000194.1
Processing chromosome GL000194.1
INFO [2023-05-27 00:10:20,824]  [Preprocessor.java:255] [main]  Processing chromosome GL000195.1
Processing chromosome GL000195.1
INFO [2023-05-27 00:10:20,827]  [Preprocessor.java:255] [main]  Processing chromosome GL000205.2
Processing chromosome GL000205.2
INFO [2023-05-27 00:10:20,834]  [Preprocessor.java:255] [main]  Processing chromosome GL000218.1
Processing chromosome GL000218.1
INFO [2023-05-27 00:10:20,846]  [Preprocessor.java:255] [main]  Processing chromosome GL000219.1
Processing chromosome GL000219.1
INFO [2023-05-27 00:10:20,850]  [Preprocessor.java:255] [main]  Processing chromosome GL000220.1
Processing chromosome GL000220.1
INFO [2023-05-27 00:10:20,852]  [Preprocessor.java:255] [main]  Processing chromosome KI270467.1
Processing chromosome KI270467.1
INFO [2023-05-27 00:10:20,853]  [Preprocessor.java:255] [main]  Processing chromosome KI270711.1
Processing chromosome KI270711.1
INFO [2023-05-27 00:10:20,863]  [Preprocessor.java:255] [main]  Processing chromosome KI270713.1
Processing chromosome KI270713.1
INFO [2023-05-27 00:10:20,865]  [Preprocessor.java:255] [main]  Processing chromosome KI270714.1
Processing chromosome KI270714.1
INFO [2023-05-27 00:10:20,874]  [Preprocessor.java:255] [main]  Processing chromosome KI270728.1
Processing chromosome KI270728.1
INFO [2023-05-27 00:10:20,875]  [Preprocessor.java:255] [main]  Processing chromosome KI270731.1
Processing chromosome KI270731.1
INFO [2023-05-27 00:10:20,875]  [Preprocessor.java:255] [main]  Processing chromosome KI270733.1
Processing chromosome KI270733.1
INFO [2023-05-27 00:10:20,879]  [Preprocessor.java:255] [main]  Processing chromosome KI270743.1
Processing chromosome KI270743.1
INFO [2023-05-27 00:10:20,899]  [TDFWriter.java:318] [main]  Group idx: 1
Group idx: 1
100.0% 
Done
INFO [2023-05-27 00:10:11,843]  [IgvTools.java:667] [main]  toTDF.  File = ./results/tracks/Ctrl_12h_IAA_4SU_1.TC.0.pos.bedGraph
toTDF.  File = ./results/tracks/Ctrl_12h_IAA_4SU_1.TC.0.pos.bedGraph
INFO [2023-05-27 00:10:11,846]  [IgvTools.java:668] [main]  Max zoom = 7
Max zoom = 7
INFO [2023-05-27 00:10:11,846]  [IgvTools.java:676] [main]  Window functions: mean max 
Window functions: mean max 
INFO [2023-05-27 00:10:11,854]  [GenomeManager.java:145] [main]  Loading genome: /srv/2023_UPF1_4SU/bam2bakR/./results/tracks/GRCh38.chrom.sizes
Loading genome: /srv/2023_UPF1_4SU/bam2bakR/./results/tracks/GRCh38.chrom.sizes
INFO [2023-05-27 00:10:12,094]  [DirectoryManager.java:169] [main]  IGV Directory: /home/volker/igv
IGV Directory: /home/volker/igv
INFO [2023-05-27 00:10:12,111]  [GenomeManager.java:192] [main]  Genome loaded.  id= /srv/2023_UPF1_4SU/bam2bakR/
Genome loaded.  id= /srv/2023_UPF1_4SU/bam2bakR/
INFO [2023-05-27 00:10:12,127]  [Preprocessor.java:125] [main]  track type=bedGraph name=" Ctrl_12h_IAA_4SU_1 TC 0 plus " description=" Ctrl_12h_IAA_4SU_1 TC 0 positive strand" visibility=full autoScale=off windowingFunction=mean viewLimits=0:10 color=200,200,200  altColor=10,10,10 priority=20
track type=bedGraph name=" Ctrl_12h_IAA_4SU_1 TC 0 plus " description=" Ctrl_12h_IAA_4SU_1 TC 0 positive strand" visibility=full autoScale=off windowingFunction=mean viewLimits=0:10 color=200,200,200  altColor=10,10,10 priority=20
INFO [2023-05-27 00:10:12,142]  [Preprocessor.java:255] [main]  Processing chromosome chr1
Processing chromosome chr1
.....INFO [2023-05-27 00:10:15,878]  [Preprocessor.java:255] [main]  Processing chromosome chr2
Processing chromosome chr2
...INFO [2023-05-27 00:10:17,125]  [Preprocessor.java:255] [main]  Processing chromosome chr3
Processing chromosome chr3
.10.0% 
.INFO [2023-05-27 00:10:18,138]  [Preprocessor.java:255] [main]  Processing chromosome chr4
Processing chromosome chr4
..INFO [2023-05-27 00:10:18,784]  [Preprocessor.java:255] [main]  Processing chromosome chr5
Processing chromosome chr5
..INFO [2023-05-27 00:10:19,547]  [Preprocessor.java:255] [main]  Processing chromosome chr6
Processing chromosome chr6
...INFO [2023-05-27 00:10:20,379]  [Preprocessor.java:255] [main]  Processing chromosome chr7
Processing chromosome chr7
.20.0% 
INFO [2023-05-27 00:10:21,138]  [Preprocessor.java:255] [main]  Processing chromosome chr8
Processing chromosome chr8
..INFO [2023-05-27 00:10:21,796]  [Preprocessor.java:255] [main]  Processing chromosome chr9
Processing chromosome chr9
..INFO [2023-05-27 00:10:22,495]  [Preprocessor.java:255] [main]  Processing chromosome chr10
Processing chromosome chr10
..INFO [2023-05-27 00:10:23,169]  [Preprocessor.java:255] [main]  Processing chromosome chr11
Processing chromosome chr11
...INFO [2023-05-27 00:10:24,104]  [Preprocessor.java:255] [main]  Processing chromosome chr12
Processing chromosome chr12
30.0% 
..INFO [2023-05-27 00:10:25,107]  [Preprocessor.java:255] [main]  Processing chromosome chr13
Processing chromosome chr13
.INFO [2023-05-27 00:10:25,383]  [Preprocessor.java:255] [main]  Processing chromosome chr14
Processing chromosome chr14
..INFO [2023-05-27 00:10:25,914]  [Preprocessor.java:255] [main]  Processing chromosome chr15
Processing chromosome chr15
.INFO [2023-05-27 00:10:26,398]  [Preprocessor.java:255] [main]  Processing chromosome chr16
Processing chromosome chr16
...INFO [2023-05-27 00:10:27,223]  [Preprocessor.java:255] [main]  Processing chromosome chr17
Processing chromosome chr17
40.0% 
...INFO [2023-05-27 00:10:28,553]  [Preprocessor.java:255] [main]  Processing chromosome chr18
Processing chromosome chr18
.INFO [2023-05-27 00:10:28,806]  [Preprocessor.java:255] [main]  Processing chromosome chr19
Processing chromosome chr19
...INFO [2023-05-27 00:10:29,877]  [Preprocessor.java:255] [main]  Processing chromosome chr20
Processing chromosome chr20
.INFO [2023-05-27 00:10:30,310]  [Preprocessor.java:255] [main]  Processing chromosome chr21
Processing chromosome chr21
.INFO [2023-05-27 00:10:30,452]  [Preprocessor.java:255] [main]  Processing chromosome chr22
Processing chromosome chr22
50.0% 
INFO [2023-05-27 00:10:30,941]  [Preprocessor.java:255] [main]  Processing chromosome chrX
Processing chromosome chrX
..INFO [2023-05-27 00:10:31,408]  [Preprocessor.java:255] [main]  Processing chromosome chrY
Processing chromosome chrY
INFO [2023-05-27 00:10:31,412]  [Preprocessor.java:255] [main]  Processing chromosome chrM
Processing chromosome chrM
INFO [2023-05-27 00:10:31,495]  [Preprocessor.java:255] [main]  Processing chromosome GL000008.2
Processing chromosome GL000008.2
INFO [2023-05-27 00:10:31,501]  [Preprocessor.java:255] [main]  Processing chromosome GL000194.1
Processing chromosome GL000194.1
INFO [2023-05-27 00:10:31,507]  [Preprocessor.java:255] [main]  Processing chromosome GL000195.1
Processing chromosome GL000195.1
INFO [2023-05-27 00:10:31,516]  [Preprocessor.java:255] [main]  Processing chromosome GL000205.2
Processing chromosome GL000205.2
INFO [2023-05-27 00:10:31,525]  [Preprocessor.java:255] [main]  Processing chromosome GL000218.1
Processing chromosome GL000218.1
INFO [2023-05-27 00:10:31,541]  [Preprocessor.java:255] [main]  Processing chromosome GL000219.1
Processing chromosome GL000219.1
INFO [2023-05-27 00:10:31,551]  [Preprocessor.java:255] [main]  Processing chromosome GL000220.1
Processing chromosome GL000220.1
INFO [2023-05-27 00:10:31,553]  [Preprocessor.java:255] [main]  Processing chromosome GL000221.1
Processing chromosome GL000221.1
INFO [2023-05-27 00:10:31,555]  [Preprocessor.java:255] [main]  Processing chromosome KI270467.1
Processing chromosome KI270467.1
INFO [2023-05-27 00:10:31,556]  [Preprocessor.java:255] [main]  Processing chromosome KI270711.1
Processing chromosome KI270711.1
INFO [2023-05-27 00:10:31,571]  [Preprocessor.java:255] [main]  Processing chromosome KI270713.1
Processing chromosome KI270713.1
INFO [2023-05-27 00:10:31,574]  [Preprocessor.java:255] [main]  Processing chromosome KI270714.1
Processing chromosome KI270714.1
INFO [2023-05-27 00:10:31,586]  [Preprocessor.java:255] [main]  Processing chromosome KI270717.1
Processing chromosome KI270717.1
INFO [2023-05-27 00:10:31,588]  [Preprocessor.java:255] [main]  Processing chromosome KI270720.1
Processing chromosome KI270720.1
INFO [2023-05-27 00:10:31,589]  [Preprocessor.java:255] [main]  Processing chromosome KI270728.1
Processing chromosome KI270728.1
INFO [2023-05-27 00:10:31,590]  [Preprocessor.java:255] [main]  Processing chromosome KI270731.1
Processing chromosome KI270731.1
INFO [2023-05-27 00:10:31,590]  [Preprocessor.java:255] [main]  Processing chromosome KI270733.1
Processing chromosome KI270733.1
INFO [2023-05-27 00:10:31,597]  [Preprocessor.java:255] [main]  Processing chromosome KI270734.1
Processing chromosome KI270734.1
INFO [2023-05-27 00:10:31,599]  [Preprocessor.java:255] [main]  Processing chromosome KI270742.1
Processing chromosome KI270742.1
INFO [2023-05-27 00:10:31,600]  [Preprocessor.java:255] [main]  Processing chromosome KI270743.1
Processing chromosome KI270743.1
INFO [2023-05-27 00:10:31,600]  [Preprocessor.java:255] [main]  Processing chromosome KI270744.1
Processing chromosome KI270744.1
INFO [2023-05-27 00:10:31,619]  [TDFWriter.java:318] [main]  Group idx: 1
Group idx: 1
100.0% 
Done
INFO [2023-05-27 00:10:11,833]  [IgvTools.java:667] [main]  toTDF.  File = ./results/tracks/Ctrl_12h_IAA_4SU_1.TC.0.min.bedGraph
toTDF.  File = ./results/tracks/Ctrl_12h_IAA_4SU_1.TC.0.min.bedGraph
INFO [2023-05-27 00:10:11,836]  [IgvTools.java:668] [main]  Max zoom = 7
Max zoom = 7
INFO [2023-05-27 00:10:11,837]  [IgvTools.java:676] [main]  Window functions: mean max 
Window functions: mean max 
INFO [2023-05-27 00:10:11,844]  [GenomeManager.java:145] [main]  Loading genome: /srv/2023_UPF1_4SU/bam2bakR/./results/tracks/GRCh38.chrom.sizes
Loading genome: /srv/2023_UPF1_4SU/bam2bakR/./results/tracks/GRCh38.chrom.sizes
INFO [2023-05-27 00:10:12,100]  [DirectoryManager.java:169] [main]  IGV Directory: /home/volker/igv
IGV Directory: /home/volker/igv
INFO [2023-05-27 00:10:12,113]  [GenomeManager.java:192] [main]  Genome loaded.  id= /srv/2023_UPF1_4SU/bam2bakR/
Genome loaded.  id= /srv/2023_UPF1_4SU/bam2bakR/
INFO [2023-05-27 00:10:12,126]  [Preprocessor.java:125] [main]  track type=bedGraph name=" Ctrl_12h_IAA_4SU_1 TC 0 minus " description=" Ctrl_12h_IAA_4SU_1 TC 0 minus strand" visibility=full negateValues=on autoScale=off windowingFunction=mean viewLimits=-10:0 color=10,10,10 altColor=200,200,200  priority=20
track type=bedGraph name=" Ctrl_12h_IAA_4SU_1 TC 0 minus " description=" Ctrl_12h_IAA_4SU_1 TC 0 minus strand" visibility=full negateValues=on autoScale=off windowingFunction=mean viewLimits=-10:0 color=10,10,10 altColor=200,200,200  priority=20
INFO [2023-05-27 00:10:12,140]  [Preprocessor.java:255] [main]  Processing chromosome chr1
Processing chromosome chr1
.....INFO [2023-05-27 00:10:16,054]  [Preprocessor.java:255] [main]  Processing chromosome chr2
Processing chromosome chr2
....INFO [2023-05-27 00:10:17,443]  [Preprocessor.java:255] [main]  Processing chromosome chr3
Processing chromosome chr3
10.0% 
..INFO [2023-05-27 00:10:18,479]  [Preprocessor.java:255] [main]  Processing chromosome chr4
Processing chromosome chr4
..INFO [2023-05-27 00:10:19,153]  [Preprocessor.java:255] [main]  Processing chromosome chr5
Processing chromosome chr5
..INFO [2023-05-27 00:10:20,069]  [Preprocessor.java:255] [main]  Processing chromosome chr6
Processing chromosome chr6
...INFO [2023-05-27 00:10:20,926]  [Preprocessor.java:255] [main]  Processing chromosome chr7
Processing chromosome chr7
20.0% 
..INFO [2023-05-27 00:10:21,748]  [Preprocessor.java:255] [main]  Processing chromosome chr8
Processing chromosome chr8
..INFO [2023-05-27 00:10:22,338]  [Preprocessor.java:255] [main]  Processing chromosome chr9
Processing chromosome chr9
..INFO [2023-05-27 00:10:23,037]  [Preprocessor.java:255] [main]  Processing chromosome chr10
Processing chromosome chr10
..INFO [2023-05-27 00:10:23,763]  [Preprocessor.java:255] [main]  Processing chromosome chr11
Processing chromosome chr11
.30.0% 
.INFO [2023-05-27 00:10:24,788]  [Preprocessor.java:255] [main]  Processing chromosome chr12
Processing chromosome chr12
....INFO [2023-05-27 00:10:25,860]  [Preprocessor.java:255] [main]  Processing chromosome chr13
Processing chromosome chr13
INFO [2023-05-27 00:10:26,110]  [Preprocessor.java:255] [main]  Processing chromosome chr14
Processing chromosome chr14
..INFO [2023-05-27 00:10:26,618]  [Preprocessor.java:255] [main]  Processing chromosome chr15
Processing chromosome chr15
..INFO [2023-05-27 00:10:27,152]  [Preprocessor.java:255] [main]  Processing chromosome chr16
Processing chromosome chr16
40.0% 
..INFO [2023-05-27 00:10:28,049]  [Preprocessor.java:255] [main]  Processing chromosome chr17
Processing chromosome chr17
....INFO [2023-05-27 00:10:29,190]  [Preprocessor.java:255] [main]  Processing chromosome chr18
Processing chromosome chr18
.INFO [2023-05-27 00:10:29,435]  [Preprocessor.java:255] [main]  Processing chromosome chr19
Processing chromosome chr19
..50.0% 
.INFO [2023-05-27 00:10:30,712]  [Preprocessor.java:255] [main]  Processing chromosome chr20
Processing chromosome chr20
..INFO [2023-05-27 00:10:31,258]  [Preprocessor.java:255] [main]  Processing chromosome chr21
Processing chromosome chr21
INFO [2023-05-27 00:10:31,451]  [Preprocessor.java:255] [main]  Processing chromosome chr22
Processing chromosome chr22
..INFO [2023-05-27 00:10:31,964]  [Preprocessor.java:255] [main]  Processing chromosome chrX
Processing chromosome chrX
.INFO [2023-05-27 00:10:32,483]  [Preprocessor.java:255] [main]  Processing chromosome chrY
Processing chromosome chrY
INFO [2023-05-27 00:10:32,487]  [Preprocessor.java:255] [main]  Processing chromosome chrM
Processing chromosome chrM
INFO [2023-05-27 00:10:32,597]  [Preprocessor.java:255] [main]  Processing chromosome GL000194.1
Processing chromosome GL000194.1
INFO [2023-05-27 00:10:32,616]  [Preprocessor.java:255] [main]  Processing chromosome GL000195.1
Processing chromosome GL000195.1
INFO [2023-05-27 00:10:32,621]  [Preprocessor.java:255] [main]  Processing chromosome GL000205.2
Processing chromosome GL000205.2
INFO [2023-05-27 00:10:32,622]  [Preprocessor.java:255] [main]  Processing chromosome GL000219.1
Processing chromosome GL000219.1
INFO [2023-05-27 00:10:32,623]  [Preprocessor.java:255] [main]  Processing chromosome GL000220.1
Processing chromosome GL000220.1
INFO [2023-05-27 00:10:32,626]  [Preprocessor.java:255] [main]  Processing chromosome KI270442.1
Processing chromosome KI270442.1
INFO [2023-05-27 00:10:32,627]  [Preprocessor.java:255] [main]  Processing chromosome KI270706.1
Processing chromosome KI270706.1
INFO [2023-05-27 00:10:32,628]  [Preprocessor.java:255] [main]  Processing chromosome KI270707.1
Processing chromosome KI270707.1
INFO [2023-05-27 00:10:32,629]  [Preprocessor.java:255] [main]  Processing chromosome KI270713.1
Processing chromosome KI270713.1
INFO [2023-05-27 00:10:32,642]  [Preprocessor.java:255] [main]  Processing chromosome KI270714.1
Processing chromosome KI270714.1
INFO [2023-05-27 00:10:32,645]  [Preprocessor.java:255] [main]  Processing chromosome KI270719.1
Processing chromosome KI270719.1
INFO [2023-05-27 00:10:32,645]  [Preprocessor.java:255] [main]  Processing chromosome KI270721.1
Processing chromosome KI270721.1
INFO [2023-05-27 00:10:32,650]  [Preprocessor.java:255] [main]  Processing chromosome KI270723.1
Processing chromosome KI270723.1
INFO [2023-05-27 00:10:32,651]  [Preprocessor.java:255] [main]  Processing chromosome KI270731.1
Processing chromosome KI270731.1
INFO [2023-05-27 00:10:32,652]  [Preprocessor.java:255] [main]  Processing chromosome KI270732.1
Processing chromosome KI270732.1
INFO [2023-05-27 00:10:32,653]  [Preprocessor.java:255] [main]  Processing chromosome KI270733.1
Processing chromosome KI270733.1
INFO [2023-05-27 00:10:32,667]  [Preprocessor.java:255] [main]  Processing chromosome KI270734.1
Processing chromosome KI270734.1
INFO [2023-05-27 00:10:32,670]  [Preprocessor.java:255] [main]  Processing chromosome KI270739.1
Processing chromosome KI270739.1
INFO [2023-05-27 00:10:32,671]  [Preprocessor.java:255] [main]  Processing chromosome KI270744.1
Processing chromosome KI270744.1
INFO [2023-05-27 00:10:32,672]  [Preprocessor.java:255] [main]  Processing chromosome KI270745.1
Processing chromosome KI270745.1
INFO [2023-05-27 00:10:32,676]  [Preprocessor.java:255] [main]  Processing chromosome KI270749.1
Processing chromosome KI270749.1
INFO [2023-05-27 00:10:32,677]  [Preprocessor.java:255] [main]  Processing chromosome KI270755.1
Processing chromosome KI270755.1
INFO [2023-05-27 00:10:32,693]  [TDFWriter.java:318] [main]  Group idx: 1
Group idx: 1
100.0% 
Done
* TDF track files created for sample Ctrl_12h_IAA_4SU_1.
