* Creating files for each level of counting.
* Sorting bam files by coordiantes
[bam_sort_core] merging from 0 files and 32 in-memory blocks...
* Making .chrom.sizes file
* Making track headers
* Filtering reads
*making tracks with STAR
May 27 01:51:04 ..... reading from BAM, output wiggle
May 27 01:52:24 ..... done
May 27 01:51:04 ..... reading from BAM, output wiggle
May 27 01:52:25 ..... done
May 27 01:51:04 ..... reading from BAM, output wiggle
May 27 01:52:25 ..... done
May 27 01:51:04 ..... reading from BAM, output wiggle
May 27 01:52:25 ..... done
May 27 01:51:04 ..... reading from BAM, output wiggle
May 27 01:52:27 ..... done
May 27 01:51:04 ..... reading from BAM, output wiggle
May 27 01:53:18 ..... done
* Taking only unique components of tracks
* Make tdf files from tracks
INFO [2023-05-27 01:53:30,712]  [IgvTools.java:667] [main]  toTDF.  File = ./results/tracks/Nter_0h_IAA_3.TC.5.pos.bedGraph
toTDF.  File = ./results/tracks/Nter_0h_IAA_3.TC.5.pos.bedGraph
INFO [2023-05-27 01:53:30,715]  [IgvTools.java:668] [main]  Max zoom = 7
Max zoom = 7
INFO [2023-05-27 01:53:30,716]  [IgvTools.java:676] [main]  Window functions: mean max 
Window functions: mean max 
INFO [2023-05-27 01:53:30,724]  [GenomeManager.java:145] [main]  Loading genome: /srv/2023_UPF1_4SU/bam2bakR/./results/tracks/GRCh38.chrom.sizes
Loading genome: /srv/2023_UPF1_4SU/bam2bakR/./results/tracks/GRCh38.chrom.sizes
INFO [2023-05-27 01:53:30,908]  [DirectoryManager.java:169] [main]  IGV Directory: /home/volker/igv
IGV Directory: /home/volker/igv
INFO [2023-05-27 01:53:30,922]  [GenomeManager.java:192] [main]  Genome loaded.  id= /srv/2023_UPF1_4SU/bam2bakR/
Genome loaded.  id= /srv/2023_UPF1_4SU/bam2bakR/
INFO [2023-05-27 01:53:30,936]  [Preprocessor.java:125] [main]  track type=bedGraph name=" Nter_0h_IAA_3 TC 5 plus " description=" Nter_0h_IAA_3 TC 5 positive strand" visibility=full autoScale=off windowingFunction=mean viewLimits=0:10 color=50,0,0  altColor=10,10,10 priority=20
track type=bedGraph name=" Nter_0h_IAA_3 TC 5 plus " description=" Nter_0h_IAA_3 TC 5 positive strand" visibility=full autoScale=off windowingFunction=mean viewLimits=0:10 color=50,0,0  altColor=10,10,10 priority=20
INFO [2023-05-27 01:53:30,949]  [Preprocessor.java:255] [main]  Processing chromosome chr1
Processing chromosome chr1
.......INFO [2023-05-27 01:53:30,996]  [Preprocessor.java:255] [main]  Processing chromosome chr2
Processing chromosome chr2
..10.0% 
..INFO [2023-05-27 01:53:31,044]  [Preprocessor.java:255] [main]  Processing chromosome chr3
Processing chromosome chr3
...INFO [2023-05-27 01:53:31,054]  [Preprocessor.java:255] [main]  Processing chromosome chr4
Processing chromosome chr4
..INFO [2023-05-27 01:53:31,075]  [Preprocessor.java:255] [main]  Processing chromosome chr5
Processing chromosome chr5
..20.0% 
INFO [2023-05-27 01:53:31,084]  [Preprocessor.java:255] [main]  Processing chromosome chr6
Processing chromosome chr6
...INFO [2023-05-27 01:53:31,112]  [Preprocessor.java:255] [main]  Processing chromosome chr7
Processing chromosome chr7
.INFO [2023-05-27 01:53:31,117]  [Preprocessor.java:255] [main]  Processing chromosome chr8
Processing chromosome chr8
.INFO [2023-05-27 01:53:31,120]  [Preprocessor.java:255] [main]  Processing chromosome chr9
Processing chromosome chr9
...INFO [2023-05-27 01:53:31,185]  [Preprocessor.java:255] [main]  Processing chromosome chr10
Processing chromosome chr10
.30.0% 
INFO [2023-05-27 01:53:31,191]  [Preprocessor.java:255] [main]  Processing chromosome chr11
Processing chromosome chr11
.....INFO [2023-05-27 01:53:31,201]  [Preprocessor.java:255] [main]  Processing chromosome chr12
Processing chromosome chr12
....40.0% 
.INFO [2023-05-27 01:53:31,212]  [Preprocessor.java:255] [main]  Processing chromosome chr13
Processing chromosome chr13
.INFO [2023-05-27 01:53:31,221]  [Preprocessor.java:255] [main]  Processing chromosome chr14
Processing chromosome chr14
...INFO [2023-05-27 01:53:31,227]  [Preprocessor.java:255] [main]  Processing chromosome chr15
Processing chromosome chr15
....INFO [2023-05-27 01:53:31,234]  [Preprocessor.java:255] [main]  Processing chromosome chr16
Processing chromosome chr16
50.0% 
..INFO [2023-05-27 01:53:31,258]  [Preprocessor.java:255] [main]  Processing chromosome chr17
Processing chromosome chr17
......INFO [2023-05-27 01:53:31,288]  [Preprocessor.java:255] [main]  Processing chromosome chr19
Processing chromosome chr19
.60.0% 
.INFO [2023-05-27 01:53:31,295]  [Preprocessor.java:255] [main]  Processing chromosome chr20
Processing chromosome chr20
.INFO [2023-05-27 01:53:31,299]  [Preprocessor.java:255] [main]  Processing chromosome chr22
Processing chromosome chr22
..INFO [2023-05-27 01:53:31,304]  [Preprocessor.java:255] [main]  Processing chromosome chrX
Processing chromosome chrX
INFO [2023-05-27 01:53:31,992]  [TDFWriter.java:318] [main]  Group idx: 1
Group idx: 1
100.0% 
Done
INFO [2023-05-27 01:53:30,680]  [IgvTools.java:667] [main]  toTDF.  File = ./results/tracks/Nter_0h_IAA_3.TC.4.pos.bedGraph
toTDF.  File = ./results/tracks/Nter_0h_IAA_3.TC.4.pos.bedGraph
INFO [2023-05-27 01:53:30,683]  [IgvTools.java:668] [main]  Max zoom = 7
Max zoom = 7
INFO [2023-05-27 01:53:30,683]  [IgvTools.java:676] [main]  Window functions: mean max 
Window functions: mean max 
INFO [2023-05-27 01:53:30,691]  [GenomeManager.java:145] [main]  Loading genome: /srv/2023_UPF1_4SU/bam2bakR/./results/tracks/GRCh38.chrom.sizes
Loading genome: /srv/2023_UPF1_4SU/bam2bakR/./results/tracks/GRCh38.chrom.sizes
INFO [2023-05-27 01:53:30,912]  [DirectoryManager.java:169] [main]  IGV Directory: /home/volker/igv
IGV Directory: /home/volker/igv
INFO [2023-05-27 01:53:30,927]  [GenomeManager.java:192] [main]  Genome loaded.  id= /srv/2023_UPF1_4SU/bam2bakR/
Genome loaded.  id= /srv/2023_UPF1_4SU/bam2bakR/
INFO [2023-05-27 01:53:30,947]  [Preprocessor.java:125] [main]  track type=bedGraph name=" Nter_0h_IAA_3 TC 4 plus " description=" Nter_0h_IAA_3 TC 4 positive strand" visibility=full autoScale=off windowingFunction=mean viewLimits=0:10 color=100,0,0  altColor=10,10,10 priority=20
track type=bedGraph name=" Nter_0h_IAA_3 TC 4 plus " description=" Nter_0h_IAA_3 TC 4 positive strand" visibility=full autoScale=off windowingFunction=mean viewLimits=0:10 color=100,0,0  altColor=10,10,10 priority=20
INFO [2023-05-27 01:53:30,962]  [Preprocessor.java:255] [main]  Processing chromosome chr1
Processing chromosome chr1
......INFO [2023-05-27 01:53:31,004]  [Preprocessor.java:255] [main]  Processing chromosome chr2
Processing chromosome chr2
...10.0% 
.INFO [2023-05-27 01:53:31,027]  [Preprocessor.java:255] [main]  Processing chromosome chr3
Processing chromosome chr3
...INFO [2023-05-27 01:53:31,058]  [Preprocessor.java:255] [main]  Processing chromosome chr4
Processing chromosome chr4
..INFO [2023-05-27 01:53:31,113]  [Preprocessor.java:255] [main]  Processing chromosome chr5
Processing chromosome chr5
...INFO [2023-05-27 01:53:31,135]  [Preprocessor.java:255] [main]  Processing chromosome chr6
Processing chromosome chr6
20.0% 
...INFO [2023-05-27 01:53:31,256]  [Preprocessor.java:255] [main]  Processing chromosome chr7
Processing chromosome chr7
.INFO [2023-05-27 01:53:31,270]  [Preprocessor.java:255] [main]  Processing chromosome chr8
Processing chromosome chr8
..INFO [2023-05-27 01:53:31,276]  [Preprocessor.java:255] [main]  Processing chromosome chr9
Processing chromosome chr9
..INFO [2023-05-27 01:53:31,286]  [Preprocessor.java:255] [main]  Processing chromosome chr10
Processing chromosome chr10
.30.0% 
.INFO [2023-05-27 01:53:31,294]  [Preprocessor.java:255] [main]  Processing chromosome chr11
Processing chromosome chr11
.....INFO [2023-05-27 01:53:31,306]  [Preprocessor.java:255] [main]  Processing chromosome chr12
Processing chromosome chr12
...40.0% 
..INFO [2023-05-27 01:53:31,319]  [Preprocessor.java:255] [main]  Processing chromosome chr13
Processing chromosome chr13
.INFO [2023-05-27 01:53:31,326]  [Preprocessor.java:255] [main]  Processing chromosome chr14
Processing chromosome chr14
..INFO [2023-05-27 01:53:31,340]  [Preprocessor.java:255] [main]  Processing chromosome chr15
Processing chromosome chr15
...INFO [2023-05-27 01:53:31,347]  [Preprocessor.java:255] [main]  Processing chromosome chr16
Processing chromosome chr16
.50.0% 
INFO [2023-05-27 01:53:31,354]  [Preprocessor.java:255] [main]  Processing chromosome chr17
Processing chromosome chr17
......INFO [2023-05-27 01:53:31,364]  [Preprocessor.java:255] [main]  Processing chromosome chr18
Processing chromosome chr18
.INFO [2023-05-27 01:53:31,367]  [Preprocessor.java:255] [main]  Processing chromosome chr19
Processing chromosome chr19
..60.0% 
.INFO [2023-05-27 01:53:31,379]  [Preprocessor.java:255] [main]  Processing chromosome chr20
Processing chromosome chr20
..INFO [2023-05-27 01:53:31,385]  [Preprocessor.java:255] [main]  Processing chromosome chr21
Processing chromosome chr21
INFO [2023-05-27 01:53:31,388]  [Preprocessor.java:255] [main]  Processing chromosome chr22
Processing chromosome chr22
.INFO [2023-05-27 01:53:31,392]  [Preprocessor.java:255] [main]  Processing chromosome chrX
Processing chromosome chrX
INFO [2023-05-27 01:53:31,395]  [Preprocessor.java:255] [main]  Processing chromosome chrM
Processing chromosome chrM
.INFO [2023-05-27 01:53:31,402]  [Preprocessor.java:255] [main]  Processing chromosome GL000205.2
Processing chromosome GL000205.2
INFO [2023-05-27 01:53:32,036]  [TDFWriter.java:318] [main]  Group idx: 1
Group idx: 1
100.0% 
Done
INFO [2023-05-27 01:53:30,678]  [IgvTools.java:667] [main]  toTDF.  File = ./results/tracks/Nter_0h_IAA_3.TC.3.pos.bedGraph
toTDF.  File = ./results/tracks/Nter_0h_IAA_3.TC.3.pos.bedGraph
INFO [2023-05-27 01:53:30,681]  [IgvTools.java:668] [main]  Max zoom = 7
Max zoom = 7
INFO [2023-05-27 01:53:30,681]  [IgvTools.java:676] [main]  Window functions: mean max 
Window functions: mean max 
INFO [2023-05-27 01:53:30,687]  [GenomeManager.java:145] [main]  Loading genome: /srv/2023_UPF1_4SU/bam2bakR/./results/tracks/GRCh38.chrom.sizes
Loading genome: /srv/2023_UPF1_4SU/bam2bakR/./results/tracks/GRCh38.chrom.sizes
INFO [2023-05-27 01:53:30,900]  [DirectoryManager.java:169] [main]  IGV Directory: /home/volker/igv
IGV Directory: /home/volker/igv
INFO [2023-05-27 01:53:30,914]  [GenomeManager.java:192] [main]  Genome loaded.  id= /srv/2023_UPF1_4SU/bam2bakR/
Genome loaded.  id= /srv/2023_UPF1_4SU/bam2bakR/
INFO [2023-05-27 01:53:30,928]  [Preprocessor.java:125] [main]  track type=bedGraph name=" Nter_0h_IAA_3 TC 3 plus " description=" Nter_0h_IAA_3 TC 3 positive strand" visibility=full autoScale=off windowingFunction=mean viewLimits=0:10 color=150,0,0  altColor=10,10,10 priority=20
track type=bedGraph name=" Nter_0h_IAA_3 TC 3 plus " description=" Nter_0h_IAA_3 TC 3 positive strand" visibility=full autoScale=off windowingFunction=mean viewLimits=0:10 color=150,0,0  altColor=10,10,10 priority=20
INFO [2023-05-27 01:53:30,942]  [Preprocessor.java:255] [main]  Processing chromosome chr1
Processing chromosome chr1
......INFO [2023-05-27 01:53:31,029]  [Preprocessor.java:255] [main]  Processing chromosome chr2
Processing chromosome chr2
...10.0% 
INFO [2023-05-27 01:53:31,107]  [Preprocessor.java:255] [main]  Processing chromosome chr3
Processing chromosome chr3
...INFO [2023-05-27 01:53:31,127]  [Preprocessor.java:255] [main]  Processing chromosome chr4
Processing chromosome chr4
..INFO [2023-05-27 01:53:31,219]  [Preprocessor.java:255] [main]  Processing chromosome chr5
Processing chromosome chr5
...INFO [2023-05-27 01:53:31,232]  [Preprocessor.java:255] [main]  Processing chromosome chr6
Processing chromosome chr6
.20.0% 
.INFO [2023-05-27 01:53:31,250]  [Preprocessor.java:255] [main]  Processing chromosome chr7
Processing chromosome chr7
..INFO [2023-05-27 01:53:31,279]  [Preprocessor.java:255] [main]  Processing chromosome chr8
Processing chromosome chr8
..INFO [2023-05-27 01:53:31,286]  [Preprocessor.java:255] [main]  Processing chromosome chr9
Processing chromosome chr9
..INFO [2023-05-27 01:53:31,297]  [Preprocessor.java:255] [main]  Processing chromosome chr10
Processing chromosome chr10
..INFO [2023-05-27 01:53:31,317]  [Preprocessor.java:255] [main]  Processing chromosome chr11
Processing chromosome chr11
30.0% 
....INFO [2023-05-27 01:53:31,334]  [Preprocessor.java:255] [main]  Processing chromosome chr12
Processing chromosome chr12
.....INFO [2023-05-27 01:53:31,349]  [Preprocessor.java:255] [main]  Processing chromosome chr13
Processing chromosome chr13
40.0% 
INFO [2023-05-27 01:53:31,354]  [Preprocessor.java:255] [main]  Processing chromosome chr14
Processing chromosome chr14
..INFO [2023-05-27 01:53:31,359]  [Preprocessor.java:255] [main]  Processing chromosome chr15
Processing chromosome chr15
....INFO [2023-05-27 01:53:31,371]  [Preprocessor.java:255] [main]  Processing chromosome chr16
Processing chromosome chr16
..INFO [2023-05-27 01:53:31,379]  [Preprocessor.java:255] [main]  Processing chromosome chr17
Processing chromosome chr17
.50.0% 
.....INFO [2023-05-27 01:53:31,405]  [Preprocessor.java:255] [main]  Processing chromosome chr18
Processing chromosome chr18
INFO [2023-05-27 01:53:31,408]  [Preprocessor.java:255] [main]  Processing chromosome chr19
Processing chromosome chr19
....INFO [2023-05-27 01:53:31,419]  [Preprocessor.java:255] [main]  Processing chromosome chr20
Processing chromosome chr20
60.0% 
INFO [2023-05-27 01:53:31,424]  [Preprocessor.java:255] [main]  Processing chromosome chr21
Processing chromosome chr21
INFO [2023-05-27 01:53:31,426]  [Preprocessor.java:255] [main]  Processing chromosome chr22
Processing chromosome chr22
..INFO [2023-05-27 01:53:31,437]  [Preprocessor.java:255] [main]  Processing chromosome chrX
Processing chromosome chrX
.INFO [2023-05-27 01:53:31,442]  [Preprocessor.java:255] [main]  Processing chromosome chrY
Processing chromosome chrY
INFO [2023-05-27 01:53:31,444]  [Preprocessor.java:255] [main]  Processing chromosome chrM
Processing chromosome chrM
INFO [2023-05-27 01:53:31,456]  [Preprocessor.java:255] [main]  Processing chromosome GL000205.2
Processing chromosome GL000205.2
INFO [2023-05-27 01:53:31,459]  [Preprocessor.java:255] [main]  Processing chromosome KI270744.1
Processing chromosome KI270744.1
INFO [2023-05-27 01:53:32,070]  [TDFWriter.java:318] [main]  Group idx: 1
Group idx: 1
100.0% 
Done
INFO [2023-05-27 01:53:30,698]  [IgvTools.java:667] [main]  toTDF.  File = ./results/tracks/Nter_0h_IAA_3.TC.5.min.bedGraph
toTDF.  File = ./results/tracks/Nter_0h_IAA_3.TC.5.min.bedGraph
INFO [2023-05-27 01:53:30,701]  [IgvTools.java:668] [main]  Max zoom = 7
Max zoom = 7
INFO [2023-05-27 01:53:30,701]  [IgvTools.java:676] [main]  Window functions: mean max 
Window functions: mean max 
INFO [2023-05-27 01:53:30,709]  [GenomeManager.java:145] [main]  Loading genome: /srv/2023_UPF1_4SU/bam2bakR/./results/tracks/GRCh38.chrom.sizes
Loading genome: /srv/2023_UPF1_4SU/bam2bakR/./results/tracks/GRCh38.chrom.sizes
INFO [2023-05-27 01:53:30,898]  [DirectoryManager.java:169] [main]  IGV Directory: /home/volker/igv
IGV Directory: /home/volker/igv
INFO [2023-05-27 01:53:30,915]  [GenomeManager.java:192] [main]  Genome loaded.  id= /srv/2023_UPF1_4SU/bam2bakR/
Genome loaded.  id= /srv/2023_UPF1_4SU/bam2bakR/
INFO [2023-05-27 01:53:30,929]  [Preprocessor.java:125] [main]  track type=bedGraph name=" Nter_0h_IAA_3 TC 5 minus " description=" Nter_0h_IAA_3 TC 5 minus strand" visibility=full negateValues=on autoScale=off windowingFunction=mean viewLimits=-10:0 color=10,10,10 altColor=50,0,0  priority=20
track type=bedGraph name=" Nter_0h_IAA_3 TC 5 minus " description=" Nter_0h_IAA_3 TC 5 minus strand" visibility=full negateValues=on autoScale=off windowingFunction=mean viewLimits=-10:0 color=10,10,10 altColor=50,0,0  priority=20
INFO [2023-05-27 01:53:30,939]  [Preprocessor.java:255] [main]  Processing chromosome chr1
Processing chromosome chr1
....INFO [2023-05-27 01:53:30,968]  [Preprocessor.java:255] [main]  Processing chromosome chr2
Processing chromosome chr2
...INFO [2023-05-27 01:53:31,000]  [Preprocessor.java:255] [main]  Processing chromosome chr3
Processing chromosome chr3
..10.0% 
INFO [2023-05-27 01:53:31,016]  [Preprocessor.java:255] [main]  Processing chromosome chr4
Processing chromosome chr4
..INFO [2023-05-27 01:53:31,030]  [Preprocessor.java:255] [main]  Processing chromosome chr5
Processing chromosome chr5
..INFO [2023-05-27 01:53:31,040]  [Preprocessor.java:255] [main]  Processing chromosome chr6
Processing chromosome chr6
.....INFO [2023-05-27 01:53:31,071]  [Preprocessor.java:255] [main]  Processing chromosome chr7
Processing chromosome chr7
20.0% 
..INFO [2023-05-27 01:53:31,087]  [Preprocessor.java:255] [main]  Processing chromosome chr8
Processing chromosome chr8
....INFO [2023-05-27 01:53:31,192]  [Preprocessor.java:255] [main]  Processing chromosome chr9
Processing chromosome chr9
..INFO [2023-05-27 01:53:31,218]  [Preprocessor.java:255] [main]  Processing chromosome chr10
Processing chromosome chr10
.30.0% 
..INFO [2023-05-27 01:53:31,228]  [Preprocessor.java:255] [main]  Processing chromosome chr11
Processing chromosome chr11
...INFO [2023-05-27 01:53:31,236]  [Preprocessor.java:255] [main]  Processing chromosome chr12
Processing chromosome chr12
....40.0% 
.INFO [2023-05-27 01:53:31,245]  [Preprocessor.java:255] [main]  Processing chromosome chr13
Processing chromosome chr13
.INFO [2023-05-27 01:53:31,247]  [Preprocessor.java:255] [main]  Processing chromosome chr14
Processing chromosome chr14
.INFO [2023-05-27 01:53:31,250]  [Preprocessor.java:255] [main]  Processing chromosome chr15
Processing chromosome chr15
.INFO [2023-05-27 01:53:31,254]  [Preprocessor.java:255] [main]  Processing chromosome chr16
Processing chromosome chr16
...INFO [2023-05-27 01:53:31,260]  [Preprocessor.java:255] [main]  Processing chromosome chr17
Processing chromosome chr17
..50.0% 
INFO [2023-05-27 01:53:31,268]  [Preprocessor.java:255] [main]  Processing chromosome chr18
Processing chromosome chr18
.INFO [2023-05-27 01:53:31,270]  [Preprocessor.java:255] [main]  Processing chromosome chr19
Processing chromosome chr19
......INFO [2023-05-27 01:53:31,280]  [Preprocessor.java:255] [main]  Processing chromosome chr20
Processing chromosome chr20
..60.0% 
INFO [2023-05-27 01:53:31,285]  [Preprocessor.java:255] [main]  Processing chromosome chr21
Processing chromosome chr21
INFO [2023-05-27 01:53:31,286]  [Preprocessor.java:255] [main]  Processing chromosome chr22
Processing chromosome chr22
..INFO [2023-05-27 01:53:31,289]  [Preprocessor.java:255] [main]  Processing chromosome chrX
Processing chromosome chrX
.INFO [2023-05-27 01:53:31,306]  [Preprocessor.java:255] [main]  Processing chromosome chrM
Processing chromosome chrM
....INFO [2023-05-27 01:53:31,423]  [Preprocessor.java:255] [main]  Processing chromosome KI270733.1
Processing chromosome KI270733.1
INFO [2023-05-27 01:53:32,149]  [TDFWriter.java:318] [main]  Group idx: 1
Group idx: 1
100.0% 
Done
INFO [2023-05-27 01:53:30,695]  [IgvTools.java:667] [main]  toTDF.  File = ./results/tracks/Nter_0h_IAA_3.TC.4.min.bedGraph
toTDF.  File = ./results/tracks/Nter_0h_IAA_3.TC.4.min.bedGraph
INFO [2023-05-27 01:53:30,698]  [IgvTools.java:668] [main]  Max zoom = 7
Max zoom = 7
INFO [2023-05-27 01:53:30,698]  [IgvTools.java:676] [main]  Window functions: mean max 
Window functions: mean max 
INFO [2023-05-27 01:53:30,704]  [GenomeManager.java:145] [main]  Loading genome: /srv/2023_UPF1_4SU/bam2bakR/./results/tracks/GRCh38.chrom.sizes
Loading genome: /srv/2023_UPF1_4SU/bam2bakR/./results/tracks/GRCh38.chrom.sizes
INFO [2023-05-27 01:53:30,945]  [DirectoryManager.java:169] [main]  IGV Directory: /home/volker/igv
IGV Directory: /home/volker/igv
INFO [2023-05-27 01:53:30,961]  [GenomeManager.java:192] [main]  Genome loaded.  id= /srv/2023_UPF1_4SU/bam2bakR/
Genome loaded.  id= /srv/2023_UPF1_4SU/bam2bakR/
INFO [2023-05-27 01:53:30,977]  [Preprocessor.java:125] [main]  track type=bedGraph name=" Nter_0h_IAA_3 TC 4 minus " description=" Nter_0h_IAA_3 TC 4 minus strand" visibility=full negateValues=on autoScale=off windowingFunction=mean viewLimits=-10:0 color=10,10,10 altColor=100,0,0  priority=20
track type=bedGraph name=" Nter_0h_IAA_3 TC 4 minus " description=" Nter_0h_IAA_3 TC 4 minus strand" visibility=full negateValues=on autoScale=off windowingFunction=mean viewLimits=-10:0 color=10,10,10 altColor=100,0,0  priority=20
INFO [2023-05-27 01:53:30,991]  [Preprocessor.java:255] [main]  Processing chromosome chr1
Processing chromosome chr1
....INFO [2023-05-27 01:53:31,051]  [Preprocessor.java:255] [main]  Processing chromosome chr2
Processing chromosome chr2
...INFO [2023-05-27 01:53:31,093]  [Preprocessor.java:255] [main]  Processing chromosome chr3
Processing chromosome chr3
..10.0% 
INFO [2023-05-27 01:53:31,132]  [Preprocessor.java:255] [main]  Processing chromosome chr4
Processing chromosome chr4
.INFO [2023-05-27 01:53:31,142]  [Preprocessor.java:255] [main]  Processing chromosome chr5
Processing chromosome chr5
..INFO [2023-05-27 01:53:31,151]  [Preprocessor.java:255] [main]  Processing chromosome chr6
Processing chromosome chr6
....INFO [2023-05-27 01:53:31,327]  [Preprocessor.java:255] [main]  Processing chromosome chr7
Processing chromosome chr7
..20.0% 
.INFO [2023-05-27 01:53:31,338]  [Preprocessor.java:255] [main]  Processing chromosome chr8
Processing chromosome chr8
...INFO [2023-05-27 01:53:31,367]  [Preprocessor.java:255] [main]  Processing chromosome chr9
Processing chromosome chr9
..INFO [2023-05-27 01:53:31,373]  [Preprocessor.java:255] [main]  Processing chromosome chr10
Processing chromosome chr10
...INFO [2023-05-27 01:53:31,380]  [Preprocessor.java:255] [main]  Processing chromosome chr11
Processing chromosome chr11
30.0% 
..INFO [2023-05-27 01:53:31,388]  [Preprocessor.java:255] [main]  Processing chromosome chr12
Processing chromosome chr12
......INFO [2023-05-27 01:53:31,399]  [Preprocessor.java:255] [main]  Processing chromosome chr13
Processing chromosome chr13
.INFO [2023-05-27 01:53:31,401]  [Preprocessor.java:255] [main]  Processing chromosome chr14
Processing chromosome chr14
40.0% 
INFO [2023-05-27 01:53:31,405]  [Preprocessor.java:255] [main]  Processing chromosome chr15
Processing chromosome chr15
.INFO [2023-05-27 01:53:31,412]  [Preprocessor.java:255] [main]  Processing chromosome chr16
Processing chromosome chr16
...INFO [2023-05-27 01:53:31,419]  [Preprocessor.java:255] [main]  Processing chromosome chr17
Processing chromosome chr17
.....INFO [2023-05-27 01:53:31,430]  [Preprocessor.java:255] [main]  Processing chromosome chr18
Processing chromosome chr18
INFO [2023-05-27 01:53:31,432]  [Preprocessor.java:255] [main]  Processing chromosome chr19
Processing chromosome chr19
50.0% 
.......INFO [2023-05-27 01:53:31,447]  [Preprocessor.java:255] [main]  Processing chromosome chr20
Processing chromosome chr20
..INFO [2023-05-27 01:53:31,454]  [Preprocessor.java:255] [main]  Processing chromosome chr21
Processing chromosome chr21
INFO [2023-05-27 01:53:31,462]  [Preprocessor.java:255] [main]  Processing chromosome chr22
Processing chromosome chr22
60.0% 
.INFO [2023-05-27 01:53:31,468]  [Preprocessor.java:255] [main]  Processing chromosome chrX
Processing chromosome chrX
.INFO [2023-05-27 01:53:31,473]  [Preprocessor.java:255] [main]  Processing chromosome chrM
Processing chromosome chrM
......INFO [2023-05-27 01:53:31,628]  [Preprocessor.java:255] [main]  Processing chromosome KI270733.1
Processing chromosome KI270733.1
INFO [2023-05-27 01:53:32,189]  [TDFWriter.java:318] [main]  Group idx: 1
Group idx: 1
100.0% 
Done
INFO [2023-05-27 01:53:30,675]  [IgvTools.java:667] [main]  toTDF.  File = ./results/tracks/Nter_0h_IAA_3.TC.3.min.bedGraph
toTDF.  File = ./results/tracks/Nter_0h_IAA_3.TC.3.min.bedGraph
INFO [2023-05-27 01:53:30,677]  [IgvTools.java:668] [main]  Max zoom = 7
Max zoom = 7
INFO [2023-05-27 01:53:30,678]  [IgvTools.java:676] [main]  Window functions: mean max 
Window functions: mean max 
INFO [2023-05-27 01:53:30,684]  [GenomeManager.java:145] [main]  Loading genome: /srv/2023_UPF1_4SU/bam2bakR/./results/tracks/GRCh38.chrom.sizes
Loading genome: /srv/2023_UPF1_4SU/bam2bakR/./results/tracks/GRCh38.chrom.sizes
INFO [2023-05-27 01:53:30,901]  [DirectoryManager.java:169] [main]  IGV Directory: /home/volker/igv
IGV Directory: /home/volker/igv
INFO [2023-05-27 01:53:30,917]  [GenomeManager.java:192] [main]  Genome loaded.  id= /srv/2023_UPF1_4SU/bam2bakR/
Genome loaded.  id= /srv/2023_UPF1_4SU/bam2bakR/
INFO [2023-05-27 01:53:30,930]  [Preprocessor.java:125] [main]  track type=bedGraph name=" Nter_0h_IAA_3 TC 3 minus " description=" Nter_0h_IAA_3 TC 3 minus strand" visibility=full negateValues=on autoScale=off windowingFunction=mean viewLimits=-10:0 color=10,10,10 altColor=150,0,0  priority=20
track type=bedGraph name=" Nter_0h_IAA_3 TC 3 minus " description=" Nter_0h_IAA_3 TC 3 minus strand" visibility=full negateValues=on autoScale=off windowingFunction=mean viewLimits=-10:0 color=10,10,10 altColor=150,0,0  priority=20
INFO [2023-05-27 01:53:30,943]  [Preprocessor.java:255] [main]  Processing chromosome chr1
Processing chromosome chr1
....INFO [2023-05-27 01:53:31,030]  [Preprocessor.java:255] [main]  Processing chromosome chr2
Processing chromosome chr2
...INFO [2023-05-27 01:53:31,079]  [Preprocessor.java:255] [main]  Processing chromosome chr3
Processing chromosome chr3
..10.0% 
INFO [2023-05-27 01:53:31,115]  [Preprocessor.java:255] [main]  Processing chromosome chr4
Processing chromosome chr4
.INFO [2023-05-27 01:53:31,203]  [Preprocessor.java:255] [main]  Processing chromosome chr5
Processing chromosome chr5
..INFO [2023-05-27 01:53:31,231]  [Preprocessor.java:255] [main]  Processing chromosome chr6
Processing chromosome chr6
....INFO [2023-05-27 01:53:31,248]  [Preprocessor.java:255] [main]  Processing chromosome chr7
Processing chromosome chr7
..20.0% 
INFO [2023-05-27 01:53:31,265]  [Preprocessor.java:255] [main]  Processing chromosome chr8
Processing chromosome chr8
.INFO [2023-05-27 01:53:31,273]  [Preprocessor.java:255] [main]  Processing chromosome chr9
Processing chromosome chr9
...INFO [2023-05-27 01:53:31,297]  [Preprocessor.java:255] [main]  Processing chromosome chr10
Processing chromosome chr10
..INFO [2023-05-27 01:53:31,318]  [Preprocessor.java:255] [main]  Processing chromosome chr11
Processing chromosome chr11
...INFO [2023-05-27 01:53:31,341]  [Preprocessor.java:255] [main]  Processing chromosome chr12
Processing chromosome chr12
30.0% 
.....INFO [2023-05-27 01:53:31,362]  [Preprocessor.java:255] [main]  Processing chromosome chr13
Processing chromosome chr13
INFO [2023-05-27 01:53:31,376]  [Preprocessor.java:255] [main]  Processing chromosome chr14
Processing chromosome chr14
..INFO [2023-05-27 01:53:31,383]  [Preprocessor.java:255] [main]  Processing chromosome chr15
Processing chromosome chr15
.INFO [2023-05-27 01:53:31,391]  [Preprocessor.java:255] [main]  Processing chromosome chr16
Processing chromosome chr16
.40.0% 
..INFO [2023-05-27 01:53:31,417]  [Preprocessor.java:255] [main]  Processing chromosome chr17
Processing chromosome chr17
....INFO [2023-05-27 01:53:31,435]  [Preprocessor.java:255] [main]  Processing chromosome chr18
Processing chromosome chr18
INFO [2023-05-27 01:53:31,438]  [Preprocessor.java:255] [main]  Processing chromosome chr19
Processing chromosome chr19
...50.0% 
..INFO [2023-05-27 01:53:31,459]  [Preprocessor.java:255] [main]  Processing chromosome chr20
Processing chromosome chr20
..INFO [2023-05-27 01:53:31,518]  [Preprocessor.java:255] [main]  Processing chromosome chr21
Processing chromosome chr21
INFO [2023-05-27 01:53:31,536]  [Preprocessor.java:255] [main]  Processing chromosome chr22
Processing chromosome chr22
..INFO [2023-05-27 01:53:31,553]  [Preprocessor.java:255] [main]  Processing chromosome chrX
Processing chromosome chrX
.INFO [2023-05-27 01:53:31,560]  [Preprocessor.java:255] [main]  Processing chromosome chrM
Processing chromosome chrM
..60.0% 
........INFO [2023-05-27 01:53:31,723]  [Preprocessor.java:255] [main]  Processing chromosome KI270733.1
Processing chromosome KI270733.1
INFO [2023-05-27 01:53:32,235]  [TDFWriter.java:318] [main]  Group idx: 1
Group idx: 1
100.0% 
Done
INFO [2023-05-27 01:53:30,694]  [IgvTools.java:667] [main]  toTDF.  File = ./results/tracks/Nter_0h_IAA_3.TC.2.pos.bedGraph
toTDF.  File = ./results/tracks/Nter_0h_IAA_3.TC.2.pos.bedGraph
INFO [2023-05-27 01:53:30,696]  [IgvTools.java:668] [main]  Max zoom = 7
Max zoom = 7
INFO [2023-05-27 01:53:30,697]  [IgvTools.java:676] [main]  Window functions: mean max 
Window functions: mean max 
INFO [2023-05-27 01:53:30,702]  [GenomeManager.java:145] [main]  Loading genome: /srv/2023_UPF1_4SU/bam2bakR/./results/tracks/GRCh38.chrom.sizes
Loading genome: /srv/2023_UPF1_4SU/bam2bakR/./results/tracks/GRCh38.chrom.sizes
INFO [2023-05-27 01:53:30,876]  [DirectoryManager.java:169] [main]  IGV Directory: /home/volker/igv
IGV Directory: /home/volker/igv
INFO [2023-05-27 01:53:30,891]  [GenomeManager.java:192] [main]  Genome loaded.  id= /srv/2023_UPF1_4SU/bam2bakR/
Genome loaded.  id= /srv/2023_UPF1_4SU/bam2bakR/
INFO [2023-05-27 01:53:30,905]  [Preprocessor.java:125] [main]  track type=bedGraph name=" Nter_0h_IAA_3 TC 2 plus " description=" Nter_0h_IAA_3 TC 2 positive strand" visibility=full autoScale=off windowingFunction=mean viewLimits=0:10 color=250,0,0  altColor=10,10,10 priority=20
track type=bedGraph name=" Nter_0h_IAA_3 TC 2 plus " description=" Nter_0h_IAA_3 TC 2 positive strand" visibility=full autoScale=off windowingFunction=mean viewLimits=0:10 color=250,0,0  altColor=10,10,10 priority=20
INFO [2023-05-27 01:53:30,920]  [Preprocessor.java:255] [main]  Processing chromosome chr1
Processing chromosome chr1
.......INFO [2023-05-27 01:53:31,068]  [Preprocessor.java:255] [main]  Processing chromosome chr2
Processing chromosome chr2
..10.0% 
INFO [2023-05-27 01:53:31,222]  [Preprocessor.java:255] [main]  Processing chromosome chr3
Processing chromosome chr3
....INFO [2023-05-27 01:53:31,277]  [Preprocessor.java:255] [main]  Processing chromosome chr4
Processing chromosome chr4
.INFO [2023-05-27 01:53:31,296]  [Preprocessor.java:255] [main]  Processing chromosome chr5
Processing chromosome chr5
..INFO [2023-05-27 01:53:31,315]  [Preprocessor.java:255] [main]  Processing chromosome chr6
Processing chromosome chr6
..20.0% 
INFO [2023-05-27 01:53:31,341]  [Preprocessor.java:255] [main]  Processing chromosome chr7
Processing chromosome chr7
..INFO [2023-05-27 01:53:31,360]  [Preprocessor.java:255] [main]  Processing chromosome chr8
Processing chromosome chr8
...INFO [2023-05-27 01:53:31,378]  [Preprocessor.java:255] [main]  Processing chromosome chr9
Processing chromosome chr9
..INFO [2023-05-27 01:53:31,410]  [Preprocessor.java:255] [main]  Processing chromosome chr10
Processing chromosome chr10
.INFO [2023-05-27 01:53:31,424]  [Preprocessor.java:255] [main]  Processing chromosome chr11
Processing chromosome chr11
.30.0% 
..INFO [2023-05-27 01:53:31,441]  [Preprocessor.java:255] [main]  Processing chromosome chr12
Processing chromosome chr12
....INFO [2023-05-27 01:53:31,460]  [Preprocessor.java:255] [main]  Processing chromosome chr13
Processing chromosome chr13
.INFO [2023-05-27 01:53:31,489]  [Preprocessor.java:255] [main]  Processing chromosome chr14
Processing chromosome chr14
..INFO [2023-05-27 01:53:31,502]  [Preprocessor.java:255] [main]  Processing chromosome chr15
Processing chromosome chr15
40.0% 
.INFO [2023-05-27 01:53:31,516]  [Preprocessor.java:255] [main]  Processing chromosome chr16
Processing chromosome chr16
..INFO [2023-05-27 01:53:31,545]  [Preprocessor.java:255] [main]  Processing chromosome chr17
Processing chromosome chr17
......50.0% 
INFO [2023-05-27 01:53:31,607]  [Preprocessor.java:255] [main]  Processing chromosome chr18
Processing chromosome chr18
INFO [2023-05-27 01:53:31,615]  [Preprocessor.java:255] [main]  Processing chromosome chr19
Processing chromosome chr19
.....INFO [2023-05-27 01:53:31,737]  [Preprocessor.java:255] [main]  Processing chromosome chr20
Processing chromosome chr20
.INFO [2023-05-27 01:53:31,766]  [Preprocessor.java:255] [main]  Processing chromosome chr21
Processing chromosome chr21
.INFO [2023-05-27 01:53:31,795]  [Preprocessor.java:255] [main]  Processing chromosome chr22
Processing chromosome chr22
.INFO [2023-05-27 01:53:31,817]  [Preprocessor.java:255] [main]  Processing chromosome chrX
Processing chromosome chrX
.INFO [2023-05-27 01:53:31,827]  [Preprocessor.java:255] [main]  Processing chromosome chrY
Processing chromosome chrY
INFO [2023-05-27 01:53:31,829]  [Preprocessor.java:255] [main]  Processing chromosome chrM
Processing chromosome chrM
INFO [2023-05-27 01:53:31,850]  [Preprocessor.java:255] [main]  Processing chromosome GL000205.2
Processing chromosome GL000205.2
INFO [2023-05-27 01:53:31,852]  [Preprocessor.java:255] [main]  Processing chromosome KI270727.1
Processing chromosome KI270727.1
INFO [2023-05-27 01:53:31,854]  [Preprocessor.java:255] [main]  Processing chromosome KI270733.1
Processing chromosome KI270733.1
INFO [2023-05-27 01:53:31,855]  [Preprocessor.java:255] [main]  Processing chromosome KI270744.1
Processing chromosome KI270744.1
INFO [2023-05-27 01:53:32,268]  [TDFWriter.java:318] [main]  Group idx: 1
Group idx: 1
100.0% 
Done
INFO [2023-05-27 01:53:30,688]  [IgvTools.java:667] [main]  toTDF.  File = ./results/tracks/Nter_0h_IAA_3.TC.2.min.bedGraph
toTDF.  File = ./results/tracks/Nter_0h_IAA_3.TC.2.min.bedGraph
INFO [2023-05-27 01:53:30,691]  [IgvTools.java:668] [main]  Max zoom = 7
Max zoom = 7
INFO [2023-05-27 01:53:30,692]  [IgvTools.java:676] [main]  Window functions: mean max 
Window functions: mean max 
INFO [2023-05-27 01:53:30,699]  [GenomeManager.java:145] [main]  Loading genome: /srv/2023_UPF1_4SU/bam2bakR/./results/tracks/GRCh38.chrom.sizes
Loading genome: /srv/2023_UPF1_4SU/bam2bakR/./results/tracks/GRCh38.chrom.sizes
INFO [2023-05-27 01:53:30,880]  [DirectoryManager.java:169] [main]  IGV Directory: /home/volker/igv
IGV Directory: /home/volker/igv
INFO [2023-05-27 01:53:30,895]  [GenomeManager.java:192] [main]  Genome loaded.  id= /srv/2023_UPF1_4SU/bam2bakR/
Genome loaded.  id= /srv/2023_UPF1_4SU/bam2bakR/
INFO [2023-05-27 01:53:30,910]  [Preprocessor.java:125] [main]  track type=bedGraph name=" Nter_0h_IAA_3 TC 2 minus " description=" Nter_0h_IAA_3 TC 2 minus strand" visibility=full negateValues=on autoScale=off windowingFunction=mean viewLimits=-10:0 color=10,10,10 altColor=250,0,0  priority=20
track type=bedGraph name=" Nter_0h_IAA_3 TC 2 minus " description=" Nter_0h_IAA_3 TC 2 minus strand" visibility=full negateValues=on autoScale=off windowingFunction=mean viewLimits=-10:0 color=10,10,10 altColor=250,0,0  priority=20
INFO [2023-05-27 01:53:30,926]  [Preprocessor.java:255] [main]  Processing chromosome chr1
Processing chromosome chr1
.....INFO [2023-05-27 01:53:31,066]  [Preprocessor.java:255] [main]  Processing chromosome chr2
Processing chromosome chr2
...INFO [2023-05-27 01:53:31,250]  [Preprocessor.java:255] [main]  Processing chromosome chr3
Processing chromosome chr3
.10.0% 
INFO [2023-05-27 01:53:31,273]  [Preprocessor.java:255] [main]  Processing chromosome chr4
Processing chromosome chr4
..INFO [2023-05-27 01:53:31,295]  [Preprocessor.java:255] [main]  Processing chromosome chr5
Processing chromosome chr5
..INFO [2023-05-27 01:53:31,324]  [Preprocessor.java:255] [main]  Processing chromosome chr6
Processing chromosome chr6
....INFO [2023-05-27 01:53:31,345]  [Preprocessor.java:255] [main]  Processing chromosome chr7
Processing chromosome chr7
.20.0% 
INFO [2023-05-27 01:53:31,370]  [Preprocessor.java:255] [main]  Processing chromosome chr8
Processing chromosome chr8
.INFO [2023-05-27 01:53:31,383]  [Preprocessor.java:255] [main]  Processing chromosome chr9
Processing chromosome chr9
..INFO [2023-05-27 01:53:31,400]  [Preprocessor.java:255] [main]  Processing chromosome chr10
Processing chromosome chr10
..INFO [2023-05-27 01:53:31,428]  [Preprocessor.java:255] [main]  Processing chromosome chr11
Processing chromosome chr11
...INFO [2023-05-27 01:53:31,449]  [Preprocessor.java:255] [main]  Processing chromosome chr12
Processing chromosome chr12
.30.0% 
....INFO [2023-05-27 01:53:31,480]  [Preprocessor.java:255] [main]  Processing chromosome chr13
Processing chromosome chr13
INFO [2023-05-27 01:53:31,516]  [Preprocessor.java:255] [main]  Processing chromosome chr14
Processing chromosome chr14
..INFO [2023-05-27 01:53:31,555]  [Preprocessor.java:255] [main]  Processing chromosome chr15
Processing chromosome chr15
.INFO [2023-05-27 01:53:31,577]  [Preprocessor.java:255] [main]  Processing chromosome chr16
Processing chromosome chr16
..40.0% 
INFO [2023-05-27 01:53:31,595]  [Preprocessor.java:255] [main]  Processing chromosome chr17
Processing chromosome chr17
....INFO [2023-05-27 01:53:31,641]  [Preprocessor.java:255] [main]  Processing chromosome chr18
Processing chromosome chr18
INFO [2023-05-27 01:53:31,692]  [Preprocessor.java:255] [main]  Processing chromosome chr19
Processing chromosome chr19
.....50.0% 
INFO [2023-05-27 01:53:31,730]  [Preprocessor.java:255] [main]  Processing chromosome chr20
Processing chromosome chr20
..INFO [2023-05-27 01:53:31,743]  [Preprocessor.java:255] [main]  Processing chromosome chr21
Processing chromosome chr21
.INFO [2023-05-27 01:53:31,748]  [Preprocessor.java:255] [main]  Processing chromosome chr22
Processing chromosome chr22
.INFO [2023-05-27 01:53:31,760]  [Preprocessor.java:255] [main]  Processing chromosome chrX
Processing chromosome chrX
..INFO [2023-05-27 01:53:31,772]  [Preprocessor.java:255] [main]  Processing chromosome chrM
Processing chromosome chrM
...60.0% 
......INFO [2023-05-27 01:53:31,931]  [Preprocessor.java:255] [main]  Processing chromosome KI270733.1
Processing chromosome KI270733.1
INFO [2023-05-27 01:53:31,938]  [Preprocessor.java:255] [main]  Processing chromosome KI270752.1
Processing chromosome KI270752.1
INFO [2023-05-27 01:53:32,312]  [TDFWriter.java:318] [main]  Group idx: 1
Group idx: 1
100.0% 
Done
INFO [2023-05-27 01:53:30,695]  [IgvTools.java:667] [main]  toTDF.  File = ./results/tracks/Nter_0h_IAA_3.TC.1.pos.bedGraph
toTDF.  File = ./results/tracks/Nter_0h_IAA_3.TC.1.pos.bedGraph
INFO [2023-05-27 01:53:30,698]  [IgvTools.java:668] [main]  Max zoom = 7
Max zoom = 7
INFO [2023-05-27 01:53:30,699]  [IgvTools.java:676] [main]  Window functions: mean max 
Window functions: mean max 
INFO [2023-05-27 01:53:30,706]  [GenomeManager.java:145] [main]  Loading genome: /srv/2023_UPF1_4SU/bam2bakR/./results/tracks/GRCh38.chrom.sizes
Loading genome: /srv/2023_UPF1_4SU/bam2bakR/./results/tracks/GRCh38.chrom.sizes
INFO [2023-05-27 01:53:30,909]  [DirectoryManager.java:169] [main]  IGV Directory: /home/volker/igv
IGV Directory: /home/volker/igv
INFO [2023-05-27 01:53:30,931]  [GenomeManager.java:192] [main]  Genome loaded.  id= /srv/2023_UPF1_4SU/bam2bakR/
Genome loaded.  id= /srv/2023_UPF1_4SU/bam2bakR/
INFO [2023-05-27 01:53:30,953]  [Preprocessor.java:125] [main]  track type=bedGraph name=" Nter_0h_IAA_3 TC 1 plus " description=" Nter_0h_IAA_3 TC 1 positive strand" visibility=full autoScale=off windowingFunction=mean viewLimits=0:10 color=250,150,150  altColor=10,10,10 priority=20
track type=bedGraph name=" Nter_0h_IAA_3 TC 1 plus " description=" Nter_0h_IAA_3 TC 1 positive strand" visibility=full autoScale=off windowingFunction=mean viewLimits=0:10 color=250,150,150  altColor=10,10,10 priority=20
INFO [2023-05-27 01:53:30,968]  [Preprocessor.java:255] [main]  Processing chromosome chr1
Processing chromosome chr1
.....INFO [2023-05-27 01:53:31,789]  [Preprocessor.java:255] [main]  Processing chromosome chr2
Processing chromosome chr2
...INFO [2023-05-27 01:53:31,946]  [Preprocessor.java:255] [main]  Processing chromosome chr3
Processing chromosome chr3
.10.0% 
.INFO [2023-05-27 01:53:32,071]  [Preprocessor.java:255] [main]  Processing chromosome chr4
Processing chromosome chr4
..INFO [2023-05-27 01:53:32,131]  [Preprocessor.java:255] [main]  Processing chromosome chr5
Processing chromosome chr5
..INFO [2023-05-27 01:53:32,189]  [Preprocessor.java:255] [main]  Processing chromosome chr6
Processing chromosome chr6
...INFO [2023-05-27 01:53:32,266]  [Preprocessor.java:255] [main]  Processing chromosome chr7
Processing chromosome chr7
.20.0% 
INFO [2023-05-27 01:53:32,326]  [Preprocessor.java:255] [main]  Processing chromosome chr8
Processing chromosome chr8
...INFO [2023-05-27 01:53:32,840]  [Preprocessor.java:255] [main]  Processing chromosome chr9
Processing chromosome chr9
..INFO [2023-05-27 01:53:32,894]  [Preprocessor.java:255] [main]  Processing chromosome chr10
Processing chromosome chr10
..INFO [2023-05-27 01:53:32,943]  [Preprocessor.java:255] [main]  Processing chromosome chr11
Processing chromosome chr11
..30.0% 
INFO [2023-05-27 01:53:33,006]  [Preprocessor.java:255] [main]  Processing chromosome chr12
Processing chromosome chr12
.....INFO [2023-05-27 01:53:33,083]  [Preprocessor.java:255] [main]  Processing chromosome chr13
Processing chromosome chr13
INFO [2023-05-27 01:53:33,105]  [Preprocessor.java:255] [main]  Processing chromosome chr14
Processing chromosome chr14
..INFO [2023-05-27 01:53:33,144]  [Preprocessor.java:255] [main]  Processing chromosome chr15
Processing chromosome chr15
..INFO [2023-05-27 01:53:33,182]  [Preprocessor.java:255] [main]  Processing chromosome chr16
Processing chromosome chr16
40.0% 
.INFO [2023-05-27 01:53:33,229]  [Preprocessor.java:255] [main]  Processing chromosome chr17
Processing chromosome chr17
......INFO [2023-05-27 01:53:33,540]  [Preprocessor.java:255] [main]  Processing chromosome chr18
Processing chromosome chr18
INFO [2023-05-27 01:53:33,563]  [Preprocessor.java:255] [main]  Processing chromosome chr19
Processing chromosome chr19
..50.0% 
.INFO [2023-05-27 01:53:33,636]  [Preprocessor.java:255] [main]  Processing chromosome chr20
Processing chromosome chr20
..INFO [2023-05-27 01:53:33,666]  [Preprocessor.java:255] [main]  Processing chromosome chr21
Processing chromosome chr21
INFO [2023-05-27 01:53:33,679]  [Preprocessor.java:255] [main]  Processing chromosome chr22
Processing chromosome chr22
.INFO [2023-05-27 01:53:33,708]  [Preprocessor.java:255] [main]  Processing chromosome chrX
Processing chromosome chrX
..INFO [2023-05-27 01:53:33,737]  [Preprocessor.java:255] [main]  Processing chromosome chrY
Processing chromosome chrY
INFO [2023-05-27 01:53:33,739]  [Preprocessor.java:255] [main]  Processing chromosome chrM
Processing chromosome chrM
INFO [2023-05-27 01:53:33,787]  [Preprocessor.java:255] [main]  Processing chromosome GL000194.1
Processing chromosome GL000194.1
INFO [2023-05-27 01:53:33,790]  [Preprocessor.java:255] [main]  Processing chromosome GL000195.1
Processing chromosome GL000195.1
INFO [2023-05-27 01:53:33,793]  [Preprocessor.java:255] [main]  Processing chromosome GL000205.2
Processing chromosome GL000205.2
INFO [2023-05-27 01:53:33,796]  [Preprocessor.java:255] [main]  Processing chromosome GL000213.1
Processing chromosome GL000213.1
INFO [2023-05-27 01:53:33,797]  [Preprocessor.java:255] [main]  Processing chromosome GL000216.2
Processing chromosome GL000216.2
INFO [2023-05-27 01:53:33,798]  [Preprocessor.java:255] [main]  Processing chromosome GL000218.1
Processing chromosome GL000218.1
INFO [2023-05-27 01:53:33,799]  [Preprocessor.java:255] [main]  Processing chromosome GL000219.1
Processing chromosome GL000219.1
INFO [2023-05-27 01:53:33,801]  [Preprocessor.java:255] [main]  Processing chromosome KI270438.1
Processing chromosome KI270438.1
INFO [2023-05-27 01:53:33,803]  [Preprocessor.java:255] [main]  Processing chromosome KI270711.1
Processing chromosome KI270711.1
INFO [2023-05-27 01:53:33,806]  [Preprocessor.java:255] [main]  Processing chromosome KI270712.1
Processing chromosome KI270712.1
INFO [2023-05-27 01:53:33,807]  [Preprocessor.java:255] [main]  Processing chromosome KI270714.1
Processing chromosome KI270714.1
INFO [2023-05-27 01:53:33,809]  [Preprocessor.java:255] [main]  Processing chromosome KI270727.1
Processing chromosome KI270727.1
INFO [2023-05-27 01:53:33,809]  [Preprocessor.java:255] [main]  Processing chromosome KI270733.1
Processing chromosome KI270733.1
INFO [2023-05-27 01:53:33,810]  [Preprocessor.java:255] [main]  Processing chromosome KI270734.1
Processing chromosome KI270734.1
INFO [2023-05-27 01:53:33,811]  [Preprocessor.java:255] [main]  Processing chromosome KI270744.1
Processing chromosome KI270744.1
INFO [2023-05-27 01:53:33,855]  [TDFWriter.java:318] [main]  Group idx: 1
Group idx: 1
100.0% 
Done
INFO [2023-05-27 01:53:30,674]  [IgvTools.java:667] [main]  toTDF.  File = ./results/tracks/Nter_0h_IAA_3.TC.1.min.bedGraph
toTDF.  File = ./results/tracks/Nter_0h_IAA_3.TC.1.min.bedGraph
INFO [2023-05-27 01:53:30,677]  [IgvTools.java:668] [main]  Max zoom = 7
Max zoom = 7
INFO [2023-05-27 01:53:30,678]  [IgvTools.java:676] [main]  Window functions: mean max 
Window functions: mean max 
INFO [2023-05-27 01:53:30,686]  [GenomeManager.java:145] [main]  Loading genome: /srv/2023_UPF1_4SU/bam2bakR/./results/tracks/GRCh38.chrom.sizes
Loading genome: /srv/2023_UPF1_4SU/bam2bakR/./results/tracks/GRCh38.chrom.sizes
INFO [2023-05-27 01:53:30,939]  [DirectoryManager.java:169] [main]  IGV Directory: /home/volker/igv
IGV Directory: /home/volker/igv
INFO [2023-05-27 01:53:30,958]  [GenomeManager.java:192] [main]  Genome loaded.  id= /srv/2023_UPF1_4SU/bam2bakR/
Genome loaded.  id= /srv/2023_UPF1_4SU/bam2bakR/
INFO [2023-05-27 01:53:30,972]  [Preprocessor.java:125] [main]  track type=bedGraph name=" Nter_0h_IAA_3 TC 1 minus " description=" Nter_0h_IAA_3 TC 1 minus strand" visibility=full negateValues=on autoScale=off windowingFunction=mean viewLimits=-10:0 color=10,10,10 altColor=250,150,150  priority=20
track type=bedGraph name=" Nter_0h_IAA_3 TC 1 minus " description=" Nter_0h_IAA_3 TC 1 minus strand" visibility=full negateValues=on autoScale=off windowingFunction=mean viewLimits=-10:0 color=10,10,10 altColor=250,150,150  priority=20
INFO [2023-05-27 01:53:30,991]  [Preprocessor.java:255] [main]  Processing chromosome chr1
Processing chromosome chr1
.....INFO [2023-05-27 01:53:31,640]  [Preprocessor.java:255] [main]  Processing chromosome chr2
Processing chromosome chr2
...INFO [2023-05-27 01:53:31,853]  [Preprocessor.java:255] [main]  Processing chromosome chr3
Processing chromosome chr3
.10.0% 
.INFO [2023-05-27 01:53:31,986]  [Preprocessor.java:255] [main]  Processing chromosome chr4
Processing chromosome chr4
.INFO [2023-05-27 01:53:32,066]  [Preprocessor.java:255] [main]  Processing chromosome chr5
Processing chromosome chr5
...INFO [2023-05-27 01:53:32,154]  [Preprocessor.java:255] [main]  Processing chromosome chr6
Processing chromosome chr6
...INFO [2023-05-27 01:53:32,226]  [Preprocessor.java:255] [main]  Processing chromosome chr7
Processing chromosome chr7
.20.0% 
INFO [2023-05-27 01:53:32,286]  [Preprocessor.java:255] [main]  Processing chromosome chr8
Processing chromosome chr8
..INFO [2023-05-27 01:53:33,046]  [Preprocessor.java:255] [main]  Processing chromosome chr9
Processing chromosome chr9
..INFO [2023-05-27 01:53:33,093]  [Preprocessor.java:255] [main]  Processing chromosome chr10
Processing chromosome chr10
..INFO [2023-05-27 01:53:33,144]  [Preprocessor.java:255] [main]  Processing chromosome chr11
Processing chromosome chr11
...INFO [2023-05-27 01:53:33,207]  [Preprocessor.java:255] [main]  Processing chromosome chr12
Processing chromosome chr12
30.0% 
....INFO [2023-05-27 01:53:33,290]  [Preprocessor.java:255] [main]  Processing chromosome chr13
Processing chromosome chr13
INFO [2023-05-27 01:53:33,311]  [Preprocessor.java:255] [main]  Processing chromosome chr14
Processing chromosome chr14
..INFO [2023-05-27 01:53:33,343]  [Preprocessor.java:255] [main]  Processing chromosome chr15
Processing chromosome chr15
.INFO [2023-05-27 01:53:33,376]  [Preprocessor.java:255] [main]  Processing chromosome chr16
Processing chromosome chr16
..40.0% 
INFO [2023-05-27 01:53:33,424]  [Preprocessor.java:255] [main]  Processing chromosome chr17
Processing chromosome chr17
....INFO [2023-05-27 01:53:33,677]  [Preprocessor.java:255] [main]  Processing chromosome chr18
Processing chromosome chr18
INFO [2023-05-27 01:53:33,701]  [Preprocessor.java:255] [main]  Processing chromosome chr19
Processing chromosome chr19
.....INFO [2023-05-27 01:53:33,789]  [Preprocessor.java:255] [main]  Processing chromosome chr20
Processing chromosome chr20
50.0% 
.INFO [2023-05-27 01:53:33,827]  [Preprocessor.java:255] [main]  Processing chromosome chr21
Processing chromosome chr21
INFO [2023-05-27 01:53:33,840]  [Preprocessor.java:255] [main]  Processing chromosome chr22
Processing chromosome chr22
..INFO [2023-05-27 01:53:33,870]  [Preprocessor.java:255] [main]  Processing chromosome chrX
Processing chromosome chrX
.INFO [2023-05-27 01:53:33,902]  [Preprocessor.java:255] [main]  Processing chromosome chrM
Processing chromosome chrM
...INFO [2023-05-27 01:53:34,023]  [Preprocessor.java:255] [main]  Processing chromosome GL000194.1
Processing chromosome GL000194.1
INFO [2023-05-27 01:53:34,035]  [Preprocessor.java:255] [main]  Processing chromosome GL000219.1
Processing chromosome GL000219.1
INFO [2023-05-27 01:53:34,036]  [Preprocessor.java:255] [main]  Processing chromosome KI270711.1
Processing chromosome KI270711.1
INFO [2023-05-27 01:53:34,038]  [Preprocessor.java:255] [main]  Processing chromosome KI270713.1
Processing chromosome KI270713.1
INFO [2023-05-27 01:53:34,041]  [Preprocessor.java:255] [main]  Processing chromosome KI270733.1
Processing chromosome KI270733.1
INFO [2023-05-27 01:53:34,046]  [Preprocessor.java:255] [main]  Processing chromosome KI270744.1
Processing chromosome KI270744.1
INFO [2023-05-27 01:53:34,047]  [Preprocessor.java:255] [main]  Processing chromosome KI270745.1
Processing chromosome KI270745.1
INFO [2023-05-27 01:53:34,049]  [Preprocessor.java:255] [main]  Processing chromosome KI270752.1
Processing chromosome KI270752.1
INFO [2023-05-27 01:53:34,161]  [TDFWriter.java:318] [main]  Group idx: 1
Group idx: 1
100.0% 
Done
INFO [2023-05-27 01:53:30,681]  [IgvTools.java:667] [main]  toTDF.  File = ./results/tracks/Nter_0h_IAA_3.TC.0.pos.bedGraph
toTDF.  File = ./results/tracks/Nter_0h_IAA_3.TC.0.pos.bedGraph
INFO [2023-05-27 01:53:30,683]  [IgvTools.java:668] [main]  Max zoom = 7
Max zoom = 7
INFO [2023-05-27 01:53:30,684]  [IgvTools.java:676] [main]  Window functions: mean max 
Window functions: mean max 
INFO [2023-05-27 01:53:30,690]  [GenomeManager.java:145] [main]  Loading genome: /srv/2023_UPF1_4SU/bam2bakR/./results/tracks/GRCh38.chrom.sizes
Loading genome: /srv/2023_UPF1_4SU/bam2bakR/./results/tracks/GRCh38.chrom.sizes
INFO [2023-05-27 01:53:30,926]  [DirectoryManager.java:169] [main]  IGV Directory: /home/volker/igv
IGV Directory: /home/volker/igv
INFO [2023-05-27 01:53:30,949]  [GenomeManager.java:192] [main]  Genome loaded.  id= /srv/2023_UPF1_4SU/bam2bakR/
Genome loaded.  id= /srv/2023_UPF1_4SU/bam2bakR/
INFO [2023-05-27 01:53:30,963]  [Preprocessor.java:125] [main]  track type=bedGraph name=" Nter_0h_IAA_3 TC 0 plus " description=" Nter_0h_IAA_3 TC 0 positive strand" visibility=full autoScale=off windowingFunction=mean viewLimits=0:10 color=200,200,200  altColor=10,10,10 priority=20
track type=bedGraph name=" Nter_0h_IAA_3 TC 0 plus " description=" Nter_0h_IAA_3 TC 0 positive strand" visibility=full autoScale=off windowingFunction=mean viewLimits=0:10 color=200,200,200  altColor=10,10,10 priority=20
INFO [2023-05-27 01:53:30,979]  [Preprocessor.java:255] [main]  Processing chromosome chr1
Processing chromosome chr1
.....INFO [2023-05-27 01:53:34,096]  [Preprocessor.java:255] [main]  Processing chromosome chr2
Processing chromosome chr2
...INFO [2023-05-27 01:53:35,273]  [Preprocessor.java:255] [main]  Processing chromosome chr3
Processing chromosome chr3
.10.0% 
.INFO [2023-05-27 01:53:36,186]  [Preprocessor.java:255] [main]  Processing chromosome chr4
Processing chromosome chr4
..INFO [2023-05-27 01:53:36,810]  [Preprocessor.java:255] [main]  Processing chromosome chr5
Processing chromosome chr5
..INFO [2023-05-27 01:53:37,535]  [Preprocessor.java:255] [main]  Processing chromosome chr6
Processing chromosome chr6
...INFO [2023-05-27 01:53:38,329]  [Preprocessor.java:255] [main]  Processing chromosome chr7
Processing chromosome chr7
.20.0% 
INFO [2023-05-27 01:53:39,069]  [Preprocessor.java:255] [main]  Processing chromosome chr8
Processing chromosome chr8
..INFO [2023-05-27 01:53:39,722]  [Preprocessor.java:255] [main]  Processing chromosome chr9
Processing chromosome chr9
..INFO [2023-05-27 01:53:40,441]  [Preprocessor.java:255] [main]  Processing chromosome chr10
Processing chromosome chr10
..INFO [2023-05-27 01:53:41,274]  [Preprocessor.java:255] [main]  Processing chromosome chr11
Processing chromosome chr11
...INFO [2023-05-27 01:53:42,304]  [Preprocessor.java:255] [main]  Processing chromosome chr12
Processing chromosome chr12
30.0% 
...INFO [2023-05-27 01:53:43,277]  [Preprocessor.java:255] [main]  Processing chromosome chr13
Processing chromosome chr13
INFO [2023-05-27 01:53:43,566]  [Preprocessor.java:255] [main]  Processing chromosome chr14
Processing chromosome chr14
..INFO [2023-05-27 01:53:44,083]  [Preprocessor.java:255] [main]  Processing chromosome chr15
Processing chromosome chr15
..INFO [2023-05-27 01:53:44,587]  [Preprocessor.java:255] [main]  Processing chromosome chr16
Processing chromosome chr16
..INFO [2023-05-27 01:53:45,305]  [Preprocessor.java:255] [main]  Processing chromosome chr17
Processing chromosome chr17
40.0% 
...INFO [2023-05-27 01:53:46,693]  [Preprocessor.java:255] [main]  Processing chromosome chr18
Processing chromosome chr18
.INFO [2023-05-27 01:53:46,907]  [Preprocessor.java:255] [main]  Processing chromosome chr19
Processing chromosome chr19
...INFO [2023-05-27 01:53:47,889]  [Preprocessor.java:255] [main]  Processing chromosome chr20
Processing chromosome chr20
..INFO [2023-05-27 01:53:48,321]  [Preprocessor.java:255] [main]  Processing chromosome chr21
Processing chromosome chr21
INFO [2023-05-27 01:53:48,475]  [Preprocessor.java:255] [main]  Processing chromosome chr22
Processing chromosome chr22
50.0% 
INFO [2023-05-27 01:53:48,937]  [Preprocessor.java:255] [main]  Processing chromosome chrX
Processing chromosome chrX
..INFO [2023-05-27 01:53:49,371]  [Preprocessor.java:255] [main]  Processing chromosome chrY
Processing chromosome chrY
INFO [2023-05-27 01:53:49,374]  [Preprocessor.java:255] [main]  Processing chromosome chrM
Processing chromosome chrM
INFO [2023-05-27 01:53:49,455]  [Preprocessor.java:255] [main]  Processing chromosome GL000008.2
Processing chromosome GL000008.2
INFO [2023-05-27 01:53:49,464]  [Preprocessor.java:255] [main]  Processing chromosome GL000194.1
Processing chromosome GL000194.1
INFO [2023-05-27 01:53:49,470]  [Preprocessor.java:255] [main]  Processing chromosome GL000195.1
Processing chromosome GL000195.1
INFO [2023-05-27 01:53:49,482]  [Preprocessor.java:255] [main]  Processing chromosome GL000205.2
Processing chromosome GL000205.2
INFO [2023-05-27 01:53:49,492]  [Preprocessor.java:255] [main]  Processing chromosome GL000213.1
Processing chromosome GL000213.1
INFO [2023-05-27 01:53:49,493]  [Preprocessor.java:255] [main]  Processing chromosome GL000216.2
Processing chromosome GL000216.2
INFO [2023-05-27 01:53:49,494]  [Preprocessor.java:255] [main]  Processing chromosome GL000218.1
Processing chromosome GL000218.1
INFO [2023-05-27 01:53:49,508]  [Preprocessor.java:255] [main]  Processing chromosome GL000219.1
Processing chromosome GL000219.1
INFO [2023-05-27 01:53:49,517]  [Preprocessor.java:255] [main]  Processing chromosome GL000220.1
Processing chromosome GL000220.1
INFO [2023-05-27 01:53:49,520]  [Preprocessor.java:255] [main]  Processing chromosome GL000221.1
Processing chromosome GL000221.1
INFO [2023-05-27 01:53:49,521]  [Preprocessor.java:255] [main]  Processing chromosome KI270438.1
Processing chromosome KI270438.1
INFO [2023-05-27 01:53:49,522]  [Preprocessor.java:255] [main]  Processing chromosome KI270466.1
Processing chromosome KI270466.1
INFO [2023-05-27 01:53:49,526]  [Preprocessor.java:255] [main]  Processing chromosome KI270711.1
Processing chromosome KI270711.1
INFO [2023-05-27 01:53:49,548]  [Preprocessor.java:255] [main]  Processing chromosome KI270712.1
Processing chromosome KI270712.1
INFO [2023-05-27 01:53:49,550]  [Preprocessor.java:255] [main]  Processing chromosome KI270713.1
Processing chromosome KI270713.1
INFO [2023-05-27 01:53:49,553]  [Preprocessor.java:255] [main]  Processing chromosome KI270714.1
Processing chromosome KI270714.1
INFO [2023-05-27 01:53:49,575]  [Preprocessor.java:255] [main]  Processing chromosome KI270717.1
Processing chromosome KI270717.1
INFO [2023-05-27 01:53:49,576]  [Preprocessor.java:255] [main]  Processing chromosome KI270719.1
Processing chromosome KI270719.1
INFO [2023-05-27 01:53:49,577]  [Preprocessor.java:255] [main]  Processing chromosome KI270720.1
Processing chromosome KI270720.1
INFO [2023-05-27 01:53:49,578]  [Preprocessor.java:255] [main]  Processing chromosome KI270727.1
Processing chromosome KI270727.1
INFO [2023-05-27 01:53:49,579]  [Preprocessor.java:255] [main]  Processing chromosome KI270728.1
Processing chromosome KI270728.1
INFO [2023-05-27 01:53:49,579]  [Preprocessor.java:255] [main]  Processing chromosome KI270733.1
Processing chromosome KI270733.1
INFO [2023-05-27 01:53:49,585]  [Preprocessor.java:255] [main]  Processing chromosome KI270734.1
Processing chromosome KI270734.1
INFO [2023-05-27 01:53:49,587]  [Preprocessor.java:255] [main]  Processing chromosome KI270742.1
Processing chromosome KI270742.1
INFO [2023-05-27 01:53:49,588]  [Preprocessor.java:255] [main]  Processing chromosome KI270744.1
Processing chromosome KI270744.1
INFO [2023-05-27 01:53:49,602]  [TDFWriter.java:318] [main]  Group idx: 1
Group idx: 1
100.0% 
Done
INFO [2023-05-27 01:53:30,653]  [IgvTools.java:667] [main]  toTDF.  File = ./results/tracks/Nter_0h_IAA_3.TC.0.min.bedGraph
toTDF.  File = ./results/tracks/Nter_0h_IAA_3.TC.0.min.bedGraph
INFO [2023-05-27 01:53:30,655]  [IgvTools.java:668] [main]  Max zoom = 7
Max zoom = 7
INFO [2023-05-27 01:53:30,656]  [IgvTools.java:676] [main]  Window functions: mean max 
Window functions: mean max 
INFO [2023-05-27 01:53:30,662]  [GenomeManager.java:145] [main]  Loading genome: /srv/2023_UPF1_4SU/bam2bakR/./results/tracks/GRCh38.chrom.sizes
Loading genome: /srv/2023_UPF1_4SU/bam2bakR/./results/tracks/GRCh38.chrom.sizes
INFO [2023-05-27 01:53:30,845]  [DirectoryManager.java:169] [main]  IGV Directory: /home/volker/igv
IGV Directory: /home/volker/igv
INFO [2023-05-27 01:53:30,862]  [GenomeManager.java:192] [main]  Genome loaded.  id= /srv/2023_UPF1_4SU/bam2bakR/
Genome loaded.  id= /srv/2023_UPF1_4SU/bam2bakR/
INFO [2023-05-27 01:53:30,882]  [Preprocessor.java:125] [main]  track type=bedGraph name=" Nter_0h_IAA_3 TC 0 minus " description=" Nter_0h_IAA_3 TC 0 minus strand" visibility=full negateValues=on autoScale=off windowingFunction=mean viewLimits=-10:0 color=10,10,10 altColor=200,200,200  priority=20
track type=bedGraph name=" Nter_0h_IAA_3 TC 0 minus " description=" Nter_0h_IAA_3 TC 0 minus strand" visibility=full negateValues=on autoScale=off windowingFunction=mean viewLimits=-10:0 color=10,10,10 altColor=200,200,200  priority=20
INFO [2023-05-27 01:53:30,898]  [Preprocessor.java:255] [main]  Processing chromosome chr1
Processing chromosome chr1
.....INFO [2023-05-27 01:53:34,015]  [Preprocessor.java:255] [main]  Processing chromosome chr2
Processing chromosome chr2
....INFO [2023-05-27 01:53:35,272]  [Preprocessor.java:255] [main]  Processing chromosome chr3
Processing chromosome chr3
10.0% 
..INFO [2023-05-27 01:53:36,131]  [Preprocessor.java:255] [main]  Processing chromosome chr4
Processing chromosome chr4
..INFO [2023-05-27 01:53:36,726]  [Preprocessor.java:255] [main]  Processing chromosome chr5
Processing chromosome chr5
..INFO [2023-05-27 01:53:37,513]  [Preprocessor.java:255] [main]  Processing chromosome chr6
Processing chromosome chr6
...INFO [2023-05-27 01:53:38,388]  [Preprocessor.java:255] [main]  Processing chromosome chr7
Processing chromosome chr7
20.0% 
..INFO [2023-05-27 01:53:39,231]  [Preprocessor.java:255] [main]  Processing chromosome chr8
Processing chromosome chr8
..INFO [2023-05-27 01:53:39,802]  [Preprocessor.java:255] [main]  Processing chromosome chr9
Processing chromosome chr9
..INFO [2023-05-27 01:53:40,474]  [Preprocessor.java:255] [main]  Processing chromosome chr10
Processing chromosome chr10
..INFO [2023-05-27 01:53:41,198]  [Preprocessor.java:255] [main]  Processing chromosome chr11
Processing chromosome chr11
.30.0% 
.INFO [2023-05-27 01:53:42,282]  [Preprocessor.java:255] [main]  Processing chromosome chr12
Processing chromosome chr12
....INFO [2023-05-27 01:53:43,345]  [Preprocessor.java:255] [main]  Processing chromosome chr13
Processing chromosome chr13
.INFO [2023-05-27 01:53:43,601]  [Preprocessor.java:255] [main]  Processing chromosome chr14
Processing chromosome chr14
.INFO [2023-05-27 01:53:44,116]  [Preprocessor.java:255] [main]  Processing chromosome chr15
Processing chromosome chr15
..INFO [2023-05-27 01:53:44,640]  [Preprocessor.java:255] [main]  Processing chromosome chr16
Processing chromosome chr16
40.0% 
..INFO [2023-05-27 01:53:45,514]  [Preprocessor.java:255] [main]  Processing chromosome chr17
Processing chromosome chr17
....INFO [2023-05-27 01:53:46,624]  [Preprocessor.java:255] [main]  Processing chromosome chr18
Processing chromosome chr18
.INFO [2023-05-27 01:53:46,867]  [Preprocessor.java:255] [main]  Processing chromosome chr19
Processing chromosome chr19
..50.0% 
.INFO [2023-05-27 01:53:48,080]  [Preprocessor.java:255] [main]  Processing chromosome chr20
Processing chromosome chr20
..INFO [2023-05-27 01:53:48,592]  [Preprocessor.java:255] [main]  Processing chromosome chr21
Processing chromosome chr21
INFO [2023-05-27 01:53:48,770]  [Preprocessor.java:255] [main]  Processing chromosome chr22
Processing chromosome chr22
..INFO [2023-05-27 01:53:49,237]  [Preprocessor.java:255] [main]  Processing chromosome chrX
Processing chromosome chrX
.INFO [2023-05-27 01:53:49,692]  [Preprocessor.java:255] [main]  Processing chromosome chrY
Processing chromosome chrY
INFO [2023-05-27 01:53:49,694]  [Preprocessor.java:255] [main]  Processing chromosome chrM
Processing chromosome chrM
INFO [2023-05-27 01:53:49,793]  [Preprocessor.java:255] [main]  Processing chromosome GL000194.1
Processing chromosome GL000194.1
INFO [2023-05-27 01:53:49,810]  [Preprocessor.java:255] [main]  Processing chromosome GL000195.1
Processing chromosome GL000195.1
INFO [2023-05-27 01:53:49,815]  [Preprocessor.java:255] [main]  Processing chromosome GL000205.2
Processing chromosome GL000205.2
INFO [2023-05-27 01:53:49,818]  [Preprocessor.java:255] [main]  Processing chromosome GL000218.1
Processing chromosome GL000218.1
INFO [2023-05-27 01:53:49,819]  [Preprocessor.java:255] [main]  Processing chromosome GL000219.1
Processing chromosome GL000219.1
INFO [2023-05-27 01:53:49,821]  [Preprocessor.java:255] [main]  Processing chromosome GL000220.1
Processing chromosome GL000220.1
INFO [2023-05-27 01:53:49,824]  [Preprocessor.java:255] [main]  Processing chromosome KI270442.1
Processing chromosome KI270442.1
INFO [2023-05-27 01:53:49,825]  [Preprocessor.java:255] [main]  Processing chromosome KI270711.1
Processing chromosome KI270711.1
INFO [2023-05-27 01:53:49,826]  [Preprocessor.java:255] [main]  Processing chromosome KI270712.1
Processing chromosome KI270712.1
INFO [2023-05-27 01:53:49,827]  [Preprocessor.java:255] [main]  Processing chromosome KI270713.1
Processing chromosome KI270713.1
INFO [2023-05-27 01:53:49,840]  [Preprocessor.java:255] [main]  Processing chromosome KI270714.1
Processing chromosome KI270714.1
INFO [2023-05-27 01:53:49,841]  [Preprocessor.java:255] [main]  Processing chromosome KI270721.1
Processing chromosome KI270721.1
INFO [2023-05-27 01:53:49,844]  [Preprocessor.java:255] [main]  Processing chromosome KI270728.1
Processing chromosome KI270728.1
INFO [2023-05-27 01:53:49,845]  [Preprocessor.java:255] [main]  Processing chromosome KI270731.1
Processing chromosome KI270731.1
INFO [2023-05-27 01:53:49,846]  [Preprocessor.java:255] [main]  Processing chromosome KI270733.1
Processing chromosome KI270733.1
INFO [2023-05-27 01:53:49,858]  [Preprocessor.java:255] [main]  Processing chromosome KI270734.1
Processing chromosome KI270734.1
INFO [2023-05-27 01:53:49,861]  [Preprocessor.java:255] [main]  Processing chromosome KI270743.1
Processing chromosome KI270743.1
INFO [2023-05-27 01:53:49,862]  [Preprocessor.java:255] [main]  Processing chromosome KI270744.1
Processing chromosome KI270744.1
INFO [2023-05-27 01:53:49,863]  [Preprocessor.java:255] [main]  Processing chromosome KI270745.1
Processing chromosome KI270745.1
INFO [2023-05-27 01:53:49,868]  [Preprocessor.java:255] [main]  Processing chromosome KI270752.1
Processing chromosome KI270752.1
INFO [2023-05-27 01:53:49,883]  [TDFWriter.java:318] [main]  Group idx: 1
Group idx: 1
100.0% 
Done
* TDF track files created for sample Nter_0h_IAA_3.
