* Creating files for each level of counting.
* Sorting bam files by coordiantes
[bam_sort_core] merging from 0 files and 32 in-memory blocks...
* Making .chrom.sizes file
* Making track headers
* Filtering reads
*making tracks with STAR
May 26 23:59:09 ..... reading from BAM, output wiggle
May 27 00:00:27 ..... done
May 26 23:59:09 ..... reading from BAM, output wiggle
May 27 00:00:27 ..... done
May 26 23:59:09 ..... reading from BAM, output wiggle
May 27 00:00:28 ..... done
May 26 23:59:09 ..... reading from BAM, output wiggle
May 27 00:00:31 ..... done
May 26 23:59:09 ..... reading from BAM, output wiggle
May 27 00:00:31 ..... done
May 26 23:59:09 ..... reading from BAM, output wiggle
May 27 00:01:12 ..... done
* Taking only unique components of tracks
* Make tdf files from tracks
INFO [2023-05-27 00:01:23,345]  [IgvTools.java:667] [main]  toTDF.  File = ./results/tracks/Nter_0h_IAA_1.TC.5.min.bedGraph
toTDF.  File = ./results/tracks/Nter_0h_IAA_1.TC.5.min.bedGraph
INFO [2023-05-27 00:01:23,347]  [IgvTools.java:668] [main]  Max zoom = 7
Max zoom = 7
INFO [2023-05-27 00:01:23,348]  [IgvTools.java:676] [main]  Window functions: mean max 
Window functions: mean max 
INFO [2023-05-27 00:01:23,356]  [GenomeManager.java:145] [main]  Loading genome: /srv/2023_UPF1_4SU/bam2bakR/./results/tracks/GRCh38.chrom.sizes
Loading genome: /srv/2023_UPF1_4SU/bam2bakR/./results/tracks/GRCh38.chrom.sizes
INFO [2023-05-27 00:01:23,570]  [DirectoryManager.java:169] [main]  IGV Directory: /home/volker/igv
IGV Directory: /home/volker/igv
INFO [2023-05-27 00:01:23,585]  [GenomeManager.java:192] [main]  Genome loaded.  id= /srv/2023_UPF1_4SU/bam2bakR/
Genome loaded.  id= /srv/2023_UPF1_4SU/bam2bakR/
INFO [2023-05-27 00:01:23,600]  [Preprocessor.java:125] [main]  track type=bedGraph name=" Nter_0h_IAA_1 TC 5 minus " description=" Nter_0h_IAA_1 TC 5 minus strand" visibility=full negateValues=on autoScale=off windowingFunction=mean viewLimits=-10:0 color=10,10,10 altColor=50,0,0  priority=20
track type=bedGraph name=" Nter_0h_IAA_1 TC 5 minus " description=" Nter_0h_IAA_1 TC 5 minus strand" visibility=full negateValues=on autoScale=off windowingFunction=mean viewLimits=-10:0 color=10,10,10 altColor=50,0,0  priority=20
INFO [2023-05-27 00:01:23,614]  [Preprocessor.java:255] [main]  Processing chromosome chr1
Processing chromosome chr1
.....INFO [2023-05-27 00:01:23,664]  [Preprocessor.java:255] [main]  Processing chromosome chr2
Processing chromosome chr2
....10.0% 
INFO [2023-05-27 00:01:23,681]  [Preprocessor.java:255] [main]  Processing chromosome chr3
Processing chromosome chr3
...INFO [2023-05-27 00:01:23,692]  [Preprocessor.java:255] [main]  Processing chromosome chr4
Processing chromosome chr4
INFO [2023-05-27 00:01:23,695]  [Preprocessor.java:255] [main]  Processing chromosome chr5
Processing chromosome chr5
....INFO [2023-05-27 00:01:23,704]  [Preprocessor.java:255] [main]  Processing chromosome chr6
Processing chromosome chr6
..20.0% 
INFO [2023-05-27 00:01:23,726]  [Preprocessor.java:255] [main]  Processing chromosome chr7
Processing chromosome chr7
....INFO [2023-05-27 00:01:23,735]  [Preprocessor.java:255] [main]  Processing chromosome chr8
Processing chromosome chr8
..INFO [2023-05-27 00:01:23,801]  [Preprocessor.java:255] [main]  Processing chromosome chr9
Processing chromosome chr9
...30.0% 
INFO [2023-05-27 00:01:23,808]  [Preprocessor.java:255] [main]  Processing chromosome chr10
Processing chromosome chr10
....INFO [2023-05-27 00:01:23,832]  [Preprocessor.java:255] [main]  Processing chromosome chr11
Processing chromosome chr11
...INFO [2023-05-27 00:01:23,841]  [Preprocessor.java:255] [main]  Processing chromosome chr12
Processing chromosome chr12
..40.0% 
..INFO [2023-05-27 00:01:23,869]  [Preprocessor.java:255] [main]  Processing chromosome chr13
Processing chromosome chr13
.INFO [2023-05-27 00:01:23,879]  [Preprocessor.java:255] [main]  Processing chromosome chr14
Processing chromosome chr14
.INFO [2023-05-27 00:01:23,884]  [Preprocessor.java:255] [main]  Processing chromosome chr15
Processing chromosome chr15
..INFO [2023-05-27 00:01:23,896]  [Preprocessor.java:255] [main]  Processing chromosome chr16
Processing chromosome chr16
...INFO [2023-05-27 00:01:23,905]  [Preprocessor.java:255] [main]  Processing chromosome chr17
Processing chromosome chr17
50.0% 
...INFO [2023-05-27 00:01:23,918]  [Preprocessor.java:255] [main]  Processing chromosome chr18
Processing chromosome chr18
INFO [2023-05-27 00:01:23,919]  [Preprocessor.java:255] [main]  Processing chromosome chr19
Processing chromosome chr19
......INFO [2023-05-27 00:01:23,933]  [Preprocessor.java:255] [main]  Processing chromosome chr20
Processing chromosome chr20
60.0% 
.INFO [2023-05-27 00:01:23,938]  [Preprocessor.java:255] [main]  Processing chromosome chr21
Processing chromosome chr21
INFO [2023-05-27 00:01:23,940]  [Preprocessor.java:255] [main]  Processing chromosome chr22
Processing chromosome chr22
.INFO [2023-05-27 00:01:23,943]  [Preprocessor.java:255] [main]  Processing chromosome chrX
Processing chromosome chrX
.INFO [2023-05-27 00:01:23,946]  [Preprocessor.java:255] [main]  Processing chromosome chrM
Processing chromosome chrM
....INFO [2023-05-27 00:01:24,576]  [TDFWriter.java:318] [main]  Group idx: 1
Group idx: 1
100.0% 
Done
INFO [2023-05-27 00:01:23,333]  [IgvTools.java:667] [main]  toTDF.  File = ./results/tracks/Nter_0h_IAA_1.TC.5.pos.bedGraph
toTDF.  File = ./results/tracks/Nter_0h_IAA_1.TC.5.pos.bedGraph
INFO [2023-05-27 00:01:23,335]  [IgvTools.java:668] [main]  Max zoom = 7
Max zoom = 7
INFO [2023-05-27 00:01:23,336]  [IgvTools.java:676] [main]  Window functions: mean max 
Window functions: mean max 
INFO [2023-05-27 00:01:23,342]  [GenomeManager.java:145] [main]  Loading genome: /srv/2023_UPF1_4SU/bam2bakR/./results/tracks/GRCh38.chrom.sizes
Loading genome: /srv/2023_UPF1_4SU/bam2bakR/./results/tracks/GRCh38.chrom.sizes
INFO [2023-05-27 00:01:23,550]  [DirectoryManager.java:169] [main]  IGV Directory: /home/volker/igv
IGV Directory: /home/volker/igv
INFO [2023-05-27 00:01:23,568]  [GenomeManager.java:192] [main]  Genome loaded.  id= /srv/2023_UPF1_4SU/bam2bakR/
Genome loaded.  id= /srv/2023_UPF1_4SU/bam2bakR/
INFO [2023-05-27 00:01:23,583]  [Preprocessor.java:125] [main]  track type=bedGraph name=" Nter_0h_IAA_1 TC 5 plus " description=" Nter_0h_IAA_1 TC 5 positive strand" visibility=full autoScale=off windowingFunction=mean viewLimits=0:10 color=50,0,0  altColor=10,10,10 priority=20
track type=bedGraph name=" Nter_0h_IAA_1 TC 5 plus " description=" Nter_0h_IAA_1 TC 5 positive strand" visibility=full autoScale=off windowingFunction=mean viewLimits=0:10 color=50,0,0  altColor=10,10,10 priority=20
INFO [2023-05-27 00:01:23,601]  [Preprocessor.java:255] [main]  Processing chromosome chr1
Processing chromosome chr1
......INFO [2023-05-27 00:01:23,663]  [Preprocessor.java:255] [main]  Processing chromosome chr2
Processing chromosome chr2
...10.0% 
..INFO [2023-05-27 00:01:23,714]  [Preprocessor.java:255] [main]  Processing chromosome chr3
Processing chromosome chr3
..INFO [2023-05-27 00:01:23,738]  [Preprocessor.java:255] [main]  Processing chromosome chr4
Processing chromosome chr4
..INFO [2023-05-27 00:01:23,745]  [Preprocessor.java:255] [main]  Processing chromosome chr5
Processing chromosome chr5
..INFO [2023-05-27 00:01:23,773]  [Preprocessor.java:255] [main]  Processing chromosome chr6
Processing chromosome chr6
.20.0% 
..INFO [2023-05-27 00:01:23,795]  [Preprocessor.java:255] [main]  Processing chromosome chr7
Processing chromosome chr7
..INFO [2023-05-27 00:01:23,808]  [Preprocessor.java:255] [main]  Processing chromosome chr8
Processing chromosome chr8
..INFO [2023-05-27 00:01:23,824]  [Preprocessor.java:255] [main]  Processing chromosome chr9
Processing chromosome chr9
...30.0% 
INFO [2023-05-27 00:01:23,928]  [Preprocessor.java:255] [main]  Processing chromosome chr10
Processing chromosome chr10
...INFO [2023-05-27 00:01:23,939]  [Preprocessor.java:255] [main]  Processing chromosome chr11
Processing chromosome chr11
....INFO [2023-05-27 00:01:23,945]  [Preprocessor.java:255] [main]  Processing chromosome chr12
Processing chromosome chr12
..40.0% 
..INFO [2023-05-27 00:01:23,952]  [Preprocessor.java:255] [main]  Processing chromosome chr13
Processing chromosome chr13
.INFO [2023-05-27 00:01:23,956]  [Preprocessor.java:255] [main]  Processing chromosome chr14
Processing chromosome chr14
.INFO [2023-05-27 00:01:23,959]  [Preprocessor.java:255] [main]  Processing chromosome chr15
Processing chromosome chr15
..INFO [2023-05-27 00:01:23,962]  [Preprocessor.java:255] [main]  Processing chromosome chr16
Processing chromosome chr16
..INFO [2023-05-27 00:01:23,965]  [Preprocessor.java:255] [main]  Processing chromosome chr17
Processing chromosome chr17
.50.0% 
......INFO [2023-05-27 00:01:23,978]  [Preprocessor.java:255] [main]  Processing chromosome chr18
Processing chromosome chr18
.INFO [2023-05-27 00:01:23,998]  [Preprocessor.java:255] [main]  Processing chromosome chr19
Processing chromosome chr19
..60.0% 
.INFO [2023-05-27 00:01:24,002]  [Preprocessor.java:255] [main]  Processing chromosome chr20
Processing chromosome chr20
...INFO [2023-05-27 00:01:24,010]  [Preprocessor.java:255] [main]  Processing chromosome chr21
Processing chromosome chr21
INFO [2023-05-27 00:01:24,011]  [Preprocessor.java:255] [main]  Processing chromosome chr22
Processing chromosome chr22
.INFO [2023-05-27 00:01:24,013]  [Preprocessor.java:255] [main]  Processing chromosome chrX
Processing chromosome chrX
.INFO [2023-05-27 00:01:24,598]  [TDFWriter.java:318] [main]  Group idx: 1
Group idx: 1
100.0% 
Done
INFO [2023-05-27 00:01:23,317]  [IgvTools.java:667] [main]  toTDF.  File = ./results/tracks/Nter_0h_IAA_1.TC.3.pos.bedGraph
toTDF.  File = ./results/tracks/Nter_0h_IAA_1.TC.3.pos.bedGraph
INFO [2023-05-27 00:01:23,320]  [IgvTools.java:668] [main]  Max zoom = 7
Max zoom = 7
INFO [2023-05-27 00:01:23,320]  [IgvTools.java:676] [main]  Window functions: mean max 
Window functions: mean max 
INFO [2023-05-27 00:01:23,328]  [GenomeManager.java:145] [main]  Loading genome: /srv/2023_UPF1_4SU/bam2bakR/./results/tracks/GRCh38.chrom.sizes
Loading genome: /srv/2023_UPF1_4SU/bam2bakR/./results/tracks/GRCh38.chrom.sizes
INFO [2023-05-27 00:01:23,537]  [DirectoryManager.java:169] [main]  IGV Directory: /home/volker/igv
IGV Directory: /home/volker/igv
INFO [2023-05-27 00:01:23,551]  [GenomeManager.java:192] [main]  Genome loaded.  id= /srv/2023_UPF1_4SU/bam2bakR/
Genome loaded.  id= /srv/2023_UPF1_4SU/bam2bakR/
INFO [2023-05-27 00:01:23,564]  [Preprocessor.java:125] [main]  track type=bedGraph name=" Nter_0h_IAA_1 TC 3 plus " description=" Nter_0h_IAA_1 TC 3 positive strand" visibility=full autoScale=off windowingFunction=mean viewLimits=0:10 color=150,0,0  altColor=10,10,10 priority=20
track type=bedGraph name=" Nter_0h_IAA_1 TC 3 plus " description=" Nter_0h_IAA_1 TC 3 positive strand" visibility=full autoScale=off windowingFunction=mean viewLimits=0:10 color=150,0,0  altColor=10,10,10 priority=20
INFO [2023-05-27 00:01:23,578]  [Preprocessor.java:255] [main]  Processing chromosome chr1
Processing chromosome chr1
.......INFO [2023-05-27 00:01:23,669]  [Preprocessor.java:255] [main]  Processing chromosome chr2
Processing chromosome chr2
..10.0% 
INFO [2023-05-27 00:01:23,746]  [Preprocessor.java:255] [main]  Processing chromosome chr3
Processing chromosome chr3
..INFO [2023-05-27 00:01:23,775]  [Preprocessor.java:255] [main]  Processing chromosome chr4
Processing chromosome chr4
...INFO [2023-05-27 00:01:23,809]  [Preprocessor.java:255] [main]  Processing chromosome chr5
Processing chromosome chr5
..INFO [2023-05-27 00:01:23,898]  [Preprocessor.java:255] [main]  Processing chromosome chr6
Processing chromosome chr6
..20.0% 
INFO [2023-05-27 00:01:23,912]  [Preprocessor.java:255] [main]  Processing chromosome chr7
Processing chromosome chr7
..INFO [2023-05-27 00:01:23,922]  [Preprocessor.java:255] [main]  Processing chromosome chr8
Processing chromosome chr8
..INFO [2023-05-27 00:01:23,938]  [Preprocessor.java:255] [main]  Processing chromosome chr9
Processing chromosome chr9
...INFO [2023-05-27 00:01:23,951]  [Preprocessor.java:255] [main]  Processing chromosome chr10
Processing chromosome chr10
..INFO [2023-05-27 00:01:23,961]  [Preprocessor.java:255] [main]  Processing chromosome chr11
Processing chromosome chr11
30.0% 
....INFO [2023-05-27 00:01:23,974]  [Preprocessor.java:255] [main]  Processing chromosome chr12
Processing chromosome chr12
....INFO [2023-05-27 00:01:23,995]  [Preprocessor.java:255] [main]  Processing chromosome chr13
Processing chromosome chr13
.INFO [2023-05-27 00:01:24,012]  [Preprocessor.java:255] [main]  Processing chromosome chr14
Processing chromosome chr14
40.0% 
INFO [2023-05-27 00:01:24,020]  [Preprocessor.java:255] [main]  Processing chromosome chr15
Processing chromosome chr15
....INFO [2023-05-27 00:01:24,030]  [Preprocessor.java:255] [main]  Processing chromosome chr16
Processing chromosome chr16
.INFO [2023-05-27 00:01:24,043]  [Preprocessor.java:255] [main]  Processing chromosome chr17
Processing chromosome chr17
....50.0% 
...INFO [2023-05-27 00:01:24,063]  [Preprocessor.java:255] [main]  Processing chromosome chr18
Processing chromosome chr18
INFO [2023-05-27 00:01:24,069]  [Preprocessor.java:255] [main]  Processing chromosome chr19
Processing chromosome chr19
.....INFO [2023-05-27 00:01:24,080]  [Preprocessor.java:255] [main]  Processing chromosome chr20
Processing chromosome chr20
.60.0% 
INFO [2023-05-27 00:01:24,088]  [Preprocessor.java:255] [main]  Processing chromosome chr21
Processing chromosome chr21
INFO [2023-05-27 00:01:24,090]  [Preprocessor.java:255] [main]  Processing chromosome chr22
Processing chromosome chr22
.INFO [2023-05-27 00:01:24,094]  [Preprocessor.java:255] [main]  Processing chromosome chrX
Processing chromosome chrX
.INFO [2023-05-27 00:01:24,099]  [Preprocessor.java:255] [main]  Processing chromosome chrM
Processing chromosome chrM
INFO [2023-05-27 00:01:24,699]  [TDFWriter.java:318] [main]  Group idx: 1
Group idx: 1
100.0% 
Done
INFO [2023-05-27 00:01:23,357]  [IgvTools.java:667] [main]  toTDF.  File = ./results/tracks/Nter_0h_IAA_1.TC.4.pos.bedGraph
toTDF.  File = ./results/tracks/Nter_0h_IAA_1.TC.4.pos.bedGraph
INFO [2023-05-27 00:01:23,359]  [IgvTools.java:668] [main]  Max zoom = 7
Max zoom = 7
INFO [2023-05-27 00:01:23,360]  [IgvTools.java:676] [main]  Window functions: mean max 
Window functions: mean max 
INFO [2023-05-27 00:01:23,366]  [GenomeManager.java:145] [main]  Loading genome: /srv/2023_UPF1_4SU/bam2bakR/./results/tracks/GRCh38.chrom.sizes
Loading genome: /srv/2023_UPF1_4SU/bam2bakR/./results/tracks/GRCh38.chrom.sizes
INFO [2023-05-27 00:01:23,597]  [DirectoryManager.java:169] [main]  IGV Directory: /home/volker/igv
IGV Directory: /home/volker/igv
INFO [2023-05-27 00:01:23,612]  [GenomeManager.java:192] [main]  Genome loaded.  id= /srv/2023_UPF1_4SU/bam2bakR/
Genome loaded.  id= /srv/2023_UPF1_4SU/bam2bakR/
INFO [2023-05-27 00:01:23,634]  [Preprocessor.java:125] [main]  track type=bedGraph name=" Nter_0h_IAA_1 TC 4 plus " description=" Nter_0h_IAA_1 TC 4 positive strand" visibility=full autoScale=off windowingFunction=mean viewLimits=0:10 color=100,0,0  altColor=10,10,10 priority=20
track type=bedGraph name=" Nter_0h_IAA_1 TC 4 plus " description=" Nter_0h_IAA_1 TC 4 positive strand" visibility=full autoScale=off windowingFunction=mean viewLimits=0:10 color=100,0,0  altColor=10,10,10 priority=20
INFO [2023-05-27 00:01:23,650]  [Preprocessor.java:255] [main]  Processing chromosome chr1
Processing chromosome chr1
......INFO [2023-05-27 00:01:23,745]  [Preprocessor.java:255] [main]  Processing chromosome chr2
Processing chromosome chr2
...10.0% 
INFO [2023-05-27 00:01:23,784]  [Preprocessor.java:255] [main]  Processing chromosome chr3
Processing chromosome chr3
..INFO [2023-05-27 00:01:23,805]  [Preprocessor.java:255] [main]  Processing chromosome chr4
Processing chromosome chr4
..INFO [2023-05-27 00:01:23,834]  [Preprocessor.java:255] [main]  Processing chromosome chr5
Processing chromosome chr5
...INFO [2023-05-27 00:01:23,852]  [Preprocessor.java:255] [main]  Processing chromosome chr6
Processing chromosome chr6
..20.0% 
INFO [2023-05-27 00:01:23,872]  [Preprocessor.java:255] [main]  Processing chromosome chr7
Processing chromosome chr7
..INFO [2023-05-27 00:01:24,030]  [Preprocessor.java:255] [main]  Processing chromosome chr8
Processing chromosome chr8
...INFO [2023-05-27 00:01:24,040]  [Preprocessor.java:255] [main]  Processing chromosome chr9
Processing chromosome chr9
...INFO [2023-05-27 00:01:24,047]  [Preprocessor.java:255] [main]  Processing chromosome chr10
Processing chromosome chr10
.30.0% 
.INFO [2023-05-27 00:01:24,055]  [Preprocessor.java:255] [main]  Processing chromosome chr11
Processing chromosome chr11
....INFO [2023-05-27 00:01:24,064]  [Preprocessor.java:255] [main]  Processing chromosome chr12
Processing chromosome chr12
....40.0% 
INFO [2023-05-27 00:01:24,074]  [Preprocessor.java:255] [main]  Processing chromosome chr13
Processing chromosome chr13
.INFO [2023-05-27 00:01:24,079]  [Preprocessor.java:255] [main]  Processing chromosome chr14
Processing chromosome chr14
..INFO [2023-05-27 00:01:24,086]  [Preprocessor.java:255] [main]  Processing chromosome chr15
Processing chromosome chr15
..INFO [2023-05-27 00:01:24,093]  [Preprocessor.java:255] [main]  Processing chromosome chr16
Processing chromosome chr16
..INFO [2023-05-27 00:01:24,101]  [Preprocessor.java:255] [main]  Processing chromosome chr17
Processing chromosome chr17
..50.0% 
....INFO [2023-05-27 00:01:24,114]  [Preprocessor.java:255] [main]  Processing chromosome chr18
Processing chromosome chr18
.INFO [2023-05-27 00:01:24,117]  [Preprocessor.java:255] [main]  Processing chromosome chr19
Processing chromosome chr19
...INFO [2023-05-27 00:01:24,126]  [Preprocessor.java:255] [main]  Processing chromosome chr20
Processing chromosome chr20
.60.0% 
.INFO [2023-05-27 00:01:24,135]  [Preprocessor.java:255] [main]  Processing chromosome chr21
Processing chromosome chr21
.INFO [2023-05-27 00:01:24,136]  [Preprocessor.java:255] [main]  Processing chromosome chr22
Processing chromosome chr22
.INFO [2023-05-27 00:01:24,140]  [Preprocessor.java:255] [main]  Processing chromosome chrX
Processing chromosome chrX
.INFO [2023-05-27 00:01:24,144]  [Preprocessor.java:255] [main]  Processing chromosome chrM
Processing chromosome chrM
INFO [2023-05-27 00:01:24,714]  [TDFWriter.java:318] [main]  Group idx: 1
Group idx: 1
100.0% 
Done
INFO [2023-05-27 00:01:23,350]  [IgvTools.java:667] [main]  toTDF.  File = ./results/tracks/Nter_0h_IAA_1.TC.4.min.bedGraph
toTDF.  File = ./results/tracks/Nter_0h_IAA_1.TC.4.min.bedGraph
INFO [2023-05-27 00:01:23,353]  [IgvTools.java:668] [main]  Max zoom = 7
Max zoom = 7
INFO [2023-05-27 00:01:23,354]  [IgvTools.java:676] [main]  Window functions: mean max 
Window functions: mean max 
INFO [2023-05-27 00:01:23,361]  [GenomeManager.java:145] [main]  Loading genome: /srv/2023_UPF1_4SU/bam2bakR/./results/tracks/GRCh38.chrom.sizes
Loading genome: /srv/2023_UPF1_4SU/bam2bakR/./results/tracks/GRCh38.chrom.sizes
INFO [2023-05-27 00:01:23,561]  [DirectoryManager.java:169] [main]  IGV Directory: /home/volker/igv
IGV Directory: /home/volker/igv
INFO [2023-05-27 00:01:23,576]  [GenomeManager.java:192] [main]  Genome loaded.  id= /srv/2023_UPF1_4SU/bam2bakR/
Genome loaded.  id= /srv/2023_UPF1_4SU/bam2bakR/
INFO [2023-05-27 00:01:23,595]  [Preprocessor.java:125] [main]  track type=bedGraph name=" Nter_0h_IAA_1 TC 4 minus " description=" Nter_0h_IAA_1 TC 4 minus strand" visibility=full negateValues=on autoScale=off windowingFunction=mean viewLimits=-10:0 color=10,10,10 altColor=100,0,0  priority=20
track type=bedGraph name=" Nter_0h_IAA_1 TC 4 minus " description=" Nter_0h_IAA_1 TC 4 minus strand" visibility=full negateValues=on autoScale=off windowingFunction=mean viewLimits=-10:0 color=10,10,10 altColor=100,0,0  priority=20
INFO [2023-05-27 00:01:23,614]  [Preprocessor.java:255] [main]  Processing chromosome chr1
Processing chromosome chr1
.....INFO [2023-05-27 00:01:23,701]  [Preprocessor.java:255] [main]  Processing chromosome chr2
Processing chromosome chr2
....10.0% 
INFO [2023-05-27 00:01:23,744]  [Preprocessor.java:255] [main]  Processing chromosome chr3
Processing chromosome chr3
..INFO [2023-05-27 00:01:23,776]  [Preprocessor.java:255] [main]  Processing chromosome chr4
Processing chromosome chr4
.INFO [2023-05-27 00:01:23,779]  [Preprocessor.java:255] [main]  Processing chromosome chr5
Processing chromosome chr5
...INFO [2023-05-27 00:01:23,794]  [Preprocessor.java:255] [main]  Processing chromosome chr6
Processing chromosome chr6
...20.0% 
INFO [2023-05-27 00:01:23,907]  [Preprocessor.java:255] [main]  Processing chromosome chr7
Processing chromosome chr7
...INFO [2023-05-27 00:01:23,925]  [Preprocessor.java:255] [main]  Processing chromosome chr8
Processing chromosome chr8
..INFO [2023-05-27 00:01:23,935]  [Preprocessor.java:255] [main]  Processing chromosome chr9
Processing chromosome chr9
...INFO [2023-05-27 00:01:23,941]  [Preprocessor.java:255] [main]  Processing chromosome chr10
Processing chromosome chr10
.30.0% 
..INFO [2023-05-27 00:01:23,952]  [Preprocessor.java:255] [main]  Processing chromosome chr11
Processing chromosome chr11
...INFO [2023-05-27 00:01:23,963]  [Preprocessor.java:255] [main]  Processing chromosome chr12
Processing chromosome chr12
....40.0% 
INFO [2023-05-27 00:01:23,974]  [Preprocessor.java:255] [main]  Processing chromosome chr13
Processing chromosome chr13
INFO [2023-05-27 00:01:23,978]  [Preprocessor.java:255] [main]  Processing chromosome chr14
Processing chromosome chr14
..INFO [2023-05-27 00:01:23,983]  [Preprocessor.java:255] [main]  Processing chromosome chr15
Processing chromosome chr15
.INFO [2023-05-27 00:01:23,991]  [Preprocessor.java:255] [main]  Processing chromosome chr16
Processing chromosome chr16
...INFO [2023-05-27 00:01:24,001]  [Preprocessor.java:255] [main]  Processing chromosome chr17
Processing chromosome chr17
...INFO [2023-05-27 00:01:24,011]  [Preprocessor.java:255] [main]  Processing chromosome chr18
Processing chromosome chr18
50.0% 
INFO [2023-05-27 00:01:24,014]  [Preprocessor.java:255] [main]  Processing chromosome chr19
Processing chromosome chr19
......INFO [2023-05-27 00:01:24,025]  [Preprocessor.java:255] [main]  Processing chromosome chr20
Processing chromosome chr20
..INFO [2023-05-27 00:01:24,033]  [Preprocessor.java:255] [main]  Processing chromosome chr21
Processing chromosome chr21
INFO [2023-05-27 00:01:24,036]  [Preprocessor.java:255] [main]  Processing chromosome chr22
Processing chromosome chr22
.60.0% 
INFO [2023-05-27 00:01:24,042]  [Preprocessor.java:255] [main]  Processing chromosome chrX
Processing chromosome chrX
.INFO [2023-05-27 00:01:24,047]  [Preprocessor.java:255] [main]  Processing chromosome chrM
Processing chromosome chrM
.......INFO [2023-05-27 00:01:24,721]  [TDFWriter.java:318] [main]  Group idx: 1
Group idx: 1
100.0% 
Done
INFO [2023-05-27 00:01:23,320]  [IgvTools.java:667] [main]  toTDF.  File = ./results/tracks/Nter_0h_IAA_1.TC.3.min.bedGraph
toTDF.  File = ./results/tracks/Nter_0h_IAA_1.TC.3.min.bedGraph
INFO [2023-05-27 00:01:23,323]  [IgvTools.java:668] [main]  Max zoom = 7
Max zoom = 7
INFO [2023-05-27 00:01:23,323]  [IgvTools.java:676] [main]  Window functions: mean max 
Window functions: mean max 
INFO [2023-05-27 00:01:23,329]  [GenomeManager.java:145] [main]  Loading genome: /srv/2023_UPF1_4SU/bam2bakR/./results/tracks/GRCh38.chrom.sizes
Loading genome: /srv/2023_UPF1_4SU/bam2bakR/./results/tracks/GRCh38.chrom.sizes
INFO [2023-05-27 00:01:23,539]  [DirectoryManager.java:169] [main]  IGV Directory: /home/volker/igv
IGV Directory: /home/volker/igv
INFO [2023-05-27 00:01:23,554]  [GenomeManager.java:192] [main]  Genome loaded.  id= /srv/2023_UPF1_4SU/bam2bakR/
Genome loaded.  id= /srv/2023_UPF1_4SU/bam2bakR/
INFO [2023-05-27 00:01:23,572]  [Preprocessor.java:125] [main]  track type=bedGraph name=" Nter_0h_IAA_1 TC 3 minus " description=" Nter_0h_IAA_1 TC 3 minus strand" visibility=full negateValues=on autoScale=off windowingFunction=mean viewLimits=-10:0 color=10,10,10 altColor=150,0,0  priority=20
track type=bedGraph name=" Nter_0h_IAA_1 TC 3 minus " description=" Nter_0h_IAA_1 TC 3 minus strand" visibility=full negateValues=on autoScale=off windowingFunction=mean viewLimits=-10:0 color=10,10,10 altColor=150,0,0  priority=20
INFO [2023-05-27 00:01:23,589]  [Preprocessor.java:255] [main]  Processing chromosome chr1
Processing chromosome chr1
....INFO [2023-05-27 00:01:23,653]  [Preprocessor.java:255] [main]  Processing chromosome chr2
Processing chromosome chr2
....INFO [2023-05-27 00:01:23,683]  [Preprocessor.java:255] [main]  Processing chromosome chr3
Processing chromosome chr3
.10.0% 
.INFO [2023-05-27 00:01:23,722]  [Preprocessor.java:255] [main]  Processing chromosome chr4
Processing chromosome chr4
.INFO [2023-05-27 00:01:23,735]  [Preprocessor.java:255] [main]  Processing chromosome chr5
Processing chromosome chr5
...INFO [2023-05-27 00:01:23,872]  [Preprocessor.java:255] [main]  Processing chromosome chr6
Processing chromosome chr6
....INFO [2023-05-27 00:01:23,892]  [Preprocessor.java:255] [main]  Processing chromosome chr7
Processing chromosome chr7
20.0% 
.INFO [2023-05-27 00:01:23,908]  [Preprocessor.java:255] [main]  Processing chromosome chr8
Processing chromosome chr8
..INFO [2023-05-27 00:01:23,919]  [Preprocessor.java:255] [main]  Processing chromosome chr9
Processing chromosome chr9
..INFO [2023-05-27 00:01:23,926]  [Preprocessor.java:255] [main]  Processing chromosome chr10
Processing chromosome chr10
...INFO [2023-05-27 00:01:23,941]  [Preprocessor.java:255] [main]  Processing chromosome chr11
Processing chromosome chr11
.30.0% 
.INFO [2023-05-27 00:01:23,949]  [Preprocessor.java:255] [main]  Processing chromosome chr12
Processing chromosome chr12
....INFO [2023-05-27 00:01:23,963]  [Preprocessor.java:255] [main]  Processing chromosome chr13
Processing chromosome chr13
.INFO [2023-05-27 00:01:23,968]  [Preprocessor.java:255] [main]  Processing chromosome chr14
Processing chromosome chr14
..INFO [2023-05-27 00:01:23,977]  [Preprocessor.java:255] [main]  Processing chromosome chr15
Processing chromosome chr15
.INFO [2023-05-27 00:01:23,989]  [Preprocessor.java:255] [main]  Processing chromosome chr16
Processing chromosome chr16
40.0% 
..INFO [2023-05-27 00:01:24,004]  [Preprocessor.java:255] [main]  Processing chromosome chr17
Processing chromosome chr17
...INFO [2023-05-27 00:01:24,028]  [Preprocessor.java:255] [main]  Processing chromosome chr18
Processing chromosome chr18
.INFO [2023-05-27 00:01:24,032]  [Preprocessor.java:255] [main]  Processing chromosome chr19
Processing chromosome chr19
...50.0% 
.INFO [2023-05-27 00:01:24,050]  [Preprocessor.java:255] [main]  Processing chromosome chr20
Processing chromosome chr20
..INFO [2023-05-27 00:01:24,064]  [Preprocessor.java:255] [main]  Processing chromosome chr21
Processing chromosome chr21
INFO [2023-05-27 00:01:24,067]  [Preprocessor.java:255] [main]  Processing chromosome chr22
Processing chromosome chr22
..INFO [2023-05-27 00:01:24,085]  [Preprocessor.java:255] [main]  Processing chromosome chrX
Processing chromosome chrX
.INFO [2023-05-27 00:01:24,092]  [Preprocessor.java:255] [main]  Processing chromosome chrM
Processing chromosome chrM
...60.0% 
.......INFO [2023-05-27 00:01:24,253]  [Preprocessor.java:255] [main]  Processing chromosome GL000220.1
Processing chromosome GL000220.1
INFO [2023-05-27 00:01:24,258]  [Preprocessor.java:255] [main]  Processing chromosome KI270733.1
Processing chromosome KI270733.1
INFO [2023-05-27 00:01:24,790]  [TDFWriter.java:318] [main]  Group idx: 1
Group idx: 1
100.0% 
Done
INFO [2023-05-27 00:01:23,316]  [IgvTools.java:667] [main]  toTDF.  File = ./results/tracks/Nter_0h_IAA_1.TC.2.pos.bedGraph
toTDF.  File = ./results/tracks/Nter_0h_IAA_1.TC.2.pos.bedGraph
INFO [2023-05-27 00:01:23,319]  [IgvTools.java:668] [main]  Max zoom = 7
Max zoom = 7
INFO [2023-05-27 00:01:23,319]  [IgvTools.java:676] [main]  Window functions: mean max 
Window functions: mean max 
INFO [2023-05-27 00:01:23,326]  [GenomeManager.java:145] [main]  Loading genome: /srv/2023_UPF1_4SU/bam2bakR/./results/tracks/GRCh38.chrom.sizes
Loading genome: /srv/2023_UPF1_4SU/bam2bakR/./results/tracks/GRCh38.chrom.sizes
INFO [2023-05-27 00:01:23,525]  [DirectoryManager.java:169] [main]  IGV Directory: /home/volker/igv
IGV Directory: /home/volker/igv
INFO [2023-05-27 00:01:23,540]  [GenomeManager.java:192] [main]  Genome loaded.  id= /srv/2023_UPF1_4SU/bam2bakR/
Genome loaded.  id= /srv/2023_UPF1_4SU/bam2bakR/
INFO [2023-05-27 00:01:23,554]  [Preprocessor.java:125] [main]  track type=bedGraph name=" Nter_0h_IAA_1 TC 2 plus " description=" Nter_0h_IAA_1 TC 2 positive strand" visibility=full autoScale=off windowingFunction=mean viewLimits=0:10 color=250,0,0  altColor=10,10,10 priority=20
track type=bedGraph name=" Nter_0h_IAA_1 TC 2 plus " description=" Nter_0h_IAA_1 TC 2 positive strand" visibility=full autoScale=off windowingFunction=mean viewLimits=0:10 color=250,0,0  altColor=10,10,10 priority=20
INFO [2023-05-27 00:01:23,568]  [Preprocessor.java:255] [main]  Processing chromosome chr1
Processing chromosome chr1
......INFO [2023-05-27 00:01:23,662]  [Preprocessor.java:255] [main]  Processing chromosome chr2
Processing chromosome chr2
...INFO [2023-05-27 00:01:23,733]  [Preprocessor.java:255] [main]  Processing chromosome chr3
Processing chromosome chr3
10.0% 
..INFO [2023-05-27 00:01:23,890]  [Preprocessor.java:255] [main]  Processing chromosome chr4
Processing chromosome chr4
..INFO [2023-05-27 00:01:23,915]  [Preprocessor.java:255] [main]  Processing chromosome chr5
Processing chromosome chr5
..INFO [2023-05-27 00:01:23,953]  [Preprocessor.java:255] [main]  Processing chromosome chr6
Processing chromosome chr6
...INFO [2023-05-27 00:01:23,983]  [Preprocessor.java:255] [main]  Processing chromosome chr7
Processing chromosome chr7
20.0% 
.INFO [2023-05-27 00:01:24,001]  [Preprocessor.java:255] [main]  Processing chromosome chr8
Processing chromosome chr8
...INFO [2023-05-27 00:01:24,037]  [Preprocessor.java:255] [main]  Processing chromosome chr9
Processing chromosome chr9
...INFO [2023-05-27 00:01:24,054]  [Preprocessor.java:255] [main]  Processing chromosome chr10
Processing chromosome chr10
..INFO [2023-05-27 00:01:24,068]  [Preprocessor.java:255] [main]  Processing chromosome chr11
Processing chromosome chr11
30.0% 
...INFO [2023-05-27 00:01:24,088]  [Preprocessor.java:255] [main]  Processing chromosome chr12
Processing chromosome chr12
...INFO [2023-05-27 00:01:24,107]  [Preprocessor.java:255] [main]  Processing chromosome chr13
Processing chromosome chr13
.INFO [2023-05-27 00:01:24,114]  [Preprocessor.java:255] [main]  Processing chromosome chr14
Processing chromosome chr14
..INFO [2023-05-27 00:01:24,134]  [Preprocessor.java:255] [main]  Processing chromosome chr15
Processing chromosome chr15
40.0% 
.INFO [2023-05-27 00:01:24,150]  [Preprocessor.java:255] [main]  Processing chromosome chr16
Processing chromosome chr16
..INFO [2023-05-27 00:01:24,163]  [Preprocessor.java:255] [main]  Processing chromosome chr17
Processing chromosome chr17
......50.0% 
INFO [2023-05-27 00:01:24,216]  [Preprocessor.java:255] [main]  Processing chromosome chr18
Processing chromosome chr18
INFO [2023-05-27 00:01:24,224]  [Preprocessor.java:255] [main]  Processing chromosome chr19
Processing chromosome chr19
......INFO [2023-05-27 00:01:24,316]  [Preprocessor.java:255] [main]  Processing chromosome chr20
Processing chromosome chr20
.INFO [2023-05-27 00:01:24,333]  [Preprocessor.java:255] [main]  Processing chromosome chr21
Processing chromosome chr21
.INFO [2023-05-27 00:01:24,339]  [Preprocessor.java:255] [main]  Processing chromosome chr22
Processing chromosome chr22
.INFO [2023-05-27 00:01:24,351]  [Preprocessor.java:255] [main]  Processing chromosome chrX
Processing chromosome chrX
60.0% 
INFO [2023-05-27 00:01:24,361]  [Preprocessor.java:255] [main]  Processing chromosome chrY
Processing chromosome chrY
INFO [2023-05-27 00:01:24,363]  [Preprocessor.java:255] [main]  Processing chromosome chrM
Processing chromosome chrM
INFO [2023-05-27 00:01:24,380]  [Preprocessor.java:255] [main]  Processing chromosome GL000219.1
Processing chromosome GL000219.1
INFO [2023-05-27 00:01:24,819]  [TDFWriter.java:318] [main]  Group idx: 1
Group idx: 1
100.0% 
Done
INFO [2023-05-27 00:01:23,322]  [IgvTools.java:667] [main]  toTDF.  File = ./results/tracks/Nter_0h_IAA_1.TC.2.min.bedGraph
toTDF.  File = ./results/tracks/Nter_0h_IAA_1.TC.2.min.bedGraph
INFO [2023-05-27 00:01:23,324]  [IgvTools.java:668] [main]  Max zoom = 7
Max zoom = 7
INFO [2023-05-27 00:01:23,324]  [IgvTools.java:676] [main]  Window functions: mean max 
Window functions: mean max 
INFO [2023-05-27 00:01:23,330]  [GenomeManager.java:145] [main]  Loading genome: /srv/2023_UPF1_4SU/bam2bakR/./results/tracks/GRCh38.chrom.sizes
Loading genome: /srv/2023_UPF1_4SU/bam2bakR/./results/tracks/GRCh38.chrom.sizes
INFO [2023-05-27 00:01:23,531]  [DirectoryManager.java:169] [main]  IGV Directory: /home/volker/igv
IGV Directory: /home/volker/igv
INFO [2023-05-27 00:01:23,545]  [GenomeManager.java:192] [main]  Genome loaded.  id= /srv/2023_UPF1_4SU/bam2bakR/
Genome loaded.  id= /srv/2023_UPF1_4SU/bam2bakR/
INFO [2023-05-27 00:01:23,557]  [Preprocessor.java:125] [main]  track type=bedGraph name=" Nter_0h_IAA_1 TC 2 minus " description=" Nter_0h_IAA_1 TC 2 minus strand" visibility=full negateValues=on autoScale=off windowingFunction=mean viewLimits=-10:0 color=10,10,10 altColor=250,0,0  priority=20
track type=bedGraph name=" Nter_0h_IAA_1 TC 2 minus " description=" Nter_0h_IAA_1 TC 2 minus strand" visibility=full negateValues=on autoScale=off windowingFunction=mean viewLimits=-10:0 color=10,10,10 altColor=250,0,0  priority=20
INFO [2023-05-27 00:01:23,572]  [Preprocessor.java:255] [main]  Processing chromosome chr1
Processing chromosome chr1
.....INFO [2023-05-27 00:01:23,692]  [Preprocessor.java:255] [main]  Processing chromosome chr2
Processing chromosome chr2
....INFO [2023-05-27 00:01:23,892]  [Preprocessor.java:255] [main]  Processing chromosome chr3
Processing chromosome chr3
10.0% 
.INFO [2023-05-27 00:01:23,935]  [Preprocessor.java:255] [main]  Processing chromosome chr4
Processing chromosome chr4
.INFO [2023-05-27 00:01:23,957]  [Preprocessor.java:255] [main]  Processing chromosome chr5
Processing chromosome chr5
...INFO [2023-05-27 00:01:23,977]  [Preprocessor.java:255] [main]  Processing chromosome chr6
Processing chromosome chr6
....INFO [2023-05-27 00:01:24,013]  [Preprocessor.java:255] [main]  Processing chromosome chr7
Processing chromosome chr7
20.0% 
.INFO [2023-05-27 00:01:24,052]  [Preprocessor.java:255] [main]  Processing chromosome chr8
Processing chromosome chr8
..INFO [2023-05-27 00:01:24,063]  [Preprocessor.java:255] [main]  Processing chromosome chr9
Processing chromosome chr9
..INFO [2023-05-27 00:01:24,076]  [Preprocessor.java:255] [main]  Processing chromosome chr10
Processing chromosome chr10
..INFO [2023-05-27 00:01:24,090]  [Preprocessor.java:255] [main]  Processing chromosome chr11
Processing chromosome chr11
..INFO [2023-05-27 00:01:24,107]  [Preprocessor.java:255] [main]  Processing chromosome chr12
Processing chromosome chr12
30.0% 
.....INFO [2023-05-27 00:01:24,135]  [Preprocessor.java:255] [main]  Processing chromosome chr13
Processing chromosome chr13
INFO [2023-05-27 00:01:24,143]  [Preprocessor.java:255] [main]  Processing chromosome chr14
Processing chromosome chr14
..INFO [2023-05-27 00:01:24,154]  [Preprocessor.java:255] [main]  Processing chromosome chr15
Processing chromosome chr15
.INFO [2023-05-27 00:01:24,165]  [Preprocessor.java:255] [main]  Processing chromosome chr16
Processing chromosome chr16
.40.0% 
.INFO [2023-05-27 00:01:24,200]  [Preprocessor.java:255] [main]  Processing chromosome chr17
Processing chromosome chr17
...INFO [2023-05-27 00:01:24,240]  [Preprocessor.java:255] [main]  Processing chromosome chr18
Processing chromosome chr18
INFO [2023-05-27 00:01:24,245]  [Preprocessor.java:255] [main]  Processing chromosome chr19
Processing chromosome chr19
.....INFO [2023-05-27 00:01:24,280]  [Preprocessor.java:255] [main]  Processing chromosome chr20
Processing chromosome chr20
50.0% 
.INFO [2023-05-27 00:01:24,325]  [Preprocessor.java:255] [main]  Processing chromosome chr21
Processing chromosome chr21
.INFO [2023-05-27 00:01:24,332]  [Preprocessor.java:255] [main]  Processing chromosome chr22
Processing chromosome chr22
..INFO [2023-05-27 00:01:24,343]  [Preprocessor.java:255] [main]  Processing chromosome chrX
Processing chromosome chrX
.INFO [2023-05-27 00:01:24,352]  [Preprocessor.java:255] [main]  Processing chromosome chrM
Processing chromosome chrM
....60.0% 
.....INFO [2023-05-27 00:01:24,506]  [Preprocessor.java:255] [main]  Processing chromosome GL000220.1
Processing chromosome GL000220.1
INFO [2023-05-27 00:01:24,512]  [Preprocessor.java:255] [main]  Processing chromosome KI270733.1
Processing chromosome KI270733.1
INFO [2023-05-27 00:01:24,513]  [Preprocessor.java:255] [main]  Processing chromosome KI270745.1
Processing chromosome KI270745.1
INFO [2023-05-27 00:01:24,990]  [TDFWriter.java:318] [main]  Group idx: 1
Group idx: 1
100.0% 
Done
INFO [2023-05-27 00:01:23,348]  [IgvTools.java:667] [main]  toTDF.  File = ./results/tracks/Nter_0h_IAA_1.TC.1.pos.bedGraph
toTDF.  File = ./results/tracks/Nter_0h_IAA_1.TC.1.pos.bedGraph
INFO [2023-05-27 00:01:23,351]  [IgvTools.java:668] [main]  Max zoom = 7
Max zoom = 7
INFO [2023-05-27 00:01:23,351]  [IgvTools.java:676] [main]  Window functions: mean max 
Window functions: mean max 
INFO [2023-05-27 00:01:23,357]  [GenomeManager.java:145] [main]  Loading genome: /srv/2023_UPF1_4SU/bam2bakR/./results/tracks/GRCh38.chrom.sizes
Loading genome: /srv/2023_UPF1_4SU/bam2bakR/./results/tracks/GRCh38.chrom.sizes
INFO [2023-05-27 00:01:23,597]  [DirectoryManager.java:169] [main]  IGV Directory: /home/volker/igv
IGV Directory: /home/volker/igv
INFO [2023-05-27 00:01:23,613]  [GenomeManager.java:192] [main]  Genome loaded.  id= /srv/2023_UPF1_4SU/bam2bakR/
Genome loaded.  id= /srv/2023_UPF1_4SU/bam2bakR/
INFO [2023-05-27 00:01:23,629]  [Preprocessor.java:125] [main]  track type=bedGraph name=" Nter_0h_IAA_1 TC 1 plus " description=" Nter_0h_IAA_1 TC 1 positive strand" visibility=full autoScale=off windowingFunction=mean viewLimits=0:10 color=250,150,150  altColor=10,10,10 priority=20
track type=bedGraph name=" Nter_0h_IAA_1 TC 1 plus " description=" Nter_0h_IAA_1 TC 1 positive strand" visibility=full autoScale=off windowingFunction=mean viewLimits=0:10 color=250,150,150  altColor=10,10,10 priority=20
INFO [2023-05-27 00:01:23,643]  [Preprocessor.java:255] [main]  Processing chromosome chr1
Processing chromosome chr1
.....INFO [2023-05-27 00:01:24,265]  [Preprocessor.java:255] [main]  Processing chromosome chr2
Processing chromosome chr2
....INFO [2023-05-27 00:01:24,412]  [Preprocessor.java:255] [main]  Processing chromosome chr3
Processing chromosome chr3
10.0% 
.INFO [2023-05-27 00:01:24,533]  [Preprocessor.java:255] [main]  Processing chromosome chr4
Processing chromosome chr4
..INFO [2023-05-27 00:01:24,604]  [Preprocessor.java:255] [main]  Processing chromosome chr5
Processing chromosome chr5
..INFO [2023-05-27 00:01:24,660]  [Preprocessor.java:255] [main]  Processing chromosome chr6
Processing chromosome chr6
...INFO [2023-05-27 00:01:24,730]  [Preprocessor.java:255] [main]  Processing chromosome chr7
Processing chromosome chr7
.20.0% 
INFO [2023-05-27 00:01:24,782]  [Preprocessor.java:255] [main]  Processing chromosome chr8
Processing chromosome chr8
...INFO [2023-05-27 00:01:24,839]  [Preprocessor.java:255] [main]  Processing chromosome chr9
Processing chromosome chr9
..INFO [2023-05-27 00:01:24,882]  [Preprocessor.java:255] [main]  Processing chromosome chr10
Processing chromosome chr10
..INFO [2023-05-27 00:01:25,515]  [Preprocessor.java:255] [main]  Processing chromosome chr11
Processing chromosome chr11
..30.0% 
.INFO [2023-05-27 00:01:25,576]  [Preprocessor.java:255] [main]  Processing chromosome chr12
Processing chromosome chr12
....INFO [2023-05-27 00:01:25,641]  [Preprocessor.java:255] [main]  Processing chromosome chr13
Processing chromosome chr13
.INFO [2023-05-27 00:01:25,660]  [Preprocessor.java:255] [main]  Processing chromosome chr14
Processing chromosome chr14
..INFO [2023-05-27 00:01:25,693]  [Preprocessor.java:255] [main]  Processing chromosome chr15
Processing chromosome chr15
.INFO [2023-05-27 00:01:25,725]  [Preprocessor.java:255] [main]  Processing chromosome chr16
Processing chromosome chr16
40.0% 
..INFO [2023-05-27 00:01:25,766]  [Preprocessor.java:255] [main]  Processing chromosome chr17
Processing chromosome chr17
.....INFO [2023-05-27 00:01:25,841]  [Preprocessor.java:255] [main]  Processing chromosome chr18
Processing chromosome chr18
.INFO [2023-05-27 00:01:25,858]  [Preprocessor.java:255] [main]  Processing chromosome chr19
Processing chromosome chr19
.50.0% 
.INFO [2023-05-27 00:01:25,922]  [Preprocessor.java:255] [main]  Processing chromosome chr20
Processing chromosome chr20
..INFO [2023-05-27 00:01:25,950]  [Preprocessor.java:255] [main]  Processing chromosome chr21
Processing chromosome chr21
INFO [2023-05-27 00:01:25,966]  [Preprocessor.java:255] [main]  Processing chromosome chr22
Processing chromosome chr22
..INFO [2023-05-27 00:01:26,258]  [Preprocessor.java:255] [main]  Processing chromosome chrX
Processing chromosome chrX
.INFO [2023-05-27 00:01:26,294]  [Preprocessor.java:255] [main]  Processing chromosome chrY
Processing chromosome chrY
INFO [2023-05-27 00:01:26,297]  [Preprocessor.java:255] [main]  Processing chromosome chrM
Processing chromosome chrM
INFO [2023-05-27 00:01:26,355]  [Preprocessor.java:255] [main]  Processing chromosome GL000008.2
Processing chromosome GL000008.2
INFO [2023-05-27 00:01:26,357]  [Preprocessor.java:255] [main]  Processing chromosome GL000194.1
Processing chromosome GL000194.1
INFO [2023-05-27 00:01:26,358]  [Preprocessor.java:255] [main]  Processing chromosome GL000195.1
Processing chromosome GL000195.1
INFO [2023-05-27 00:01:26,359]  [Preprocessor.java:255] [main]  Processing chromosome GL000205.2
Processing chromosome GL000205.2
INFO [2023-05-27 00:01:26,361]  [Preprocessor.java:255] [main]  Processing chromosome GL000218.1
Processing chromosome GL000218.1
INFO [2023-05-27 00:01:26,364]  [Preprocessor.java:255] [main]  Processing chromosome GL000219.1
Processing chromosome GL000219.1
INFO [2023-05-27 00:01:26,365]  [Preprocessor.java:255] [main]  Processing chromosome KI270442.1
Processing chromosome KI270442.1
INFO [2023-05-27 00:01:26,366]  [Preprocessor.java:255] [main]  Processing chromosome KI270711.1
Processing chromosome KI270711.1
INFO [2023-05-27 00:01:26,370]  [Preprocessor.java:255] [main]  Processing chromosome KI270714.1
Processing chromosome KI270714.1
INFO [2023-05-27 00:01:26,373]  [Preprocessor.java:255] [main]  Processing chromosome KI270727.1
Processing chromosome KI270727.1
INFO [2023-05-27 00:01:26,374]  [Preprocessor.java:255] [main]  Processing chromosome KI270733.1
Processing chromosome KI270733.1
INFO [2023-05-27 00:01:26,375]  [Preprocessor.java:255] [main]  Processing chromosome KI270744.1
Processing chromosome KI270744.1
INFO [2023-05-27 00:01:26,391]  [TDFWriter.java:318] [main]  Group idx: 1
Group idx: 1
100.0% 
Done
INFO [2023-05-27 00:01:23,330]  [IgvTools.java:667] [main]  toTDF.  File = ./results/tracks/Nter_0h_IAA_1.TC.1.min.bedGraph
toTDF.  File = ./results/tracks/Nter_0h_IAA_1.TC.1.min.bedGraph
INFO [2023-05-27 00:01:23,332]  [IgvTools.java:668] [main]  Max zoom = 7
Max zoom = 7
INFO [2023-05-27 00:01:23,332]  [IgvTools.java:676] [main]  Window functions: mean max 
Window functions: mean max 
INFO [2023-05-27 00:01:23,338]  [GenomeManager.java:145] [main]  Loading genome: /srv/2023_UPF1_4SU/bam2bakR/./results/tracks/GRCh38.chrom.sizes
Loading genome: /srv/2023_UPF1_4SU/bam2bakR/./results/tracks/GRCh38.chrom.sizes
INFO [2023-05-27 00:01:23,577]  [DirectoryManager.java:169] [main]  IGV Directory: /home/volker/igv
IGV Directory: /home/volker/igv
INFO [2023-05-27 00:01:23,592]  [GenomeManager.java:192] [main]  Genome loaded.  id= /srv/2023_UPF1_4SU/bam2bakR/
Genome loaded.  id= /srv/2023_UPF1_4SU/bam2bakR/
INFO [2023-05-27 00:01:23,623]  [Preprocessor.java:125] [main]  track type=bedGraph name=" Nter_0h_IAA_1 TC 1 minus " description=" Nter_0h_IAA_1 TC 1 minus strand" visibility=full negateValues=on autoScale=off windowingFunction=mean viewLimits=-10:0 color=10,10,10 altColor=250,150,150  priority=20
track type=bedGraph name=" Nter_0h_IAA_1 TC 1 minus " description=" Nter_0h_IAA_1 TC 1 minus strand" visibility=full negateValues=on autoScale=off windowingFunction=mean viewLimits=-10:0 color=10,10,10 altColor=250,150,150  priority=20
INFO [2023-05-27 00:01:23,637]  [Preprocessor.java:255] [main]  Processing chromosome chr1
Processing chromosome chr1
.....INFO [2023-05-27 00:01:24,409]  [Preprocessor.java:255] [main]  Processing chromosome chr2
Processing chromosome chr2
...INFO [2023-05-27 00:01:24,567]  [Preprocessor.java:255] [main]  Processing chromosome chr3
Processing chromosome chr3
.10.0% 
.INFO [2023-05-27 00:01:24,666]  [Preprocessor.java:255] [main]  Processing chromosome chr4
Processing chromosome chr4
.INFO [2023-05-27 00:01:24,726]  [Preprocessor.java:255] [main]  Processing chromosome chr5
Processing chromosome chr5
...INFO [2023-05-27 00:01:24,793]  [Preprocessor.java:255] [main]  Processing chromosome chr6
Processing chromosome chr6
...INFO [2023-05-27 00:01:24,859]  [Preprocessor.java:255] [main]  Processing chromosome chr7
Processing chromosome chr7
.20.0% 
INFO [2023-05-27 00:01:24,914]  [Preprocessor.java:255] [main]  Processing chromosome chr8
Processing chromosome chr8
..INFO [2023-05-27 00:01:24,954]  [Preprocessor.java:255] [main]  Processing chromosome chr9
Processing chromosome chr9
..INFO [2023-05-27 00:01:24,995]  [Preprocessor.java:255] [main]  Processing chromosome chr10
Processing chromosome chr10
..INFO [2023-05-27 00:01:25,812]  [Preprocessor.java:255] [main]  Processing chromosome chr11
Processing chromosome chr11
...INFO [2023-05-27 00:01:25,895]  [Preprocessor.java:255] [main]  Processing chromosome chr12
Processing chromosome chr12
30.0% 
....INFO [2023-05-27 00:01:25,980]  [Preprocessor.java:255] [main]  Processing chromosome chr13
Processing chromosome chr13
INFO [2023-05-27 00:01:25,999]  [Preprocessor.java:255] [main]  Processing chromosome chr14
Processing chromosome chr14
..INFO [2023-05-27 00:01:26,027]  [Preprocessor.java:255] [main]  Processing chromosome chr15
Processing chromosome chr15
.INFO [2023-05-27 00:01:26,057]  [Preprocessor.java:255] [main]  Processing chromosome chr16
Processing chromosome chr16
..40.0% 
INFO [2023-05-27 00:01:26,101]  [Preprocessor.java:255] [main]  Processing chromosome chr17
Processing chromosome chr17
....INFO [2023-05-27 00:01:26,165]  [Preprocessor.java:255] [main]  Processing chromosome chr18
Processing chromosome chr18
INFO [2023-05-27 00:01:26,182]  [Preprocessor.java:255] [main]  Processing chromosome chr19
Processing chromosome chr19
.....INFO [2023-05-27 00:01:26,268]  [Preprocessor.java:255] [main]  Processing chromosome chr20
Processing chromosome chr20
50.0% 
.INFO [2023-05-27 00:01:26,313]  [Preprocessor.java:255] [main]  Processing chromosome chr21
Processing chromosome chr21
.INFO [2023-05-27 00:01:26,690]  [Preprocessor.java:255] [main]  Processing chromosome chr22
Processing chromosome chr22
.INFO [2023-05-27 00:01:26,720]  [Preprocessor.java:255] [main]  Processing chromosome chrX
Processing chromosome chrX
..INFO [2023-05-27 00:01:26,748]  [Preprocessor.java:255] [main]  Processing chromosome chrY
Processing chromosome chrY
INFO [2023-05-27 00:01:26,750]  [Preprocessor.java:255] [main]  Processing chromosome chrM
Processing chromosome chrM
..INFO [2023-05-27 00:01:26,883]  [Preprocessor.java:255] [main]  Processing chromosome GL000195.1
Processing chromosome GL000195.1
INFO [2023-05-27 00:01:26,895]  [Preprocessor.java:255] [main]  Processing chromosome GL000205.2
Processing chromosome GL000205.2
INFO [2023-05-27 00:01:26,897]  [Preprocessor.java:255] [main]  Processing chromosome GL000220.1
Processing chromosome GL000220.1
INFO [2023-05-27 00:01:26,899]  [Preprocessor.java:255] [main]  Processing chromosome KI270713.1
Processing chromosome KI270713.1
INFO [2023-05-27 00:01:26,902]  [Preprocessor.java:255] [main]  Processing chromosome KI270714.1
Processing chromosome KI270714.1
INFO [2023-05-27 00:01:26,903]  [Preprocessor.java:255] [main]  Processing chromosome KI270733.1
Processing chromosome KI270733.1
INFO [2023-05-27 00:01:26,906]  [Preprocessor.java:255] [main]  Processing chromosome KI270745.1
Processing chromosome KI270745.1
INFO [2023-05-27 00:01:26,908]  [Preprocessor.java:255] [main]  Processing chromosome KI270755.1
Processing chromosome KI270755.1
INFO [2023-05-27 00:01:26,932]  [TDFWriter.java:318] [main]  Group idx: 1
Group idx: 1
100.0% 
Done
INFO [2023-05-27 00:01:23,336]  [IgvTools.java:667] [main]  toTDF.  File = ./results/tracks/Nter_0h_IAA_1.TC.0.pos.bedGraph
toTDF.  File = ./results/tracks/Nter_0h_IAA_1.TC.0.pos.bedGraph
INFO [2023-05-27 00:01:23,339]  [IgvTools.java:668] [main]  Max zoom = 7
Max zoom = 7
INFO [2023-05-27 00:01:23,340]  [IgvTools.java:676] [main]  Window functions: mean max 
Window functions: mean max 
INFO [2023-05-27 00:01:23,347]  [GenomeManager.java:145] [main]  Loading genome: /srv/2023_UPF1_4SU/bam2bakR/./results/tracks/GRCh38.chrom.sizes
Loading genome: /srv/2023_UPF1_4SU/bam2bakR/./results/tracks/GRCh38.chrom.sizes
INFO [2023-05-27 00:01:23,574]  [DirectoryManager.java:169] [main]  IGV Directory: /home/volker/igv
IGV Directory: /home/volker/igv
INFO [2023-05-27 00:01:23,589]  [GenomeManager.java:192] [main]  Genome loaded.  id= /srv/2023_UPF1_4SU/bam2bakR/
Genome loaded.  id= /srv/2023_UPF1_4SU/bam2bakR/
INFO [2023-05-27 00:01:23,604]  [Preprocessor.java:125] [main]  track type=bedGraph name=" Nter_0h_IAA_1 TC 0 plus " description=" Nter_0h_IAA_1 TC 0 positive strand" visibility=full autoScale=off windowingFunction=mean viewLimits=0:10 color=200,200,200  altColor=10,10,10 priority=20
track type=bedGraph name=" Nter_0h_IAA_1 TC 0 plus " description=" Nter_0h_IAA_1 TC 0 positive strand" visibility=full autoScale=off windowingFunction=mean viewLimits=0:10 color=200,200,200  altColor=10,10,10 priority=20
INFO [2023-05-27 00:01:23,618]  [Preprocessor.java:255] [main]  Processing chromosome chr1
Processing chromosome chr1
.....INFO [2023-05-27 00:01:26,551]  [Preprocessor.java:255] [main]  Processing chromosome chr2
Processing chromosome chr2
...INFO [2023-05-27 00:01:27,551]  [Preprocessor.java:255] [main]  Processing chromosome chr3
Processing chromosome chr3
.10.0% 
.INFO [2023-05-27 00:01:28,366]  [Preprocessor.java:255] [main]  Processing chromosome chr4
Processing chromosome chr4
..INFO [2023-05-27 00:01:28,865]  [Preprocessor.java:255] [main]  Processing chromosome chr5
Processing chromosome chr5
..INFO [2023-05-27 00:01:29,459]  [Preprocessor.java:255] [main]  Processing chromosome chr6
Processing chromosome chr6
..INFO [2023-05-27 00:01:30,146]  [Preprocessor.java:255] [main]  Processing chromosome chr7
Processing chromosome chr7
..20.0% 
INFO [2023-05-27 00:01:30,828]  [Preprocessor.java:255] [main]  Processing chromosome chr8
Processing chromosome chr8
..INFO [2023-05-27 00:01:31,476]  [Preprocessor.java:255] [main]  Processing chromosome chr9
Processing chromosome chr9
..INFO [2023-05-27 00:01:32,098]  [Preprocessor.java:255] [main]  Processing chromosome chr10
Processing chromosome chr10
..INFO [2023-05-27 00:01:32,685]  [Preprocessor.java:255] [main]  Processing chromosome chr11
Processing chromosome chr11
...INFO [2023-05-27 00:01:33,506]  [Preprocessor.java:255] [main]  Processing chromosome chr12
Processing chromosome chr12
30.0% 
..INFO [2023-05-27 00:01:34,378]  [Preprocessor.java:255] [main]  Processing chromosome chr13
Processing chromosome chr13
.INFO [2023-05-27 00:01:34,613]  [Preprocessor.java:255] [main]  Processing chromosome chr14
Processing chromosome chr14
..INFO [2023-05-27 00:01:35,100]  [Preprocessor.java:255] [main]  Processing chromosome chr15
Processing chromosome chr15
.INFO [2023-05-27 00:01:35,568]  [Preprocessor.java:255] [main]  Processing chromosome chr16
Processing chromosome chr16
...INFO [2023-05-27 00:01:36,253]  [Preprocessor.java:255] [main]  Processing chromosome chr17
Processing chromosome chr17
40.0% 
...INFO [2023-05-27 00:01:37,386]  [Preprocessor.java:255] [main]  Processing chromosome chr18
Processing chromosome chr18
.INFO [2023-05-27 00:01:37,568]  [Preprocessor.java:255] [main]  Processing chromosome chr19
Processing chromosome chr19
...INFO [2023-05-27 00:01:38,476]  [Preprocessor.java:255] [main]  Processing chromosome chr20
Processing chromosome chr20
..INFO [2023-05-27 00:01:38,848]  [Preprocessor.java:255] [main]  Processing chromosome chr21
Processing chromosome chr21
INFO [2023-05-27 00:01:38,983]  [Preprocessor.java:255] [main]  Processing chromosome chr22
Processing chromosome chr22
50.0% 
.INFO [2023-05-27 00:01:39,406]  [Preprocessor.java:255] [main]  Processing chromosome chrX
Processing chromosome chrX
.INFO [2023-05-27 00:01:39,798]  [Preprocessor.java:255] [main]  Processing chromosome chrY
Processing chromosome chrY
INFO [2023-05-27 00:01:39,801]  [Preprocessor.java:255] [main]  Processing chromosome chrM
Processing chromosome chrM
INFO [2023-05-27 00:01:39,878]  [Preprocessor.java:255] [main]  Processing chromosome GL000008.2
Processing chromosome GL000008.2
INFO [2023-05-27 00:01:39,884]  [Preprocessor.java:255] [main]  Processing chromosome GL000194.1
Processing chromosome GL000194.1
INFO [2023-05-27 00:01:39,889]  [Preprocessor.java:255] [main]  Processing chromosome GL000195.1
Processing chromosome GL000195.1
INFO [2023-05-27 00:01:39,899]  [Preprocessor.java:255] [main]  Processing chromosome GL000205.2
Processing chromosome GL000205.2
INFO [2023-05-27 00:01:39,907]  [Preprocessor.java:255] [main]  Processing chromosome GL000213.1
Processing chromosome GL000213.1
INFO [2023-05-27 00:01:39,908]  [Preprocessor.java:255] [main]  Processing chromosome GL000214.1
Processing chromosome GL000214.1
INFO [2023-05-27 00:01:39,908]  [Preprocessor.java:255] [main]  Processing chromosome GL000218.1
Processing chromosome GL000218.1
INFO [2023-05-27 00:01:39,922]  [Preprocessor.java:255] [main]  Processing chromosome GL000219.1
Processing chromosome GL000219.1
INFO [2023-05-27 00:01:39,930]  [Preprocessor.java:255] [main]  Processing chromosome GL000220.1
Processing chromosome GL000220.1
INFO [2023-05-27 00:01:39,933]  [Preprocessor.java:255] [main]  Processing chromosome GL000221.1
Processing chromosome GL000221.1
INFO [2023-05-27 00:01:39,934]  [Preprocessor.java:255] [main]  Processing chromosome KI270438.1
Processing chromosome KI270438.1
INFO [2023-05-27 00:01:39,935]  [Preprocessor.java:255] [main]  Processing chromosome KI270442.1
Processing chromosome KI270442.1
INFO [2023-05-27 00:01:39,935]  [Preprocessor.java:255] [main]  Processing chromosome KI270711.1
Processing chromosome KI270711.1
INFO [2023-05-27 00:01:39,959]  [Preprocessor.java:255] [main]  Processing chromosome KI270713.1
Processing chromosome KI270713.1
INFO [2023-05-27 00:01:39,965]  [Preprocessor.java:255] [main]  Processing chromosome KI270714.1
Processing chromosome KI270714.1
INFO [2023-05-27 00:01:39,982]  [Preprocessor.java:255] [main]  Processing chromosome KI270717.1
Processing chromosome KI270717.1
INFO [2023-05-27 00:01:39,983]  [Preprocessor.java:255] [main]  Processing chromosome KI270719.1
Processing chromosome KI270719.1
INFO [2023-05-27 00:01:39,984]  [Preprocessor.java:255] [main]  Processing chromosome KI270727.1
Processing chromosome KI270727.1
INFO [2023-05-27 00:01:39,985]  [Preprocessor.java:255] [main]  Processing chromosome KI270728.1
Processing chromosome KI270728.1
INFO [2023-05-27 00:01:39,985]  [Preprocessor.java:255] [main]  Processing chromosome KI270733.1
Processing chromosome KI270733.1
INFO [2023-05-27 00:01:39,990]  [Preprocessor.java:255] [main]  Processing chromosome KI270734.1
Processing chromosome KI270734.1
INFO [2023-05-27 00:01:39,992]  [Preprocessor.java:255] [main]  Processing chromosome KI270742.1
Processing chromosome KI270742.1
INFO [2023-05-27 00:01:39,994]  [Preprocessor.java:255] [main]  Processing chromosome KI270744.1
Processing chromosome KI270744.1
INFO [2023-05-27 00:01:40,008]  [TDFWriter.java:318] [main]  Group idx: 1
Group idx: 1
100.0% 
Done
INFO [2023-05-27 00:01:23,304]  [IgvTools.java:667] [main]  toTDF.  File = ./results/tracks/Nter_0h_IAA_1.TC.0.min.bedGraph
toTDF.  File = ./results/tracks/Nter_0h_IAA_1.TC.0.min.bedGraph
INFO [2023-05-27 00:01:23,307]  [IgvTools.java:668] [main]  Max zoom = 7
Max zoom = 7
INFO [2023-05-27 00:01:23,307]  [IgvTools.java:676] [main]  Window functions: mean max 
Window functions: mean max 
INFO [2023-05-27 00:01:23,313]  [GenomeManager.java:145] [main]  Loading genome: /srv/2023_UPF1_4SU/bam2bakR/./results/tracks/GRCh38.chrom.sizes
Loading genome: /srv/2023_UPF1_4SU/bam2bakR/./results/tracks/GRCh38.chrom.sizes
INFO [2023-05-27 00:01:23,524]  [DirectoryManager.java:169] [main]  IGV Directory: /home/volker/igv
IGV Directory: /home/volker/igv
INFO [2023-05-27 00:01:23,544]  [GenomeManager.java:192] [main]  Genome loaded.  id= /srv/2023_UPF1_4SU/bam2bakR/
Genome loaded.  id= /srv/2023_UPF1_4SU/bam2bakR/
INFO [2023-05-27 00:01:23,555]  [Preprocessor.java:125] [main]  track type=bedGraph name=" Nter_0h_IAA_1 TC 0 minus " description=" Nter_0h_IAA_1 TC 0 minus strand" visibility=full negateValues=on autoScale=off windowingFunction=mean viewLimits=-10:0 color=10,10,10 altColor=200,200,200  priority=20
track type=bedGraph name=" Nter_0h_IAA_1 TC 0 minus " description=" Nter_0h_IAA_1 TC 0 minus strand" visibility=full negateValues=on autoScale=off windowingFunction=mean viewLimits=-10:0 color=10,10,10 altColor=200,200,200  priority=20
INFO [2023-05-27 00:01:23,572]  [Preprocessor.java:255] [main]  Processing chromosome chr1
Processing chromosome chr1
.....INFO [2023-05-27 00:01:26,532]  [Preprocessor.java:255] [main]  Processing chromosome chr2
Processing chromosome chr2
....INFO [2023-05-27 00:01:27,600]  [Preprocessor.java:255] [main]  Processing chromosome chr3
Processing chromosome chr3
10.0% 
..INFO [2023-05-27 00:01:28,358]  [Preprocessor.java:255] [main]  Processing chromosome chr4
Processing chromosome chr4
.INFO [2023-05-27 00:01:28,846]  [Preprocessor.java:255] [main]  Processing chromosome chr5
Processing chromosome chr5
...INFO [2023-05-27 00:01:29,555]  [Preprocessor.java:255] [main]  Processing chromosome chr6
Processing chromosome chr6
...INFO [2023-05-27 00:01:30,238]  [Preprocessor.java:255] [main]  Processing chromosome chr7
Processing chromosome chr7
20.0% 
.INFO [2023-05-27 00:01:30,969]  [Preprocessor.java:255] [main]  Processing chromosome chr8
Processing chromosome chr8
..INFO [2023-05-27 00:01:31,518]  [Preprocessor.java:255] [main]  Processing chromosome chr9
Processing chromosome chr9
...INFO [2023-05-27 00:01:32,113]  [Preprocessor.java:255] [main]  Processing chromosome chr10
Processing chromosome chr10
..INFO [2023-05-27 00:01:32,738]  [Preprocessor.java:255] [main]  Processing chromosome chr11
Processing chromosome chr11
.30.0% 
.INFO [2023-05-27 00:01:33,608]  [Preprocessor.java:255] [main]  Processing chromosome chr12
Processing chromosome chr12
....INFO [2023-05-27 00:01:34,533]  [Preprocessor.java:255] [main]  Processing chromosome chr13
Processing chromosome chr13
.INFO [2023-05-27 00:01:34,751]  [Preprocessor.java:255] [main]  Processing chromosome chr14
Processing chromosome chr14
.INFO [2023-05-27 00:01:35,203]  [Preprocessor.java:255] [main]  Processing chromosome chr15
Processing chromosome chr15
..INFO [2023-05-27 00:01:35,651]  [Preprocessor.java:255] [main]  Processing chromosome chr16
Processing chromosome chr16
40.0% 
..INFO [2023-05-27 00:01:36,412]  [Preprocessor.java:255] [main]  Processing chromosome chr17
Processing chromosome chr17
....INFO [2023-05-27 00:01:37,382]  [Preprocessor.java:255] [main]  Processing chromosome chr18
Processing chromosome chr18
.INFO [2023-05-27 00:01:37,586]  [Preprocessor.java:255] [main]  Processing chromosome chr19
Processing chromosome chr19
..50.0% 
.INFO [2023-05-27 00:01:38,671]  [Preprocessor.java:255] [main]  Processing chromosome chr20
Processing chromosome chr20
..INFO [2023-05-27 00:01:39,138]  [Preprocessor.java:255] [main]  Processing chromosome chr21
Processing chromosome chr21
INFO [2023-05-27 00:01:39,293]  [Preprocessor.java:255] [main]  Processing chromosome chr22
Processing chromosome chr22
..INFO [2023-05-27 00:01:39,717]  [Preprocessor.java:255] [main]  Processing chromosome chrX
Processing chromosome chrX
.INFO [2023-05-27 00:01:40,156]  [Preprocessor.java:255] [main]  Processing chromosome chrY
Processing chromosome chrY
INFO [2023-05-27 00:01:40,159]  [Preprocessor.java:255] [main]  Processing chromosome chrM
Processing chromosome chrM
.INFO [2023-05-27 00:01:40,279]  [Preprocessor.java:255] [main]  Processing chromosome GL000009.2
Processing chromosome GL000009.2
INFO [2023-05-27 00:01:40,296]  [Preprocessor.java:255] [main]  Processing chromosome GL000194.1
Processing chromosome GL000194.1
INFO [2023-05-27 00:01:40,297]  [Preprocessor.java:255] [main]  Processing chromosome GL000195.1
Processing chromosome GL000195.1
INFO [2023-05-27 00:01:40,302]  [Preprocessor.java:255] [main]  Processing chromosome GL000205.2
Processing chromosome GL000205.2
INFO [2023-05-27 00:01:40,304]  [Preprocessor.java:255] [main]  Processing chromosome GL000218.1
Processing chromosome GL000218.1
INFO [2023-05-27 00:01:40,305]  [Preprocessor.java:255] [main]  Processing chromosome GL000219.1
Processing chromosome GL000219.1
INFO [2023-05-27 00:01:40,306]  [Preprocessor.java:255] [main]  Processing chromosome GL000220.1
Processing chromosome GL000220.1
INFO [2023-05-27 00:01:40,309]  [Preprocessor.java:255] [main]  Processing chromosome GL000221.1
Processing chromosome GL000221.1
INFO [2023-05-27 00:01:40,310]  [Preprocessor.java:255] [main]  Processing chromosome GL000225.1
Processing chromosome GL000225.1
INFO [2023-05-27 00:01:40,311]  [Preprocessor.java:255] [main]  Processing chromosome KI270711.1
Processing chromosome KI270711.1
INFO [2023-05-27 00:01:40,312]  [Preprocessor.java:255] [main]  Processing chromosome KI270713.1
Processing chromosome KI270713.1
INFO [2023-05-27 00:01:40,325]  [Preprocessor.java:255] [main]  Processing chromosome KI270714.1
Processing chromosome KI270714.1
INFO [2023-05-27 00:01:40,328]  [Preprocessor.java:255] [main]  Processing chromosome KI270720.1
Processing chromosome KI270720.1
INFO [2023-05-27 00:01:40,328]  [Preprocessor.java:255] [main]  Processing chromosome KI270721.1
Processing chromosome KI270721.1
INFO [2023-05-27 00:01:40,332]  [Preprocessor.java:255] [main]  Processing chromosome KI270731.1
Processing chromosome KI270731.1
INFO [2023-05-27 00:01:40,333]  [Preprocessor.java:255] [main]  Processing chromosome KI270733.1
Processing chromosome KI270733.1
INFO [2023-05-27 00:01:40,345]  [Preprocessor.java:255] [main]  Processing chromosome KI270734.1
Processing chromosome KI270734.1
INFO [2023-05-27 00:01:40,348]  [Preprocessor.java:255] [main]  Processing chromosome KI270742.1
Processing chromosome KI270742.1
INFO [2023-05-27 00:01:40,348]  [Preprocessor.java:255] [main]  Processing chromosome KI270744.1
Processing chromosome KI270744.1
INFO [2023-05-27 00:01:40,349]  [Preprocessor.java:255] [main]  Processing chromosome KI270745.1
Processing chromosome KI270745.1
INFO [2023-05-27 00:01:40,353]  [Preprocessor.java:255] [main]  Processing chromosome KI270748.1
Processing chromosome KI270748.1
INFO [2023-05-27 00:01:40,355]  [Preprocessor.java:255] [main]  Processing chromosome KI270755.1
Processing chromosome KI270755.1
INFO [2023-05-27 00:01:40,377]  [TDFWriter.java:318] [main]  Group idx: 1
Group idx: 1
100.0% 
Done
* TDF track files created for sample Nter_0h_IAA_1.
