* Creating files for each level of counting.
* Sorting bam files by coordiantes
[bam_sort_core] merging from 0 files and 32 in-memory blocks...
* Making .chrom.sizes file
* Making track headers
* Filtering reads
*making tracks with STAR
May 27 02:13:31 ..... reading from BAM, output wiggle
May 27 02:14:54 ..... done
May 27 02:13:31 ..... reading from BAM, output wiggle
May 27 02:14:56 ..... done
May 27 02:13:31 ..... reading from BAM, output wiggle
May 27 02:14:59 ..... done
May 27 02:13:31 ..... reading from BAM, output wiggle
May 27 02:15:02 ..... done
May 27 02:13:31 ..... reading from BAM, output wiggle
May 27 02:15:04 ..... done
May 27 02:13:31 ..... reading from BAM, output wiggle
May 27 02:15:43 ..... done
* Taking only unique components of tracks
* Make tdf files from tracks
INFO [2023-05-27 02:15:57,725]  [IgvTools.java:667] [main]  toTDF.  File = ./results/tracks/Nter_24h_IAA_4SU_1.TC.5.pos.bedGraph
toTDF.  File = ./results/tracks/Nter_24h_IAA_4SU_1.TC.5.pos.bedGraph
INFO [2023-05-27 02:15:57,729]  [IgvTools.java:668] [main]  Max zoom = 7
Max zoom = 7
INFO [2023-05-27 02:15:57,729]  [IgvTools.java:676] [main]  Window functions: mean max 
Window functions: mean max 
INFO [2023-05-27 02:15:57,737]  [GenomeManager.java:145] [main]  Loading genome: /srv/2023_UPF1_4SU/bam2bakR/./results/tracks/GRCh38.chrom.sizes
Loading genome: /srv/2023_UPF1_4SU/bam2bakR/./results/tracks/GRCh38.chrom.sizes
INFO [2023-05-27 02:15:57,997]  [DirectoryManager.java:169] [main]  IGV Directory: /home/volker/igv
IGV Directory: /home/volker/igv
INFO [2023-05-27 02:15:58,015]  [GenomeManager.java:192] [main]  Genome loaded.  id= /srv/2023_UPF1_4SU/bam2bakR/
Genome loaded.  id= /srv/2023_UPF1_4SU/bam2bakR/
INFO [2023-05-27 02:15:58,032]  [Preprocessor.java:125] [main]  track type=bedGraph name=" Nter_24h_IAA_4SU_1 TC 5 plus " description=" Nter_24h_IAA_4SU_1 TC 5 positive strand" visibility=full autoScale=off windowingFunction=mean viewLimits=0:10 color=50,0,0  altColor=10,10,10 priority=20
track type=bedGraph name=" Nter_24h_IAA_4SU_1 TC 5 plus " description=" Nter_24h_IAA_4SU_1 TC 5 positive strand" visibility=full autoScale=off windowingFunction=mean viewLimits=0:10 color=50,0,0  altColor=10,10,10 priority=20
INFO [2023-05-27 02:15:58,049]  [Preprocessor.java:255] [main]  Processing chromosome chr1
Processing chromosome chr1
......INFO [2023-05-27 02:15:59,148]  [Preprocessor.java:255] [main]  Processing chromosome chr2
Processing chromosome chr2
...INFO [2023-05-27 02:15:59,391]  [Preprocessor.java:255] [main]  Processing chromosome chr3
Processing chromosome chr3
10.0% 
..INFO [2023-05-27 02:16:00,029]  [Preprocessor.java:255] [main]  Processing chromosome chr4
Processing chromosome chr4
..INFO [2023-05-27 02:16:00,138]  [Preprocessor.java:255] [main]  Processing chromosome chr5
Processing chromosome chr5
..INFO [2023-05-27 02:16:00,278]  [Preprocessor.java:255] [main]  Processing chromosome chr6
Processing chromosome chr6
...INFO [2023-05-27 02:16:00,440]  [Preprocessor.java:255] [main]  Processing chromosome chr7
Processing chromosome chr7
20.0% 
.INFO [2023-05-27 02:16:00,577]  [Preprocessor.java:255] [main]  Processing chromosome chr8
Processing chromosome chr8
...INFO [2023-05-27 02:16:00,946]  [Preprocessor.java:255] [main]  Processing chromosome chr9
Processing chromosome chr9
..INFO [2023-05-27 02:16:01,027]  [Preprocessor.java:255] [main]  Processing chromosome chr10
Processing chromosome chr10
..INFO [2023-05-27 02:16:01,113]  [Preprocessor.java:255] [main]  Processing chromosome chr11
Processing chromosome chr11
.30.0% 
..INFO [2023-05-27 02:16:01,228]  [Preprocessor.java:255] [main]  Processing chromosome chr12
Processing chromosome chr12
....INFO [2023-05-27 02:16:01,446]  [Preprocessor.java:255] [main]  Processing chromosome chr13
Processing chromosome chr13
.INFO [2023-05-27 02:16:01,481]  [Preprocessor.java:255] [main]  Processing chromosome chr14
Processing chromosome chr14
..INFO [2023-05-27 02:16:01,541]  [Preprocessor.java:255] [main]  Processing chromosome chr15
Processing chromosome chr15
40.0% 
INFO [2023-05-27 02:16:01,595]  [Preprocessor.java:255] [main]  Processing chromosome chr16
Processing chromosome chr16
..INFO [2023-05-27 02:16:01,661]  [Preprocessor.java:255] [main]  Processing chromosome chr17
Processing chromosome chr17
......INFO [2023-05-27 02:16:01,946]  [Preprocessor.java:255] [main]  Processing chromosome chr18
Processing chromosome chr18
INFO [2023-05-27 02:16:01,970]  [Preprocessor.java:255] [main]  Processing chromosome chr19
Processing chromosome chr19
.50.0% 
..INFO [2023-05-27 02:16:02,058]  [Preprocessor.java:255] [main]  Processing chromosome chr20
Processing chromosome chr20
.INFO [2023-05-27 02:16:02,106]  [Preprocessor.java:255] [main]  Processing chromosome chr21
Processing chromosome chr21
.INFO [2023-05-27 02:16:02,124]  [Preprocessor.java:255] [main]  Processing chromosome chr22
Processing chromosome chr22
.INFO [2023-05-27 02:16:02,163]  [Preprocessor.java:255] [main]  Processing chromosome chrX
Processing chromosome chrX
.INFO [2023-05-27 02:16:02,196]  [Preprocessor.java:255] [main]  Processing chromosome chrY
Processing chromosome chrY
INFO [2023-05-27 02:16:02,197]  [Preprocessor.java:255] [main]  Processing chromosome chrM
Processing chromosome chrM
INFO [2023-05-27 02:16:02,254]  [Preprocessor.java:255] [main]  Processing chromosome GL000194.1
Processing chromosome GL000194.1
INFO [2023-05-27 02:16:02,256]  [Preprocessor.java:255] [main]  Processing chromosome GL000195.1
Processing chromosome GL000195.1
INFO [2023-05-27 02:16:02,259]  [Preprocessor.java:255] [main]  Processing chromosome GL000205.2
Processing chromosome GL000205.2
INFO [2023-05-27 02:16:02,261]  [Preprocessor.java:255] [main]  Processing chromosome GL000218.1
Processing chromosome GL000218.1
INFO [2023-05-27 02:16:02,266]  [Preprocessor.java:255] [main]  Processing chromosome GL000219.1
Processing chromosome GL000219.1
INFO [2023-05-27 02:16:02,269]  [Preprocessor.java:255] [main]  Processing chromosome GL000220.1
Processing chromosome GL000220.1
INFO [2023-05-27 02:16:02,270]  [Preprocessor.java:255] [main]  Processing chromosome KI270711.1
Processing chromosome KI270711.1
INFO [2023-05-27 02:16:02,275]  [Preprocessor.java:255] [main]  Processing chromosome KI270713.1
Processing chromosome KI270713.1
INFO [2023-05-27 02:16:02,277]  [Preprocessor.java:255] [main]  Processing chromosome KI270714.1
Processing chromosome KI270714.1
INFO [2023-05-27 02:16:02,281]  [Preprocessor.java:255] [main]  Processing chromosome KI270733.1
Processing chromosome KI270733.1
INFO [2023-05-27 02:16:02,282]  [Preprocessor.java:255] [main]  Processing chromosome KI270734.1
Processing chromosome KI270734.1
INFO [2023-05-27 02:16:02,419]  [TDFWriter.java:318] [main]  Group idx: 1
Group idx: 1
100.0% 
Done
INFO [2023-05-27 02:15:57,709]  [IgvTools.java:667] [main]  toTDF.  File = ./results/tracks/Nter_24h_IAA_4SU_1.TC.5.min.bedGraph
toTDF.  File = ./results/tracks/Nter_24h_IAA_4SU_1.TC.5.min.bedGraph
INFO [2023-05-27 02:15:57,712]  [IgvTools.java:668] [main]  Max zoom = 7
Max zoom = 7
INFO [2023-05-27 02:15:57,712]  [IgvTools.java:676] [main]  Window functions: mean max 
Window functions: mean max 
INFO [2023-05-27 02:15:57,720]  [GenomeManager.java:145] [main]  Loading genome: /srv/2023_UPF1_4SU/bam2bakR/./results/tracks/GRCh38.chrom.sizes
Loading genome: /srv/2023_UPF1_4SU/bam2bakR/./results/tracks/GRCh38.chrom.sizes
INFO [2023-05-27 02:15:57,942]  [DirectoryManager.java:169] [main]  IGV Directory: /home/volker/igv
IGV Directory: /home/volker/igv
INFO [2023-05-27 02:15:57,957]  [GenomeManager.java:192] [main]  Genome loaded.  id= /srv/2023_UPF1_4SU/bam2bakR/
Genome loaded.  id= /srv/2023_UPF1_4SU/bam2bakR/
INFO [2023-05-27 02:15:57,973]  [Preprocessor.java:125] [main]  track type=bedGraph name=" Nter_24h_IAA_4SU_1 TC 5 minus " description=" Nter_24h_IAA_4SU_1 TC 5 minus strand" visibility=full negateValues=on autoScale=off windowingFunction=mean viewLimits=-10:0 color=10,10,10 altColor=50,0,0  priority=20
track type=bedGraph name=" Nter_24h_IAA_4SU_1 TC 5 minus " description=" Nter_24h_IAA_4SU_1 TC 5 minus strand" visibility=full negateValues=on autoScale=off windowingFunction=mean viewLimits=-10:0 color=10,10,10 altColor=50,0,0  priority=20
INFO [2023-05-27 02:15:57,990]  [Preprocessor.java:255] [main]  Processing chromosome chr1
Processing chromosome chr1
.....INFO [2023-05-27 02:15:58,896]  [Preprocessor.java:255] [main]  Processing chromosome chr2
Processing chromosome chr2
....INFO [2023-05-27 02:15:59,234]  [Preprocessor.java:255] [main]  Processing chromosome chr3
Processing chromosome chr3
10.0% 
.INFO [2023-05-27 02:15:59,826]  [Preprocessor.java:255] [main]  Processing chromosome chr4
Processing chromosome chr4
..INFO [2023-05-27 02:15:59,903]  [Preprocessor.java:255] [main]  Processing chromosome chr5
Processing chromosome chr5
..INFO [2023-05-27 02:16:00,060]  [Preprocessor.java:255] [main]  Processing chromosome chr6
Processing chromosome chr6
....INFO [2023-05-27 02:16:00,236]  [Preprocessor.java:255] [main]  Processing chromosome chr7
Processing chromosome chr7
20.0% 
..INFO [2023-05-27 02:16:00,826]  [Preprocessor.java:255] [main]  Processing chromosome chr8
Processing chromosome chr8
..INFO [2023-05-27 02:16:00,901]  [Preprocessor.java:255] [main]  Processing chromosome chr9
Processing chromosome chr9
.INFO [2023-05-27 02:16:00,974]  [Preprocessor.java:255] [main]  Processing chromosome chr10
Processing chromosome chr10
...INFO [2023-05-27 02:16:01,096]  [Preprocessor.java:255] [main]  Processing chromosome chr11
Processing chromosome chr11
.30.0% 
.INFO [2023-05-27 02:16:01,198]  [Preprocessor.java:255] [main]  Processing chromosome chr12
Processing chromosome chr12
.....INFO [2023-05-27 02:16:01,561]  [Preprocessor.java:255] [main]  Processing chromosome chr13
Processing chromosome chr13
INFO [2023-05-27 02:16:01,591]  [Preprocessor.java:255] [main]  Processing chromosome chr14
Processing chromosome chr14
..INFO [2023-05-27 02:16:01,645]  [Preprocessor.java:255] [main]  Processing chromosome chr15
Processing chromosome chr15
.INFO [2023-05-27 02:16:01,699]  [Preprocessor.java:255] [main]  Processing chromosome chr16
Processing chromosome chr16
40.0% 
..INFO [2023-05-27 02:16:01,770]  [Preprocessor.java:255] [main]  Processing chromosome chr17
Processing chromosome chr17
....INFO [2023-05-27 02:16:02,066]  [Preprocessor.java:255] [main]  Processing chromosome chr18
Processing chromosome chr18
INFO [2023-05-27 02:16:02,094]  [Preprocessor.java:255] [main]  Processing chromosome chr19
Processing chromosome chr19
...50.0% 
.INFO [2023-05-27 02:16:02,215]  [Preprocessor.java:255] [main]  Processing chromosome chr20
Processing chromosome chr20
..INFO [2023-05-27 02:16:02,271]  [Preprocessor.java:255] [main]  Processing chromosome chr21
Processing chromosome chr21
INFO [2023-05-27 02:16:02,606]  [Preprocessor.java:255] [main]  Processing chromosome chr22
Processing chromosome chr22
.INFO [2023-05-27 02:16:02,651]  [Preprocessor.java:255] [main]  Processing chromosome chrX
Processing chromosome chrX
.INFO [2023-05-27 02:16:02,691]  [Preprocessor.java:255] [main]  Processing chromosome chrY
Processing chromosome chrY
INFO [2023-05-27 02:16:02,692]  [Preprocessor.java:255] [main]  Processing chromosome chrM
Processing chromosome chrM
.INFO [2023-05-27 02:16:02,800]  [Preprocessor.java:255] [main]  Processing chromosome GL000195.1
Processing chromosome GL000195.1
INFO [2023-05-27 02:16:02,812]  [Preprocessor.java:255] [main]  Processing chromosome GL000220.1
Processing chromosome GL000220.1
INFO [2023-05-27 02:16:02,813]  [Preprocessor.java:255] [main]  Processing chromosome KI270713.1
Processing chromosome KI270713.1
INFO [2023-05-27 02:16:02,816]  [Preprocessor.java:255] [main]  Processing chromosome KI270714.1
Processing chromosome KI270714.1
INFO [2023-05-27 02:16:02,817]  [Preprocessor.java:255] [main]  Processing chromosome KI270721.1
Processing chromosome KI270721.1
INFO [2023-05-27 02:16:02,818]  [Preprocessor.java:255] [main]  Processing chromosome KI270733.1
Processing chromosome KI270733.1
INFO [2023-05-27 02:16:02,819]  [Preprocessor.java:255] [main]  Processing chromosome KI270738.1
Processing chromosome KI270738.1
INFO [2023-05-27 02:16:02,820]  [Preprocessor.java:255] [main]  Processing chromosome KI270745.1
Processing chromosome KI270745.1
INFO [2023-05-27 02:16:02,845]  [TDFWriter.java:318] [main]  Group idx: 1
Group idx: 1
100.0% 
Done
INFO [2023-05-27 02:15:57,709]  [IgvTools.java:667] [main]  toTDF.  File = ./results/tracks/Nter_24h_IAA_4SU_1.TC.4.pos.bedGraph
toTDF.  File = ./results/tracks/Nter_24h_IAA_4SU_1.TC.4.pos.bedGraph
INFO [2023-05-27 02:15:57,712]  [IgvTools.java:668] [main]  Max zoom = 7
Max zoom = 7
INFO [2023-05-27 02:15:57,713]  [IgvTools.java:676] [main]  Window functions: mean max 
Window functions: mean max 
INFO [2023-05-27 02:15:57,720]  [GenomeManager.java:145] [main]  Loading genome: /srv/2023_UPF1_4SU/bam2bakR/./results/tracks/GRCh38.chrom.sizes
Loading genome: /srv/2023_UPF1_4SU/bam2bakR/./results/tracks/GRCh38.chrom.sizes
INFO [2023-05-27 02:15:58,031]  [DirectoryManager.java:169] [main]  IGV Directory: /home/volker/igv
IGV Directory: /home/volker/igv
INFO [2023-05-27 02:15:58,070]  [GenomeManager.java:192] [main]  Genome loaded.  id= /srv/2023_UPF1_4SU/bam2bakR/
Genome loaded.  id= /srv/2023_UPF1_4SU/bam2bakR/
INFO [2023-05-27 02:15:58,134]  [Preprocessor.java:125] [main]  track type=bedGraph name=" Nter_24h_IAA_4SU_1 TC 4 plus " description=" Nter_24h_IAA_4SU_1 TC 4 positive strand" visibility=full autoScale=off windowingFunction=mean viewLimits=0:10 color=100,0,0  altColor=10,10,10 priority=20
track type=bedGraph name=" Nter_24h_IAA_4SU_1 TC 4 plus " description=" Nter_24h_IAA_4SU_1 TC 4 positive strand" visibility=full autoScale=off windowingFunction=mean viewLimits=0:10 color=100,0,0  altColor=10,10,10 priority=20
INFO [2023-05-27 02:15:58,148]  [Preprocessor.java:255] [main]  Processing chromosome chr1
Processing chromosome chr1
......INFO [2023-05-27 02:15:59,473]  [Preprocessor.java:255] [main]  Processing chromosome chr2
Processing chromosome chr2
...INFO [2023-05-27 02:16:00,323]  [Preprocessor.java:255] [main]  Processing chromosome chr3
Processing chromosome chr3
10.0% 
..INFO [2023-05-27 02:16:00,573]  [Preprocessor.java:255] [main]  Processing chromosome chr4
Processing chromosome chr4
..INFO [2023-05-27 02:16:00,715]  [Preprocessor.java:255] [main]  Processing chromosome chr5
Processing chromosome chr5
..INFO [2023-05-27 02:16:01,033]  [Preprocessor.java:255] [main]  Processing chromosome chr6
Processing chromosome chr6
...INFO [2023-05-27 02:16:01,168]  [Preprocessor.java:255] [main]  Processing chromosome chr7
Processing chromosome chr7
20.0% 
.INFO [2023-05-27 02:16:01,285]  [Preprocessor.java:255] [main]  Processing chromosome chr8
Processing chromosome chr8
...INFO [2023-05-27 02:16:01,579]  [Preprocessor.java:255] [main]  Processing chromosome chr9
Processing chromosome chr9
..INFO [2023-05-27 02:16:01,684]  [Preprocessor.java:255] [main]  Processing chromosome chr10
Processing chromosome chr10
..INFO [2023-05-27 02:16:01,789]  [Preprocessor.java:255] [main]  Processing chromosome chr11
Processing chromosome chr11
.30.0% 
..INFO [2023-05-27 02:16:02,146]  [Preprocessor.java:255] [main]  Processing chromosome chr12
Processing chromosome chr12
....INFO [2023-05-27 02:16:02,285]  [Preprocessor.java:255] [main]  Processing chromosome chr13
Processing chromosome chr13
INFO [2023-05-27 02:16:02,328]  [Preprocessor.java:255] [main]  Processing chromosome chr14
Processing chromosome chr14
..INFO [2023-05-27 02:16:02,634]  [Preprocessor.java:255] [main]  Processing chromosome chr15
Processing chromosome chr15
.40.0% 
INFO [2023-05-27 02:16:02,700]  [Preprocessor.java:255] [main]  Processing chromosome chr16
Processing chromosome chr16
..INFO [2023-05-27 02:16:02,786]  [Preprocessor.java:255] [main]  Processing chromosome chr17
Processing chromosome chr17
.....INFO [2023-05-27 02:16:03,079]  [Preprocessor.java:255] [main]  Processing chromosome chr18
Processing chromosome chr18
.INFO [2023-05-27 02:16:03,113]  [Preprocessor.java:255] [main]  Processing chromosome chr19
Processing chromosome chr19
.50.0% 
..INFO [2023-05-27 02:16:03,237]  [Preprocessor.java:255] [main]  Processing chromosome chr20
Processing chromosome chr20
.INFO [2023-05-27 02:16:03,380]  [Preprocessor.java:255] [main]  Processing chromosome chr21
Processing chromosome chr21
.INFO [2023-05-27 02:16:03,403]  [Preprocessor.java:255] [main]  Processing chromosome chr22
Processing chromosome chr22
.INFO [2023-05-27 02:16:03,458]  [Preprocessor.java:255] [main]  Processing chromosome chrX
Processing chromosome chrX
.INFO [2023-05-27 02:16:03,504]  [Preprocessor.java:255] [main]  Processing chromosome chrY
Processing chromosome chrY
INFO [2023-05-27 02:16:03,505]  [Preprocessor.java:255] [main]  Processing chromosome chrM
Processing chromosome chrM
INFO [2023-05-27 02:16:03,565]  [Preprocessor.java:255] [main]  Processing chromosome GL000194.1
Processing chromosome GL000194.1
INFO [2023-05-27 02:16:03,568]  [Preprocessor.java:255] [main]  Processing chromosome GL000195.1
Processing chromosome GL000195.1
INFO [2023-05-27 02:16:03,571]  [Preprocessor.java:255] [main]  Processing chromosome GL000205.2
Processing chromosome GL000205.2
INFO [2023-05-27 02:16:03,575]  [Preprocessor.java:255] [main]  Processing chromosome GL000218.1
Processing chromosome GL000218.1
INFO [2023-05-27 02:16:03,580]  [Preprocessor.java:255] [main]  Processing chromosome GL000219.1
Processing chromosome GL000219.1
INFO [2023-05-27 02:16:03,584]  [Preprocessor.java:255] [main]  Processing chromosome GL000220.1
Processing chromosome GL000220.1
INFO [2023-05-27 02:16:03,585]  [Preprocessor.java:255] [main]  Processing chromosome KI270711.1
Processing chromosome KI270711.1
INFO [2023-05-27 02:16:03,593]  [Preprocessor.java:255] [main]  Processing chromosome KI270713.1
Processing chromosome KI270713.1
INFO [2023-05-27 02:16:03,596]  [Preprocessor.java:255] [main]  Processing chromosome KI270714.1
Processing chromosome KI270714.1
INFO [2023-05-27 02:16:03,604]  [Preprocessor.java:255] [main]  Processing chromosome KI270733.1
Processing chromosome KI270733.1
INFO [2023-05-27 02:16:03,605]  [Preprocessor.java:255] [main]  Processing chromosome KI270734.1
Processing chromosome KI270734.1
INFO [2023-05-27 02:16:03,606]  [Preprocessor.java:255] [main]  Processing chromosome KI270744.1
Processing chromosome KI270744.1
INFO [2023-05-27 02:16:03,642]  [TDFWriter.java:318] [main]  Group idx: 1
Group idx: 1
100.0% 
Done
INFO [2023-05-27 02:15:57,669]  [IgvTools.java:667] [main]  toTDF.  File = ./results/tracks/Nter_24h_IAA_4SU_1.TC.3.pos.bedGraph
toTDF.  File = ./results/tracks/Nter_24h_IAA_4SU_1.TC.3.pos.bedGraph
INFO [2023-05-27 02:15:57,672]  [IgvTools.java:668] [main]  Max zoom = 7
Max zoom = 7
INFO [2023-05-27 02:15:57,673]  [IgvTools.java:676] [main]  Window functions: mean max 
Window functions: mean max 
INFO [2023-05-27 02:15:57,680]  [GenomeManager.java:145] [main]  Loading genome: /srv/2023_UPF1_4SU/bam2bakR/./results/tracks/GRCh38.chrom.sizes
Loading genome: /srv/2023_UPF1_4SU/bam2bakR/./results/tracks/GRCh38.chrom.sizes
INFO [2023-05-27 02:15:57,887]  [DirectoryManager.java:169] [main]  IGV Directory: /home/volker/igv
IGV Directory: /home/volker/igv
INFO [2023-05-27 02:15:57,902]  [GenomeManager.java:192] [main]  Genome loaded.  id= /srv/2023_UPF1_4SU/bam2bakR/
Genome loaded.  id= /srv/2023_UPF1_4SU/bam2bakR/
INFO [2023-05-27 02:15:57,924]  [Preprocessor.java:125] [main]  track type=bedGraph name=" Nter_24h_IAA_4SU_1 TC 3 plus " description=" Nter_24h_IAA_4SU_1 TC 3 positive strand" visibility=full autoScale=off windowingFunction=mean viewLimits=0:10 color=150,0,0  altColor=10,10,10 priority=20
track type=bedGraph name=" Nter_24h_IAA_4SU_1 TC 3 plus " description=" Nter_24h_IAA_4SU_1 TC 3 positive strand" visibility=full autoScale=off windowingFunction=mean viewLimits=0:10 color=150,0,0  altColor=10,10,10 priority=20
INFO [2023-05-27 02:15:57,942]  [Preprocessor.java:255] [main]  Processing chromosome chr1
Processing chromosome chr1
.....INFO [2023-05-27 02:15:59,615]  [Preprocessor.java:255] [main]  Processing chromosome chr2
Processing chromosome chr2
...INFO [2023-05-27 02:15:59,862]  [Preprocessor.java:255] [main]  Processing chromosome chr3
Processing chromosome chr3
.10.0% 
.INFO [2023-05-27 02:16:00,245]  [Preprocessor.java:255] [main]  Processing chromosome chr4
Processing chromosome chr4
..INFO [2023-05-27 02:16:00,372]  [Preprocessor.java:255] [main]  Processing chromosome chr5
Processing chromosome chr5
..INFO [2023-05-27 02:16:00,776]  [Preprocessor.java:255] [main]  Processing chromosome chr6
Processing chromosome chr6
...INFO [2023-05-27 02:16:00,952]  [Preprocessor.java:255] [main]  Processing chromosome chr7
Processing chromosome chr7
.20.0% 
INFO [2023-05-27 02:16:01,100]  [Preprocessor.java:255] [main]  Processing chromosome chr8
Processing chromosome chr8
..INFO [2023-05-27 02:16:01,324]  [Preprocessor.java:255] [main]  Processing chromosome chr9
Processing chromosome chr9
...INFO [2023-05-27 02:16:01,445]  [Preprocessor.java:255] [main]  Processing chromosome chr10
Processing chromosome chr10
..INFO [2023-05-27 02:16:01,676]  [Preprocessor.java:255] [main]  Processing chromosome chr11
Processing chromosome chr11
..30.0% 
INFO [2023-05-27 02:16:01,845]  [Preprocessor.java:255] [main]  Processing chromosome chr12
Processing chromosome chr12
....INFO [2023-05-27 02:16:02,215]  [Preprocessor.java:255] [main]  Processing chromosome chr13
Processing chromosome chr13
.INFO [2023-05-27 02:16:02,266]  [Preprocessor.java:255] [main]  Processing chromosome chr14
Processing chromosome chr14
..INFO [2023-05-27 02:16:02,521]  [Preprocessor.java:255] [main]  Processing chromosome chr15
Processing chromosome chr15
.INFO [2023-05-27 02:16:02,605]  [Preprocessor.java:255] [main]  Processing chromosome chr16
Processing chromosome chr16
.40.0% 
INFO [2023-05-27 02:16:02,724]  [Preprocessor.java:255] [main]  Processing chromosome chr17
Processing chromosome chr17
.....INFO [2023-05-27 02:16:03,086]  [Preprocessor.java:255] [main]  Processing chromosome chr18
Processing chromosome chr18
.INFO [2023-05-27 02:16:03,127]  [Preprocessor.java:255] [main]  Processing chromosome chr19
Processing chromosome chr19
...50.0% 
INFO [2023-05-27 02:16:03,361]  [Preprocessor.java:255] [main]  Processing chromosome chr20
Processing chromosome chr20
.INFO [2023-05-27 02:16:03,445]  [Preprocessor.java:255] [main]  Processing chromosome chr21
Processing chromosome chr21
INFO [2023-05-27 02:16:03,474]  [Preprocessor.java:255] [main]  Processing chromosome chr22
Processing chromosome chr22
..INFO [2023-05-27 02:16:03,688]  [Preprocessor.java:255] [main]  Processing chromosome chrX
Processing chromosome chrX
.INFO [2023-05-27 02:16:03,749]  [Preprocessor.java:255] [main]  Processing chromosome chrY
Processing chromosome chrY
INFO [2023-05-27 02:16:03,750]  [Preprocessor.java:255] [main]  Processing chromosome chrM
Processing chromosome chrM
INFO [2023-05-27 02:16:03,808]  [Preprocessor.java:255] [main]  Processing chromosome GL000194.1
Processing chromosome GL000194.1
INFO [2023-05-27 02:16:03,812]  [Preprocessor.java:255] [main]  Processing chromosome GL000195.1
Processing chromosome GL000195.1
INFO [2023-05-27 02:16:03,816]  [Preprocessor.java:255] [main]  Processing chromosome GL000205.2
Processing chromosome GL000205.2
INFO [2023-05-27 02:16:03,820]  [Preprocessor.java:255] [main]  Processing chromosome GL000218.1
Processing chromosome GL000218.1
INFO [2023-05-27 02:16:03,826]  [Preprocessor.java:255] [main]  Processing chromosome GL000219.1
Processing chromosome GL000219.1
INFO [2023-05-27 02:16:03,831]  [Preprocessor.java:255] [main]  Processing chromosome GL000220.1
Processing chromosome GL000220.1
INFO [2023-05-27 02:16:03,832]  [Preprocessor.java:255] [main]  Processing chromosome KI270711.1
Processing chromosome KI270711.1
INFO [2023-05-27 02:16:03,841]  [Preprocessor.java:255] [main]  Processing chromosome KI270713.1
Processing chromosome KI270713.1
INFO [2023-05-27 02:16:03,845]  [Preprocessor.java:255] [main]  Processing chromosome KI270714.1
Processing chromosome KI270714.1
INFO [2023-05-27 02:16:03,852]  [Preprocessor.java:255] [main]  Processing chromosome KI270718.1
Processing chromosome KI270718.1
INFO [2023-05-27 02:16:03,853]  [Preprocessor.java:255] [main]  Processing chromosome KI270733.1
Processing chromosome KI270733.1
INFO [2023-05-27 02:16:03,855]  [Preprocessor.java:255] [main]  Processing chromosome KI270734.1
Processing chromosome KI270734.1
INFO [2023-05-27 02:16:03,856]  [Preprocessor.java:255] [main]  Processing chromosome KI270743.1
Processing chromosome KI270743.1
INFO [2023-05-27 02:16:03,856]  [Preprocessor.java:255] [main]  Processing chromosome KI270744.1
Processing chromosome KI270744.1
INFO [2023-05-27 02:16:03,882]  [TDFWriter.java:318] [main]  Group idx: 1
Group idx: 1
100.0% 
Done
INFO [2023-05-27 02:15:57,736]  [IgvTools.java:667] [main]  toTDF.  File = ./results/tracks/Nter_24h_IAA_4SU_1.TC.4.min.bedGraph
toTDF.  File = ./results/tracks/Nter_24h_IAA_4SU_1.TC.4.min.bedGraph
INFO [2023-05-27 02:15:57,739]  [IgvTools.java:668] [main]  Max zoom = 7
Max zoom = 7
INFO [2023-05-27 02:15:57,739]  [IgvTools.java:676] [main]  Window functions: mean max 
Window functions: mean max 
INFO [2023-05-27 02:15:57,747]  [GenomeManager.java:145] [main]  Loading genome: /srv/2023_UPF1_4SU/bam2bakR/./results/tracks/GRCh38.chrom.sizes
Loading genome: /srv/2023_UPF1_4SU/bam2bakR/./results/tracks/GRCh38.chrom.sizes
INFO [2023-05-27 02:15:57,993]  [DirectoryManager.java:169] [main]  IGV Directory: /home/volker/igv
IGV Directory: /home/volker/igv
INFO [2023-05-27 02:15:58,007]  [GenomeManager.java:192] [main]  Genome loaded.  id= /srv/2023_UPF1_4SU/bam2bakR/
Genome loaded.  id= /srv/2023_UPF1_4SU/bam2bakR/
INFO [2023-05-27 02:15:58,044]  [Preprocessor.java:125] [main]  track type=bedGraph name=" Nter_24h_IAA_4SU_1 TC 4 minus " description=" Nter_24h_IAA_4SU_1 TC 4 minus strand" visibility=full negateValues=on autoScale=off windowingFunction=mean viewLimits=-10:0 color=10,10,10 altColor=100,0,0  priority=20
track type=bedGraph name=" Nter_24h_IAA_4SU_1 TC 4 minus " description=" Nter_24h_IAA_4SU_1 TC 4 minus strand" visibility=full negateValues=on autoScale=off windowingFunction=mean viewLimits=-10:0 color=10,10,10 altColor=100,0,0  priority=20
INFO [2023-05-27 02:15:58,082]  [Preprocessor.java:255] [main]  Processing chromosome chr1
Processing chromosome chr1
.....INFO [2023-05-27 02:15:59,320]  [Preprocessor.java:255] [main]  Processing chromosome chr2
Processing chromosome chr2
...INFO [2023-05-27 02:16:00,179]  [Preprocessor.java:255] [main]  Processing chromosome chr3
Processing chromosome chr3
.10.0% 
.INFO [2023-05-27 02:16:00,355]  [Preprocessor.java:255] [main]  Processing chromosome chr4
Processing chromosome chr4
..INFO [2023-05-27 02:16:00,450]  [Preprocessor.java:255] [main]  Processing chromosome chr5
Processing chromosome chr5
..INFO [2023-05-27 02:16:00,920]  [Preprocessor.java:255] [main]  Processing chromosome chr6
Processing chromosome chr6
....INFO [2023-05-27 02:16:01,136]  [Preprocessor.java:255] [main]  Processing chromosome chr7
Processing chromosome chr7
20.0% 
..INFO [2023-05-27 02:16:01,501]  [Preprocessor.java:255] [main]  Processing chromosome chr8
Processing chromosome chr8
..INFO [2023-05-27 02:16:01,597]  [Preprocessor.java:255] [main]  Processing chromosome chr9
Processing chromosome chr9
.INFO [2023-05-27 02:16:01,686]  [Preprocessor.java:255] [main]  Processing chromosome chr10
Processing chromosome chr10
...INFO [2023-05-27 02:16:01,809]  [Preprocessor.java:255] [main]  Processing chromosome chr11
Processing chromosome chr11
.30.0% 
.INFO [2023-05-27 02:16:02,253]  [Preprocessor.java:255] [main]  Processing chromosome chr12
Processing chromosome chr12
....INFO [2023-05-27 02:16:02,414]  [Preprocessor.java:255] [main]  Processing chromosome chr13
Processing chromosome chr13
.INFO [2023-05-27 02:16:02,542]  [Preprocessor.java:255] [main]  Processing chromosome chr14
Processing chromosome chr14
.INFO [2023-05-27 02:16:02,606]  [Preprocessor.java:255] [main]  Processing chromosome chr15
Processing chromosome chr15
..INFO [2023-05-27 02:16:02,680]  [Preprocessor.java:255] [main]  Processing chromosome chr16
Processing chromosome chr16
40.0% 
..INFO [2023-05-27 02:16:02,787]  [Preprocessor.java:255] [main]  Processing chromosome chr17
Processing chromosome chr17
...INFO [2023-05-27 02:16:03,284]  [Preprocessor.java:255] [main]  Processing chromosome chr18
Processing chromosome chr18
.INFO [2023-05-27 02:16:03,322]  [Preprocessor.java:255] [main]  Processing chromosome chr19
Processing chromosome chr19
...50.0% 
.INFO [2023-05-27 02:16:03,579]  [Preprocessor.java:255] [main]  Processing chromosome chr20
Processing chromosome chr20
..INFO [2023-05-27 02:16:03,659]  [Preprocessor.java:255] [main]  Processing chromosome chr21
Processing chromosome chr21
INFO [2023-05-27 02:16:03,681]  [Preprocessor.java:255] [main]  Processing chromosome chr22
Processing chromosome chr22
.INFO [2023-05-27 02:16:03,741]  [Preprocessor.java:255] [main]  Processing chromosome chrX
Processing chromosome chrX
..INFO [2023-05-27 02:16:03,793]  [Preprocessor.java:255] [main]  Processing chromosome chrY
Processing chromosome chrY
INFO [2023-05-27 02:16:03,795]  [Preprocessor.java:255] [main]  Processing chromosome chrM
Processing chromosome chrM
.INFO [2023-05-27 02:16:03,919]  [Preprocessor.java:255] [main]  Processing chromosome GL000195.1
Processing chromosome GL000195.1
INFO [2023-05-27 02:16:03,933]  [Preprocessor.java:255] [main]  Processing chromosome GL000220.1
Processing chromosome GL000220.1
INFO [2023-05-27 02:16:03,935]  [Preprocessor.java:255] [main]  Processing chromosome KI270706.1
Processing chromosome KI270706.1
INFO [2023-05-27 02:16:03,935]  [Preprocessor.java:255] [main]  Processing chromosome KI270713.1
Processing chromosome KI270713.1
INFO [2023-05-27 02:16:03,939]  [Preprocessor.java:255] [main]  Processing chromosome KI270714.1
Processing chromosome KI270714.1
INFO [2023-05-27 02:16:03,940]  [Preprocessor.java:255] [main]  Processing chromosome KI270721.1
Processing chromosome KI270721.1
INFO [2023-05-27 02:16:03,942]  [Preprocessor.java:255] [main]  Processing chromosome KI270733.1
Processing chromosome KI270733.1
INFO [2023-05-27 02:16:03,944]  [Preprocessor.java:255] [main]  Processing chromosome KI270738.1
Processing chromosome KI270738.1
INFO [2023-05-27 02:16:03,945]  [Preprocessor.java:255] [main]  Processing chromosome KI270745.1
Processing chromosome KI270745.1
INFO [2023-05-27 02:16:04,029]  [TDFWriter.java:318] [main]  Group idx: 1
Group idx: 1
100.0% 
Done
INFO [2023-05-27 02:15:57,680]  [IgvTools.java:667] [main]  toTDF.  File = ./results/tracks/Nter_24h_IAA_4SU_1.TC.3.min.bedGraph
toTDF.  File = ./results/tracks/Nter_24h_IAA_4SU_1.TC.3.min.bedGraph
INFO [2023-05-27 02:15:57,682]  [IgvTools.java:668] [main]  Max zoom = 7
Max zoom = 7
INFO [2023-05-27 02:15:57,683]  [IgvTools.java:676] [main]  Window functions: mean max 
Window functions: mean max 
INFO [2023-05-27 02:15:57,694]  [GenomeManager.java:145] [main]  Loading genome: /srv/2023_UPF1_4SU/bam2bakR/./results/tracks/GRCh38.chrom.sizes
Loading genome: /srv/2023_UPF1_4SU/bam2bakR/./results/tracks/GRCh38.chrom.sizes
INFO [2023-05-27 02:15:57,900]  [DirectoryManager.java:169] [main]  IGV Directory: /home/volker/igv
IGV Directory: /home/volker/igv
INFO [2023-05-27 02:15:57,916]  [GenomeManager.java:192] [main]  Genome loaded.  id= /srv/2023_UPF1_4SU/bam2bakR/
Genome loaded.  id= /srv/2023_UPF1_4SU/bam2bakR/
INFO [2023-05-27 02:15:57,930]  [Preprocessor.java:125] [main]  track type=bedGraph name=" Nter_24h_IAA_4SU_1 TC 3 minus " description=" Nter_24h_IAA_4SU_1 TC 3 minus strand" visibility=full negateValues=on autoScale=off windowingFunction=mean viewLimits=-10:0 color=10,10,10 altColor=150,0,0  priority=20
track type=bedGraph name=" Nter_24h_IAA_4SU_1 TC 3 minus " description=" Nter_24h_IAA_4SU_1 TC 3 minus strand" visibility=full negateValues=on autoScale=off windowingFunction=mean viewLimits=-10:0 color=10,10,10 altColor=150,0,0  priority=20
INFO [2023-05-27 02:15:57,945]  [Preprocessor.java:255] [main]  Processing chromosome chr1
Processing chromosome chr1
.....INFO [2023-05-27 02:15:59,727]  [Preprocessor.java:255] [main]  Processing chromosome chr2
Processing chromosome chr2
....INFO [2023-05-27 02:16:00,065]  [Preprocessor.java:255] [main]  Processing chromosome chr3
Processing chromosome chr3
10.0% 
.INFO [2023-05-27 02:16:00,614]  [Preprocessor.java:255] [main]  Processing chromosome chr4
Processing chromosome chr4
..INFO [2023-05-27 02:16:00,814]  [Preprocessor.java:255] [main]  Processing chromosome chr5
Processing chromosome chr5
..INFO [2023-05-27 02:16:01,290]  [Preprocessor.java:255] [main]  Processing chromosome chr6
Processing chromosome chr6
....INFO [2023-05-27 02:16:01,574]  [Preprocessor.java:255] [main]  Processing chromosome chr7
Processing chromosome chr7
20.0% 
.INFO [2023-05-27 02:16:01,925]  [Preprocessor.java:255] [main]  Processing chromosome chr8
Processing chromosome chr8
..INFO [2023-05-27 02:16:02,036]  [Preprocessor.java:255] [main]  Processing chromosome chr9
Processing chromosome chr9
..INFO [2023-05-27 02:16:02,144]  [Preprocessor.java:255] [main]  Processing chromosome chr10
Processing chromosome chr10
...INFO [2023-05-27 02:16:02,408]  [Preprocessor.java:255] [main]  Processing chromosome chr11
Processing chromosome chr11
.30.0% 
.INFO [2023-05-27 02:16:02,664]  [Preprocessor.java:255] [main]  Processing chromosome chr12
Processing chromosome chr12
....INFO [2023-05-27 02:16:02,879]  [Preprocessor.java:255] [main]  Processing chromosome chr13
Processing chromosome chr13
.INFO [2023-05-27 02:16:02,925]  [Preprocessor.java:255] [main]  Processing chromosome chr14
Processing chromosome chr14
.INFO [2023-05-27 02:16:03,103]  [Preprocessor.java:255] [main]  Processing chromosome chr15
Processing chromosome chr15
..INFO [2023-05-27 02:16:03,202]  [Preprocessor.java:255] [main]  Processing chromosome chr16
Processing chromosome chr16
40.0% 
..INFO [2023-05-27 02:16:03,619]  [Preprocessor.java:255] [main]  Processing chromosome chr17
Processing chromosome chr17
...INFO [2023-05-27 02:16:03,826]  [Preprocessor.java:255] [main]  Processing chromosome chr18
Processing chromosome chr18
.INFO [2023-05-27 02:16:03,990]  [Preprocessor.java:255] [main]  Processing chromosome chr19
Processing chromosome chr19
...50.0% 
.INFO [2023-05-27 02:16:04,258]  [Preprocessor.java:255] [main]  Processing chromosome chr20
Processing chromosome chr20
..INFO [2023-05-27 02:16:04,384]  [Preprocessor.java:255] [main]  Processing chromosome chr21
Processing chromosome chr21
INFO [2023-05-27 02:16:04,410]  [Preprocessor.java:255] [main]  Processing chromosome chr22
Processing chromosome chr22
..INFO [2023-05-27 02:16:04,491]  [Preprocessor.java:255] [main]  Processing chromosome chrX
Processing chromosome chrX
.INFO [2023-05-27 02:16:04,560]  [Preprocessor.java:255] [main]  Processing chromosome chrY
Processing chromosome chrY
INFO [2023-05-27 02:16:04,562]  [Preprocessor.java:255] [main]  Processing chromosome chrM
Processing chromosome chrM
.INFO [2023-05-27 02:16:04,668]  [Preprocessor.java:255] [main]  Processing chromosome GL000195.1
Processing chromosome GL000195.1
INFO [2023-05-27 02:16:04,684]  [Preprocessor.java:255] [main]  Processing chromosome GL000219.1
Processing chromosome GL000219.1
INFO [2023-05-27 02:16:04,685]  [Preprocessor.java:255] [main]  Processing chromosome GL000220.1
Processing chromosome GL000220.1
INFO [2023-05-27 02:16:04,686]  [Preprocessor.java:255] [main]  Processing chromosome GL000224.1
Processing chromosome GL000224.1
INFO [2023-05-27 02:16:04,686]  [Preprocessor.java:255] [main]  Processing chromosome KI270706.1
Processing chromosome KI270706.1
INFO [2023-05-27 02:16:04,687]  [Preprocessor.java:255] [main]  Processing chromosome KI270713.1
Processing chromosome KI270713.1
INFO [2023-05-27 02:16:04,690]  [Preprocessor.java:255] [main]  Processing chromosome KI270714.1
Processing chromosome KI270714.1
INFO [2023-05-27 02:16:04,691]  [Preprocessor.java:255] [main]  Processing chromosome KI270721.1
Processing chromosome KI270721.1
INFO [2023-05-27 02:16:04,694]  [Preprocessor.java:255] [main]  Processing chromosome KI270733.1
Processing chromosome KI270733.1
INFO [2023-05-27 02:16:04,697]  [Preprocessor.java:255] [main]  Processing chromosome KI270738.1
Processing chromosome KI270738.1
INFO [2023-05-27 02:16:04,698]  [Preprocessor.java:255] [main]  Processing chromosome KI270745.1
Processing chromosome KI270745.1
INFO [2023-05-27 02:16:04,818]  [TDFWriter.java:318] [main]  Group idx: 1
Group idx: 1
100.0% 
Done
INFO [2023-05-27 02:15:57,699]  [IgvTools.java:667] [main]  toTDF.  File = ./results/tracks/Nter_24h_IAA_4SU_1.TC.2.pos.bedGraph
toTDF.  File = ./results/tracks/Nter_24h_IAA_4SU_1.TC.2.pos.bedGraph
INFO [2023-05-27 02:15:57,704]  [IgvTools.java:668] [main]  Max zoom = 7
Max zoom = 7
INFO [2023-05-27 02:15:57,704]  [IgvTools.java:676] [main]  Window functions: mean max 
Window functions: mean max 
INFO [2023-05-27 02:15:57,712]  [GenomeManager.java:145] [main]  Loading genome: /srv/2023_UPF1_4SU/bam2bakR/./results/tracks/GRCh38.chrom.sizes
Loading genome: /srv/2023_UPF1_4SU/bam2bakR/./results/tracks/GRCh38.chrom.sizes
INFO [2023-05-27 02:15:57,939]  [DirectoryManager.java:169] [main]  IGV Directory: /home/volker/igv
IGV Directory: /home/volker/igv
INFO [2023-05-27 02:15:57,955]  [GenomeManager.java:192] [main]  Genome loaded.  id= /srv/2023_UPF1_4SU/bam2bakR/
Genome loaded.  id= /srv/2023_UPF1_4SU/bam2bakR/
INFO [2023-05-27 02:15:57,980]  [Preprocessor.java:125] [main]  track type=bedGraph name=" Nter_24h_IAA_4SU_1 TC 2 plus " description=" Nter_24h_IAA_4SU_1 TC 2 positive strand" visibility=full autoScale=off windowingFunction=mean viewLimits=0:10 color=250,0,0  altColor=10,10,10 priority=20
track type=bedGraph name=" Nter_24h_IAA_4SU_1 TC 2 plus " description=" Nter_24h_IAA_4SU_1 TC 2 positive strand" visibility=full autoScale=off windowingFunction=mean viewLimits=0:10 color=250,0,0  altColor=10,10,10 priority=20
INFO [2023-05-27 02:15:58,020]  [Preprocessor.java:255] [main]  Processing chromosome chr1
Processing chromosome chr1
.....INFO [2023-05-27 02:16:00,132]  [Preprocessor.java:255] [main]  Processing chromosome chr2
Processing chromosome chr2
...INFO [2023-05-27 02:16:00,656]  [Preprocessor.java:255] [main]  Processing chromosome chr3
Processing chromosome chr3
.10.0% 
.INFO [2023-05-27 02:16:01,093]  [Preprocessor.java:255] [main]  Processing chromosome chr4
Processing chromosome chr4
..INFO [2023-05-27 02:16:01,276]  [Preprocessor.java:255] [main]  Processing chromosome chr5
Processing chromosome chr5
..INFO [2023-05-27 02:16:01,436]  [Preprocessor.java:255] [main]  Processing chromosome chr6
Processing chromosome chr6
..INFO [2023-05-27 02:16:01,688]  [Preprocessor.java:255] [main]  Processing chromosome chr7
Processing chromosome chr7
..INFO [2023-05-27 02:16:01,900]  [Preprocessor.java:255] [main]  Processing chromosome chr8
Processing chromosome chr8
20.0% 
.INFO [2023-05-27 02:16:02,049]  [Preprocessor.java:255] [main]  Processing chromosome chr9
Processing chromosome chr9
...INFO [2023-05-27 02:16:02,302]  [Preprocessor.java:255] [main]  Processing chromosome chr10
Processing chromosome chr10
..INFO [2023-05-27 02:16:02,475]  [Preprocessor.java:255] [main]  Processing chromosome chr11
Processing chromosome chr11
...INFO [2023-05-27 02:16:02,882]  [Preprocessor.java:255] [main]  Processing chromosome chr12
Processing chromosome chr12
30.0% 
..INFO [2023-05-27 02:16:03,224]  [Preprocessor.java:255] [main]  Processing chromosome chr13
Processing chromosome chr13
.INFO [2023-05-27 02:16:03,285]  [Preprocessor.java:255] [main]  Processing chromosome chr14
Processing chromosome chr14
..INFO [2023-05-27 02:16:03,488]  [Preprocessor.java:255] [main]  Processing chromosome chr15
Processing chromosome chr15
.INFO [2023-05-27 02:16:03,605]  [Preprocessor.java:255] [main]  Processing chromosome chr16
Processing chromosome chr16
..INFO [2023-05-27 02:16:03,848]  [Preprocessor.java:255] [main]  Processing chromosome chr17
Processing chromosome chr17
.40.0% 
...INFO [2023-05-27 02:16:04,275]  [Preprocessor.java:255] [main]  Processing chromosome chr18
Processing chromosome chr18
.INFO [2023-05-27 02:16:04,323]  [Preprocessor.java:255] [main]  Processing chromosome chr19
Processing chromosome chr19
....INFO [2023-05-27 02:16:04,558]  [Preprocessor.java:255] [main]  Processing chromosome chr20
Processing chromosome chr20
.INFO [2023-05-27 02:16:04,663]  [Preprocessor.java:255] [main]  Processing chromosome chr21
Processing chromosome chr21
INFO [2023-05-27 02:16:04,792]  [Preprocessor.java:255] [main]  Processing chromosome chr22
Processing chromosome chr22
50.0% 
.INFO [2023-05-27 02:16:04,897]  [Preprocessor.java:255] [main]  Processing chromosome chrX
Processing chromosome chrX
.INFO [2023-05-27 02:16:04,976]  [Preprocessor.java:255] [main]  Processing chromosome chrY
Processing chromosome chrY
INFO [2023-05-27 02:16:04,978]  [Preprocessor.java:255] [main]  Processing chromosome chrM
Processing chromosome chrM
INFO [2023-05-27 02:16:05,060]  [Preprocessor.java:255] [main]  Processing chromosome GL000194.1
Processing chromosome GL000194.1
INFO [2023-05-27 02:16:05,066]  [Preprocessor.java:255] [main]  Processing chromosome GL000195.1
Processing chromosome GL000195.1
INFO [2023-05-27 02:16:05,071]  [Preprocessor.java:255] [main]  Processing chromosome GL000205.2
Processing chromosome GL000205.2
INFO [2023-05-27 02:16:05,076]  [Preprocessor.java:255] [main]  Processing chromosome GL000218.1
Processing chromosome GL000218.1
INFO [2023-05-27 02:16:05,084]  [Preprocessor.java:255] [main]  Processing chromosome GL000219.1
Processing chromosome GL000219.1
INFO [2023-05-27 02:16:05,090]  [Preprocessor.java:255] [main]  Processing chromosome GL000220.1
Processing chromosome GL000220.1
INFO [2023-05-27 02:16:05,092]  [Preprocessor.java:255] [main]  Processing chromosome KI270711.1
Processing chromosome KI270711.1
INFO [2023-05-27 02:16:05,104]  [Preprocessor.java:255] [main]  Processing chromosome KI270713.1
Processing chromosome KI270713.1
INFO [2023-05-27 02:16:05,109]  [Preprocessor.java:255] [main]  Processing chromosome KI270714.1
Processing chromosome KI270714.1
INFO [2023-05-27 02:16:05,118]  [Preprocessor.java:255] [main]  Processing chromosome KI270718.1
Processing chromosome KI270718.1
INFO [2023-05-27 02:16:05,119]  [Preprocessor.java:255] [main]  Processing chromosome KI270733.1
Processing chromosome KI270733.1
INFO [2023-05-27 02:16:05,121]  [Preprocessor.java:255] [main]  Processing chromosome KI270734.1
Processing chromosome KI270734.1
INFO [2023-05-27 02:16:05,122]  [Preprocessor.java:255] [main]  Processing chromosome KI270742.1
Processing chromosome KI270742.1
INFO [2023-05-27 02:16:05,123]  [Preprocessor.java:255] [main]  Processing chromosome KI270743.1
Processing chromosome KI270743.1
INFO [2023-05-27 02:16:05,124]  [Preprocessor.java:255] [main]  Processing chromosome KI270744.1
Processing chromosome KI270744.1
INFO [2023-05-27 02:16:05,231]  [TDFWriter.java:318] [main]  Group idx: 1
Group idx: 1
100.0% 
Done
INFO [2023-05-27 02:15:57,658]  [IgvTools.java:667] [main]  toTDF.  File = ./results/tracks/Nter_24h_IAA_4SU_1.TC.2.min.bedGraph
toTDF.  File = ./results/tracks/Nter_24h_IAA_4SU_1.TC.2.min.bedGraph
INFO [2023-05-27 02:15:57,660]  [IgvTools.java:668] [main]  Max zoom = 7
Max zoom = 7
INFO [2023-05-27 02:15:57,661]  [IgvTools.java:676] [main]  Window functions: mean max 
Window functions: mean max 
INFO [2023-05-27 02:15:57,667]  [GenomeManager.java:145] [main]  Loading genome: /srv/2023_UPF1_4SU/bam2bakR/./results/tracks/GRCh38.chrom.sizes
Loading genome: /srv/2023_UPF1_4SU/bam2bakR/./results/tracks/GRCh38.chrom.sizes
INFO [2023-05-27 02:15:57,819]  [DirectoryManager.java:169] [main]  IGV Directory: /home/volker/igv
IGV Directory: /home/volker/igv
INFO [2023-05-27 02:15:57,834]  [GenomeManager.java:192] [main]  Genome loaded.  id= /srv/2023_UPF1_4SU/bam2bakR/
Genome loaded.  id= /srv/2023_UPF1_4SU/bam2bakR/
INFO [2023-05-27 02:15:57,848]  [Preprocessor.java:125] [main]  track type=bedGraph name=" Nter_24h_IAA_4SU_1 TC 2 minus " description=" Nter_24h_IAA_4SU_1 TC 2 minus strand" visibility=full negateValues=on autoScale=off windowingFunction=mean viewLimits=-10:0 color=10,10,10 altColor=250,0,0  priority=20
track type=bedGraph name=" Nter_24h_IAA_4SU_1 TC 2 minus " description=" Nter_24h_IAA_4SU_1 TC 2 minus strand" visibility=full negateValues=on autoScale=off windowingFunction=mean viewLimits=-10:0 color=10,10,10 altColor=250,0,0  priority=20
INFO [2023-05-27 02:15:57,863]  [Preprocessor.java:255] [main]  Processing chromosome chr1
Processing chromosome chr1
.....INFO [2023-05-27 02:16:00,154]  [Preprocessor.java:255] [main]  Processing chromosome chr2
Processing chromosome chr2
...INFO [2023-05-27 02:16:00,659]  [Preprocessor.java:255] [main]  Processing chromosome chr3
Processing chromosome chr3
.10.0% 
.INFO [2023-05-27 02:16:00,926]  [Preprocessor.java:255] [main]  Processing chromosome chr4
Processing chromosome chr4
..INFO [2023-05-27 02:16:01,172]  [Preprocessor.java:255] [main]  Processing chromosome chr5
Processing chromosome chr5
..INFO [2023-05-27 02:16:01,597]  [Preprocessor.java:255] [main]  Processing chromosome chr6
Processing chromosome chr6
....INFO [2023-05-27 02:16:01,812]  [Preprocessor.java:255] [main]  Processing chromosome chr7
Processing chromosome chr7
20.0% 
.INFO [2023-05-27 02:16:02,132]  [Preprocessor.java:255] [main]  Processing chromosome chr8
Processing chromosome chr8
..INFO [2023-05-27 02:16:02,266]  [Preprocessor.java:255] [main]  Processing chromosome chr9
Processing chromosome chr9
..INFO [2023-05-27 02:16:02,566]  [Preprocessor.java:255] [main]  Processing chromosome chr10
Processing chromosome chr10
...INFO [2023-05-27 02:16:02,858]  [Preprocessor.java:255] [main]  Processing chromosome chr11
Processing chromosome chr11
.30.0% 
.INFO [2023-05-27 02:16:03,059]  [Preprocessor.java:255] [main]  Processing chromosome chr12
Processing chromosome chr12
....INFO [2023-05-27 02:16:03,429]  [Preprocessor.java:255] [main]  Processing chromosome chr13
Processing chromosome chr13
INFO [2023-05-27 02:16:03,583]  [Preprocessor.java:255] [main]  Processing chromosome chr14
Processing chromosome chr14
..INFO [2023-05-27 02:16:03,703]  [Preprocessor.java:255] [main]  Processing chromosome chr15
Processing chromosome chr15
..INFO [2023-05-27 02:16:03,826]  [Preprocessor.java:255] [main]  Processing chromosome chr16
Processing chromosome chr16
40.0% 
.INFO [2023-05-27 02:16:04,167]  [Preprocessor.java:255] [main]  Processing chromosome chr17
Processing chromosome chr17
....INFO [2023-05-27 02:16:04,544]  [Preprocessor.java:255] [main]  Processing chromosome chr18
Processing chromosome chr18
.INFO [2023-05-27 02:16:04,600]  [Preprocessor.java:255] [main]  Processing chromosome chr19
Processing chromosome chr19
...50.0% 
.INFO [2023-05-27 02:16:05,058]  [Preprocessor.java:255] [main]  Processing chromosome chr20
Processing chromosome chr20
..INFO [2023-05-27 02:16:05,198]  [Preprocessor.java:255] [main]  Processing chromosome chr21
Processing chromosome chr21
INFO [2023-05-27 02:16:05,235]  [Preprocessor.java:255] [main]  Processing chromosome chr22
Processing chromosome chr22
..INFO [2023-05-27 02:16:05,343]  [Preprocessor.java:255] [main]  Processing chromosome chrX
Processing chromosome chrX
.INFO [2023-05-27 02:16:05,535]  [Preprocessor.java:255] [main]  Processing chromosome chrY
Processing chromosome chrY
INFO [2023-05-27 02:16:05,537]  [Preprocessor.java:255] [main]  Processing chromosome chrM
Processing chromosome chrM
.INFO [2023-05-27 02:16:05,659]  [Preprocessor.java:255] [main]  Processing chromosome GL000195.1
Processing chromosome GL000195.1
INFO [2023-05-27 02:16:05,675]  [Preprocessor.java:255] [main]  Processing chromosome GL000219.1
Processing chromosome GL000219.1
INFO [2023-05-27 02:16:05,676]  [Preprocessor.java:255] [main]  Processing chromosome GL000220.1
Processing chromosome GL000220.1
INFO [2023-05-27 02:16:05,677]  [Preprocessor.java:255] [main]  Processing chromosome GL000224.1
Processing chromosome GL000224.1
INFO [2023-05-27 02:16:05,678]  [Preprocessor.java:255] [main]  Processing chromosome KI270706.1
Processing chromosome KI270706.1
INFO [2023-05-27 02:16:05,679]  [Preprocessor.java:255] [main]  Processing chromosome KI270713.1
Processing chromosome KI270713.1
INFO [2023-05-27 02:16:05,685]  [Preprocessor.java:255] [main]  Processing chromosome KI270714.1
Processing chromosome KI270714.1
INFO [2023-05-27 02:16:05,686]  [Preprocessor.java:255] [main]  Processing chromosome KI270717.1
Processing chromosome KI270717.1
INFO [2023-05-27 02:16:05,687]  [Preprocessor.java:255] [main]  Processing chromosome KI270721.1
Processing chromosome KI270721.1
INFO [2023-05-27 02:16:05,690]  [Preprocessor.java:255] [main]  Processing chromosome KI270733.1
Processing chromosome KI270733.1
INFO [2023-05-27 02:16:05,695]  [Preprocessor.java:255] [main]  Processing chromosome KI270738.1
Processing chromosome KI270738.1
INFO [2023-05-27 02:16:05,696]  [Preprocessor.java:255] [main]  Processing chromosome KI270745.1
Processing chromosome KI270745.1
INFO [2023-05-27 02:16:05,724]  [TDFWriter.java:318] [main]  Group idx: 1
Group idx: 1
100.0% 
Done
INFO [2023-05-27 02:15:57,683]  [IgvTools.java:667] [main]  toTDF.  File = ./results/tracks/Nter_24h_IAA_4SU_1.TC.1.pos.bedGraph
toTDF.  File = ./results/tracks/Nter_24h_IAA_4SU_1.TC.1.pos.bedGraph
INFO [2023-05-27 02:15:57,685]  [IgvTools.java:668] [main]  Max zoom = 7
Max zoom = 7
INFO [2023-05-27 02:15:57,686]  [IgvTools.java:676] [main]  Window functions: mean max 
Window functions: mean max 
INFO [2023-05-27 02:15:57,692]  [GenomeManager.java:145] [main]  Loading genome: /srv/2023_UPF1_4SU/bam2bakR/./results/tracks/GRCh38.chrom.sizes
Loading genome: /srv/2023_UPF1_4SU/bam2bakR/./results/tracks/GRCh38.chrom.sizes
INFO [2023-05-27 02:15:57,901]  [DirectoryManager.java:169] [main]  IGV Directory: /home/volker/igv
IGV Directory: /home/volker/igv
INFO [2023-05-27 02:15:57,915]  [GenomeManager.java:192] [main]  Genome loaded.  id= /srv/2023_UPF1_4SU/bam2bakR/
Genome loaded.  id= /srv/2023_UPF1_4SU/bam2bakR/
INFO [2023-05-27 02:15:57,931]  [Preprocessor.java:125] [main]  track type=bedGraph name=" Nter_24h_IAA_4SU_1 TC 1 plus " description=" Nter_24h_IAA_4SU_1 TC 1 positive strand" visibility=full autoScale=off windowingFunction=mean viewLimits=0:10 color=250,150,150  altColor=10,10,10 priority=20
track type=bedGraph name=" Nter_24h_IAA_4SU_1 TC 1 plus " description=" Nter_24h_IAA_4SU_1 TC 1 positive strand" visibility=full autoScale=off windowingFunction=mean viewLimits=0:10 color=250,150,150  altColor=10,10,10 priority=20
INFO [2023-05-27 02:15:57,946]  [Preprocessor.java:255] [main]  Processing chromosome chr1
Processing chromosome chr1
.....INFO [2023-05-27 02:16:00,081]  [Preprocessor.java:255] [main]  Processing chromosome chr2
Processing chromosome chr2
...INFO [2023-05-27 02:16:00,869]  [Preprocessor.java:255] [main]  Processing chromosome chr3
Processing chromosome chr3
.10.0% 
.INFO [2023-05-27 02:16:01,246]  [Preprocessor.java:255] [main]  Processing chromosome chr4
Processing chromosome chr4
.INFO [2023-05-27 02:16:01,423]  [Preprocessor.java:255] [main]  Processing chromosome chr5
Processing chromosome chr5
..INFO [2023-05-27 02:16:01,704]  [Preprocessor.java:255] [main]  Processing chromosome chr6
Processing chromosome chr6
...INFO [2023-05-27 02:16:02,022]  [Preprocessor.java:255] [main]  Processing chromosome chr7
Processing chromosome chr7
..INFO [2023-05-27 02:16:02,252]  [Preprocessor.java:255] [main]  Processing chromosome chr8
Processing chromosome chr8
20.0% 
.INFO [2023-05-27 02:16:02,537]  [Preprocessor.java:255] [main]  Processing chromosome chr9
Processing chromosome chr9
...INFO [2023-05-27 02:16:02,749]  [Preprocessor.java:255] [main]  Processing chromosome chr10
Processing chromosome chr10
..INFO [2023-05-27 02:16:03,061]  [Preprocessor.java:255] [main]  Processing chromosome chr11
Processing chromosome chr11
...INFO [2023-05-27 02:16:03,355]  [Preprocessor.java:255] [main]  Processing chromosome chr12
Processing chromosome chr12
30.0% 
..INFO [2023-05-27 02:16:03,662]  [Preprocessor.java:255] [main]  Processing chromosome chr13
Processing chromosome chr13
.INFO [2023-05-27 02:16:03,742]  [Preprocessor.java:255] [main]  Processing chromosome chr14
Processing chromosome chr14
..INFO [2023-05-27 02:16:03,972]  [Preprocessor.java:255] [main]  Processing chromosome chr15
Processing chromosome chr15
.INFO [2023-05-27 02:16:04,106]  [Preprocessor.java:255] [main]  Processing chromosome chr16
Processing chromosome chr16
..INFO [2023-05-27 02:16:04,463]  [Preprocessor.java:255] [main]  Processing chromosome chr17
Processing chromosome chr17
.40.0% 
...INFO [2023-05-27 02:16:04,962]  [Preprocessor.java:255] [main]  Processing chromosome chr18
Processing chromosome chr18
.INFO [2023-05-27 02:16:05,053]  [Preprocessor.java:255] [main]  Processing chromosome chr19
Processing chromosome chr19
...INFO [2023-05-27 02:16:05,385]  [Preprocessor.java:255] [main]  Processing chromosome chr20
Processing chromosome chr20
..INFO [2023-05-27 02:16:05,615]  [Preprocessor.java:255] [main]  Processing chromosome chr21
Processing chromosome chr21
INFO [2023-05-27 02:16:05,660]  [Preprocessor.java:255] [main]  Processing chromosome chr22
Processing chromosome chr22
50.0% 
.INFO [2023-05-27 02:16:05,812]  [Preprocessor.java:255] [main]  Processing chromosome chrX
Processing chromosome chrX
.INFO [2023-05-27 02:16:05,907]  [Preprocessor.java:255] [main]  Processing chromosome chrY
Processing chromosome chrY
INFO [2023-05-27 02:16:05,910]  [Preprocessor.java:255] [main]  Processing chromosome chrM
Processing chromosome chrM
INFO [2023-05-27 02:16:05,985]  [Preprocessor.java:255] [main]  Processing chromosome GL000008.2
Processing chromosome GL000008.2
INFO [2023-05-27 02:16:05,990]  [Preprocessor.java:255] [main]  Processing chromosome GL000194.1
Processing chromosome GL000194.1
INFO [2023-05-27 02:16:05,994]  [Preprocessor.java:255] [main]  Processing chromosome GL000195.1
Processing chromosome GL000195.1
INFO [2023-05-27 02:16:05,999]  [Preprocessor.java:255] [main]  Processing chromosome GL000205.2
Processing chromosome GL000205.2
INFO [2023-05-27 02:16:06,003]  [Preprocessor.java:255] [main]  Processing chromosome GL000218.1
Processing chromosome GL000218.1
INFO [2023-05-27 02:16:06,013]  [Preprocessor.java:255] [main]  Processing chromosome GL000219.1
Processing chromosome GL000219.1
INFO [2023-05-27 02:16:06,019]  [Preprocessor.java:255] [main]  Processing chromosome GL000220.1
Processing chromosome GL000220.1
INFO [2023-05-27 02:16:06,022]  [Preprocessor.java:255] [main]  Processing chromosome KI270442.1
Processing chromosome KI270442.1
INFO [2023-05-27 02:16:06,023]  [Preprocessor.java:255] [main]  Processing chromosome KI270711.1
Processing chromosome KI270711.1
INFO [2023-05-27 02:16:06,037]  [Preprocessor.java:255] [main]  Processing chromosome KI270713.1
Processing chromosome KI270713.1
INFO [2023-05-27 02:16:06,041]  [Preprocessor.java:255] [main]  Processing chromosome KI270714.1
Processing chromosome KI270714.1
INFO [2023-05-27 02:16:06,050]  [Preprocessor.java:255] [main]  Processing chromosome KI270718.1
Processing chromosome KI270718.1
INFO [2023-05-27 02:16:06,051]  [Preprocessor.java:255] [main]  Processing chromosome KI270733.1
Processing chromosome KI270733.1
INFO [2023-05-27 02:16:06,054]  [Preprocessor.java:255] [main]  Processing chromosome KI270734.1
Processing chromosome KI270734.1
INFO [2023-05-27 02:16:06,055]  [Preprocessor.java:255] [main]  Processing chromosome KI270742.1
Processing chromosome KI270742.1
INFO [2023-05-27 02:16:06,056]  [Preprocessor.java:255] [main]  Processing chromosome KI270743.1
Processing chromosome KI270743.1
INFO [2023-05-27 02:16:06,056]  [Preprocessor.java:255] [main]  Processing chromosome KI270744.1
Processing chromosome KI270744.1
INFO [2023-05-27 02:16:06,085]  [TDFWriter.java:318] [main]  Group idx: 1
Group idx: 1
100.0% 
Done
INFO [2023-05-27 02:15:57,721]  [IgvTools.java:667] [main]  toTDF.  File = ./results/tracks/Nter_24h_IAA_4SU_1.TC.1.min.bedGraph
toTDF.  File = ./results/tracks/Nter_24h_IAA_4SU_1.TC.1.min.bedGraph
INFO [2023-05-27 02:15:57,724]  [IgvTools.java:668] [main]  Max zoom = 7
Max zoom = 7
INFO [2023-05-27 02:15:57,725]  [IgvTools.java:676] [main]  Window functions: mean max 
Window functions: mean max 
INFO [2023-05-27 02:15:57,732]  [GenomeManager.java:145] [main]  Loading genome: /srv/2023_UPF1_4SU/bam2bakR/./results/tracks/GRCh38.chrom.sizes
Loading genome: /srv/2023_UPF1_4SU/bam2bakR/./results/tracks/GRCh38.chrom.sizes
INFO [2023-05-27 02:15:57,950]  [DirectoryManager.java:169] [main]  IGV Directory: /home/volker/igv
IGV Directory: /home/volker/igv
INFO [2023-05-27 02:15:58,001]  [GenomeManager.java:192] [main]  Genome loaded.  id= /srv/2023_UPF1_4SU/bam2bakR/
Genome loaded.  id= /srv/2023_UPF1_4SU/bam2bakR/
INFO [2023-05-27 02:15:58,027]  [Preprocessor.java:125] [main]  track type=bedGraph name=" Nter_24h_IAA_4SU_1 TC 1 minus " description=" Nter_24h_IAA_4SU_1 TC 1 minus strand" visibility=full negateValues=on autoScale=off windowingFunction=mean viewLimits=-10:0 color=10,10,10 altColor=250,150,150  priority=20
track type=bedGraph name=" Nter_24h_IAA_4SU_1 TC 1 minus " description=" Nter_24h_IAA_4SU_1 TC 1 minus strand" visibility=full negateValues=on autoScale=off windowingFunction=mean viewLimits=-10:0 color=10,10,10 altColor=250,150,150  priority=20
INFO [2023-05-27 02:15:58,053]  [Preprocessor.java:255] [main]  Processing chromosome chr1
Processing chromosome chr1
.....INFO [2023-05-27 02:16:00,054]  [Preprocessor.java:255] [main]  Processing chromosome chr2
Processing chromosome chr2
...INFO [2023-05-27 02:16:00,991]  [Preprocessor.java:255] [main]  Processing chromosome chr3
Processing chromosome chr3
.10.0% 
.INFO [2023-05-27 02:16:01,275]  [Preprocessor.java:255] [main]  Processing chromosome chr4
Processing chromosome chr4
..INFO [2023-05-27 02:16:01,546]  [Preprocessor.java:255] [main]  Processing chromosome chr5
Processing chromosome chr5
..INFO [2023-05-27 02:16:01,932]  [Preprocessor.java:255] [main]  Processing chromosome chr6
Processing chromosome chr6
...INFO [2023-05-27 02:16:02,209]  [Preprocessor.java:255] [main]  Processing chromosome chr7
Processing chromosome chr7
.20.0% 
.INFO [2023-05-27 02:16:02,523]  [Preprocessor.java:255] [main]  Processing chromosome chr8
Processing chromosome chr8
..INFO [2023-05-27 02:16:02,680]  [Preprocessor.java:255] [main]  Processing chromosome chr9
Processing chromosome chr9
..INFO [2023-05-27 02:16:02,983]  [Preprocessor.java:255] [main]  Processing chromosome chr10
Processing chromosome chr10
..INFO [2023-05-27 02:16:03,272]  [Preprocessor.java:255] [main]  Processing chromosome chr11
Processing chromosome chr11
..30.0% 
.INFO [2023-05-27 02:16:03,542]  [Preprocessor.java:255] [main]  Processing chromosome chr12
Processing chromosome chr12
...INFO [2023-05-27 02:16:03,929]  [Preprocessor.java:255] [main]  Processing chromosome chr13
Processing chromosome chr13
.INFO [2023-05-27 02:16:03,995]  [Preprocessor.java:255] [main]  Processing chromosome chr14
Processing chromosome chr14
..INFO [2023-05-27 02:16:04,261]  [Preprocessor.java:255] [main]  Processing chromosome chr15
Processing chromosome chr15
.INFO [2023-05-27 02:16:04,521]  [Preprocessor.java:255] [main]  Processing chromosome chr16
Processing chromosome chr16
.40.0% 
.INFO [2023-05-27 02:16:04,872]  [Preprocessor.java:255] [main]  Processing chromosome chr17
Processing chromosome chr17
....INFO [2023-05-27 02:16:05,270]  [Preprocessor.java:255] [main]  Processing chromosome chr18
Processing chromosome chr18
.INFO [2023-05-27 02:16:05,348]  [Preprocessor.java:255] [main]  Processing chromosome chr19
Processing chromosome chr19
...50.0% 
.INFO [2023-05-27 02:16:05,851]  [Preprocessor.java:255] [main]  Processing chromosome chr20
Processing chromosome chr20
..INFO [2023-05-27 02:16:06,070]  [Preprocessor.java:255] [main]  Processing chromosome chr21
Processing chromosome chr21
INFO [2023-05-27 02:16:06,110]  [Preprocessor.java:255] [main]  Processing chromosome chr22
Processing chromosome chr22
..INFO [2023-05-27 02:16:06,231]  [Preprocessor.java:255] [main]  Processing chromosome chrX
Processing chromosome chrX
.INFO [2023-05-27 02:16:06,507]  [Preprocessor.java:255] [main]  Processing chromosome chrY
Processing chromosome chrY
INFO [2023-05-27 02:16:06,509]  [Preprocessor.java:255] [main]  Processing chromosome chrM
Processing chromosome chrM
.INFO [2023-05-27 02:16:06,611]  [Preprocessor.java:255] [main]  Processing chromosome GL000195.1
Processing chromosome GL000195.1
INFO [2023-05-27 02:16:06,628]  [Preprocessor.java:255] [main]  Processing chromosome GL000219.1
Processing chromosome GL000219.1
INFO [2023-05-27 02:16:06,629]  [Preprocessor.java:255] [main]  Processing chromosome GL000220.1
Processing chromosome GL000220.1
INFO [2023-05-27 02:16:06,630]  [Preprocessor.java:255] [main]  Processing chromosome GL000224.1
Processing chromosome GL000224.1
INFO [2023-05-27 02:16:06,631]  [Preprocessor.java:255] [main]  Processing chromosome KI270706.1
Processing chromosome KI270706.1
INFO [2023-05-27 02:16:06,632]  [Preprocessor.java:255] [main]  Processing chromosome KI270713.1
Processing chromosome KI270713.1
INFO [2023-05-27 02:16:06,638]  [Preprocessor.java:255] [main]  Processing chromosome KI270714.1
Processing chromosome KI270714.1
INFO [2023-05-27 02:16:06,639]  [Preprocessor.java:255] [main]  Processing chromosome KI270717.1
Processing chromosome KI270717.1
INFO [2023-05-27 02:16:06,640]  [Preprocessor.java:255] [main]  Processing chromosome KI270721.1
Processing chromosome KI270721.1
INFO [2023-05-27 02:16:06,644]  [Preprocessor.java:255] [main]  Processing chromosome KI270733.1
Processing chromosome KI270733.1
INFO [2023-05-27 02:16:06,653]  [Preprocessor.java:255] [main]  Processing chromosome KI270738.1
Processing chromosome KI270738.1
INFO [2023-05-27 02:16:06,655]  [Preprocessor.java:255] [main]  Processing chromosome KI270744.1
Processing chromosome KI270744.1
INFO [2023-05-27 02:16:06,656]  [Preprocessor.java:255] [main]  Processing chromosome KI270745.1
Processing chromosome KI270745.1
INFO [2023-05-27 02:16:06,673]  [TDFWriter.java:318] [main]  Group idx: 1
Group idx: 1
100.0% 
Done
INFO [2023-05-27 02:15:57,680]  [IgvTools.java:667] [main]  toTDF.  File = ./results/tracks/Nter_24h_IAA_4SU_1.TC.0.pos.bedGraph
toTDF.  File = ./results/tracks/Nter_24h_IAA_4SU_1.TC.0.pos.bedGraph
INFO [2023-05-27 02:15:57,683]  [IgvTools.java:668] [main]  Max zoom = 7
Max zoom = 7
INFO [2023-05-27 02:15:57,683]  [IgvTools.java:676] [main]  Window functions: mean max 
Window functions: mean max 
INFO [2023-05-27 02:15:57,691]  [GenomeManager.java:145] [main]  Loading genome: /srv/2023_UPF1_4SU/bam2bakR/./results/tracks/GRCh38.chrom.sizes
Loading genome: /srv/2023_UPF1_4SU/bam2bakR/./results/tracks/GRCh38.chrom.sizes
INFO [2023-05-27 02:15:57,890]  [DirectoryManager.java:169] [main]  IGV Directory: /home/volker/igv
IGV Directory: /home/volker/igv
INFO [2023-05-27 02:15:57,908]  [GenomeManager.java:192] [main]  Genome loaded.  id= /srv/2023_UPF1_4SU/bam2bakR/
Genome loaded.  id= /srv/2023_UPF1_4SU/bam2bakR/
INFO [2023-05-27 02:15:57,923]  [Preprocessor.java:125] [main]  track type=bedGraph name=" Nter_24h_IAA_4SU_1 TC 0 plus " description=" Nter_24h_IAA_4SU_1 TC 0 positive strand" visibility=full autoScale=off windowingFunction=mean viewLimits=0:10 color=200,200,200  altColor=10,10,10 priority=20
track type=bedGraph name=" Nter_24h_IAA_4SU_1 TC 0 plus " description=" Nter_24h_IAA_4SU_1 TC 0 positive strand" visibility=full autoScale=off windowingFunction=mean viewLimits=0:10 color=200,200,200  altColor=10,10,10 priority=20
INFO [2023-05-27 02:15:57,939]  [Preprocessor.java:255] [main]  Processing chromosome chr1
Processing chromosome chr1
.....INFO [2023-05-27 02:16:02,047]  [Preprocessor.java:255] [main]  Processing chromosome chr2
Processing chromosome chr2
...INFO [2023-05-27 02:16:03,465]  [Preprocessor.java:255] [main]  Processing chromosome chr3
Processing chromosome chr3
.10.0% 
.INFO [2023-05-27 02:16:04,601]  [Preprocessor.java:255] [main]  Processing chromosome chr4
Processing chromosome chr4
..INFO [2023-05-27 02:16:05,277]  [Preprocessor.java:255] [main]  Processing chromosome chr5
Processing chromosome chr5
..INFO [2023-05-27 02:16:06,027]  [Preprocessor.java:255] [main]  Processing chromosome chr6
Processing chromosome chr6
..INFO [2023-05-27 02:16:06,923]  [Preprocessor.java:255] [main]  Processing chromosome chr7
Processing chromosome chr7
..INFO [2023-05-27 02:16:07,789]  [Preprocessor.java:255] [main]  Processing chromosome chr8
Processing chromosome chr8
20.0% 
.INFO [2023-05-27 02:16:08,499]  [Preprocessor.java:255] [main]  Processing chromosome chr9
Processing chromosome chr9
...INFO [2023-05-27 02:16:09,304]  [Preprocessor.java:255] [main]  Processing chromosome chr10
Processing chromosome chr10
..INFO [2023-05-27 02:16:10,074]  [Preprocessor.java:255] [main]  Processing chromosome chr11
Processing chromosome chr11
...INFO [2023-05-27 02:16:11,133]  [Preprocessor.java:255] [main]  Processing chromosome chr12
Processing chromosome chr12
30.0% 
..INFO [2023-05-27 02:16:12,260]  [Preprocessor.java:255] [main]  Processing chromosome chr13
Processing chromosome chr13
.INFO [2023-05-27 02:16:12,564]  [Preprocessor.java:255] [main]  Processing chromosome chr14
Processing chromosome chr14
..INFO [2023-05-27 02:16:13,162]  [Preprocessor.java:255] [main]  Processing chromosome chr15
Processing chromosome chr15
.INFO [2023-05-27 02:16:13,695]  [Preprocessor.java:255] [main]  Processing chromosome chr16
Processing chromosome chr16
...INFO [2023-05-27 02:16:14,608]  [Preprocessor.java:255] [main]  Processing chromosome chr17
Processing chromosome chr17
40.0% 
...INFO [2023-05-27 02:16:16,149]  [Preprocessor.java:255] [main]  Processing chromosome chr18
Processing chromosome chr18
.INFO [2023-05-27 02:16:16,384]  [Preprocessor.java:255] [main]  Processing chromosome chr19
Processing chromosome chr19
...INFO [2023-05-27 02:16:17,578]  [Preprocessor.java:255] [main]  Processing chromosome chr20
Processing chromosome chr20
..INFO [2023-05-27 02:16:18,070]  [Preprocessor.java:255] [main]  Processing chromosome chr21
Processing chromosome chr21
INFO [2023-05-27 02:16:18,243]  [Preprocessor.java:255] [main]  Processing chromosome chr22
Processing chromosome chr22
50.0% 
.INFO [2023-05-27 02:16:18,816]  [Preprocessor.java:255] [main]  Processing chromosome chrX
Processing chromosome chrX
.INFO [2023-05-27 02:16:19,290]  [Preprocessor.java:255] [main]  Processing chromosome chrY
Processing chromosome chrY
INFO [2023-05-27 02:16:19,294]  [Preprocessor.java:255] [main]  Processing chromosome chrM
Processing chromosome chrM
INFO [2023-05-27 02:16:19,393]  [Preprocessor.java:255] [main]  Processing chromosome GL000008.2
Processing chromosome GL000008.2
INFO [2023-05-27 02:16:19,399]  [Preprocessor.java:255] [main]  Processing chromosome GL000194.1
Processing chromosome GL000194.1
INFO [2023-05-27 02:16:19,407]  [Preprocessor.java:255] [main]  Processing chromosome GL000195.1
Processing chromosome GL000195.1
INFO [2023-05-27 02:16:19,417]  [Preprocessor.java:255] [main]  Processing chromosome GL000205.2
Processing chromosome GL000205.2
INFO [2023-05-27 02:16:19,426]  [Preprocessor.java:255] [main]  Processing chromosome GL000213.1
Processing chromosome GL000213.1
INFO [2023-05-27 02:16:19,426]  [Preprocessor.java:255] [main]  Processing chromosome GL000218.1
Processing chromosome GL000218.1
INFO [2023-05-27 02:16:19,441]  [Preprocessor.java:255] [main]  Processing chromosome GL000219.1
Processing chromosome GL000219.1
INFO [2023-05-27 02:16:19,450]  [Preprocessor.java:255] [main]  Processing chromosome GL000220.1
Processing chromosome GL000220.1
INFO [2023-05-27 02:16:19,454]  [Preprocessor.java:255] [main]  Processing chromosome GL000221.1
Processing chromosome GL000221.1
INFO [2023-05-27 02:16:19,455]  [Preprocessor.java:255] [main]  Processing chromosome KI270442.1
Processing chromosome KI270442.1
INFO [2023-05-27 02:16:19,456]  [Preprocessor.java:255] [main]  Processing chromosome KI270711.1
Processing chromosome KI270711.1
INFO [2023-05-27 02:16:19,480]  [Preprocessor.java:255] [main]  Processing chromosome KI270713.1
Processing chromosome KI270713.1
INFO [2023-05-27 02:16:19,486]  [Preprocessor.java:255] [main]  Processing chromosome KI270714.1
Processing chromosome KI270714.1
INFO [2023-05-27 02:16:19,508]  [Preprocessor.java:255] [main]  Processing chromosome KI270717.1
Processing chromosome KI270717.1
INFO [2023-05-27 02:16:19,509]  [Preprocessor.java:255] [main]  Processing chromosome KI270718.1
Processing chromosome KI270718.1
INFO [2023-05-27 02:16:19,510]  [Preprocessor.java:255] [main]  Processing chromosome KI270719.1
Processing chromosome KI270719.1
INFO [2023-05-27 02:16:19,511]  [Preprocessor.java:255] [main]  Processing chromosome KI270720.1
Processing chromosome KI270720.1
INFO [2023-05-27 02:16:19,512]  [Preprocessor.java:255] [main]  Processing chromosome KI270728.1
Processing chromosome KI270728.1
INFO [2023-05-27 02:16:19,513]  [Preprocessor.java:255] [main]  Processing chromosome KI270733.1
Processing chromosome KI270733.1
INFO [2023-05-27 02:16:19,517]  [Preprocessor.java:255] [main]  Processing chromosome KI270734.1
Processing chromosome KI270734.1
INFO [2023-05-27 02:16:19,519]  [Preprocessor.java:255] [main]  Processing chromosome KI270742.1
Processing chromosome KI270742.1
INFO [2023-05-27 02:16:19,520]  [Preprocessor.java:255] [main]  Processing chromosome KI270743.1
Processing chromosome KI270743.1
INFO [2023-05-27 02:16:19,521]  [Preprocessor.java:255] [main]  Processing chromosome KI270744.1
Processing chromosome KI270744.1
INFO [2023-05-27 02:16:19,543]  [TDFWriter.java:318] [main]  Group idx: 1
Group idx: 1
100.0% 
Done
INFO [2023-05-27 02:15:57,676]  [IgvTools.java:667] [main]  toTDF.  File = ./results/tracks/Nter_24h_IAA_4SU_1.TC.0.min.bedGraph
toTDF.  File = ./results/tracks/Nter_24h_IAA_4SU_1.TC.0.min.bedGraph
INFO [2023-05-27 02:15:57,678]  [IgvTools.java:668] [main]  Max zoom = 7
Max zoom = 7
INFO [2023-05-27 02:15:57,679]  [IgvTools.java:676] [main]  Window functions: mean max 
Window functions: mean max 
INFO [2023-05-27 02:15:57,686]  [GenomeManager.java:145] [main]  Loading genome: /srv/2023_UPF1_4SU/bam2bakR/./results/tracks/GRCh38.chrom.sizes
Loading genome: /srv/2023_UPF1_4SU/bam2bakR/./results/tracks/GRCh38.chrom.sizes
INFO [2023-05-27 02:15:57,929]  [DirectoryManager.java:169] [main]  IGV Directory: /home/volker/igv
IGV Directory: /home/volker/igv
INFO [2023-05-27 02:15:57,946]  [GenomeManager.java:192] [main]  Genome loaded.  id= /srv/2023_UPF1_4SU/bam2bakR/
Genome loaded.  id= /srv/2023_UPF1_4SU/bam2bakR/
INFO [2023-05-27 02:15:57,961]  [Preprocessor.java:125] [main]  track type=bedGraph name=" Nter_24h_IAA_4SU_1 TC 0 minus " description=" Nter_24h_IAA_4SU_1 TC 0 minus strand" visibility=full negateValues=on autoScale=off windowingFunction=mean viewLimits=-10:0 color=10,10,10 altColor=200,200,200  priority=20
track type=bedGraph name=" Nter_24h_IAA_4SU_1 TC 0 minus " description=" Nter_24h_IAA_4SU_1 TC 0 minus strand" visibility=full negateValues=on autoScale=off windowingFunction=mean viewLimits=-10:0 color=10,10,10 altColor=200,200,200  priority=20
INFO [2023-05-27 02:15:57,998]  [Preprocessor.java:255] [main]  Processing chromosome chr1
Processing chromosome chr1
.....INFO [2023-05-27 02:16:01,711]  [Preprocessor.java:255] [main]  Processing chromosome chr2
Processing chromosome chr2
....INFO [2023-05-27 02:16:03,246]  [Preprocessor.java:255] [main]  Processing chromosome chr3
Processing chromosome chr3
10.0% 
..INFO [2023-05-27 02:16:04,287]  [Preprocessor.java:255] [main]  Processing chromosome chr4
Processing chromosome chr4
.INFO [2023-05-27 02:16:04,972]  [Preprocessor.java:255] [main]  Processing chromosome chr5
Processing chromosome chr5
...INFO [2023-05-27 02:16:05,960]  [Preprocessor.java:255] [main]  Processing chromosome chr6
Processing chromosome chr6
..INFO [2023-05-27 02:16:06,849]  [Preprocessor.java:255] [main]  Processing chromosome chr7
Processing chromosome chr7
.20.0% 
.INFO [2023-05-27 02:16:07,734]  [Preprocessor.java:255] [main]  Processing chromosome chr8
Processing chromosome chr8
..INFO [2023-05-27 02:16:08,352]  [Preprocessor.java:255] [main]  Processing chromosome chr9
Processing chromosome chr9
..INFO [2023-05-27 02:16:09,065]  [Preprocessor.java:255] [main]  Processing chromosome chr10
Processing chromosome chr10
...INFO [2023-05-27 02:16:09,790]  [Preprocessor.java:255] [main]  Processing chromosome chr11
Processing chromosome chr11
.30.0% 
.INFO [2023-05-27 02:16:10,866]  [Preprocessor.java:255] [main]  Processing chromosome chr12
Processing chromosome chr12
...INFO [2023-05-27 02:16:12,074]  [Preprocessor.java:255] [main]  Processing chromosome chr13
Processing chromosome chr13
.INFO [2023-05-27 02:16:12,333]  [Preprocessor.java:255] [main]  Processing chromosome chr14
Processing chromosome chr14
..INFO [2023-05-27 02:16:12,868]  [Preprocessor.java:255] [main]  Processing chromosome chr15
Processing chromosome chr15
..INFO [2023-05-27 02:16:13,420]  [Preprocessor.java:255] [main]  Processing chromosome chr16
Processing chromosome chr16
40.0% 
..INFO [2023-05-27 02:16:14,440]  [Preprocessor.java:255] [main]  Processing chromosome chr17
Processing chromosome chr17
....INFO [2023-05-27 02:16:15,733]  [Preprocessor.java:255] [main]  Processing chromosome chr18
Processing chromosome chr18
.INFO [2023-05-27 02:16:15,981]  [Preprocessor.java:255] [main]  Processing chromosome chr19
Processing chromosome chr19
..50.0% 
.INFO [2023-05-27 02:16:17,612]  [Preprocessor.java:255] [main]  Processing chromosome chr20
Processing chromosome chr20
..INFO [2023-05-27 02:16:18,201]  [Preprocessor.java:255] [main]  Processing chromosome chr21
Processing chromosome chr21
INFO [2023-05-27 02:16:18,393]  [Preprocessor.java:255] [main]  Processing chromosome chr22
Processing chromosome chr22
..INFO [2023-05-27 02:16:18,908]  [Preprocessor.java:255] [main]  Processing chromosome chrX
Processing chromosome chrX
.INFO [2023-05-27 02:16:19,347]  [Preprocessor.java:255] [main]  Processing chromosome chrY
Processing chromosome chrY
INFO [2023-05-27 02:16:19,350]  [Preprocessor.java:255] [main]  Processing chromosome chrM
Processing chromosome chrM
INFO [2023-05-27 02:16:19,450]  [Preprocessor.java:255] [main]  Processing chromosome GL000194.1
Processing chromosome GL000194.1
INFO [2023-05-27 02:16:19,467]  [Preprocessor.java:255] [main]  Processing chromosome GL000195.1
Processing chromosome GL000195.1
INFO [2023-05-27 02:16:19,471]  [Preprocessor.java:255] [main]  Processing chromosome GL000205.2
Processing chromosome GL000205.2
INFO [2023-05-27 02:16:19,472]  [Preprocessor.java:255] [main]  Processing chromosome GL000218.1
Processing chromosome GL000218.1
INFO [2023-05-27 02:16:19,473]  [Preprocessor.java:255] [main]  Processing chromosome GL000219.1
Processing chromosome GL000219.1
INFO [2023-05-27 02:16:19,474]  [Preprocessor.java:255] [main]  Processing chromosome GL000220.1
Processing chromosome GL000220.1
INFO [2023-05-27 02:16:19,477]  [Preprocessor.java:255] [main]  Processing chromosome GL000224.1
Processing chromosome GL000224.1
INFO [2023-05-27 02:16:19,478]  [Preprocessor.java:255] [main]  Processing chromosome KI270706.1
Processing chromosome KI270706.1
INFO [2023-05-27 02:16:19,479]  [Preprocessor.java:255] [main]  Processing chromosome KI270711.1
Processing chromosome KI270711.1
INFO [2023-05-27 02:16:19,480]  [Preprocessor.java:255] [main]  Processing chromosome KI270713.1
Processing chromosome KI270713.1
INFO [2023-05-27 02:16:19,489]  [Preprocessor.java:255] [main]  Processing chromosome KI270714.1
Processing chromosome KI270714.1
INFO [2023-05-27 02:16:19,491]  [Preprocessor.java:255] [main]  Processing chromosome KI270717.1
Processing chromosome KI270717.1
INFO [2023-05-27 02:16:19,493]  [Preprocessor.java:255] [main]  Processing chromosome KI270721.1
Processing chromosome KI270721.1
INFO [2023-05-27 02:16:19,497]  [Preprocessor.java:255] [main]  Processing chromosome KI270733.1
Processing chromosome KI270733.1
INFO [2023-05-27 02:16:19,508]  [Preprocessor.java:255] [main]  Processing chromosome KI270734.1
Processing chromosome KI270734.1
INFO [2023-05-27 02:16:19,510]  [Preprocessor.java:255] [main]  Processing chromosome KI270738.1
Processing chromosome KI270738.1
INFO [2023-05-27 02:16:19,511]  [Preprocessor.java:255] [main]  Processing chromosome KI270744.1
Processing chromosome KI270744.1
INFO [2023-05-27 02:16:19,512]  [Preprocessor.java:255] [main]  Processing chromosome KI270745.1
Processing chromosome KI270745.1
INFO [2023-05-27 02:16:19,519]  [Preprocessor.java:255] [main]  Processing chromosome KI270755.1
Processing chromosome KI270755.1
INFO [2023-05-27 02:16:19,537]  [TDFWriter.java:318] [main]  Group idx: 1
Group idx: 1
100.0% 
Done
* TDF track files created for sample Nter_24h_IAA_4SU_1.
