Flattened was false!
100000 GFF lines processed.
100000 GFF lines processed.
100000 GFF lines processed.
100000 GFF lines processed.
100000 GFF lines processed.
100000 GFF lines processed.
100000 GFF lines processed.
100000 GFF lines processed.
100000 GFF lines processed.
100000 GFF lines processed.
100000 GFF lines processed.
100000 GFF lines processed.
100000 GFF lines processed.
100000 GFF lines processed.
100000 GFF lines processed.
100000 GFF lines processed.
100000 GFF lines processed.
100000 GFF lines processed.
100000 GFF lines processed.
100000 GFF lines processed.
100000 GFF lines processed.
100000 GFF lines processed.
100000 GFF lines processed.
100000 GFF lines processed.
100000 GFF lines processed.
100000 GFF lines processed.
100000 GFF lines processed.
100000 GFF lines processed.
100000 GFF lines processed.
100000 GFF lines processed.
100000 GFF lines processed.
100000 GFF lines processed.
200000 GFF lines processed.
200000 GFF lines processed.
200000 GFF lines processed.
200000 GFF lines processed.
200000 GFF lines processed.
200000 GFF lines processed.
200000 GFF lines processed.
200000 GFF lines processed.
200000 GFF lines processed.
200000 GFF lines processed.
200000 GFF lines processed.
200000 GFF lines processed.
200000 GFF lines processed.
200000 GFF lines processed.
200000 GFF lines processed.
200000 GFF lines processed.
200000 GFF lines processed.
200000 GFF lines processed.
200000 GFF lines processed.
200000 GFF lines processed.
200000 GFF lines processed.
200000 GFF lines processed.
200000 GFF lines processed.
200000 GFF lines processed.
200000 GFF lines processed.
200000 GFF lines processed.
200000 GFF lines processed.
200000 GFF lines processed.
200000 GFF lines processed.
200000 GFF lines processed.
200000 GFF lines processed.
200000 GFF lines processed.
300000 GFF lines processed.
300000 GFF lines processed.
300000 GFF lines processed.
300000 GFF lines processed.
300000 GFF lines processed.
300000 GFF lines processed.
300000 GFF lines processed.
300000 GFF lines processed.
300000 GFF lines processed.
300000 GFF lines processed.
300000 GFF lines processed.
300000 GFF lines processed.
300000 GFF lines processed.
300000 GFF lines processed.
300000 GFF lines processed.
300000 GFF lines processed.
300000 GFF lines processed.
300000 GFF lines processed.
300000 GFF lines processed.
300000 GFF lines processed.
300000 GFF lines processed.
300000 GFF lines processed.
300000 GFF lines processed.
300000 GFF lines processed.
300000 GFF lines processed.
300000 GFF lines processed.
300000 GFF lines processed.
300000 GFF lines processed.
300000 GFF lines processed.
300000 GFF lines processed.
300000 GFF lines processed.
300000 GFF lines processed.
400000 GFF lines processed.
400000 GFF lines processed.
400000 GFF lines processed.
400000 GFF lines processed.
400000 GFF lines processed.
400000 GFF lines processed.
400000 GFF lines processed.
400000 GFF lines processed.
400000 GFF lines processed.
400000 GFF lines processed.
400000 GFF lines processed.
400000 GFF lines processed.
400000 GFF lines processed.
400000 GFF lines processed.
400000 GFF lines processed.
400000 GFF lines processed.
400000 GFF lines processed.
400000 GFF lines processed.
400000 GFF lines processed.
400000 GFF lines processed.
400000 GFF lines processed.
400000 GFF lines processed.
400000 GFF lines processed.
400000 GFF lines processed.
400000 GFF lines processed.
400000 GFF lines processed.
400000 GFF lines processed.
400000 GFF lines processed.
400000 GFF lines processed.
400000 GFF lines processed.
400000 GFF lines processed.
400000 GFF lines processed.
500000 GFF lines processed.
500000 GFF lines processed.
500000 GFF lines processed.
500000 GFF lines processed.
500000 GFF lines processed.
500000 GFF lines processed.
500000 GFF lines processed.
500000 GFF lines processed.
500000 GFF lines processed.
500000 GFF lines processed.
500000 GFF lines processed.
500000 GFF lines processed.
500000 GFF lines processed.
500000 GFF lines processed.
500000 GFF lines processed.
500000 GFF lines processed.
500000 GFF lines processed.
500000 GFF lines processed.
500000 GFF lines processed.
500000 GFF lines processed.
500000 GFF lines processed.
500000 GFF lines processed.
500000 GFF lines processed.
500000 GFF lines processed.
500000 GFF lines processed.
500000 GFF lines processed.
500000 GFF lines processed.
500000 GFF lines processed.
500000 GFF lines processed.
500000 GFF lines processed.
500000 GFF lines processed.
500000 GFF lines processed.
600000 GFF lines processed.
600000 GFF lines processed.
600000 GFF lines processed.
600000 GFF lines processed.
600000 GFF lines processed.
600000 GFF lines processed.
600000 GFF lines processed.
600000 GFF lines processed.
600000 GFF lines processed.
600000 GFF lines processed.
600000 GFF lines processed.
600000 GFF lines processed.
600000 GFF lines processed.
600000 GFF lines processed.
600000 GFF lines processed.
600000 GFF lines processed.
600000 GFF lines processed.
600000 GFF lines processed.
600000 GFF lines processed.
600000 GFF lines processed.
600000 GFF lines processed.
600000 GFF lines processed.
600000 GFF lines processed.
600000 GFF lines processed.
600000 GFF lines processed.
600000 GFF lines processed.
600000 GFF lines processed.
600000 GFF lines processed.
600000 GFF lines processed.
600000 GFF lines processed.
600000 GFF lines processed.
600000 GFF lines processed.
700000 GFF lines processed.
700000 GFF lines processed.
700000 GFF lines processed.
700000 GFF lines processed.
700000 GFF lines processed.
700000 GFF lines processed.
700000 GFF lines processed.
700000 GFF lines processed.
700000 GFF lines processed.
700000 GFF lines processed.
700000 GFF lines processed.
700000 GFF lines processed.
700000 GFF lines processed.
700000 GFF lines processed.
700000 GFF lines processed.
700000 GFF lines processed.
700000 GFF lines processed.
700000 GFF lines processed.
700000 GFF lines processed.
700000 GFF lines processed.
700000 GFF lines processed.
700000 GFF lines processed.
700000 GFF lines processed.
700000 GFF lines processed.
700000 GFF lines processed.
700000 GFF lines processed.
700000 GFF lines processed.
700000 GFF lines processed.
700000 GFF lines processed.
700000 GFF lines processed.
700000 GFF lines processed.
700000 GFF lines processed.
800000 GFF lines processed.
800000 GFF lines processed.
800000 GFF lines processed.
800000 GFF lines processed.
800000 GFF lines processed.
800000 GFF lines processed.
800000 GFF lines processed.
800000 GFF lines processed.
800000 GFF lines processed.
800000 GFF lines processed.
800000 GFF lines processed.
800000 GFF lines processed.
800000 GFF lines processed.
800000 GFF lines processed.
800000 GFF lines processed.
800000 GFF lines processed.
800000 GFF lines processed.
800000 GFF lines processed.
800000 GFF lines processed.
800000 GFF lines processed.
800000 GFF lines processed.
800000 GFF lines processed.
800000 GFF lines processed.
800000 GFF lines processed.
800000 GFF lines processed.
800000 GFF lines processed.
800000 GFF lines processed.
800000 GFF lines processed.
800000 GFF lines processed.
800000 GFF lines processed.
800000 GFF lines processed.
800000 GFF lines processed.
900000 GFF lines processed.
900000 GFF lines processed.
900000 GFF lines processed.
900000 GFF lines processed.
900000 GFF lines processed.
900000 GFF lines processed.
900000 GFF lines processed.
900000 GFF lines processed.
900000 GFF lines processed.
900000 GFF lines processed.
900000 GFF lines processed.
900000 GFF lines processed.
900000 GFF lines processed.
900000 GFF lines processed.
900000 GFF lines processed.
900000 GFF lines processed.
900000 GFF lines processed.
900000 GFF lines processed.
900000 GFF lines processed.
900000 GFF lines processed.
900000 GFF lines processed.
900000 GFF lines processed.
900000 GFF lines processed.
900000 GFF lines processed.
900000 GFF lines processed.
900000 GFF lines processed.
900000 GFF lines processed.
900000 GFF lines processed.
900000 GFF lines processed.
900000 GFF lines processed.
900000 GFF lines processed.
900000 GFF lines processed.
1000000 GFF lines processed.
1000000 GFF lines processed.
1000000 GFF lines processed.
1000000 GFF lines processed.
1000000 GFF lines processed.
1000000 GFF lines processed.
1000000 GFF lines processed.
1000000 GFF lines processed.
1000000 GFF lines processed.
1000000 GFF lines processed.
1000000 GFF lines processed.
1000000 GFF lines processed.
1000000 GFF lines processed.
1000000 GFF lines processed.
1000000 GFF lines processed.
1000000 GFF lines processed.
1000000 GFF lines processed.
1000000 GFF lines processed.
1000000 GFF lines processed.
1000000 GFF lines processed.
1000000 GFF lines processed.
1000000 GFF lines processed.
1000000 GFF lines processed.
1000000 GFF lines processed.
1000000 GFF lines processed.
1000000 GFF lines processed.
1000000 GFF lines processed.
1000000 GFF lines processed.
1000000 GFF lines processed.
1000000 GFF lines processed.
1000000 GFF lines processed.
1000000 GFF lines processed.
1100000 GFF lines processed.
1100000 GFF lines processed.
1100000 GFF lines processed.
1100000 GFF lines processed.
1100000 GFF lines processed.
1100000 GFF lines processed.
1100000 GFF lines processed.
1100000 GFF lines processed.
1100000 GFF lines processed.
1100000 GFF lines processed.
1100000 GFF lines processed.
1100000 GFF lines processed.
1100000 GFF lines processed.
1100000 GFF lines processed.
1100000 GFF lines processed.
1100000 GFF lines processed.
1100000 GFF lines processed.
1100000 GFF lines processed.
1100000 GFF lines processed.
1100000 GFF lines processed.
1100000 GFF lines processed.
1100000 GFF lines processed.
1100000 GFF lines processed.
1100000 GFF lines processed.
1100000 GFF lines processed.
1100000 GFF lines processed.
1100000 GFF lines processed.
1100000 GFF lines processed.
1100000 GFF lines processed.
1100000 GFF lines processed.
1100000 GFF lines processed.
1100000 GFF lines processed.
1200000 GFF lines processed.
1200000 GFF lines processed.
1200000 GFF lines processed.
1200000 GFF lines processed.
1200000 GFF lines processed.
1200000 GFF lines processed.
1200000 GFF lines processed.
1200000 GFF lines processed.
1200000 GFF lines processed.
1200000 GFF lines processed.
1200000 GFF lines processed.
1200000 GFF lines processed.
1200000 GFF lines processed.
1200000 GFF lines processed.
1200000 GFF lines processed.
1200000 GFF lines processed.
1200000 GFF lines processed.
1200000 GFF lines processed.
1200000 GFF lines processed.
1200000 GFF lines processed.
1200000 GFF lines processed.
1200000 GFF lines processed.
1200000 GFF lines processed.
1200000 GFF lines processed.
1200000 GFF lines processed.
1200000 GFF lines processed.
1200000 GFF lines processed.
1200000 GFF lines processed.
1200000 GFF lines processed.
1200000 GFF lines processed.
1200000 GFF lines processed.
1200000 GFF lines processed.
1300000 GFF lines processed.
1300000 GFF lines processed.
1300000 GFF lines processed.
1300000 GFF lines processed.
1300000 GFF lines processed.
1300000 GFF lines processed.
1300000 GFF lines processed.
1300000 GFF lines processed.
1300000 GFF lines processed.
1300000 GFF lines processed.
1300000 GFF lines processed.
1300000 GFF lines processed.
1300000 GFF lines processed.
1300000 GFF lines processed.
1300000 GFF lines processed.
1300000 GFF lines processed.
1300000 GFF lines processed.
1300000 GFF lines processed.
1300000 GFF lines processed.
1300000 GFF lines processed.
1300000 GFF lines processed.
1300000 GFF lines processed.
1300000 GFF lines processed.
1300000 GFF lines processed.
1300000 GFF lines processed.
1300000 GFF lines processed.
1300000 GFF lines processed.
1300000 GFF lines processed.
1300000 GFF lines processed.
1300000 GFF lines processed.
1300000 GFF lines processed.
1300000 GFF lines processed.
1400000 GFF lines processed.
1400000 GFF lines processed.
1400000 GFF lines processed.
1400000 GFF lines processed.
1400000 GFF lines processed.
1400000 GFF lines processed.
1400000 GFF lines processed.
1400000 GFF lines processed.
1400000 GFF lines processed.
1400000 GFF lines processed.
1400000 GFF lines processed.
1400000 GFF lines processed.
1400000 GFF lines processed.
1400000 GFF lines processed.
1400000 GFF lines processed.
1400000 GFF lines processed.
1400000 GFF lines processed.
1400000 GFF lines processed.
1400000 GFF lines processed.
1400000 GFF lines processed.
1400000 GFF lines processed.
1400000 GFF lines processed.
1400000 GFF lines processed.
1400000 GFF lines processed.
1400000 GFF lines processed.
1400000 GFF lines processed.
1400000 GFF lines processed.
1400000 GFF lines processed.
1400000 GFF lines processed.
1400000 GFF lines processed.
1400000 GFF lines processed.
1400000 GFF lines processed.
1500000 GFF lines processed.
1500000 GFF lines processed.
1500000 GFF lines processed.
1500000 GFF lines processed.
1500000 GFF lines processed.
1500000 GFF lines processed.
1500000 GFF lines processed.
1500000 GFF lines processed.
1500000 GFF lines processed.
1500000 GFF lines processed.
1500000 GFF lines processed.
1500000 GFF lines processed.
1500000 GFF lines processed.
1500000 GFF lines processed.
1500000 GFF lines processed.
1500000 GFF lines processed.
1500000 GFF lines processed.
1500000 GFF lines processed.
1500000 GFF lines processed.
1500000 GFF lines processed.
1500000 GFF lines processed.
1500000 GFF lines processed.
1500000 GFF lines processed.
1500000 GFF lines processed.
1500000 GFF lines processed.
1500000 GFF lines processed.
1500000 GFF lines processed.
1500000 GFF lines processed.
1500000 GFF lines processed.
1500000 GFF lines processed.
1500000 GFF lines processed.
1500000 GFF lines processed.
1600000 GFF lines processed.
1600000 GFF lines processed.
1600000 GFF lines processed.
1600000 GFF lines processed.
1600000 GFF lines processed.
1600000 GFF lines processed.
1600000 GFF lines processed.
1600000 GFF lines processed.
1600000 GFF lines processed.
1600000 GFF lines processed.
1600000 GFF lines processed.
1600000 GFF lines processed.
1600000 GFF lines processed.
1600000 GFF lines processed.
1600000 GFF lines processed.
1600000 GFF lines processed.
1600000 GFF lines processed.
1600000 GFF lines processed.
1600000 GFF lines processed.
1600000 GFF lines processed.
1600000 GFF lines processed.
1600000 GFF lines processed.
1600000 GFF lines processed.
1600000 GFF lines processed.
1600000 GFF lines processed.
1600000 GFF lines processed.
1600000 GFF lines processed.
1600000 GFF lines processed.
1600000 GFF lines processed.
1600000 GFF lines processed.
1600000 GFF lines processed.
1600000 GFF lines processed.
1700000 GFF lines processed.
1700000 GFF lines processed.
1700000 GFF lines processed.
1700000 GFF lines processed.
1700000 GFF lines processed.
1700000 GFF lines processed.
1700000 GFF lines processed.
1700000 GFF lines processed.
1700000 GFF lines processed.
1700000 GFF lines processed.
1700000 GFF lines processed.
1700000 GFF lines processed.
1700000 GFF lines processed.
1700000 GFF lines processed.
1700000 GFF lines processed.
1700000 GFF lines processed.
1700000 GFF lines processed.
1700000 GFF lines processed.
1700000 GFF lines processed.
1700000 GFF lines processed.
1700000 GFF lines processed.
1700000 GFF lines processed.
1700000 GFF lines processed.
1700000 GFF lines processed.
1700000 GFF lines processed.
1700000 GFF lines processed.
1700000 GFF lines processed.
1700000 GFF lines processed.
1700000 GFF lines processed.
1700000 GFF lines processed.
1700000 GFF lines processed.
1700000 GFF lines processed.
1800000 GFF lines processed.
1800000 GFF lines processed.
1800000 GFF lines processed.
1800000 GFF lines processed.
1800000 GFF lines processed.
1800000 GFF lines processed.
1800000 GFF lines processed.
1800000 GFF lines processed.
1800000 GFF lines processed.
1800000 GFF lines processed.
1800000 GFF lines processed.
1800000 GFF lines processed.
1800000 GFF lines processed.
1800000 GFF lines processed.
1800000 GFF lines processed.
1800000 GFF lines processed.
1800000 GFF lines processed.
1800000 GFF lines processed.
1800000 GFF lines processed.
1800000 GFF lines processed.
1800000 GFF lines processed.
1800000 GFF lines processed.
1800000 GFF lines processed.
1800000 GFF lines processed.
1800000 GFF lines processed.
1800000 GFF lines processed.
1800000 GFF lines processed.
1800000 GFF lines processed.
1800000 GFF lines processed.
1800000 GFF lines processed.
1800000 GFF lines processed.
1800000 GFF lines processed.
1900000 GFF lines processed.
1900000 GFF lines processed.
1900000 GFF lines processed.
1900000 GFF lines processed.
1900000 GFF lines processed.
1900000 GFF lines processed.
1900000 GFF lines processed.
1900000 GFF lines processed.
1900000 GFF lines processed.
1900000 GFF lines processed.
1900000 GFF lines processed.
1900000 GFF lines processed.
1900000 GFF lines processed.
1900000 GFF lines processed.
1900000 GFF lines processed.
1900000 GFF lines processed.
1900000 GFF lines processed.
1900000 GFF lines processed.
1900000 GFF lines processed.
1900000 GFF lines processed.
1900000 GFF lines processed.
1900000 GFF lines processed.
1900000 GFF lines processed.
1900000 GFF lines processed.
1900000 GFF lines processed.
1900000 GFF lines processed.
1900000 GFF lines processed.
1900000 GFF lines processed.
1900000 GFF lines processed.
1900000 GFF lines processed.
1900000 GFF lines processed.
1900000 GFF lines processed.
2000000 GFF lines processed.
2000000 GFF lines processed.
2000000 GFF lines processed.
2000000 GFF lines processed.
2000000 GFF lines processed.
2000000 GFF lines processed.
2000000 GFF lines processed.
2000000 GFF lines processed.
2000000 GFF lines processed.
2000000 GFF lines processed.
2000000 GFF lines processed.
2000000 GFF lines processed.
2000000 GFF lines processed.
2000000 GFF lines processed.
2000000 GFF lines processed.
2000000 GFF lines processed.
2000000 GFF lines processed.
2000000 GFF lines processed.
2000000 GFF lines processed.
2000000 GFF lines processed.
2000000 GFF lines processed.
2000000 GFF lines processed.
2000000 GFF lines processed.
2000000 GFF lines processed.
2000000 GFF lines processed.
2000000 GFF lines processed.
2000000 GFF lines processed.
2000000 GFF lines processed.
2000000 GFF lines processed.
2000000 GFF lines processed.
2000000 GFF lines processed.
2000000 GFF lines processed.
2100000 GFF lines processed.
2100000 GFF lines processed.
2100000 GFF lines processed.
2100000 GFF lines processed.
2100000 GFF lines processed.
2100000 GFF lines processed.
2100000 GFF lines processed.
2100000 GFF lines processed.
2100000 GFF lines processed.
2100000 GFF lines processed.
2100000 GFF lines processed.
2100000 GFF lines processed.
2100000 GFF lines processed.
2100000 GFF lines processed.
2100000 GFF lines processed.
2100000 GFF lines processed.
2100000 GFF lines processed.
2100000 GFF lines processed.
2100000 GFF lines processed.
2100000 GFF lines processed.
2100000 GFF lines processed.
2100000 GFF lines processed.
2100000 GFF lines processed.
2100000 GFF lines processed.
2100000 GFF lines processed.
2100000 GFF lines processed.
2100000 GFF lines processed.
2100000 GFF lines processed.
2100000 GFF lines processed.
2100000 GFF lines processed.
2100000 GFF lines processed.
2100000 GFF lines processed.
2200000 GFF lines processed.
2200000 GFF lines processed.
2200000 GFF lines processed.
2200000 GFF lines processed.
2200000 GFF lines processed.
2200000 GFF lines processed.
2200000 GFF lines processed.
2200000 GFF lines processed.
2200000 GFF lines processed.
2200000 GFF lines processed.
2200000 GFF lines processed.
2200000 GFF lines processed.
2200000 GFF lines processed.
2200000 GFF lines processed.
2200000 GFF lines processed.
2200000 GFF lines processed.
2200000 GFF lines processed.
2200000 GFF lines processed.
2200000 GFF lines processed.
2200000 GFF lines processed.
2200000 GFF lines processed.
2200000 GFF lines processed.
2200000 GFF lines processed.
2200000 GFF lines processed.
2200000 GFF lines processed.
2200000 GFF lines processed.
2200000 GFF lines processed.
2200000 GFF lines processed.
2200000 GFF lines processed.
2200000 GFF lines processed.
2200000 GFF lines processed.
2200000 GFF lines processed.
2300000 GFF lines processed.
2300000 GFF lines processed.
2300000 GFF lines processed.
2300000 GFF lines processed.
2300000 GFF lines processed.
2300000 GFF lines processed.
2300000 GFF lines processed.
2300000 GFF lines processed.
2300000 GFF lines processed.
2300000 GFF lines processed.
2300000 GFF lines processed.
2300000 GFF lines processed.
2300000 GFF lines processed.
2300000 GFF lines processed.
2300000 GFF lines processed.
2300000 GFF lines processed.
2300000 GFF lines processed.
2300000 GFF lines processed.
2300000 GFF lines processed.
2300000 GFF lines processed.
2300000 GFF lines processed.
2300000 GFF lines processed.
2300000 GFF lines processed.
2300000 GFF lines processed.
2300000 GFF lines processed.
2300000 GFF lines processed.
2300000 GFF lines processed.
2300000 GFF lines processed.
2300000 GFF lines processed.
2300000 GFF lines processed.
2300000 GFF lines processed.
2400000 GFF lines processed.
2300000 GFF lines processed.
2400000 GFF lines processed.
2400000 GFF lines processed.
2400000 GFF lines processed.
2400000 GFF lines processed.
2400000 GFF lines processed.
2400000 GFF lines processed.
2400000 GFF lines processed.
2400000 GFF lines processed.
2400000 GFF lines processed.
2400000 GFF lines processed.
2400000 GFF lines processed.
2400000 GFF lines processed.
2400000 GFF lines processed.
2400000 GFF lines processed.
2400000 GFF lines processed.
2400000 GFF lines processed.
2400000 GFF lines processed.
2400000 GFF lines processed.
2400000 GFF lines processed.
2400000 GFF lines processed.
2400000 GFF lines processed.
2400000 GFF lines processed.
2400000 GFF lines processed.
2400000 GFF lines processed.
2400000 GFF lines processed.
2400000 GFF lines processed.
2400000 GFF lines processed.
2400000 GFF lines processed.
2400000 GFF lines processed.
2500000 GFF lines processed.
2500000 GFF lines processed.
2500000 GFF lines processed.
2500000 GFF lines processed.
2500000 GFF lines processed.
2400000 GFF lines processed.
2400000 GFF lines processed.
2500000 GFF lines processed.
2500000 GFF lines processed.
2500000 GFF lines processed.
2500000 GFF lines processed.
2500000 GFF lines processed.
2500000 GFF lines processed.
2500000 GFF lines processed.
2500000 GFF lines processed.
2500000 GFF lines processed.
2500000 GFF lines processed.
2500000 GFF lines processed.
2500000 GFF lines processed.
2500000 GFF lines processed.
2500000 GFF lines processed.
2500000 GFF lines processed.
2500000 GFF lines processed.
2500000 GFF lines processed.
2500000 GFF lines processed.
2500000 GFF lines processed.
2500000 GFF lines processed.
2500000 GFF lines processed.
2500000 GFF lines processed.
2500000 GFF lines processed.
2500000 GFF lines processed.
2500000 GFF lines processed.
2600000 GFF lines processed.
2600000 GFF lines processed.
2600000 GFF lines processed.
2600000 GFF lines processed.
2600000 GFF lines processed.
2600000 GFF lines processed.
2500000 GFF lines processed.
2600000 GFF lines processed.
2500000 GFF lines processed.
2600000 GFF lines processed.
2600000 GFF lines processed.
2600000 GFF lines processed.
2600000 GFF lines processed.
2600000 GFF lines processed.
2600000 GFF lines processed.
2600000 GFF lines processed.
2600000 GFF lines processed.
2600000 GFF lines processed.
2600000 GFF lines processed.
2600000 GFF lines processed.
2600000 GFF lines processed.
2600000 GFF lines processed.
2600000 GFF lines processed.
2600000 GFF lines processed.
2600000 GFF lines processed.
2600000 GFF lines processed.
2600000 GFF lines processed.
2600000 GFF lines processed.
2600000 GFF lines processed.
2600000 GFF lines processed.
2600000 GFF lines processed.
2600000 GFF lines processed.
2700000 GFF lines processed.
2700000 GFF lines processed.
2700000 GFF lines processed.
2700000 GFF lines processed.
2700000 GFF lines processed.
2700000 GFF lines processed.
2600000 GFF lines processed.
2700000 GFF lines processed.
2700000 GFF lines processed.
2700000 GFF lines processed.
2700000 GFF lines processed.
2700000 GFF lines processed.
2700000 GFF lines processed.
2700000 GFF lines processed.
2700000 GFF lines processed.
2700000 GFF lines processed.
2700000 GFF lines processed.
2600000 GFF lines processed.
2700000 GFF lines processed.
2700000 GFF lines processed.
2700000 GFF lines processed.
2700000 GFF lines processed.
2700000 GFF lines processed.
2700000 GFF lines processed.
2700000 GFF lines processed.
2700000 GFF lines processed.
2700000 GFF lines processed.
2700000 GFF lines processed.
2700000 GFF lines processed.
2700000 GFF lines processed.
2700000 GFF lines processed.
2700000 GFF lines processed.
2800000 GFF lines processed.
2800000 GFF lines processed.
2800000 GFF lines processed.
2800000 GFF lines processed.
2800000 GFF lines processed.
2800000 GFF lines processed.
2800000 GFF lines processed.
2800000 GFF lines processed.
2800000 GFF lines processed.
2800000 GFF lines processed.
2800000 GFF lines processed.
2700000 GFF lines processed.
2800000 GFF lines processed.
2800000 GFF lines processed.
2800000 GFF lines processed.
2800000 GFF lines processed.
2800000 GFF lines processed.
2800000 GFF lines processed.
2800000 GFF lines processed.
2800000 GFF lines processed.
2800000 GFF lines processed.
2800000 GFF lines processed.
2700000 GFF lines processed.
2800000 GFF lines processed.
2800000 GFF lines processed.
2800000 GFF lines processed.
2800000 GFF lines processed.
2800000 GFF lines processed.
2800000 GFF lines processed.
2800000 GFF lines processed.
2800000 GFF lines processed.
2800000 GFF lines processed.
2900000 GFF lines processed.
2900000 GFF lines processed.
2900000 GFF lines processed.
2900000 GFF lines processed.
2900000 GFF lines processed.
2900000 GFF lines processed.
2900000 GFF lines processed.
2900000 GFF lines processed.
2900000 GFF lines processed.
2900000 GFF lines processed.
2900000 GFF lines processed.
2900000 GFF lines processed.
2900000 GFF lines processed.
2900000 GFF lines processed.
2900000 GFF lines processed.
2800000 GFF lines processed.
2900000 GFF lines processed.
2900000 GFF lines processed.
2900000 GFF lines processed.
2900000 GFF lines processed.
2900000 GFF lines processed.
2900000 GFF lines processed.
2900000 GFF lines processed.
2800000 GFF lines processed.
2900000 GFF lines processed.
2900000 GFF lines processed.
2900000 GFF lines processed.
2900000 GFF lines processed.
2900000 GFF lines processed.
2900000 GFF lines processed.
2900000 GFF lines processed.
2900000 GFF lines processed.
3000000 GFF lines processed.
3000000 GFF lines processed.
3000000 GFF lines processed.
3000000 GFF lines processed.
3000000 GFF lines processed.
3000000 GFF lines processed.
3000000 GFF lines processed.
3000000 GFF lines processed.
3000000 GFF lines processed.
3000000 GFF lines processed.
3000000 GFF lines processed.
3000000 GFF lines processed.
3000000 GFF lines processed.
3000000 GFF lines processed.
3000000 GFF lines processed.
3000000 GFF lines processed.
3000000 GFF lines processed.
3000000 GFF lines processed.
3000000 GFF lines processed.
3000000 GFF lines processed.
2900000 GFF lines processed.
3000000 GFF lines processed.
3000000 GFF lines processed.
3000000 GFF lines processed.
3000000 GFF lines processed.
2900000 GFF lines processed.
3000000 GFF lines processed.
3000000 GFF lines processed.
3000000 GFF lines processed.
3000000 GFF lines processed.
3000000 GFF lines processed.
3000000 GFF lines processed.
3100000 GFF lines processed.
3100000 GFF lines processed.
3100000 GFF lines processed.
3100000 GFF lines processed.
3100000 GFF lines processed.
3100000 GFF lines processed.
3100000 GFF lines processed.
3100000 GFF lines processed.
3100000 GFF lines processed.
3100000 GFF lines processed.
3100000 GFF lines processed.
3100000 GFF lines processed.
3100000 GFF lines processed.
3100000 GFF lines processed.
3100000 GFF lines processed.
3100000 GFF lines processed.
3100000 GFF lines processed.
3100000 GFF lines processed.
3100000 GFF lines processed.
3100000 GFF lines processed.
3100000 GFF lines processed.
3100000 GFF lines processed.
3000000 GFF lines processed.
3100000 GFF lines processed.
3100000 GFF lines processed.
3100000 GFF lines processed.
3100000 GFF lines processed.
3100000 GFF lines processed.
3000000 GFF lines processed.
3100000 GFF lines processed.
3100000 GFF lines processed.
3100000 GFF lines processed.
3200000 GFF lines processed.
3200000 GFF lines processed.
3200000 GFF lines processed.
3200000 GFF lines processed.
3200000 GFF lines processed.
3200000 GFF lines processed.
3200000 GFF lines processed.
3200000 GFF lines processed.
3200000 GFF lines processed.
3200000 GFF lines processed.
3200000 GFF lines processed.
3200000 GFF lines processed.
3200000 GFF lines processed.
3200000 GFF lines processed.
3200000 GFF lines processed.
3200000 GFF lines processed.
3200000 GFF lines processed.
3200000 GFF lines processed.
3200000 GFF lines processed.
3200000 GFF lines processed.
3200000 GFF lines processed.
3200000 GFF lines processed.
3200000 GFF lines processed.
3200000 GFF lines processed.
3200000 GFF lines processed.
3200000 GFF lines processed.
3100000 GFF lines processed.
3200000 GFF lines processed.
3100000 GFF lines processed.
3200000 GFF lines processed.
3200000 GFF lines processed.
3200000 GFF lines processed.
3300000 GFF lines processed.
3300000 GFF lines processed.
3300000 GFF lines processed.
3300000 GFF lines processed.
3300000 GFF lines processed.
3300000 GFF lines processed.
3300000 GFF lines processed.
3300000 GFF lines processed.
3300000 GFF lines processed.
3300000 GFF lines processed.
3300000 GFF lines processed.
3300000 GFF lines processed.
3300000 GFF lines processed.
3300000 GFF lines processed.
3300000 GFF lines processed.
3300000 GFF lines processed.
3300000 GFF lines processed.
3300000 GFF lines processed.
3300000 GFF lines processed.
3300000 GFF lines processed.
3300000 GFF lines processed.
3300000 GFF lines processed.
3300000 GFF lines processed.
3300000 GFF lines processed.
3300000 GFF lines processed.
3300000 GFF lines processed.
3200000 GFF lines processed.
3300000 GFF lines processed.
3300000 GFF lines processed.
3200000 GFF lines processed.
3300000 GFF lines processed.
3300000 GFF lines processed.
3400000 GFF lines processed.
3400000 GFF lines processed.
3400000 GFF lines processed.
3400000 GFF lines processed.
3400000 GFF lines processed.
3400000 GFF lines processed.
3413841 GFF lines processed.
3413841 GFF lines processed.
3400000 GFF lines processed.
3413841 GFF lines processed.
3413841 GFF lines processed.
3400000 GFF lines processed.
3413841 GFF lines processed.
3400000 GFF lines processed.
3400000 GFF lines processed.
3400000 GFF lines processed.
3400000 GFF lines processed.
3400000 GFF lines processed.
3413841 GFF lines processed.
3400000 GFF lines processed.
3400000 GFF lines processed.
3413841 GFF lines processed.
3400000 GFF lines processed.
3413841 GFF lines processed.
3413841 GFF lines processed.
3413841 GFF lines processed.
3413841 GFF lines processed.
3413841 GFF lines processed.
3413841 GFF lines processed.
3400000 GFF lines processed.
3400000 GFF lines processed.
3413841 GFF lines processed.
3413841 GFF lines processed.
3400000 GFF lines processed.
3413841 GFF lines processed.
3400000 GFF lines processed.
3400000 GFF lines processed.
3413841 GFF lines processed.
3413841 GFF lines processed.
3400000 GFF lines processed.
3400000 GFF lines processed.
3413841 GFF lines processed.
3400000 GFF lines processed.
3400000 GFF lines processed.
3400000 GFF lines processed.
3400000 GFF lines processed.
3300000 GFF lines processed.
3400000 GFF lines processed.
3413841 GFF lines processed.
3413841 GFF lines processed.
3400000 GFF lines processed.
3413841 GFF lines processed.
3413841 GFF lines processed.
3413841 GFF lines processed.
3413841 GFF lines processed.
3413841 GFF lines processed.
3300000 GFF lines processed.
3413841 GFF lines processed.
3413841 GFF lines processed.
3413841 GFF lines processed.
3400000 GFF lines processed.
3413841 GFF lines processed.
3400000 GFF lines processed.
3400000 GFF lines processed.
3413841 GFF lines processed.
3413841 GFF lines processed.
100000 alignment record pairs processed.
100000 alignment record pairs processed.
100000 alignment record pairs processed.
100000 alignment record pairs processed.
100000 alignment record pairs processed.
100000 alignment record pairs processed.
100000 alignment record pairs processed.
100000 alignment record pairs processed.
100000 alignment record pairs processed.
100000 alignment record pairs processed.
100000 alignment record pairs processed.
100000 alignment record pairs processed.
100000 alignment record pairs processed.
100000 alignment record pairs processed.
100000 alignment record pairs processed.
100000 alignment record pairs processed.
100000 alignment record pairs processed.
100000 alignment record pairs processed.
100000 alignment record pairs processed.
100000 alignment record pairs processed.
100000 alignment record pairs processed.
100000 alignment record pairs processed.
100000 alignment record pairs processed.
100000 alignment record pairs processed.
100000 alignment record pairs processed.
100000 alignment record pairs processed.
100000 alignment record pairs processed.
100000 alignment record pairs processed.
100000 alignment record pairs processed.
100000 alignment record pairs processed.
100000 alignment record pairs processed.
100000 alignment record pairs processed.
200000 alignment record pairs processed.
200000 alignment record pairs processed.
200000 alignment record pairs processed.
200000 alignment record pairs processed.
200000 alignment record pairs processed.
200000 alignment record pairs processed.
200000 alignment record pairs processed.
200000 alignment record pairs processed.
200000 alignment record pairs processed.
200000 alignment record pairs processed.
200000 alignment record pairs processed.
200000 alignment record pairs processed.
200000 alignment record pairs processed.
200000 alignment record pairs processed.
200000 alignment record pairs processed.
200000 alignment record pairs processed.
200000 alignment record pairs processed.
200000 alignment record pairs processed.
200000 alignment record pairs processed.
200000 alignment record pairs processed.
200000 alignment record pairs processed.
200000 alignment record pairs processed.
200000 alignment record pairs processed.
200000 alignment record pairs processed.
200000 alignment record pairs processed.
200000 alignment record pairs processed.
200000 alignment record pairs processed.
200000 alignment record pairs processed.
200000 alignment record pairs processed.
200000 alignment record pairs processed.
200000 alignment record pairs processed.
200000 alignment record pairs processed.
300000 alignment record pairs processed.
300000 alignment record pairs processed.
300000 alignment record pairs processed.
300000 alignment record pairs processed.
300000 alignment record pairs processed.
300000 alignment record pairs processed.
300000 alignment record pairs processed.
300000 alignment record pairs processed.
300000 alignment record pairs processed.
300000 alignment record pairs processed.
300000 alignment record pairs processed.
300000 alignment record pairs processed.
300000 alignment record pairs processed.
300000 alignment record pairs processed.
300000 alignment record pairs processed.
300000 alignment record pairs processed.
300000 alignment record pairs processed.
300000 alignment record pairs processed.
300000 alignment record pairs processed.
300000 alignment record pairs processed.
300000 alignment record pairs processed.
300000 alignment record pairs processed.
300000 alignment record pairs processed.
300000 alignment record pairs processed.
300000 alignment record pairs processed.
300000 alignment record pairs processed.
300000 alignment record pairs processed.
300000 alignment record pairs processed.
300000 alignment record pairs processed.
300000 alignment record pairs processed.
300000 alignment record pairs processed.
300000 alignment record pairs processed.
400000 alignment record pairs processed.
400000 alignment record pairs processed.
400000 alignment record pairs processed.
400000 alignment record pairs processed.
400000 alignment record pairs processed.
400000 alignment record pairs processed.
400000 alignment record pairs processed.
400000 alignment record pairs processed.
400000 alignment record pairs processed.
400000 alignment record pairs processed.
400000 alignment record pairs processed.
400000 alignment record pairs processed.
400000 alignment record pairs processed.
400000 alignment record pairs processed.
400000 alignment record pairs processed.
400000 alignment record pairs processed.
400000 alignment record pairs processed.
400000 alignment record pairs processed.
400000 alignment record pairs processed.
400000 alignment record pairs processed.
400000 alignment record pairs processed.
400000 alignment record pairs processed.
400000 alignment record pairs processed.
400000 alignment record pairs processed.
400000 alignment record pairs processed.
400000 alignment record pairs processed.
400000 alignment record pairs processed.
400000 alignment record pairs processed.
400000 alignment record pairs processed.
400000 alignment record pairs processed.
400000 alignment record pairs processed.
400000 alignment record pairs processed.
500000 alignment record pairs processed.
500000 alignment record pairs processed.
500000 alignment record pairs processed.
500000 alignment record pairs processed.
500000 alignment record pairs processed.
500000 alignment record pairs processed.
500000 alignment record pairs processed.
500000 alignment record pairs processed.
500000 alignment record pairs processed.
500000 alignment record pairs processed.
500000 alignment record pairs processed.
500000 alignment record pairs processed.
500000 alignment record pairs processed.
500000 alignment record pairs processed.
500000 alignment record pairs processed.
500000 alignment record pairs processed.
500000 alignment record pairs processed.
500000 alignment record pairs processed.
500000 alignment record pairs processed.
500000 alignment record pairs processed.
500000 alignment record pairs processed.
500000 alignment record pairs processed.
500000 alignment record pairs processed.
493340 alignment pairs processed.
536793 alignment pairs processed.
534094 alignment pairs processed.
535369 alignment pairs processed.
530056 alignment pairs processed.
491841 alignment pairs processed.
517110 alignment pairs processed.
498933 alignment pairs processed.
507334 alignment pairs processed.
501738 alignment pairs processed.
503158 alignment pairs processed.
465269 alignment pairs processed.
515717 alignment pairs processed.
498937 alignment pairs processed.
528477 alignment pairs processed.
527037 alignment pairs processed.
507271 alignment pairs processed.
525581 alignment pairs processed.
497569 alignment pairs processed.
463919 alignment pairs processed.
539537 alignment pairs processed.
524203 alignment pairs processed.
512959 alignment pairs processed.
475222 alignment pairs processed.
511541 alignment pairs processed.
528371 alignment pairs processed.
515616 alignment pairs processed.
496060 alignment pairs processed.
526977 alignment pairs processed.
525566 alignment pairs processed.
527028 alignment pairs processed.
526967 alignment pairs processed.
* HTSeq counting finished for sample Ctrl_24h_IAA_4SU_3
[bam_sort_core] merging from 0 files and 32 in-memory blocks...
* HTSeq .sam files merged for sample Ctrl_24h_IAA_4SU_3
* HTSeq counts files merged for sample Ctrl_24h_IAA_4SU_3
