Flattened was false!
100000 GFF lines processed.
100000 GFF lines processed.
100000 GFF lines processed.
100000 GFF lines processed.
100000 GFF lines processed.
100000 GFF lines processed.
100000 GFF lines processed.
100000 GFF lines processed.
100000 GFF lines processed.
100000 GFF lines processed.
100000 GFF lines processed.
100000 GFF lines processed.
100000 GFF lines processed.
100000 GFF lines processed.
100000 GFF lines processed.
100000 GFF lines processed.
100000 GFF lines processed.
100000 GFF lines processed.
100000 GFF lines processed.
100000 GFF lines processed.
100000 GFF lines processed.
100000 GFF lines processed.
100000 GFF lines processed.
100000 GFF lines processed.
100000 GFF lines processed.
100000 GFF lines processed.
100000 GFF lines processed.
100000 GFF lines processed.
100000 GFF lines processed.
100000 GFF lines processed.
100000 GFF lines processed.
100000 GFF lines processed.
200000 GFF lines processed.
200000 GFF lines processed.
200000 GFF lines processed.
200000 GFF lines processed.
200000 GFF lines processed.
200000 GFF lines processed.
200000 GFF lines processed.
200000 GFF lines processed.
200000 GFF lines processed.
200000 GFF lines processed.
200000 GFF lines processed.
200000 GFF lines processed.
200000 GFF lines processed.
200000 GFF lines processed.
200000 GFF lines processed.
200000 GFF lines processed.
200000 GFF lines processed.
200000 GFF lines processed.
200000 GFF lines processed.
200000 GFF lines processed.
200000 GFF lines processed.
200000 GFF lines processed.
200000 GFF lines processed.
200000 GFF lines processed.
200000 GFF lines processed.
200000 GFF lines processed.
200000 GFF lines processed.
200000 GFF lines processed.
200000 GFF lines processed.
200000 GFF lines processed.
200000 GFF lines processed.
200000 GFF lines processed.
300000 GFF lines processed.
300000 GFF lines processed.
300000 GFF lines processed.
300000 GFF lines processed.
300000 GFF lines processed.
300000 GFF lines processed.
300000 GFF lines processed.
300000 GFF lines processed.
300000 GFF lines processed.
300000 GFF lines processed.
300000 GFF lines processed.
300000 GFF lines processed.
300000 GFF lines processed.
300000 GFF lines processed.
300000 GFF lines processed.
300000 GFF lines processed.
300000 GFF lines processed.
300000 GFF lines processed.
300000 GFF lines processed.
300000 GFF lines processed.
300000 GFF lines processed.
300000 GFF lines processed.
300000 GFF lines processed.
300000 GFF lines processed.
300000 GFF lines processed.
300000 GFF lines processed.
300000 GFF lines processed.
300000 GFF lines processed.
300000 GFF lines processed.
300000 GFF lines processed.
300000 GFF lines processed.
300000 GFF lines processed.
400000 GFF lines processed.
400000 GFF lines processed.
400000 GFF lines processed.
400000 GFF lines processed.
400000 GFF lines processed.
400000 GFF lines processed.
400000 GFF lines processed.
400000 GFF lines processed.
400000 GFF lines processed.
400000 GFF lines processed.
400000 GFF lines processed.
400000 GFF lines processed.
400000 GFF lines processed.
400000 GFF lines processed.
400000 GFF lines processed.
400000 GFF lines processed.
400000 GFF lines processed.
400000 GFF lines processed.
400000 GFF lines processed.
400000 GFF lines processed.
400000 GFF lines processed.
400000 GFF lines processed.
400000 GFF lines processed.
400000 GFF lines processed.
400000 GFF lines processed.
400000 GFF lines processed.
400000 GFF lines processed.
400000 GFF lines processed.
400000 GFF lines processed.
400000 GFF lines processed.
400000 GFF lines processed.
400000 GFF lines processed.
500000 GFF lines processed.
500000 GFF lines processed.
500000 GFF lines processed.
500000 GFF lines processed.
500000 GFF lines processed.
500000 GFF lines processed.
500000 GFF lines processed.
500000 GFF lines processed.
500000 GFF lines processed.
500000 GFF lines processed.
500000 GFF lines processed.
500000 GFF lines processed.
500000 GFF lines processed.
500000 GFF lines processed.
500000 GFF lines processed.
500000 GFF lines processed.
500000 GFF lines processed.
500000 GFF lines processed.
500000 GFF lines processed.
500000 GFF lines processed.
500000 GFF lines processed.
500000 GFF lines processed.
500000 GFF lines processed.
500000 GFF lines processed.
500000 GFF lines processed.
500000 GFF lines processed.
500000 GFF lines processed.
500000 GFF lines processed.
500000 GFF lines processed.
500000 GFF lines processed.
500000 GFF lines processed.
500000 GFF lines processed.
600000 GFF lines processed.
600000 GFF lines processed.
600000 GFF lines processed.
600000 GFF lines processed.
600000 GFF lines processed.
600000 GFF lines processed.
600000 GFF lines processed.
600000 GFF lines processed.
600000 GFF lines processed.
600000 GFF lines processed.
600000 GFF lines processed.
600000 GFF lines processed.
600000 GFF lines processed.
600000 GFF lines processed.
600000 GFF lines processed.
600000 GFF lines processed.
600000 GFF lines processed.
600000 GFF lines processed.
600000 GFF lines processed.
600000 GFF lines processed.
600000 GFF lines processed.
600000 GFF lines processed.
600000 GFF lines processed.
600000 GFF lines processed.
600000 GFF lines processed.
600000 GFF lines processed.
600000 GFF lines processed.
600000 GFF lines processed.
600000 GFF lines processed.
600000 GFF lines processed.
600000 GFF lines processed.
600000 GFF lines processed.
700000 GFF lines processed.
700000 GFF lines processed.
700000 GFF lines processed.
700000 GFF lines processed.
700000 GFF lines processed.
700000 GFF lines processed.
700000 GFF lines processed.
700000 GFF lines processed.
700000 GFF lines processed.
700000 GFF lines processed.
700000 GFF lines processed.
700000 GFF lines processed.
700000 GFF lines processed.
700000 GFF lines processed.
700000 GFF lines processed.
700000 GFF lines processed.
700000 GFF lines processed.
700000 GFF lines processed.
700000 GFF lines processed.
700000 GFF lines processed.
700000 GFF lines processed.
700000 GFF lines processed.
700000 GFF lines processed.
700000 GFF lines processed.
700000 GFF lines processed.
700000 GFF lines processed.
700000 GFF lines processed.
700000 GFF lines processed.
700000 GFF lines processed.
700000 GFF lines processed.
700000 GFF lines processed.
700000 GFF lines processed.
800000 GFF lines processed.
800000 GFF lines processed.
800000 GFF lines processed.
800000 GFF lines processed.
800000 GFF lines processed.
800000 GFF lines processed.
800000 GFF lines processed.
800000 GFF lines processed.
800000 GFF lines processed.
800000 GFF lines processed.
800000 GFF lines processed.
800000 GFF lines processed.
800000 GFF lines processed.
800000 GFF lines processed.
800000 GFF lines processed.
800000 GFF lines processed.
800000 GFF lines processed.
800000 GFF lines processed.
800000 GFF lines processed.
800000 GFF lines processed.
800000 GFF lines processed.
800000 GFF lines processed.
800000 GFF lines processed.
800000 GFF lines processed.
800000 GFF lines processed.
800000 GFF lines processed.
800000 GFF lines processed.
800000 GFF lines processed.
800000 GFF lines processed.
800000 GFF lines processed.
800000 GFF lines processed.
800000 GFF lines processed.
900000 GFF lines processed.
900000 GFF lines processed.
900000 GFF lines processed.
900000 GFF lines processed.
900000 GFF lines processed.
900000 GFF lines processed.
900000 GFF lines processed.
900000 GFF lines processed.
900000 GFF lines processed.
900000 GFF lines processed.
900000 GFF lines processed.
900000 GFF lines processed.
900000 GFF lines processed.
900000 GFF lines processed.
900000 GFF lines processed.
900000 GFF lines processed.
900000 GFF lines processed.
900000 GFF lines processed.
900000 GFF lines processed.
900000 GFF lines processed.
900000 GFF lines processed.
900000 GFF lines processed.
900000 GFF lines processed.
900000 GFF lines processed.
900000 GFF lines processed.
900000 GFF lines processed.
900000 GFF lines processed.
900000 GFF lines processed.
900000 GFF lines processed.
900000 GFF lines processed.
900000 GFF lines processed.
900000 GFF lines processed.
1000000 GFF lines processed.
1000000 GFF lines processed.
1000000 GFF lines processed.
1000000 GFF lines processed.
1000000 GFF lines processed.
1000000 GFF lines processed.
1000000 GFF lines processed.
1000000 GFF lines processed.
1000000 GFF lines processed.
1000000 GFF lines processed.
1000000 GFF lines processed.
1000000 GFF lines processed.
1000000 GFF lines processed.
1000000 GFF lines processed.
1000000 GFF lines processed.
1000000 GFF lines processed.
1000000 GFF lines processed.
1000000 GFF lines processed.
1000000 GFF lines processed.
1000000 GFF lines processed.
1000000 GFF lines processed.
1000000 GFF lines processed.
1000000 GFF lines processed.
1000000 GFF lines processed.
1000000 GFF lines processed.
1000000 GFF lines processed.
1000000 GFF lines processed.
1000000 GFF lines processed.
1000000 GFF lines processed.
1000000 GFF lines processed.
1000000 GFF lines processed.
1000000 GFF lines processed.
1100000 GFF lines processed.
1100000 GFF lines processed.
1100000 GFF lines processed.
1100000 GFF lines processed.
1100000 GFF lines processed.
1100000 GFF lines processed.
1100000 GFF lines processed.
1100000 GFF lines processed.
1100000 GFF lines processed.
1100000 GFF lines processed.
1100000 GFF lines processed.
1100000 GFF lines processed.
1100000 GFF lines processed.
1100000 GFF lines processed.
1100000 GFF lines processed.
1100000 GFF lines processed.
1100000 GFF lines processed.
1100000 GFF lines processed.
1100000 GFF lines processed.
1100000 GFF lines processed.
1100000 GFF lines processed.
1100000 GFF lines processed.
1100000 GFF lines processed.
1100000 GFF lines processed.
1100000 GFF lines processed.
1100000 GFF lines processed.
1100000 GFF lines processed.
1100000 GFF lines processed.
1100000 GFF lines processed.
1100000 GFF lines processed.
1100000 GFF lines processed.
1100000 GFF lines processed.
1200000 GFF lines processed.
1200000 GFF lines processed.
1200000 GFF lines processed.
1200000 GFF lines processed.
1200000 GFF lines processed.
1200000 GFF lines processed.
1200000 GFF lines processed.
1200000 GFF lines processed.
1200000 GFF lines processed.
1200000 GFF lines processed.
1200000 GFF lines processed.
1200000 GFF lines processed.
1200000 GFF lines processed.
1200000 GFF lines processed.
1200000 GFF lines processed.
1200000 GFF lines processed.
1200000 GFF lines processed.
1200000 GFF lines processed.
1200000 GFF lines processed.
1200000 GFF lines processed.
1200000 GFF lines processed.
1200000 GFF lines processed.
1200000 GFF lines processed.
1200000 GFF lines processed.
1200000 GFF lines processed.
1200000 GFF lines processed.
1200000 GFF lines processed.
1200000 GFF lines processed.
1200000 GFF lines processed.
1200000 GFF lines processed.
1200000 GFF lines processed.
1200000 GFF lines processed.
1300000 GFF lines processed.
1300000 GFF lines processed.
1300000 GFF lines processed.
1300000 GFF lines processed.
1300000 GFF lines processed.
1300000 GFF lines processed.
1300000 GFF lines processed.
1300000 GFF lines processed.
1300000 GFF lines processed.
1300000 GFF lines processed.
1300000 GFF lines processed.
1300000 GFF lines processed.
1300000 GFF lines processed.
1300000 GFF lines processed.
1300000 GFF lines processed.
1300000 GFF lines processed.
1300000 GFF lines processed.
1300000 GFF lines processed.
1300000 GFF lines processed.
1300000 GFF lines processed.
1300000 GFF lines processed.
1300000 GFF lines processed.
1300000 GFF lines processed.
1300000 GFF lines processed.
1300000 GFF lines processed.
1300000 GFF lines processed.
1300000 GFF lines processed.
1300000 GFF lines processed.
1300000 GFF lines processed.
1300000 GFF lines processed.
1300000 GFF lines processed.
1300000 GFF lines processed.
1400000 GFF lines processed.
1400000 GFF lines processed.
1400000 GFF lines processed.
1400000 GFF lines processed.
1400000 GFF lines processed.
1400000 GFF lines processed.
1400000 GFF lines processed.
1400000 GFF lines processed.
1400000 GFF lines processed.
1400000 GFF lines processed.
1400000 GFF lines processed.
1400000 GFF lines processed.
1400000 GFF lines processed.
1400000 GFF lines processed.
1400000 GFF lines processed.
1400000 GFF lines processed.
1400000 GFF lines processed.
1400000 GFF lines processed.
1400000 GFF lines processed.
1400000 GFF lines processed.
1400000 GFF lines processed.
1400000 GFF lines processed.
1400000 GFF lines processed.
1400000 GFF lines processed.
1400000 GFF lines processed.
1400000 GFF lines processed.
1400000 GFF lines processed.
1400000 GFF lines processed.
1400000 GFF lines processed.
1400000 GFF lines processed.
1400000 GFF lines processed.
1400000 GFF lines processed.
1500000 GFF lines processed.
1500000 GFF lines processed.
1500000 GFF lines processed.
1500000 GFF lines processed.
1500000 GFF lines processed.
1500000 GFF lines processed.
1500000 GFF lines processed.
1500000 GFF lines processed.
1500000 GFF lines processed.
1500000 GFF lines processed.
1500000 GFF lines processed.
1500000 GFF lines processed.
1500000 GFF lines processed.
1500000 GFF lines processed.
1500000 GFF lines processed.
1500000 GFF lines processed.
1500000 GFF lines processed.
1500000 GFF lines processed.
1500000 GFF lines processed.
1500000 GFF lines processed.
1500000 GFF lines processed.
1500000 GFF lines processed.
1500000 GFF lines processed.
1500000 GFF lines processed.
1500000 GFF lines processed.
1500000 GFF lines processed.
1500000 GFF lines processed.
1500000 GFF lines processed.
1500000 GFF lines processed.
1500000 GFF lines processed.
1500000 GFF lines processed.
1500000 GFF lines processed.
1600000 GFF lines processed.
1600000 GFF lines processed.
1600000 GFF lines processed.
1600000 GFF lines processed.
1600000 GFF lines processed.
1600000 GFF lines processed.
1600000 GFF lines processed.
1600000 GFF lines processed.
1600000 GFF lines processed.
1600000 GFF lines processed.
1600000 GFF lines processed.
1600000 GFF lines processed.
1600000 GFF lines processed.
1600000 GFF lines processed.
1600000 GFF lines processed.
1600000 GFF lines processed.
1600000 GFF lines processed.
1600000 GFF lines processed.
1600000 GFF lines processed.
1600000 GFF lines processed.
1600000 GFF lines processed.
1600000 GFF lines processed.
1600000 GFF lines processed.
1600000 GFF lines processed.
1600000 GFF lines processed.
1600000 GFF lines processed.
1600000 GFF lines processed.
1600000 GFF lines processed.
1600000 GFF lines processed.
1600000 GFF lines processed.
1600000 GFF lines processed.
1600000 GFF lines processed.
1700000 GFF lines processed.
1700000 GFF lines processed.
1700000 GFF lines processed.
1700000 GFF lines processed.
1700000 GFF lines processed.
1700000 GFF lines processed.
1700000 GFF lines processed.
1700000 GFF lines processed.
1700000 GFF lines processed.
1700000 GFF lines processed.
1700000 GFF lines processed.
1700000 GFF lines processed.
1700000 GFF lines processed.
1700000 GFF lines processed.
1700000 GFF lines processed.
1700000 GFF lines processed.
1700000 GFF lines processed.
1700000 GFF lines processed.
1700000 GFF lines processed.
1700000 GFF lines processed.
1700000 GFF lines processed.
1700000 GFF lines processed.
1700000 GFF lines processed.
1700000 GFF lines processed.
1700000 GFF lines processed.
1700000 GFF lines processed.
1700000 GFF lines processed.
1700000 GFF lines processed.
1700000 GFF lines processed.
1700000 GFF lines processed.
1700000 GFF lines processed.
1700000 GFF lines processed.
1800000 GFF lines processed.
1800000 GFF lines processed.
1800000 GFF lines processed.
1800000 GFF lines processed.
1800000 GFF lines processed.
1800000 GFF lines processed.
1800000 GFF lines processed.
1800000 GFF lines processed.
1800000 GFF lines processed.
1800000 GFF lines processed.
1800000 GFF lines processed.
1800000 GFF lines processed.
1800000 GFF lines processed.
1800000 GFF lines processed.
1800000 GFF lines processed.
1800000 GFF lines processed.
1800000 GFF lines processed.
1800000 GFF lines processed.
1800000 GFF lines processed.
1800000 GFF lines processed.
1800000 GFF lines processed.
1800000 GFF lines processed.
1800000 GFF lines processed.
1800000 GFF lines processed.
1800000 GFF lines processed.
1800000 GFF lines processed.
1800000 GFF lines processed.
1800000 GFF lines processed.
1800000 GFF lines processed.
1800000 GFF lines processed.
1800000 GFF lines processed.
1800000 GFF lines processed.
1900000 GFF lines processed.
1900000 GFF lines processed.
1900000 GFF lines processed.
1900000 GFF lines processed.
1900000 GFF lines processed.
1900000 GFF lines processed.
1900000 GFF lines processed.
1900000 GFF lines processed.
1900000 GFF lines processed.
1900000 GFF lines processed.
1900000 GFF lines processed.
1900000 GFF lines processed.
1900000 GFF lines processed.
1900000 GFF lines processed.
1900000 GFF lines processed.
1900000 GFF lines processed.
1900000 GFF lines processed.
1900000 GFF lines processed.
1900000 GFF lines processed.
1900000 GFF lines processed.
1900000 GFF lines processed.
1900000 GFF lines processed.
1900000 GFF lines processed.
1900000 GFF lines processed.
1900000 GFF lines processed.
1900000 GFF lines processed.
1900000 GFF lines processed.
1900000 GFF lines processed.
1900000 GFF lines processed.
1900000 GFF lines processed.
1900000 GFF lines processed.
2000000 GFF lines processed.
1900000 GFF lines processed.
2000000 GFF lines processed.
2000000 GFF lines processed.
2000000 GFF lines processed.
2000000 GFF lines processed.
2000000 GFF lines processed.
2000000 GFF lines processed.
2000000 GFF lines processed.
2000000 GFF lines processed.
2000000 GFF lines processed.
2000000 GFF lines processed.
2000000 GFF lines processed.
2000000 GFF lines processed.
2000000 GFF lines processed.
2000000 GFF lines processed.
2000000 GFF lines processed.
2000000 GFF lines processed.
2000000 GFF lines processed.
2000000 GFF lines processed.
2000000 GFF lines processed.
2000000 GFF lines processed.
2000000 GFF lines processed.
2000000 GFF lines processed.
2000000 GFF lines processed.
2000000 GFF lines processed.
2000000 GFF lines processed.
2000000 GFF lines processed.
2000000 GFF lines processed.
2000000 GFF lines processed.
2000000 GFF lines processed.
2000000 GFF lines processed.
2000000 GFF lines processed.
2100000 GFF lines processed.
2100000 GFF lines processed.
2100000 GFF lines processed.
2100000 GFF lines processed.
2100000 GFF lines processed.
2100000 GFF lines processed.
2100000 GFF lines processed.
2100000 GFF lines processed.
2100000 GFF lines processed.
2100000 GFF lines processed.
2100000 GFF lines processed.
2100000 GFF lines processed.
2100000 GFF lines processed.
2100000 GFF lines processed.
2100000 GFF lines processed.
2100000 GFF lines processed.
2100000 GFF lines processed.
2100000 GFF lines processed.
2100000 GFF lines processed.
2100000 GFF lines processed.
2100000 GFF lines processed.
2100000 GFF lines processed.
2100000 GFF lines processed.
2100000 GFF lines processed.
2100000 GFF lines processed.
2100000 GFF lines processed.
2100000 GFF lines processed.
2100000 GFF lines processed.
2100000 GFF lines processed.
2100000 GFF lines processed.
2100000 GFF lines processed.
2200000 GFF lines processed.
2100000 GFF lines processed.
2200000 GFF lines processed.
2200000 GFF lines processed.
2200000 GFF lines processed.
2200000 GFF lines processed.
2200000 GFF lines processed.
2200000 GFF lines processed.
2200000 GFF lines processed.
2200000 GFF lines processed.
2200000 GFF lines processed.
2200000 GFF lines processed.
2200000 GFF lines processed.
2200000 GFF lines processed.
2200000 GFF lines processed.
2200000 GFF lines processed.
2200000 GFF lines processed.
2200000 GFF lines processed.
2200000 GFF lines processed.
2200000 GFF lines processed.
2200000 GFF lines processed.
2200000 GFF lines processed.
2200000 GFF lines processed.
2200000 GFF lines processed.
2200000 GFF lines processed.
2200000 GFF lines processed.
2200000 GFF lines processed.
2200000 GFF lines processed.
2200000 GFF lines processed.
2200000 GFF lines processed.
2200000 GFF lines processed.
2200000 GFF lines processed.
2300000 GFF lines processed.
2200000 GFF lines processed.
2300000 GFF lines processed.
2300000 GFF lines processed.
2300000 GFF lines processed.
2300000 GFF lines processed.
2300000 GFF lines processed.
2300000 GFF lines processed.
2300000 GFF lines processed.
2300000 GFF lines processed.
2300000 GFF lines processed.
2300000 GFF lines processed.
2300000 GFF lines processed.
2300000 GFF lines processed.
2300000 GFF lines processed.
2300000 GFF lines processed.
2300000 GFF lines processed.
2300000 GFF lines processed.
2300000 GFF lines processed.
2300000 GFF lines processed.
2300000 GFF lines processed.
2300000 GFF lines processed.
2300000 GFF lines processed.
2300000 GFF lines processed.
2300000 GFF lines processed.
2300000 GFF lines processed.
2300000 GFF lines processed.
2300000 GFF lines processed.
2300000 GFF lines processed.
2300000 GFF lines processed.
2300000 GFF lines processed.
2300000 GFF lines processed.
2400000 GFF lines processed.
2300000 GFF lines processed.
2400000 GFF lines processed.
2400000 GFF lines processed.
2400000 GFF lines processed.
2400000 GFF lines processed.
2400000 GFF lines processed.
2400000 GFF lines processed.
2400000 GFF lines processed.
2400000 GFF lines processed.
2400000 GFF lines processed.
2400000 GFF lines processed.
2400000 GFF lines processed.
2400000 GFF lines processed.
2400000 GFF lines processed.
2400000 GFF lines processed.
2400000 GFF lines processed.
2400000 GFF lines processed.
2400000 GFF lines processed.
2400000 GFF lines processed.
2400000 GFF lines processed.
2400000 GFF lines processed.
2400000 GFF lines processed.
2400000 GFF lines processed.
2400000 GFF lines processed.
2400000 GFF lines processed.
2400000 GFF lines processed.
2400000 GFF lines processed.
2400000 GFF lines processed.
2400000 GFF lines processed.
2400000 GFF lines processed.
2400000 GFF lines processed.
2500000 GFF lines processed.
2400000 GFF lines processed.
2500000 GFF lines processed.
2500000 GFF lines processed.
2500000 GFF lines processed.
2500000 GFF lines processed.
2500000 GFF lines processed.
2500000 GFF lines processed.
2500000 GFF lines processed.
2500000 GFF lines processed.
2500000 GFF lines processed.
2500000 GFF lines processed.
2500000 GFF lines processed.
2500000 GFF lines processed.
2500000 GFF lines processed.
2500000 GFF lines processed.
2500000 GFF lines processed.
2500000 GFF lines processed.
2500000 GFF lines processed.
2500000 GFF lines processed.
2500000 GFF lines processed.
2500000 GFF lines processed.
2500000 GFF lines processed.
2500000 GFF lines processed.
2500000 GFF lines processed.
2500000 GFF lines processed.
2500000 GFF lines processed.
2500000 GFF lines processed.
2500000 GFF lines processed.
2500000 GFF lines processed.
2500000 GFF lines processed.
2500000 GFF lines processed.
2600000 GFF lines processed.
2500000 GFF lines processed.
2600000 GFF lines processed.
2600000 GFF lines processed.
2600000 GFF lines processed.
2600000 GFF lines processed.
2600000 GFF lines processed.
2600000 GFF lines processed.
2600000 GFF lines processed.
2600000 GFF lines processed.
2600000 GFF lines processed.
2600000 GFF lines processed.
2600000 GFF lines processed.
2600000 GFF lines processed.
2600000 GFF lines processed.
2600000 GFF lines processed.
2600000 GFF lines processed.
2600000 GFF lines processed.
2600000 GFF lines processed.
2600000 GFF lines processed.
2600000 GFF lines processed.
2600000 GFF lines processed.
2600000 GFF lines processed.
2600000 GFF lines processed.
2600000 GFF lines processed.
2600000 GFF lines processed.
2600000 GFF lines processed.
2600000 GFF lines processed.
2600000 GFF lines processed.
2600000 GFF lines processed.
2600000 GFF lines processed.
2600000 GFF lines processed.
2700000 GFF lines processed.
2700000 GFF lines processed.
2700000 GFF lines processed.
2600000 GFF lines processed.
2700000 GFF lines processed.
2700000 GFF lines processed.
2700000 GFF lines processed.
2700000 GFF lines processed.
2700000 GFF lines processed.
2700000 GFF lines processed.
2700000 GFF lines processed.
2700000 GFF lines processed.
2700000 GFF lines processed.
2700000 GFF lines processed.
2700000 GFF lines processed.
2700000 GFF lines processed.
2700000 GFF lines processed.
2700000 GFF lines processed.
2700000 GFF lines processed.
2700000 GFF lines processed.
2700000 GFF lines processed.
2700000 GFF lines processed.
2700000 GFF lines processed.
2700000 GFF lines processed.
2700000 GFF lines processed.
2700000 GFF lines processed.
2700000 GFF lines processed.
2700000 GFF lines processed.
2700000 GFF lines processed.
2700000 GFF lines processed.
2700000 GFF lines processed.
2700000 GFF lines processed.
2800000 GFF lines processed.
2800000 GFF lines processed.
2800000 GFF lines processed.
2800000 GFF lines processed.
2700000 GFF lines processed.
2800000 GFF lines processed.
2800000 GFF lines processed.
2800000 GFF lines processed.
2800000 GFF lines processed.
2800000 GFF lines processed.
2800000 GFF lines processed.
2800000 GFF lines processed.
2800000 GFF lines processed.
2800000 GFF lines processed.
2800000 GFF lines processed.
2800000 GFF lines processed.
2800000 GFF lines processed.
2800000 GFF lines processed.
2800000 GFF lines processed.
2800000 GFF lines processed.
2800000 GFF lines processed.
2800000 GFF lines processed.
2800000 GFF lines processed.
2800000 GFF lines processed.
2800000 GFF lines processed.
2800000 GFF lines processed.
2800000 GFF lines processed.
2800000 GFF lines processed.
2800000 GFF lines processed.
2800000 GFF lines processed.
2800000 GFF lines processed.
2800000 GFF lines processed.
2900000 GFF lines processed.
2900000 GFF lines processed.
2900000 GFF lines processed.
2800000 GFF lines processed.
2900000 GFF lines processed.
2900000 GFF lines processed.
2900000 GFF lines processed.
2900000 GFF lines processed.
2900000 GFF lines processed.
2900000 GFF lines processed.
2900000 GFF lines processed.
2900000 GFF lines processed.
2900000 GFF lines processed.
2900000 GFF lines processed.
2900000 GFF lines processed.
2900000 GFF lines processed.
2900000 GFF lines processed.
2900000 GFF lines processed.
2900000 GFF lines processed.
2900000 GFF lines processed.
2900000 GFF lines processed.
2900000 GFF lines processed.
2900000 GFF lines processed.
2900000 GFF lines processed.
2900000 GFF lines processed.
2900000 GFF lines processed.
2900000 GFF lines processed.
2900000 GFF lines processed.
2900000 GFF lines processed.
2900000 GFF lines processed.
2900000 GFF lines processed.
2900000 GFF lines processed.
3000000 GFF lines processed.
3000000 GFF lines processed.
3000000 GFF lines processed.
3000000 GFF lines processed.
2900000 GFF lines processed.
3000000 GFF lines processed.
3000000 GFF lines processed.
3000000 GFF lines processed.
3000000 GFF lines processed.
3000000 GFF lines processed.
3000000 GFF lines processed.
3000000 GFF lines processed.
3000000 GFF lines processed.
3000000 GFF lines processed.
3000000 GFF lines processed.
3000000 GFF lines processed.
3000000 GFF lines processed.
3000000 GFF lines processed.
3000000 GFF lines processed.
3000000 GFF lines processed.
3000000 GFF lines processed.
3000000 GFF lines processed.
3000000 GFF lines processed.
3000000 GFF lines processed.
3000000 GFF lines processed.
3000000 GFF lines processed.
3000000 GFF lines processed.
3000000 GFF lines processed.
3000000 GFF lines processed.
3000000 GFF lines processed.
3000000 GFF lines processed.
3100000 GFF lines processed.
3100000 GFF lines processed.
3100000 GFF lines processed.
3000000 GFF lines processed.
3100000 GFF lines processed.
3100000 GFF lines processed.
3100000 GFF lines processed.
3000000 GFF lines processed.
3100000 GFF lines processed.
3100000 GFF lines processed.
3100000 GFF lines processed.
3100000 GFF lines processed.
3100000 GFF lines processed.
3100000 GFF lines processed.
3100000 GFF lines processed.
3100000 GFF lines processed.
3100000 GFF lines processed.
3100000 GFF lines processed.
3100000 GFF lines processed.
3100000 GFF lines processed.
3100000 GFF lines processed.
3100000 GFF lines processed.
3100000 GFF lines processed.
3100000 GFF lines processed.
3100000 GFF lines processed.
3100000 GFF lines processed.
3100000 GFF lines processed.
3100000 GFF lines processed.
3100000 GFF lines processed.
3100000 GFF lines processed.
3100000 GFF lines processed.
3100000 GFF lines processed.
3200000 GFF lines processed.
3200000 GFF lines processed.
3200000 GFF lines processed.
3200000 GFF lines processed.
3200000 GFF lines processed.
3200000 GFF lines processed.
3100000 GFF lines processed.
3100000 GFF lines processed.
3200000 GFF lines processed.
3200000 GFF lines processed.
3200000 GFF lines processed.
3200000 GFF lines processed.
3200000 GFF lines processed.
3200000 GFF lines processed.
3200000 GFF lines processed.
3200000 GFF lines processed.
3200000 GFF lines processed.
3200000 GFF lines processed.
3200000 GFF lines processed.
3200000 GFF lines processed.
3200000 GFF lines processed.
3200000 GFF lines processed.
3200000 GFF lines processed.
3200000 GFF lines processed.
3200000 GFF lines processed.
3200000 GFF lines processed.
3200000 GFF lines processed.
3200000 GFF lines processed.
3200000 GFF lines processed.
3200000 GFF lines processed.
3200000 GFF lines processed.
3200000 GFF lines processed.
3300000 GFF lines processed.
3300000 GFF lines processed.
3300000 GFF lines processed.
3300000 GFF lines processed.
3300000 GFF lines processed.
3300000 GFF lines processed.
3200000 GFF lines processed.
3300000 GFF lines processed.
3200000 GFF lines processed.
3300000 GFF lines processed.
3300000 GFF lines processed.
3300000 GFF lines processed.
3300000 GFF lines processed.
3300000 GFF lines processed.
3300000 GFF lines processed.
3300000 GFF lines processed.
3300000 GFF lines processed.
3300000 GFF lines processed.
3300000 GFF lines processed.
3300000 GFF lines processed.
3300000 GFF lines processed.
3300000 GFF lines processed.
3300000 GFF lines processed.
3300000 GFF lines processed.
3300000 GFF lines processed.
3300000 GFF lines processed.
3300000 GFF lines processed.
3300000 GFF lines processed.
3300000 GFF lines processed.
3300000 GFF lines processed.
3300000 GFF lines processed.
3400000 GFF lines processed.
3300000 GFF lines processed.
3400000 GFF lines processed.
3400000 GFF lines processed.
3400000 GFF lines processed.
3400000 GFF lines processed.
3413841 GFF lines processed.
3400000 GFF lines processed.
3300000 GFF lines processed.
3400000 GFF lines processed.
3413841 GFF lines processed.
3400000 GFF lines processed.
3300000 GFF lines processed.
3400000 GFF lines processed.
3413841 GFF lines processed.
3413841 GFF lines processed.
3413841 GFF lines processed.
3400000 GFF lines processed.
3413841 GFF lines processed.
3413841 GFF lines processed.
3400000 GFF lines processed.
3400000 GFF lines processed.
3400000 GFF lines processed.
3413841 GFF lines processed.
3400000 GFF lines processed.
3400000 GFF lines processed.
3400000 GFF lines processed.
3400000 GFF lines processed.
3413841 GFF lines processed.
3400000 GFF lines processed.
3413841 GFF lines processed.
3400000 GFF lines processed.
3413841 GFF lines processed.
3413841 GFF lines processed.
3413841 GFF lines processed.
3413841 GFF lines processed.
3400000 GFF lines processed.
3413841 GFF lines processed.
3413841 GFF lines processed.
3413841 GFF lines processed.
3413841 GFF lines processed.
3400000 GFF lines processed.
3400000 GFF lines processed.
3413841 GFF lines processed.
3400000 GFF lines processed.
3400000 GFF lines processed.
3400000 GFF lines processed.
3413841 GFF lines processed.
3413841 GFF lines processed.
3413841 GFF lines processed.
3400000 GFF lines processed.
3400000 GFF lines processed.
3413841 GFF lines processed.
3413841 GFF lines processed.
3413841 GFF lines processed.
3400000 GFF lines processed.
3413841 GFF lines processed.
3413841 GFF lines processed.
3400000 GFF lines processed.
3413841 GFF lines processed.
3413841 GFF lines processed.
3400000 GFF lines processed.
3400000 GFF lines processed.
3413841 GFF lines processed.
3400000 GFF lines processed.
3413841 GFF lines processed.
3413841 GFF lines processed.
100000 alignment record pairs processed.
100000 alignment record pairs processed.
100000 alignment record pairs processed.
100000 alignment record pairs processed.
100000 alignment record pairs processed.
100000 alignment record pairs processed.
100000 alignment record pairs processed.
100000 alignment record pairs processed.
100000 alignment record pairs processed.
100000 alignment record pairs processed.
100000 alignment record pairs processed.
100000 alignment record pairs processed.
100000 alignment record pairs processed.
100000 alignment record pairs processed.
100000 alignment record pairs processed.
100000 alignment record pairs processed.
100000 alignment record pairs processed.
100000 alignment record pairs processed.
100000 alignment record pairs processed.
100000 alignment record pairs processed.
100000 alignment record pairs processed.
100000 alignment record pairs processed.
100000 alignment record pairs processed.
100000 alignment record pairs processed.
100000 alignment record pairs processed.
100000 alignment record pairs processed.
100000 alignment record pairs processed.
100000 alignment record pairs processed.
100000 alignment record pairs processed.
100000 alignment record pairs processed.
100000 alignment record pairs processed.
100000 alignment record pairs processed.
200000 alignment record pairs processed.
200000 alignment record pairs processed.
200000 alignment record pairs processed.
200000 alignment record pairs processed.
200000 alignment record pairs processed.
200000 alignment record pairs processed.
200000 alignment record pairs processed.
200000 alignment record pairs processed.
200000 alignment record pairs processed.
200000 alignment record pairs processed.
200000 alignment record pairs processed.
200000 alignment record pairs processed.
200000 alignment record pairs processed.
200000 alignment record pairs processed.
200000 alignment record pairs processed.
200000 alignment record pairs processed.
200000 alignment record pairs processed.
200000 alignment record pairs processed.
200000 alignment record pairs processed.
200000 alignment record pairs processed.
200000 alignment record pairs processed.
200000 alignment record pairs processed.
200000 alignment record pairs processed.
200000 alignment record pairs processed.
200000 alignment record pairs processed.
200000 alignment record pairs processed.
200000 alignment record pairs processed.
200000 alignment record pairs processed.
200000 alignment record pairs processed.
200000 alignment record pairs processed.
200000 alignment record pairs processed.
200000 alignment record pairs processed.
300000 alignment record pairs processed.
300000 alignment record pairs processed.
300000 alignment record pairs processed.
300000 alignment record pairs processed.
300000 alignment record pairs processed.
300000 alignment record pairs processed.
300000 alignment record pairs processed.
300000 alignment record pairs processed.
300000 alignment record pairs processed.
300000 alignment record pairs processed.
300000 alignment record pairs processed.
300000 alignment record pairs processed.
300000 alignment record pairs processed.
300000 alignment record pairs processed.
300000 alignment record pairs processed.
300000 alignment record pairs processed.
300000 alignment record pairs processed.
300000 alignment record pairs processed.
300000 alignment record pairs processed.
300000 alignment record pairs processed.
300000 alignment record pairs processed.
300000 alignment record pairs processed.
300000 alignment record pairs processed.
300000 alignment record pairs processed.
300000 alignment record pairs processed.
300000 alignment record pairs processed.
300000 alignment record pairs processed.
300000 alignment record pairs processed.
300000 alignment record pairs processed.
300000 alignment record pairs processed.
300000 alignment record pairs processed.
300000 alignment record pairs processed.
400000 alignment record pairs processed.
400000 alignment record pairs processed.
400000 alignment record pairs processed.
400000 alignment record pairs processed.
400000 alignment record pairs processed.
400000 alignment record pairs processed.
400000 alignment record pairs processed.
400000 alignment record pairs processed.
400000 alignment record pairs processed.
400000 alignment record pairs processed.
400000 alignment record pairs processed.
400000 alignment record pairs processed.
400000 alignment record pairs processed.
400000 alignment record pairs processed.
400000 alignment record pairs processed.
400000 alignment record pairs processed.
400000 alignment record pairs processed.
400000 alignment record pairs processed.
400000 alignment record pairs processed.
400000 alignment record pairs processed.
400000 alignment record pairs processed.
400000 alignment record pairs processed.
400000 alignment record pairs processed.
400000 alignment record pairs processed.
400000 alignment record pairs processed.
400000 alignment record pairs processed.
400000 alignment record pairs processed.
400000 alignment record pairs processed.
400000 alignment record pairs processed.
400000 alignment record pairs processed.
400000 alignment record pairs processed.
400000 alignment record pairs processed.
500000 alignment record pairs processed.
500000 alignment record pairs processed.
500000 alignment record pairs processed.
500000 alignment record pairs processed.
500000 alignment record pairs processed.
500000 alignment record pairs processed.
500000 alignment record pairs processed.
500000 alignment record pairs processed.
500000 alignment record pairs processed.
500000 alignment record pairs processed.
500000 alignment record pairs processed.
500000 alignment record pairs processed.
500000 alignment record pairs processed.
500000 alignment record pairs processed.
500000 alignment record pairs processed.
500000 alignment record pairs processed.
500000 alignment record pairs processed.
500000 alignment record pairs processed.
500000 alignment record pairs processed.
500000 alignment record pairs processed.
500000 alignment record pairs processed.
500000 alignment record pairs processed.
500000 alignment record pairs processed.
500000 alignment record pairs processed.
500000 alignment record pairs processed.
500000 alignment record pairs processed.
500000 alignment record pairs processed.
500000 alignment record pairs processed.
500000 alignment record pairs processed.
500000 alignment record pairs processed.
500000 alignment record pairs processed.
500000 alignment record pairs processed.
554900 alignment pairs processed.
557681 alignment pairs processed.
540869 alignment pairs processed.
549300 alignment pairs processed.
535187 alignment pairs processed.
550676 alignment pairs processed.
552235 alignment pairs processed.
539408 alignment pairs processed.
515594 alignment pairs processed.
546559 alignment pairs processed.
535112 alignment pairs processed.
535196 alignment pairs processed.
543695 alignment pairs processed.
549339 alignment pairs processed.
526784 alignment pairs processed.
541441 alignment pairs processed.
547836 alignment pairs processed.
547827 alignment pairs processed.
535302 alignment pairs processed.
550577 alignment pairs processed.
554783 alignment pairs processed.
524042 alignment pairs processed.
556315 alignment pairs processed.
538040 alignment pairs processed.
550664 alignment pairs processed.
528171 alignment pairs processed.
550596 alignment pairs processed.
550704 alignment pairs processed.
525446 alignment pairs processed.
544976 alignment pairs processed.
550594 alignment pairs processed.
549178 alignment pairs processed.
* HTSeq counting finished for sample Nter_0h_IAA_1
[bam_sort_core] merging from 0 files and 32 in-memory blocks...
* HTSeq .sam files merged for sample Nter_0h_IAA_1
* HTSeq counts files merged for sample Nter_0h_IAA_1
