Warning message:
package ‘optparse’ was built under R version 4.1.3 
Warning message:
package ‘data.table’ was built under R version 4.1.3 
Warning message:
package ‘readr’ was built under R version 4.1.3 
[1] "sample is: Nter_24h_IAA_4SU_1"
Loading required package: GenomicRanges
Loading required package: stats4
Loading required package: BiocGenerics

Attaching package: ‘BiocGenerics’

The following objects are masked from ‘package:stats’:

    IQR, mad, sd, var, xtabs

The following objects are masked from ‘package:base’:

    anyDuplicated, append, as.data.frame, basename, cbind, colnames,
    dirname, do.call, duplicated, eval, evalq, Filter, Find, get, grep,
    grepl, intersect, is.unsorted, lapply, Map, mapply, match, mget,
    order, paste, pmax, pmax.int, pmin, pmin.int, Position, rank,
    rbind, Reduce, rownames, sapply, setdiff, sort, table, tapply,
    union, unique, unsplit, which.max, which.min

Loading required package: S4Vectors

Attaching package: ‘S4Vectors’

The following objects are masked from ‘package:data.table’:

    first, second

The following objects are masked from ‘package:base’:

    expand.grid, I, unname

Loading required package: IRanges

Attaching package: ‘IRanges’

The following object is masked from ‘package:data.table’:

    shift

Loading required package: GenomeInfoDb

Attaching package: ‘tidyr’

The following object is masked from ‘package:S4Vectors’:

    expand


Attaching package: ‘dplyr’

The following objects are masked from ‘package:GenomicRanges’:

    intersect, setdiff, union

The following object is masked from ‘package:GenomeInfoDb’:

    intersect

The following objects are masked from ‘package:IRanges’:

    collapse, desc, intersect, setdiff, slice, union

The following objects are masked from ‘package:S4Vectors’:

    first, intersect, rename, setdiff, setequal, union

The following objects are masked from ‘package:BiocGenerics’:

    combine, intersect, setdiff, union

The following objects are masked from ‘package:data.table’:

    between, first, last

The following objects are masked from ‘package:stats’:

    filter, lag

The following objects are masked from ‘package:base’:

    intersect, setdiff, setequal, union

`summarise()` has grouped output by 'GF'. You can override using the `.groups`
argument.
Warning messages:
1: package ‘rtracklayer’ was built under R version 4.1.3 
2: package ‘GenomicRanges’ was built under R version 4.1.3 
3: package ‘S4Vectors’ was built under R version 4.1.3 
4: package ‘IRanges’ was built under R version 4.1.3 
5: package ‘GenomeInfoDb’ was built under R version 4.1.3 
6: package ‘tidyr’ was built under R version 4.1.3 
7: package ‘dplyr’ was built under R version 4.1.3 
[1] "cols_to_keep looks like:"
[1] "sample"   "rname"    "GF"       "TEC"      "XF"       "exon_bin" "TC"      
[8] "nT"       "sj"      
