Read1 before filtering:
total reads: 24500223
total bases: 2608804679
Q20 bases: 2561502944(98.1868%)
Q30 bases: 2465995579(94.5259%)

Read2 before filtering:
total reads: 24500223
total bases: 2610758279
Q20 bases: 2532864200(97.0164%)
Q30 bases: 2403321641(92.0545%)

Read1 after filtering:
total reads: 24301403
total bases: 2592909976
Q20 bases: 2550141147(98.3505%)
Q30 bases: 2455827428(94.7132%)

Read2 after filtering:
total reads: 24301403
total bases: 2590788691
Q20 bases: 2521589782(97.329%)
Q30 bases: 2395184276(92.45%)

Filtering result:
reads passed filter: 48602806
reads failed due to low quality: 375776
reads failed due to too many N: 8846
reads failed due to too short: 13018
reads with adapter trimmed: 80754
bases trimmed due to adapters: 1775580

Duplication rate: 26.5555%

Insert size peak (evaluated by paired-end reads): 148

JSON report: results/reports/Nter_12h_IAA_4SU_1.json
HTML report: results/reports/Nter_12h_IAA_4SU_1.html

fastp --thread 8 --in1 /srv/2023_UPF1_4SU_EZbakR/FASTQ/Nter_12h_IAA_4SU_1/Nter_12h_IAA_4SU_1_S7_L002_R1_001.fastq.gz --in2 /srv/2023_UPF1_4SU_EZbakR/FASTQ/Nter_12h_IAA_4SU_1/Nter_12h_IAA_4SU_1_S7_L002_R2_001.fastq.gz --out1 results/trimmed/Nter_12h_IAA_4SU_1.1.fastq --out2 results/trimmed/Nter_12h_IAA_4SU_1.2.fastq --unpaired1 results/trimmed/Nter_12h_IAA_4SU_1.u1.fastq --unpaired2 results/trimmed/Nter_12h_IAA_4SU_1.u2.fastq --failed_out results/trimmed/Nter_12h_IAA_4SU_1.failed.fastq --json results/reports/Nter_12h_IAA_4SU_1.json --html results/reports/Nter_12h_IAA_4SU_1.html 
fastp v0.23.4, time used: 478 seconds
