* The number of fragments for sample Ctrl_0h_IAA_4SU_2 is 32
* The fragment size is set to 1469603 alignments per fragment
* Aligned .sam file fragmented for sample Ctrl_0h_IAA_4SU_2
Start: 2024-10-24 14:05:45.385715
end: 2024-10-24 14:14:10.275808
cU: 2024-10-24 14:14:10.275876
[E::idx_find_and_load] Could not retrieve index file for './results/counts/27_Ctrl_0h_IAA_4SU_2_frag.bam'
Start: 2024-10-24 14:05:45.325515
end: 2024-10-24 14:14:10.878013
cU: 2024-10-24 14:14:10.878064
[E::idx_find_and_load] Could not retrieve index file for './results/counts/1_Ctrl_0h_IAA_4SU_2_frag.bam'
Start: 2024-10-24 14:05:45.348965
end: 2024-10-24 14:14:10.947460
cU: 2024-10-24 14:14:10.947507
[E::idx_find_and_load] Could not retrieve index file for './results/counts/21_Ctrl_0h_IAA_4SU_2_frag.bam'
Start: 2024-10-24 14:05:45.396581
end: 2024-10-24 14:14:10.972902
cU: 2024-10-24 14:14:10.972950
[E::idx_find_and_load] Could not retrieve index file for './results/counts/30_Ctrl_0h_IAA_4SU_2_frag.bam'
Start: 2024-10-24 14:05:45.285304
end: 2024-10-24 14:14:11.442609
cU: 2024-10-24 14:14:11.442673
[E::idx_find_and_load] Could not retrieve index file for './results/counts/14_Ctrl_0h_IAA_4SU_2_frag.bam'
Start: 2024-10-24 14:05:45.372585
end: 2024-10-24 14:14:11.542927
cU: 2024-10-24 14:14:11.543099
[E::idx_find_and_load] Could not retrieve index file for './results/counts/26_Ctrl_0h_IAA_4SU_2_frag.bam'
Start: 2024-10-24 14:05:45.345351
end: 2024-10-24 14:14:11.611761
cU: 2024-10-24 14:14:11.611820
[E::idx_find_and_load] Could not retrieve index file for './results/counts/23_Ctrl_0h_IAA_4SU_2_frag.bam'
Start: 2024-10-24 14:05:45.398353
end: 2024-10-24 14:14:11.662166
cU: 2024-10-24 14:14:11.662225
[E::idx_find_and_load] Could not retrieve index file for './results/counts/31_Ctrl_0h_IAA_4SU_2_frag.bam'
Start: 2024-10-24 14:05:45.249753
end: 2024-10-24 14:14:11.909892
cU: 2024-10-24 14:14:11.909953
[E::idx_find_and_load] Could not retrieve index file for './results/counts/11_Ctrl_0h_IAA_4SU_2_frag.bam'
Start: 2024-10-24 14:05:45.295718
end: 2024-10-24 14:14:11.921463
cU: 2024-10-24 14:14:11.921522
[E::idx_find_and_load] Could not retrieve index file for './results/counts/16_Ctrl_0h_IAA_4SU_2_frag.bam'
Start: 2024-10-24 14:05:45.392689
end: 2024-10-24 14:14:12.009814
cU: 2024-10-24 14:14:12.009877
[E::idx_find_and_load] Could not retrieve index file for './results/counts/28_Ctrl_0h_IAA_4SU_2_frag.bam'
Start: 2024-10-24 14:05:45.366274
end: 2024-10-24 14:14:12.049924
cU: 2024-10-24 14:14:12.049972
[E::idx_find_and_load] Could not retrieve index file for './results/counts/25_Ctrl_0h_IAA_4SU_2_frag.bam'
Start: 2024-10-24 14:05:45.368375
end: 2024-10-24 14:14:12.076156
cU: 2024-10-24 14:14:12.076212
[E::idx_find_and_load] Could not retrieve index file for './results/counts/24_Ctrl_0h_IAA_4SU_2_frag.bam'
Start: 2024-10-24 14:05:45.389247
end: 2024-10-24 14:14:12.072911
cU: 2024-10-24 14:14:12.073023
[E::idx_find_and_load] Could not retrieve index file for './results/counts/2_Ctrl_0h_IAA_4SU_2_frag.bam'
Start: 2024-10-24 14:05:45.410114
end: 2024-10-24 14:14:12.274161
cU: 2024-10-24 14:14:12.274207
[E::idx_find_and_load] Could not retrieve index file for './results/counts/4_Ctrl_0h_IAA_4SU_2_frag.bam'
Start: 2024-10-24 14:05:45.325365
end: 2024-10-24 14:14:12.413674
cU: 2024-10-24 14:14:12.413813
[E::idx_find_and_load] Could not retrieve index file for './results/counts/19_Ctrl_0h_IAA_4SU_2_frag.bam'
Start: 2024-10-24 14:05:45.399296
end: 2024-10-24 14:14:12.445847
cU: 2024-10-24 14:14:12.445897
[E::idx_find_and_load] Could not retrieve index file for './results/counts/32_Ctrl_0h_IAA_4SU_2_frag.bam'
Start: 2024-10-24 14:05:45.456747
end: 2024-10-24 14:14:12.923470
cU: 2024-10-24 14:14:12.923618
[E::idx_find_and_load] Could not retrieve index file for './results/counts/9_Ctrl_0h_IAA_4SU_2_frag.bam'
Start: 2024-10-24 14:05:45.421718
end: 2024-10-24 14:14:13.019975
cU: 2024-10-24 14:14:13.020020
[E::idx_find_and_load] Could not retrieve index file for './results/counts/5_Ctrl_0h_IAA_4SU_2_frag.bam'
Start: 2024-10-24 14:05:45.389692
end: 2024-10-24 14:14:13.158837
cU: 2024-10-24 14:14:13.158888
[E::idx_find_and_load] Could not retrieve index file for './results/counts/29_Ctrl_0h_IAA_4SU_2_frag.bam'
Start: 2024-10-24 14:05:45.334054
end: 2024-10-24 14:14:13.215537
cU: 2024-10-24 14:14:13.215582
[E::idx_find_and_load] Could not retrieve index file for './results/counts/20_Ctrl_0h_IAA_4SU_2_frag.bam'
Start: 2024-10-24 14:05:45.261314
end: 2024-10-24 14:14:13.308312
cU: 2024-10-24 14:14:13.308362
[E::idx_find_and_load] Could not retrieve index file for './results/counts/10_Ctrl_0h_IAA_4SU_2_frag.bam'
Start: 2024-10-24 14:05:45.430284
end: 2024-10-24 14:14:13.668290
cU: 2024-10-24 14:14:13.668335
[E::idx_find_and_load] Could not retrieve index file for './results/counts/6_Ctrl_0h_IAA_4SU_2_frag.bam'
Start: 2024-10-24 14:05:45.348660
end: 2024-10-24 14:14:13.765935
cU: 2024-10-24 14:14:13.765981
[E::idx_find_and_load] Could not retrieve index file for './results/counts/22_Ctrl_0h_IAA_4SU_2_frag.bam'
Start: 2024-10-24 14:05:45.425538
end: 2024-10-24 14:14:13.995955
cU: 2024-10-24 14:14:13.996005
[E::idx_find_and_load] Could not retrieve index file for './results/counts/7_Ctrl_0h_IAA_4SU_2_frag.bam'
Start: 2024-10-24 14:05:45.291191
end: 2024-10-24 14:14:14.127994
cU: 2024-10-24 14:14:14.128030
[E::idx_find_and_load] Could not retrieve index file for './results/counts/15_Ctrl_0h_IAA_4SU_2_frag.bam'
Start: 2024-10-24 14:05:45.311704
end: 2024-10-24 14:14:14.247934
cU: 2024-10-24 14:14:14.247971
[E::idx_find_and_load] Could not retrieve index file for './results/counts/17_Ctrl_0h_IAA_4SU_2_frag.bam'
Start: 2024-10-24 14:05:45.410512
end: 2024-10-24 14:14:14.461581
cU: 2024-10-24 14:14:14.461708
[E::idx_find_and_load] Could not retrieve index file for './results/counts/3_Ctrl_0h_IAA_4SU_2_frag.bam'
Start: 2024-10-24 14:05:45.431257
end: 2024-10-24 14:14:15.534205
cU: 2024-10-24 14:14:15.534241
[E::idx_find_and_load] Could not retrieve index file for './results/counts/8_Ctrl_0h_IAA_4SU_2_frag.bam'
Start: 2024-10-24 14:05:45.311060
end: 2024-10-24 14:14:15.658317
cU: 2024-10-24 14:14:15.658354
[E::idx_find_and_load] Could not retrieve index file for './results/counts/12_Ctrl_0h_IAA_4SU_2_frag.bam'
Start: 2024-10-24 14:05:45.295696
end: 2024-10-24 14:14:15.990483
cU: 2024-10-24 14:14:15.990605
[E::idx_find_and_load] Could not retrieve index file for './results/counts/18_Ctrl_0h_IAA_4SU_2_frag.bam'
Start: 2024-10-24 14:05:45.309964
end: 2024-10-24 14:14:16.464246
cU: 2024-10-24 14:14:16.464284
[E::idx_find_and_load] Could not retrieve index file for './results/counts/13_Ctrl_0h_IAA_4SU_2_frag.bam'
** Mutations called for sample Ctrl_0h_IAA_4SU_2
** Results fragments merged into final files
* Cleaning up fragmented .bam files
