* Creating files for each level of counting.
* Sorting bam files by coordiantes
[bam_sort_core] merging from 0 files and 20 in-memory blocks...
* Making .chrom.sizes file
* Making track headers
* Filtering reads
*making tracks with STAR
Oct 24 17:03:03 ..... reading from BAM, output wiggle
Oct 24 17:04:29 ..... done
Oct 24 17:03:03 ..... reading from BAM, output wiggle
Oct 24 17:04:29 ..... done
Oct 24 17:03:03 ..... reading from BAM, output wiggle
Oct 24 17:04:30 ..... done
Oct 24 17:03:03 ..... reading from BAM, output wiggle
Oct 24 17:04:31 ..... done
Oct 24 17:03:03 ..... reading from BAM, output wiggle
Oct 24 17:04:33 ..... done
Oct 24 17:03:03 ..... reading from BAM, output wiggle
Oct 24 17:05:09 ..... done
* Taking only unique components of tracks
* Make tdf files from tracks
INFO [2024-10-24 17:05:21,318]  [IgvTools.java:667] [main]  toTDF.  File = ./results/tracks/Ctrl_24h_IAA_4SU_3.TC.5.min.bedGraph
toTDF.  File = ./results/tracks/Ctrl_24h_IAA_4SU_3.TC.5.min.bedGraph
INFO [2024-10-24 17:05:21,321]  [IgvTools.java:668] [main]  Max zoom = 7
Max zoom = 7
INFO [2024-10-24 17:05:21,321]  [IgvTools.java:676] [main]  Window functions: mean max 
Window functions: mean max 
INFO [2024-10-24 17:05:21,327]  [GenomeManager.java:145] [main]  Loading genome: /srv/2023_UPF1_4SU_EZbakR/./results/tracks/GRCh38.chrom.sizes
Loading genome: /srv/2023_UPF1_4SU_EZbakR/./results/tracks/GRCh38.chrom.sizes
INFO [2024-10-24 17:05:21,517]  [DirectoryManager.java:169] [main]  IGV Directory: /home/volker/igv
IGV Directory: /home/volker/igv
INFO [2024-10-24 17:05:21,536]  [GenomeManager.java:192] [main]  Genome loaded.  id= /srv/2023_UPF1_4SU_EZbakR/
Genome loaded.  id= /srv/2023_UPF1_4SU_EZbakR/
INFO [2024-10-24 17:05:21,550]  [Preprocessor.java:125] [main]  track type=bedGraph name=" Ctrl_24h_IAA_4SU_3 TC 5 minus " description=" Ctrl_24h_IAA_4SU_3 TC 5 minus strand" visibility=full negateValues=on autoScale=off windowingFunction=mean viewLimits=-10:0 color=10,10,10 altColor=50,0,0  priority=20
track type=bedGraph name=" Ctrl_24h_IAA_4SU_3 TC 5 minus " description=" Ctrl_24h_IAA_4SU_3 TC 5 minus strand" visibility=full negateValues=on autoScale=off windowingFunction=mean viewLimits=-10:0 color=10,10,10 altColor=50,0,0  priority=20
INFO [2024-10-24 17:05:21,564]  [Preprocessor.java:255] [main]  Processing chromosome chr1
Processing chromosome chr1
.....INFO [2024-10-24 17:05:22,798]  [Preprocessor.java:255] [main]  Processing chromosome chr2
Processing chromosome chr2
...INFO [2024-10-24 17:05:23,541]  [Preprocessor.java:255] [main]  Processing chromosome chr3
Processing chromosome chr3
.10.0% 
.INFO [2024-10-24 17:05:23,768]  [Preprocessor.java:255] [main]  Processing chromosome chr4
Processing chromosome chr4
..INFO [2024-10-24 17:05:23,874]  [Preprocessor.java:255] [main]  Processing chromosome chr5
Processing chromosome chr5
...INFO [2024-10-24 17:05:24,000]  [Preprocessor.java:255] [main]  Processing chromosome chr6
Processing chromosome chr6
...INFO [2024-10-24 17:05:24,314]  [Preprocessor.java:255] [main]  Processing chromosome chr7
Processing chromosome chr7
20.0% 
..INFO [2024-10-24 17:05:24,468]  [Preprocessor.java:255] [main]  Processing chromosome chr8
Processing chromosome chr8
..INFO [2024-10-24 17:05:24,591]  [Preprocessor.java:255] [main]  Processing chromosome chr9
Processing chromosome chr9
..INFO [2024-10-24 17:05:24,990]  [Preprocessor.java:255] [main]  Processing chromosome chr10
Processing chromosome chr10
..INFO [2024-10-24 17:05:25,114]  [Preprocessor.java:255] [main]  Processing chromosome chr11
Processing chromosome chr11
.30.0% 
.INFO [2024-10-24 17:05:25,234]  [Preprocessor.java:255] [main]  Processing chromosome chr12
Processing chromosome chr12
....INFO [2024-10-24 17:05:25,563]  [Preprocessor.java:255] [main]  Processing chromosome chr13
Processing chromosome chr13
.INFO [2024-10-24 17:05:25,598]  [Preprocessor.java:255] [main]  Processing chromosome chr14
Processing chromosome chr14
.INFO [2024-10-24 17:05:25,656]  [Preprocessor.java:255] [main]  Processing chromosome chr15
Processing chromosome chr15
..INFO [2024-10-24 17:05:25,723]  [Preprocessor.java:255] [main]  Processing chromosome chr16
Processing chromosome chr16
40.0% 
.INFO [2024-10-24 17:05:25,943]  [Preprocessor.java:255] [main]  Processing chromosome chr17
Processing chromosome chr17
....INFO [2024-10-24 17:05:26,088]  [Preprocessor.java:255] [main]  Processing chromosome chr18
Processing chromosome chr18
.INFO [2024-10-24 17:05:26,124]  [Preprocessor.java:255] [main]  Processing chromosome chr19
Processing chromosome chr19
...50.0% 
.INFO [2024-10-24 17:05:26,374]  [Preprocessor.java:255] [main]  Processing chromosome chr20
Processing chromosome chr20
..INFO [2024-10-24 17:05:26,448]  [Preprocessor.java:255] [main]  Processing chromosome chr21
Processing chromosome chr21
INFO [2024-10-24 17:05:26,469]  [Preprocessor.java:255] [main]  Processing chromosome chr22
Processing chromosome chr22
..INFO [2024-10-24 17:05:26,530]  [Preprocessor.java:255] [main]  Processing chromosome chrX
Processing chromosome chrX
.INFO [2024-10-24 17:05:26,577]  [Preprocessor.java:255] [main]  Processing chromosome chrY
Processing chromosome chrY
INFO [2024-10-24 17:05:26,579]  [Preprocessor.java:255] [main]  Processing chromosome chrM
Processing chromosome chrM
.INFO [2024-10-24 17:05:26,686]  [Preprocessor.java:255] [main]  Processing chromosome GL000009.2
Processing chromosome GL000009.2
INFO [2024-10-24 17:05:26,698]  [Preprocessor.java:255] [main]  Processing chromosome GL000195.1
Processing chromosome GL000195.1
INFO [2024-10-24 17:05:26,699]  [Preprocessor.java:255] [main]  Processing chromosome GL000220.1
Processing chromosome GL000220.1
INFO [2024-10-24 17:05:26,701]  [Preprocessor.java:255] [main]  Processing chromosome KI270713.1
Processing chromosome KI270713.1
INFO [2024-10-24 17:05:26,705]  [Preprocessor.java:255] [main]  Processing chromosome KI270714.1
Processing chromosome KI270714.1
INFO [2024-10-24 17:05:26,706]  [Preprocessor.java:255] [main]  Processing chromosome KI270719.1
Processing chromosome KI270719.1
INFO [2024-10-24 17:05:26,707]  [Preprocessor.java:255] [main]  Processing chromosome KI270721.1
Processing chromosome KI270721.1
INFO [2024-10-24 17:05:26,708]  [Preprocessor.java:255] [main]  Processing chromosome KI270728.1
Processing chromosome KI270728.1
INFO [2024-10-24 17:05:26,709]  [Preprocessor.java:255] [main]  Processing chromosome KI270733.1
Processing chromosome KI270733.1
INFO [2024-10-24 17:05:26,712]  [Preprocessor.java:255] [main]  Processing chromosome KI270734.1
Processing chromosome KI270734.1
INFO [2024-10-24 17:05:26,939]  [TDFWriter.java:318] [main]  Group idx: 1
Group idx: 1
100.0% 
Done
INFO [2024-10-24 17:05:21,338]  [IgvTools.java:667] [main]  toTDF.  File = ./results/tracks/Ctrl_24h_IAA_4SU_3.TC.5.pos.bedGraph
toTDF.  File = ./results/tracks/Ctrl_24h_IAA_4SU_3.TC.5.pos.bedGraph
INFO [2024-10-24 17:05:21,340]  [IgvTools.java:668] [main]  Max zoom = 7
Max zoom = 7
INFO [2024-10-24 17:05:21,341]  [IgvTools.java:676] [main]  Window functions: mean max 
Window functions: mean max 
INFO [2024-10-24 17:05:21,348]  [GenomeManager.java:145] [main]  Loading genome: /srv/2023_UPF1_4SU_EZbakR/./results/tracks/GRCh38.chrom.sizes
Loading genome: /srv/2023_UPF1_4SU_EZbakR/./results/tracks/GRCh38.chrom.sizes
INFO [2024-10-24 17:05:21,562]  [DirectoryManager.java:169] [main]  IGV Directory: /home/volker/igv
IGV Directory: /home/volker/igv
INFO [2024-10-24 17:05:21,592]  [GenomeManager.java:192] [main]  Genome loaded.  id= /srv/2023_UPF1_4SU_EZbakR/
Genome loaded.  id= /srv/2023_UPF1_4SU_EZbakR/
INFO [2024-10-24 17:05:21,632]  [Preprocessor.java:125] [main]  track type=bedGraph name=" Ctrl_24h_IAA_4SU_3 TC 5 plus " description=" Ctrl_24h_IAA_4SU_3 TC 5 positive strand" visibility=full autoScale=off windowingFunction=mean viewLimits=0:10 color=50,0,0  altColor=10,10,10 priority=20
track type=bedGraph name=" Ctrl_24h_IAA_4SU_3 TC 5 plus " description=" Ctrl_24h_IAA_4SU_3 TC 5 positive strand" visibility=full autoScale=off windowingFunction=mean viewLimits=0:10 color=50,0,0  altColor=10,10,10 priority=20
INFO [2024-10-24 17:05:21,649]  [Preprocessor.java:255] [main]  Processing chromosome chr1
Processing chromosome chr1
.....INFO [2024-10-24 17:05:22,825]  [Preprocessor.java:255] [main]  Processing chromosome chr2
Processing chromosome chr2
....INFO [2024-10-24 17:05:23,580]  [Preprocessor.java:255] [main]  Processing chromosome chr3
Processing chromosome chr3
10.0% 
..INFO [2024-10-24 17:05:23,761]  [Preprocessor.java:255] [main]  Processing chromosome chr4
Processing chromosome chr4
..INFO [2024-10-24 17:05:23,881]  [Preprocessor.java:255] [main]  Processing chromosome chr5
Processing chromosome chr5
..INFO [2024-10-24 17:05:23,997]  [Preprocessor.java:255] [main]  Processing chromosome chr6
Processing chromosome chr6
...INFO [2024-10-24 17:05:24,338]  [Preprocessor.java:255] [main]  Processing chromosome chr7
Processing chromosome chr7
20.0% 
.INFO [2024-10-24 17:05:24,469]  [Preprocessor.java:255] [main]  Processing chromosome chr8
Processing chromosome chr8
..INFO [2024-10-24 17:05:24,585]  [Preprocessor.java:255] [main]  Processing chromosome chr9
Processing chromosome chr9
...INFO [2024-10-24 17:05:24,914]  [Preprocessor.java:255] [main]  Processing chromosome chr10
Processing chromosome chr10
..INFO [2024-10-24 17:05:25,025]  [Preprocessor.java:255] [main]  Processing chromosome chr11
Processing chromosome chr11
.30.0% 
.INFO [2024-10-24 17:05:25,148]  [Preprocessor.java:255] [main]  Processing chromosome chr12
Processing chromosome chr12
...INFO [2024-10-24 17:05:25,610]  [Preprocessor.java:255] [main]  Processing chromosome chr13
Processing chromosome chr13
.INFO [2024-10-24 17:05:25,649]  [Preprocessor.java:255] [main]  Processing chromosome chr14
Processing chromosome chr14
..INFO [2024-10-24 17:05:25,714]  [Preprocessor.java:255] [main]  Processing chromosome chr15
Processing chromosome chr15
.INFO [2024-10-24 17:05:25,774]  [Preprocessor.java:255] [main]  Processing chromosome chr16
Processing chromosome chr16
.40.0% 
.INFO [2024-10-24 17:05:25,857]  [Preprocessor.java:255] [main]  Processing chromosome chr17
Processing chromosome chr17
....INFO [2024-10-24 17:05:26,379]  [Preprocessor.java:255] [main]  Processing chromosome chr18
Processing chromosome chr18
.INFO [2024-10-24 17:05:26,414]  [Preprocessor.java:255] [main]  Processing chromosome chr19
Processing chromosome chr19
...INFO [2024-10-24 17:05:26,528]  [Preprocessor.java:255] [main]  Processing chromosome chr20
Processing chromosome chr20
50.0% 
.INFO [2024-10-24 17:05:26,783]  [Preprocessor.java:255] [main]  Processing chromosome chr21
Processing chromosome chr21
.INFO [2024-10-24 17:05:26,805]  [Preprocessor.java:255] [main]  Processing chromosome chr22
Processing chromosome chr22
.INFO [2024-10-24 17:05:26,858]  [Preprocessor.java:255] [main]  Processing chromosome chrX
Processing chromosome chrX
.INFO [2024-10-24 17:05:26,899]  [Preprocessor.java:255] [main]  Processing chromosome chrY
Processing chromosome chrY
INFO [2024-10-24 17:05:26,900]  [Preprocessor.java:255] [main]  Processing chromosome chrM
Processing chromosome chrM
INFO [2024-10-24 17:05:26,951]  [Preprocessor.java:255] [main]  Processing chromosome GL000194.1
Processing chromosome GL000194.1
INFO [2024-10-24 17:05:26,955]  [Preprocessor.java:255] [main]  Processing chromosome GL000195.1
Processing chromosome GL000195.1
INFO [2024-10-24 17:05:26,960]  [Preprocessor.java:255] [main]  Processing chromosome GL000205.2
Processing chromosome GL000205.2
INFO [2024-10-24 17:05:26,965]  [Preprocessor.java:255] [main]  Processing chromosome GL000218.1
Processing chromosome GL000218.1
INFO [2024-10-24 17:05:26,969]  [Preprocessor.java:255] [main]  Processing chromosome GL000219.1
Processing chromosome GL000219.1
INFO [2024-10-24 17:05:26,974]  [Preprocessor.java:255] [main]  Processing chromosome GL000220.1
Processing chromosome GL000220.1
INFO [2024-10-24 17:05:26,976]  [Preprocessor.java:255] [main]  Processing chromosome KI270711.1
Processing chromosome KI270711.1
INFO [2024-10-24 17:05:26,978]  [Preprocessor.java:255] [main]  Processing chromosome KI270712.1
Processing chromosome KI270712.1
INFO [2024-10-24 17:05:26,979]  [Preprocessor.java:255] [main]  Processing chromosome KI270714.1
Processing chromosome KI270714.1
INFO [2024-10-24 17:05:26,985]  [Preprocessor.java:255] [main]  Processing chromosome KI270733.1
Processing chromosome KI270733.1
INFO [2024-10-24 17:05:26,987]  [Preprocessor.java:255] [main]  Processing chromosome KI270741.1
Processing chromosome KI270741.1
INFO [2024-10-24 17:05:26,988]  [Preprocessor.java:255] [main]  Processing chromosome KI270744.1
Processing chromosome KI270744.1
INFO [2024-10-24 17:05:27,034]  [TDFWriter.java:318] [main]  Group idx: 1
Group idx: 1
100.0% 
Done
INFO [2024-10-24 17:05:21,327]  [IgvTools.java:667] [main]  toTDF.  File = ./results/tracks/Ctrl_24h_IAA_4SU_3.TC.4.pos.bedGraph
toTDF.  File = ./results/tracks/Ctrl_24h_IAA_4SU_3.TC.4.pos.bedGraph
INFO [2024-10-24 17:05:21,330]  [IgvTools.java:668] [main]  Max zoom = 7
Max zoom = 7
INFO [2024-10-24 17:05:21,331]  [IgvTools.java:676] [main]  Window functions: mean max 
Window functions: mean max 
INFO [2024-10-24 17:05:21,338]  [GenomeManager.java:145] [main]  Loading genome: /srv/2023_UPF1_4SU_EZbakR/./results/tracks/GRCh38.chrom.sizes
Loading genome: /srv/2023_UPF1_4SU_EZbakR/./results/tracks/GRCh38.chrom.sizes
INFO [2024-10-24 17:05:21,510]  [DirectoryManager.java:169] [main]  IGV Directory: /home/volker/igv
IGV Directory: /home/volker/igv
INFO [2024-10-24 17:05:21,526]  [GenomeManager.java:192] [main]  Genome loaded.  id= /srv/2023_UPF1_4SU_EZbakR/
Genome loaded.  id= /srv/2023_UPF1_4SU_EZbakR/
INFO [2024-10-24 17:05:21,542]  [Preprocessor.java:125] [main]  track type=bedGraph name=" Ctrl_24h_IAA_4SU_3 TC 4 plus " description=" Ctrl_24h_IAA_4SU_3 TC 4 positive strand" visibility=full autoScale=off windowingFunction=mean viewLimits=0:10 color=100,0,0  altColor=10,10,10 priority=20
track type=bedGraph name=" Ctrl_24h_IAA_4SU_3 TC 4 plus " description=" Ctrl_24h_IAA_4SU_3 TC 4 positive strand" visibility=full autoScale=off windowingFunction=mean viewLimits=0:10 color=100,0,0  altColor=10,10,10 priority=20
INFO [2024-10-24 17:05:21,562]  [Preprocessor.java:255] [main]  Processing chromosome chr1
Processing chromosome chr1
.....INFO [2024-10-24 17:05:22,953]  [Preprocessor.java:255] [main]  Processing chromosome chr2
Processing chromosome chr2
....INFO [2024-10-24 17:05:23,817]  [Preprocessor.java:255] [main]  Processing chromosome chr3
Processing chromosome chr3
10.0% 
..INFO [2024-10-24 17:05:23,986]  [Preprocessor.java:255] [main]  Processing chromosome chr4
Processing chromosome chr4
..INFO [2024-10-24 17:05:24,202]  [Preprocessor.java:255] [main]  Processing chromosome chr5
Processing chromosome chr5
..INFO [2024-10-24 17:05:24,326]  [Preprocessor.java:255] [main]  Processing chromosome chr6
Processing chromosome chr6
..INFO [2024-10-24 17:05:24,571]  [Preprocessor.java:255] [main]  Processing chromosome chr7
Processing chromosome chr7
.20.0% 
.INFO [2024-10-24 17:05:24,904]  [Preprocessor.java:255] [main]  Processing chromosome chr8
Processing chromosome chr8
..INFO [2024-10-24 17:05:25,036]  [Preprocessor.java:255] [main]  Processing chromosome chr9
Processing chromosome chr9
..INFO [2024-10-24 17:05:25,430]  [Preprocessor.java:255] [main]  Processing chromosome chr10
Processing chromosome chr10
..INFO [2024-10-24 17:05:25,600]  [Preprocessor.java:255] [main]  Processing chromosome chr11
Processing chromosome chr11
..30.0% 
.INFO [2024-10-24 17:05:25,817]  [Preprocessor.java:255] [main]  Processing chromosome chr12
Processing chromosome chr12
...INFO [2024-10-24 17:05:26,163]  [Preprocessor.java:255] [main]  Processing chromosome chr13
Processing chromosome chr13
.INFO [2024-10-24 17:05:26,210]  [Preprocessor.java:255] [main]  Processing chromosome chr14
Processing chromosome chr14
.INFO [2024-10-24 17:05:26,290]  [Preprocessor.java:255] [main]  Processing chromosome chr15
Processing chromosome chr15
..INFO [2024-10-24 17:05:26,599]  [Preprocessor.java:255] [main]  Processing chromosome chr16
Processing chromosome chr16
.40.0% 
INFO [2024-10-24 17:05:26,704]  [Preprocessor.java:255] [main]  Processing chromosome chr17
Processing chromosome chr17
.....INFO [2024-10-24 17:05:27,007]  [Preprocessor.java:255] [main]  Processing chromosome chr18
Processing chromosome chr18
.INFO [2024-10-24 17:05:27,048]  [Preprocessor.java:255] [main]  Processing chromosome chr19
Processing chromosome chr19
...INFO [2024-10-24 17:05:27,216]  [Preprocessor.java:255] [main]  Processing chromosome chr20
Processing chromosome chr20
50.0% 
.INFO [2024-10-24 17:05:27,380]  [Preprocessor.java:255] [main]  Processing chromosome chr21
Processing chromosome chr21
INFO [2024-10-24 17:05:27,405]  [Preprocessor.java:255] [main]  Processing chromosome chr22
Processing chromosome chr22
..INFO [2024-10-24 17:05:27,485]  [Preprocessor.java:255] [main]  Processing chromosome chrX
Processing chromosome chrX
.INFO [2024-10-24 17:05:27,562]  [Preprocessor.java:255] [main]  Processing chromosome chrY
Processing chromosome chrY
INFO [2024-10-24 17:05:27,564]  [Preprocessor.java:255] [main]  Processing chromosome chrM
Processing chromosome chrM
INFO [2024-10-24 17:05:27,632]  [Preprocessor.java:255] [main]  Processing chromosome GL000194.1
Processing chromosome GL000194.1
INFO [2024-10-24 17:05:27,636]  [Preprocessor.java:255] [main]  Processing chromosome GL000195.1
Processing chromosome GL000195.1
INFO [2024-10-24 17:05:27,641]  [Preprocessor.java:255] [main]  Processing chromosome GL000205.2
Processing chromosome GL000205.2
INFO [2024-10-24 17:05:27,644]  [Preprocessor.java:255] [main]  Processing chromosome GL000218.1
Processing chromosome GL000218.1
INFO [2024-10-24 17:05:27,650]  [Preprocessor.java:255] [main]  Processing chromosome GL000219.1
Processing chromosome GL000219.1
INFO [2024-10-24 17:05:27,655]  [Preprocessor.java:255] [main]  Processing chromosome GL000220.1
Processing chromosome GL000220.1
INFO [2024-10-24 17:05:27,657]  [Preprocessor.java:255] [main]  Processing chromosome KI270711.1
Processing chromosome KI270711.1
INFO [2024-10-24 17:05:27,660]  [Preprocessor.java:255] [main]  Processing chromosome KI270712.1
Processing chromosome KI270712.1
INFO [2024-10-24 17:05:27,662]  [Preprocessor.java:255] [main]  Processing chromosome KI270714.1
Processing chromosome KI270714.1
INFO [2024-10-24 17:05:27,667]  [Preprocessor.java:255] [main]  Processing chromosome KI270733.1
Processing chromosome KI270733.1
INFO [2024-10-24 17:05:27,669]  [Preprocessor.java:255] [main]  Processing chromosome KI270741.1
Processing chromosome KI270741.1
INFO [2024-10-24 17:05:27,670]  [Preprocessor.java:255] [main]  Processing chromosome KI270744.1
Processing chromosome KI270744.1
INFO [2024-10-24 17:05:27,805]  [TDFWriter.java:318] [main]  Group idx: 1
Group idx: 1
100.0% 
Done
INFO [2024-10-24 17:05:21,318]  [IgvTools.java:667] [main]  toTDF.  File = ./results/tracks/Ctrl_24h_IAA_4SU_3.TC.4.min.bedGraph
toTDF.  File = ./results/tracks/Ctrl_24h_IAA_4SU_3.TC.4.min.bedGraph
INFO [2024-10-24 17:05:21,320]  [IgvTools.java:668] [main]  Max zoom = 7
Max zoom = 7
INFO [2024-10-24 17:05:21,321]  [IgvTools.java:676] [main]  Window functions: mean max 
Window functions: mean max 
INFO [2024-10-24 17:05:21,327]  [GenomeManager.java:145] [main]  Loading genome: /srv/2023_UPF1_4SU_EZbakR/./results/tracks/GRCh38.chrom.sizes
Loading genome: /srv/2023_UPF1_4SU_EZbakR/./results/tracks/GRCh38.chrom.sizes
INFO [2024-10-24 17:05:21,499]  [DirectoryManager.java:169] [main]  IGV Directory: /home/volker/igv
IGV Directory: /home/volker/igv
INFO [2024-10-24 17:05:21,514]  [GenomeManager.java:192] [main]  Genome loaded.  id= /srv/2023_UPF1_4SU_EZbakR/
Genome loaded.  id= /srv/2023_UPF1_4SU_EZbakR/
INFO [2024-10-24 17:05:21,531]  [Preprocessor.java:125] [main]  track type=bedGraph name=" Ctrl_24h_IAA_4SU_3 TC 4 minus " description=" Ctrl_24h_IAA_4SU_3 TC 4 minus strand" visibility=full negateValues=on autoScale=off windowingFunction=mean viewLimits=-10:0 color=10,10,10 altColor=100,0,0  priority=20
track type=bedGraph name=" Ctrl_24h_IAA_4SU_3 TC 4 minus " description=" Ctrl_24h_IAA_4SU_3 TC 4 minus strand" visibility=full negateValues=on autoScale=off windowingFunction=mean viewLimits=-10:0 color=10,10,10 altColor=100,0,0  priority=20
INFO [2024-10-24 17:05:21,546]  [Preprocessor.java:255] [main]  Processing chromosome chr1
Processing chromosome chr1
.....INFO [2024-10-24 17:05:22,851]  [Preprocessor.java:255] [main]  Processing chromosome chr2
Processing chromosome chr2
...INFO [2024-10-24 17:05:23,924]  [Preprocessor.java:255] [main]  Processing chromosome chr3
Processing chromosome chr3
.10.0% 
.INFO [2024-10-24 17:05:24,196]  [Preprocessor.java:255] [main]  Processing chromosome chr4
Processing chromosome chr4
..INFO [2024-10-24 17:05:24,515]  [Preprocessor.java:255] [main]  Processing chromosome chr5
Processing chromosome chr5
..INFO [2024-10-24 17:05:24,666]  [Preprocessor.java:255] [main]  Processing chromosome chr6
Processing chromosome chr6
....INFO [2024-10-24 17:05:25,099]  [Preprocessor.java:255] [main]  Processing chromosome chr7
Processing chromosome chr7
20.0% 
.INFO [2024-10-24 17:05:25,263]  [Preprocessor.java:255] [main]  Processing chromosome chr8
Processing chromosome chr8
..INFO [2024-10-24 17:05:25,383]  [Preprocessor.java:255] [main]  Processing chromosome chr9
Processing chromosome chr9
..INFO [2024-10-24 17:05:25,787]  [Preprocessor.java:255] [main]  Processing chromosome chr10
Processing chromosome chr10
...INFO [2024-10-24 17:05:25,912]  [Preprocessor.java:255] [main]  Processing chromosome chr11
Processing chromosome chr11
.30.0% 
.INFO [2024-10-24 17:05:26,293]  [Preprocessor.java:255] [main]  Processing chromosome chr12
Processing chromosome chr12
...INFO [2024-10-24 17:05:26,443]  [Preprocessor.java:255] [main]  Processing chromosome chr13
Processing chromosome chr13
.INFO [2024-10-24 17:05:26,486]  [Preprocessor.java:255] [main]  Processing chromosome chr14
Processing chromosome chr14
..INFO [2024-10-24 17:05:26,822]  [Preprocessor.java:255] [main]  Processing chromosome chr15
Processing chromosome chr15
.INFO [2024-10-24 17:05:26,905]  [Preprocessor.java:255] [main]  Processing chromosome chr16
Processing chromosome chr16
.40.0% 
.INFO [2024-10-24 17:05:27,030]  [Preprocessor.java:255] [main]  Processing chromosome chr17
Processing chromosome chr17
....INFO [2024-10-24 17:05:27,347]  [Preprocessor.java:255] [main]  Processing chromosome chr18
Processing chromosome chr18
.INFO [2024-10-24 17:05:27,396]  [Preprocessor.java:255] [main]  Processing chromosome chr19
Processing chromosome chr19
...50.0% 
.INFO [2024-10-24 17:05:27,694]  [Preprocessor.java:255] [main]  Processing chromosome chr20
Processing chromosome chr20
..INFO [2024-10-24 17:05:27,791]  [Preprocessor.java:255] [main]  Processing chromosome chr21
Processing chromosome chr21
INFO [2024-10-24 17:05:27,822]  [Preprocessor.java:255] [main]  Processing chromosome chr22
Processing chromosome chr22
..INFO [2024-10-24 17:05:27,909]  [Preprocessor.java:255] [main]  Processing chromosome chrX
Processing chromosome chrX
.INFO [2024-10-24 17:05:28,198]  [Preprocessor.java:255] [main]  Processing chromosome chrY
Processing chromosome chrY
INFO [2024-10-24 17:05:28,200]  [Preprocessor.java:255] [main]  Processing chromosome chrM
Processing chromosome chrM
.INFO [2024-10-24 17:05:28,308]  [Preprocessor.java:255] [main]  Processing chromosome GL000009.2
Processing chromosome GL000009.2
INFO [2024-10-24 17:05:28,322]  [Preprocessor.java:255] [main]  Processing chromosome GL000195.1
Processing chromosome GL000195.1
INFO [2024-10-24 17:05:28,323]  [Preprocessor.java:255] [main]  Processing chromosome GL000205.2
Processing chromosome GL000205.2
INFO [2024-10-24 17:05:28,323]  [Preprocessor.java:255] [main]  Processing chromosome GL000220.1
Processing chromosome GL000220.1
INFO [2024-10-24 17:05:28,325]  [Preprocessor.java:255] [main]  Processing chromosome KI270713.1
Processing chromosome KI270713.1
INFO [2024-10-24 17:05:28,329]  [Preprocessor.java:255] [main]  Processing chromosome KI270714.1
Processing chromosome KI270714.1
INFO [2024-10-24 17:05:28,330]  [Preprocessor.java:255] [main]  Processing chromosome KI270719.1
Processing chromosome KI270719.1
INFO [2024-10-24 17:05:28,331]  [Preprocessor.java:255] [main]  Processing chromosome KI270721.1
Processing chromosome KI270721.1
INFO [2024-10-24 17:05:28,333]  [Preprocessor.java:255] [main]  Processing chromosome KI270728.1
Processing chromosome KI270728.1
INFO [2024-10-24 17:05:28,334]  [Preprocessor.java:255] [main]  Processing chromosome KI270733.1
Processing chromosome KI270733.1
INFO [2024-10-24 17:05:28,339]  [Preprocessor.java:255] [main]  Processing chromosome KI270734.1
Processing chromosome KI270734.1
INFO [2024-10-24 17:05:28,359]  [TDFWriter.java:318] [main]  Group idx: 1
Group idx: 1
100.0% 
Done
INFO [2024-10-24 17:05:21,331]  [IgvTools.java:667] [main]  toTDF.  File = ./results/tracks/Ctrl_24h_IAA_4SU_3.TC.3.min.bedGraph
toTDF.  File = ./results/tracks/Ctrl_24h_IAA_4SU_3.TC.3.min.bedGraph
INFO [2024-10-24 17:05:21,333]  [IgvTools.java:668] [main]  Max zoom = 7
Max zoom = 7
INFO [2024-10-24 17:05:21,334]  [IgvTools.java:676] [main]  Window functions: mean max 
Window functions: mean max 
INFO [2024-10-24 17:05:21,340]  [GenomeManager.java:145] [main]  Loading genome: /srv/2023_UPF1_4SU_EZbakR/./results/tracks/GRCh38.chrom.sizes
Loading genome: /srv/2023_UPF1_4SU_EZbakR/./results/tracks/GRCh38.chrom.sizes
INFO [2024-10-24 17:05:21,560]  [DirectoryManager.java:169] [main]  IGV Directory: /home/volker/igv
IGV Directory: /home/volker/igv
INFO [2024-10-24 17:05:21,578]  [GenomeManager.java:192] [main]  Genome loaded.  id= /srv/2023_UPF1_4SU_EZbakR/
Genome loaded.  id= /srv/2023_UPF1_4SU_EZbakR/
INFO [2024-10-24 17:05:21,594]  [Preprocessor.java:125] [main]  track type=bedGraph name=" Ctrl_24h_IAA_4SU_3 TC 3 minus " description=" Ctrl_24h_IAA_4SU_3 TC 3 minus strand" visibility=full negateValues=on autoScale=off windowingFunction=mean viewLimits=-10:0 color=10,10,10 altColor=150,0,0  priority=20
track type=bedGraph name=" Ctrl_24h_IAA_4SU_3 TC 3 minus " description=" Ctrl_24h_IAA_4SU_3 TC 3 minus strand" visibility=full negateValues=on autoScale=off windowingFunction=mean viewLimits=-10:0 color=10,10,10 altColor=150,0,0  priority=20
INFO [2024-10-24 17:05:21,609]  [Preprocessor.java:255] [main]  Processing chromosome chr1
Processing chromosome chr1
.....INFO [2024-10-24 17:05:23,657]  [Preprocessor.java:255] [main]  Processing chromosome chr2
Processing chromosome chr2
...INFO [2024-10-24 17:05:24,000]  [Preprocessor.java:255] [main]  Processing chromosome chr3
Processing chromosome chr3
.10.0% 
.INFO [2024-10-24 17:05:24,338]  [Preprocessor.java:255] [main]  Processing chromosome chr4
Processing chromosome chr4
..INFO [2024-10-24 17:05:24,471]  [Preprocessor.java:255] [main]  Processing chromosome chr5
Processing chromosome chr5
..INFO [2024-10-24 17:05:24,914]  [Preprocessor.java:255] [main]  Processing chromosome chr6
Processing chromosome chr6
...INFO [2024-10-24 17:05:25,149]  [Preprocessor.java:255] [main]  Processing chromosome chr7
Processing chromosome chr7
.20.0% 
.INFO [2024-10-24 17:05:25,471]  [Preprocessor.java:255] [main]  Processing chromosome chr8
Processing chromosome chr8
..INFO [2024-10-24 17:05:25,587]  [Preprocessor.java:255] [main]  Processing chromosome chr9
Processing chromosome chr9
..INFO [2024-10-24 17:05:25,807]  [Preprocessor.java:255] [main]  Processing chromosome chr10
Processing chromosome chr10
...INFO [2024-10-24 17:05:25,957]  [Preprocessor.java:255] [main]  Processing chromosome chr11
Processing chromosome chr11
.30.0% 
.INFO [2024-10-24 17:05:26,233]  [Preprocessor.java:255] [main]  Processing chromosome chr12
Processing chromosome chr12
...INFO [2024-10-24 17:05:26,500]  [Preprocessor.java:255] [main]  Processing chromosome chr13
Processing chromosome chr13
.INFO [2024-10-24 17:05:26,550]  [Preprocessor.java:255] [main]  Processing chromosome chr14
Processing chromosome chr14
.INFO [2024-10-24 17:05:26,635]  [Preprocessor.java:255] [main]  Processing chromosome chr15
Processing chromosome chr15
..INFO [2024-10-24 17:05:26,735]  [Preprocessor.java:255] [main]  Processing chromosome chr16
Processing chromosome chr16
.40.0% 
.INFO [2024-10-24 17:05:27,068]  [Preprocessor.java:255] [main]  Processing chromosome chr17
Processing chromosome chr17
....INFO [2024-10-24 17:05:27,387]  [Preprocessor.java:255] [main]  Processing chromosome chr18
Processing chromosome chr18
.INFO [2024-10-24 17:05:27,450]  [Preprocessor.java:255] [main]  Processing chromosome chr19
Processing chromosome chr19
...50.0% 
.INFO [2024-10-24 17:05:27,816]  [Preprocessor.java:255] [main]  Processing chromosome chr20
Processing chromosome chr20
..INFO [2024-10-24 17:05:28,040]  [Preprocessor.java:255] [main]  Processing chromosome chr21
Processing chromosome chr21
INFO [2024-10-24 17:05:28,076]  [Preprocessor.java:255] [main]  Processing chromosome chr22
Processing chromosome chr22
..INFO [2024-10-24 17:05:28,178]  [Preprocessor.java:255] [main]  Processing chromosome chrX
Processing chromosome chrX
.INFO [2024-10-24 17:05:28,259]  [Preprocessor.java:255] [main]  Processing chromosome chrY
Processing chromosome chrY
INFO [2024-10-24 17:05:28,261]  [Preprocessor.java:255] [main]  Processing chromosome chrM
Processing chromosome chrM
.INFO [2024-10-24 17:05:28,382]  [Preprocessor.java:255] [main]  Processing chromosome GL000009.2
Processing chromosome GL000009.2
INFO [2024-10-24 17:05:28,397]  [Preprocessor.java:255] [main]  Processing chromosome GL000195.1
Processing chromosome GL000195.1
INFO [2024-10-24 17:05:28,398]  [Preprocessor.java:255] [main]  Processing chromosome GL000205.2
Processing chromosome GL000205.2
INFO [2024-10-24 17:05:28,399]  [Preprocessor.java:255] [main]  Processing chromosome GL000220.1
Processing chromosome GL000220.1
INFO [2024-10-24 17:05:28,401]  [Preprocessor.java:255] [main]  Processing chromosome KI270713.1
Processing chromosome KI270713.1
INFO [2024-10-24 17:05:28,411]  [Preprocessor.java:255] [main]  Processing chromosome KI270714.1
Processing chromosome KI270714.1
INFO [2024-10-24 17:05:28,412]  [Preprocessor.java:255] [main]  Processing chromosome KI270719.1
Processing chromosome KI270719.1
INFO [2024-10-24 17:05:28,413]  [Preprocessor.java:255] [main]  Processing chromosome KI270721.1
Processing chromosome KI270721.1
INFO [2024-10-24 17:05:28,416]  [Preprocessor.java:255] [main]  Processing chromosome KI270728.1
Processing chromosome KI270728.1
INFO [2024-10-24 17:05:28,417]  [Preprocessor.java:255] [main]  Processing chromosome KI270733.1
Processing chromosome KI270733.1
INFO [2024-10-24 17:05:28,424]  [Preprocessor.java:255] [main]  Processing chromosome KI270734.1
Processing chromosome KI270734.1
INFO [2024-10-24 17:05:28,426]  [Preprocessor.java:255] [main]  Processing chromosome KI270743.1
Processing chromosome KI270743.1
INFO [2024-10-24 17:05:28,426]  [Preprocessor.java:255] [main]  Processing chromosome KI270748.1
Processing chromosome KI270748.1
INFO [2024-10-24 17:05:28,501]  [TDFWriter.java:318] [main]  Group idx: 1
Group idx: 1
100.0% 
Done
INFO [2024-10-24 17:05:21,304]  [IgvTools.java:667] [main]  toTDF.  File = ./results/tracks/Ctrl_24h_IAA_4SU_3.TC.3.pos.bedGraph
toTDF.  File = ./results/tracks/Ctrl_24h_IAA_4SU_3.TC.3.pos.bedGraph
INFO [2024-10-24 17:05:21,308]  [IgvTools.java:668] [main]  Max zoom = 7
Max zoom = 7
INFO [2024-10-24 17:05:21,308]  [IgvTools.java:676] [main]  Window functions: mean max 
Window functions: mean max 
INFO [2024-10-24 17:05:21,315]  [GenomeManager.java:145] [main]  Loading genome: /srv/2023_UPF1_4SU_EZbakR/./results/tracks/GRCh38.chrom.sizes
Loading genome: /srv/2023_UPF1_4SU_EZbakR/./results/tracks/GRCh38.chrom.sizes
INFO [2024-10-24 17:05:21,498]  [DirectoryManager.java:169] [main]  IGV Directory: /home/volker/igv
IGV Directory: /home/volker/igv
INFO [2024-10-24 17:05:21,514]  [GenomeManager.java:192] [main]  Genome loaded.  id= /srv/2023_UPF1_4SU_EZbakR/
Genome loaded.  id= /srv/2023_UPF1_4SU_EZbakR/
INFO [2024-10-24 17:05:21,528]  [Preprocessor.java:125] [main]  track type=bedGraph name=" Ctrl_24h_IAA_4SU_3 TC 3 plus " description=" Ctrl_24h_IAA_4SU_3 TC 3 positive strand" visibility=full autoScale=off windowingFunction=mean viewLimits=0:10 color=150,0,0  altColor=10,10,10 priority=20
track type=bedGraph name=" Ctrl_24h_IAA_4SU_3 TC 3 plus " description=" Ctrl_24h_IAA_4SU_3 TC 3 positive strand" visibility=full autoScale=off windowingFunction=mean viewLimits=0:10 color=150,0,0  altColor=10,10,10 priority=20
INFO [2024-10-24 17:05:21,542]  [Preprocessor.java:255] [main]  Processing chromosome chr1
Processing chromosome chr1
.....INFO [2024-10-24 17:05:23,582]  [Preprocessor.java:255] [main]  Processing chromosome chr2
Processing chromosome chr2
....INFO [2024-10-24 17:05:24,005]  [Preprocessor.java:255] [main]  Processing chromosome chr3
Processing chromosome chr3
10.0% 
..INFO [2024-10-24 17:05:24,354]  [Preprocessor.java:255] [main]  Processing chromosome chr4
Processing chromosome chr4
.INFO [2024-10-24 17:05:24,509]  [Preprocessor.java:255] [main]  Processing chromosome chr5
Processing chromosome chr5
..INFO [2024-10-24 17:05:24,914]  [Preprocessor.java:255] [main]  Processing chromosome chr6
Processing chromosome chr6
...INFO [2024-10-24 17:05:25,137]  [Preprocessor.java:255] [main]  Processing chromosome chr7
Processing chromosome chr7
.20.0% 
INFO [2024-10-24 17:05:25,406]  [Preprocessor.java:255] [main]  Processing chromosome chr8
Processing chromosome chr8
...INFO [2024-10-24 17:05:25,637]  [Preprocessor.java:255] [main]  Processing chromosome chr9
Processing chromosome chr9
..INFO [2024-10-24 17:05:26,022]  [Preprocessor.java:255] [main]  Processing chromosome chr10
Processing chromosome chr10
..INFO [2024-10-24 17:05:26,149]  [Preprocessor.java:255] [main]  Processing chromosome chr11
Processing chromosome chr11
..30.0% 
INFO [2024-10-24 17:05:26,508]  [Preprocessor.java:255] [main]  Processing chromosome chr12
Processing chromosome chr12
...INFO [2024-10-24 17:05:26,685]  [Preprocessor.java:255] [main]  Processing chromosome chr13
Processing chromosome chr13
.INFO [2024-10-24 17:05:26,853]  [Preprocessor.java:255] [main]  Processing chromosome chr14
Processing chromosome chr14
..INFO [2024-10-24 17:05:26,951]  [Preprocessor.java:255] [main]  Processing chromosome chr15
Processing chromosome chr15
.INFO [2024-10-24 17:05:27,038]  [Preprocessor.java:255] [main]  Processing chromosome chr16
Processing chromosome chr16
..40.0% 
INFO [2024-10-24 17:05:27,267]  [Preprocessor.java:255] [main]  Processing chromosome chr17
Processing chromosome chr17
.....INFO [2024-10-24 17:05:27,706]  [Preprocessor.java:255] [main]  Processing chromosome chr18
Processing chromosome chr18
.INFO [2024-10-24 17:05:27,759]  [Preprocessor.java:255] [main]  Processing chromosome chr19
Processing chromosome chr19
...INFO [2024-10-24 17:05:28,121]  [Preprocessor.java:255] [main]  Processing chromosome chr20
Processing chromosome chr20
50.0% 
.INFO [2024-10-24 17:05:28,214]  [Preprocessor.java:255] [main]  Processing chromosome chr21
Processing chromosome chr21
INFO [2024-10-24 17:05:28,245]  [Preprocessor.java:255] [main]  Processing chromosome chr22
Processing chromosome chr22
..INFO [2024-10-24 17:05:28,334]  [Preprocessor.java:255] [main]  Processing chromosome chrX
Processing chromosome chrX
.INFO [2024-10-24 17:05:28,536]  [Preprocessor.java:255] [main]  Processing chromosome chrY
Processing chromosome chrY
INFO [2024-10-24 17:05:28,540]  [Preprocessor.java:255] [main]  Processing chromosome chrM
Processing chromosome chrM
INFO [2024-10-24 17:05:28,612]  [Preprocessor.java:255] [main]  Processing chromosome GL000194.1
Processing chromosome GL000194.1
INFO [2024-10-24 17:05:28,618]  [Preprocessor.java:255] [main]  Processing chromosome GL000195.1
Processing chromosome GL000195.1
INFO [2024-10-24 17:05:28,622]  [Preprocessor.java:255] [main]  Processing chromosome GL000205.2
Processing chromosome GL000205.2
INFO [2024-10-24 17:05:28,627]  [Preprocessor.java:255] [main]  Processing chromosome GL000218.1
Processing chromosome GL000218.1
INFO [2024-10-24 17:05:28,633]  [Preprocessor.java:255] [main]  Processing chromosome GL000219.1
Processing chromosome GL000219.1
INFO [2024-10-24 17:05:28,638]  [Preprocessor.java:255] [main]  Processing chromosome GL000220.1
Processing chromosome GL000220.1
INFO [2024-10-24 17:05:28,640]  [Preprocessor.java:255] [main]  Processing chromosome KI270707.1
Processing chromosome KI270707.1
INFO [2024-10-24 17:05:28,641]  [Preprocessor.java:255] [main]  Processing chromosome KI270711.1
Processing chromosome KI270711.1
INFO [2024-10-24 17:05:28,646]  [Preprocessor.java:255] [main]  Processing chromosome KI270712.1
Processing chromosome KI270712.1
INFO [2024-10-24 17:05:28,647]  [Preprocessor.java:255] [main]  Processing chromosome KI270714.1
Processing chromosome KI270714.1
INFO [2024-10-24 17:05:28,654]  [Preprocessor.java:255] [main]  Processing chromosome KI270733.1
Processing chromosome KI270733.1
INFO [2024-10-24 17:05:28,656]  [Preprocessor.java:255] [main]  Processing chromosome KI270741.1
Processing chromosome KI270741.1
INFO [2024-10-24 17:05:28,658]  [Preprocessor.java:255] [main]  Processing chromosome KI270744.1
Processing chromosome KI270744.1
INFO [2024-10-24 17:05:28,673]  [TDFWriter.java:318] [main]  Group idx: 1
Group idx: 1
100.0% 
Done
INFO [2024-10-24 17:05:21,288]  [IgvTools.java:667] [main]  toTDF.  File = ./results/tracks/Ctrl_24h_IAA_4SU_3.TC.2.pos.bedGraph
toTDF.  File = ./results/tracks/Ctrl_24h_IAA_4SU_3.TC.2.pos.bedGraph
INFO [2024-10-24 17:05:21,291]  [IgvTools.java:668] [main]  Max zoom = 7
Max zoom = 7
INFO [2024-10-24 17:05:21,292]  [IgvTools.java:676] [main]  Window functions: mean max 
Window functions: mean max 
INFO [2024-10-24 17:05:21,297]  [GenomeManager.java:145] [main]  Loading genome: /srv/2023_UPF1_4SU_EZbakR/./results/tracks/GRCh38.chrom.sizes
Loading genome: /srv/2023_UPF1_4SU_EZbakR/./results/tracks/GRCh38.chrom.sizes
INFO [2024-10-24 17:05:21,471]  [DirectoryManager.java:169] [main]  IGV Directory: /home/volker/igv
IGV Directory: /home/volker/igv
INFO [2024-10-24 17:05:21,485]  [GenomeManager.java:192] [main]  Genome loaded.  id= /srv/2023_UPF1_4SU_EZbakR/
Genome loaded.  id= /srv/2023_UPF1_4SU_EZbakR/
INFO [2024-10-24 17:05:21,500]  [Preprocessor.java:125] [main]  track type=bedGraph name=" Ctrl_24h_IAA_4SU_3 TC 2 plus " description=" Ctrl_24h_IAA_4SU_3 TC 2 positive strand" visibility=full autoScale=off windowingFunction=mean viewLimits=0:10 color=250,0,0  altColor=10,10,10 priority=20
track type=bedGraph name=" Ctrl_24h_IAA_4SU_3 TC 2 plus " description=" Ctrl_24h_IAA_4SU_3 TC 2 positive strand" visibility=full autoScale=off windowingFunction=mean viewLimits=0:10 color=250,0,0  altColor=10,10,10 priority=20
INFO [2024-10-24 17:05:21,513]  [Preprocessor.java:255] [main]  Processing chromosome chr1
Processing chromosome chr1
.....INFO [2024-10-24 17:05:23,396]  [Preprocessor.java:255] [main]  Processing chromosome chr2
Processing chromosome chr2
...INFO [2024-10-24 17:05:24,011]  [Preprocessor.java:255] [main]  Processing chromosome chr3
Processing chromosome chr3
.10.0% 
.INFO [2024-10-24 17:05:24,255]  [Preprocessor.java:255] [main]  Processing chromosome chr4
Processing chromosome chr4
..INFO [2024-10-24 17:05:24,626]  [Preprocessor.java:255] [main]  Processing chromosome chr5
Processing chromosome chr5
..INFO [2024-10-24 17:05:24,807]  [Preprocessor.java:255] [main]  Processing chromosome chr6
Processing chromosome chr6
...INFO [2024-10-24 17:05:25,217]  [Preprocessor.java:255] [main]  Processing chromosome chr7
Processing chromosome chr7
.20.0% 
INFO [2024-10-24 17:05:25,562]  [Preprocessor.java:255] [main]  Processing chromosome chr8
Processing chromosome chr8
...INFO [2024-10-24 17:05:25,712]  [Preprocessor.java:255] [main]  Processing chromosome chr9
Processing chromosome chr9
..INFO [2024-10-24 17:05:25,964]  [Preprocessor.java:255] [main]  Processing chromosome chr10
Processing chromosome chr10
..INFO [2024-10-24 17:05:26,112]  [Preprocessor.java:255] [main]  Processing chromosome chr11
Processing chromosome chr11
..30.0% 
INFO [2024-10-24 17:05:26,482]  [Preprocessor.java:255] [main]  Processing chromosome chr12
Processing chromosome chr12
...INFO [2024-10-24 17:05:26,738]  [Preprocessor.java:255] [main]  Processing chromosome chr13
Processing chromosome chr13
.INFO [2024-10-24 17:05:26,801]  [Preprocessor.java:255] [main]  Processing chromosome chr14
Processing chromosome chr14
..INFO [2024-10-24 17:05:27,023]  [Preprocessor.java:255] [main]  Processing chromosome chr15
Processing chromosome chr15
.INFO [2024-10-24 17:05:27,134]  [Preprocessor.java:255] [main]  Processing chromosome chr16
Processing chromosome chr16
..40.0% 
INFO [2024-10-24 17:05:27,408]  [Preprocessor.java:255] [main]  Processing chromosome chr17
Processing chromosome chr17
.....INFO [2024-10-24 17:05:27,795]  [Preprocessor.java:255] [main]  Processing chromosome chr18
Processing chromosome chr18
INFO [2024-10-24 17:05:27,843]  [Preprocessor.java:255] [main]  Processing chromosome chr19
Processing chromosome chr19
....INFO [2024-10-24 17:05:28,207]  [Preprocessor.java:255] [main]  Processing chromosome chr20
Processing chromosome chr20
50.0% 
.INFO [2024-10-24 17:05:28,315]  [Preprocessor.java:255] [main]  Processing chromosome chr21
Processing chromosome chr21
INFO [2024-10-24 17:05:28,356]  [Preprocessor.java:255] [main]  Processing chromosome chr22
Processing chromosome chr22
..INFO [2024-10-24 17:05:28,555]  [Preprocessor.java:255] [main]  Processing chromosome chrX
Processing chromosome chrX
.INFO [2024-10-24 17:05:28,638]  [Preprocessor.java:255] [main]  Processing chromosome chrY
Processing chromosome chrY
INFO [2024-10-24 17:05:28,641]  [Preprocessor.java:255] [main]  Processing chromosome chrM
Processing chromosome chrM
INFO [2024-10-24 17:05:28,730]  [Preprocessor.java:255] [main]  Processing chromosome GL000009.2
Processing chromosome GL000009.2
INFO [2024-10-24 17:05:28,734]  [Preprocessor.java:255] [main]  Processing chromosome GL000194.1
Processing chromosome GL000194.1
INFO [2024-10-24 17:05:28,738]  [Preprocessor.java:255] [main]  Processing chromosome GL000195.1
Processing chromosome GL000195.1
INFO [2024-10-24 17:05:28,744]  [Preprocessor.java:255] [main]  Processing chromosome GL000205.2
Processing chromosome GL000205.2
INFO [2024-10-24 17:05:28,750]  [Preprocessor.java:255] [main]  Processing chromosome GL000218.1
Processing chromosome GL000218.1
INFO [2024-10-24 17:05:28,759]  [Preprocessor.java:255] [main]  Processing chromosome GL000219.1
Processing chromosome GL000219.1
INFO [2024-10-24 17:05:28,766]  [Preprocessor.java:255] [main]  Processing chromosome GL000220.1
Processing chromosome GL000220.1
INFO [2024-10-24 17:05:28,769]  [Preprocessor.java:255] [main]  Processing chromosome KI270707.1
Processing chromosome KI270707.1
INFO [2024-10-24 17:05:28,770]  [Preprocessor.java:255] [main]  Processing chromosome KI270711.1
Processing chromosome KI270711.1
INFO [2024-10-24 17:05:28,776]  [Preprocessor.java:255] [main]  Processing chromosome KI270712.1
Processing chromosome KI270712.1
INFO [2024-10-24 17:05:28,777]  [Preprocessor.java:255] [main]  Processing chromosome KI270713.1
Processing chromosome KI270713.1
INFO [2024-10-24 17:05:28,778]  [Preprocessor.java:255] [main]  Processing chromosome KI270714.1
Processing chromosome KI270714.1
INFO [2024-10-24 17:05:28,787]  [Preprocessor.java:255] [main]  Processing chromosome KI270733.1
Processing chromosome KI270733.1
INFO [2024-10-24 17:05:28,791]  [Preprocessor.java:255] [main]  Processing chromosome KI270734.1
Processing chromosome KI270734.1
INFO [2024-10-24 17:05:28,792]  [Preprocessor.java:255] [main]  Processing chromosome KI270741.1
Processing chromosome KI270741.1
INFO [2024-10-24 17:05:28,793]  [Preprocessor.java:255] [main]  Processing chromosome KI270742.1
Processing chromosome KI270742.1
INFO [2024-10-24 17:05:28,794]  [Preprocessor.java:255] [main]  Processing chromosome KI270744.1
Processing chromosome KI270744.1
INFO [2024-10-24 17:05:28,873]  [TDFWriter.java:318] [main]  Group idx: 1
Group idx: 1
100.0% 
Done
INFO [2024-10-24 17:05:21,323]  [IgvTools.java:667] [main]  toTDF.  File = ./results/tracks/Ctrl_24h_IAA_4SU_3.TC.2.min.bedGraph
toTDF.  File = ./results/tracks/Ctrl_24h_IAA_4SU_3.TC.2.min.bedGraph
INFO [2024-10-24 17:05:21,326]  [IgvTools.java:668] [main]  Max zoom = 7
Max zoom = 7
INFO [2024-10-24 17:05:21,327]  [IgvTools.java:676] [main]  Window functions: mean max 
Window functions: mean max 
INFO [2024-10-24 17:05:21,333]  [GenomeManager.java:145] [main]  Loading genome: /srv/2023_UPF1_4SU_EZbakR/./results/tracks/GRCh38.chrom.sizes
Loading genome: /srv/2023_UPF1_4SU_EZbakR/./results/tracks/GRCh38.chrom.sizes
INFO [2024-10-24 17:05:21,547]  [DirectoryManager.java:169] [main]  IGV Directory: /home/volker/igv
IGV Directory: /home/volker/igv
INFO [2024-10-24 17:05:21,561]  [GenomeManager.java:192] [main]  Genome loaded.  id= /srv/2023_UPF1_4SU_EZbakR/
Genome loaded.  id= /srv/2023_UPF1_4SU_EZbakR/
INFO [2024-10-24 17:05:21,577]  [Preprocessor.java:125] [main]  track type=bedGraph name=" Ctrl_24h_IAA_4SU_3 TC 2 minus " description=" Ctrl_24h_IAA_4SU_3 TC 2 minus strand" visibility=full negateValues=on autoScale=off windowingFunction=mean viewLimits=-10:0 color=10,10,10 altColor=250,0,0  priority=20
track type=bedGraph name=" Ctrl_24h_IAA_4SU_3 TC 2 minus " description=" Ctrl_24h_IAA_4SU_3 TC 2 minus strand" visibility=full negateValues=on autoScale=off windowingFunction=mean viewLimits=-10:0 color=10,10,10 altColor=250,0,0  priority=20
INFO [2024-10-24 17:05:21,595]  [Preprocessor.java:255] [main]  Processing chromosome chr1
Processing chromosome chr1
.....INFO [2024-10-24 17:05:23,568]  [Preprocessor.java:255] [main]  Processing chromosome chr2
Processing chromosome chr2
...INFO [2024-10-24 17:05:24,314]  [Preprocessor.java:255] [main]  Processing chromosome chr3
Processing chromosome chr3
.10.0% 
.INFO [2024-10-24 17:05:24,588]  [Preprocessor.java:255] [main]  Processing chromosome chr4
Processing chromosome chr4
..INFO [2024-10-24 17:05:25,066]  [Preprocessor.java:255] [main]  Processing chromosome chr5
Processing chromosome chr5
..INFO [2024-10-24 17:05:25,388]  [Preprocessor.java:255] [main]  Processing chromosome chr6
Processing chromosome chr6
...INFO [2024-10-24 17:05:25,988]  [Preprocessor.java:255] [main]  Processing chromosome chr7
Processing chromosome chr7
.20.0% 
.INFO [2024-10-24 17:05:26,318]  [Preprocessor.java:255] [main]  Processing chromosome chr8
Processing chromosome chr8
..INFO [2024-10-24 17:05:26,450]  [Preprocessor.java:255] [main]  Processing chromosome chr9
Processing chromosome chr9
..INFO [2024-10-24 17:05:26,732]  [Preprocessor.java:255] [main]  Processing chromosome chr10
Processing chromosome chr10
..INFO [2024-10-24 17:05:27,046]  [Preprocessor.java:255] [main]  Processing chromosome chr11
Processing chromosome chr11
..30.0% 
.INFO [2024-10-24 17:05:27,241]  [Preprocessor.java:255] [main]  Processing chromosome chr12
Processing chromosome chr12
...INFO [2024-10-24 17:05:27,620]  [Preprocessor.java:255] [main]  Processing chromosome chr13
Processing chromosome chr13
.INFO [2024-10-24 17:05:27,676]  [Preprocessor.java:255] [main]  Processing chromosome chr14
Processing chromosome chr14
.INFO [2024-10-24 17:05:27,860]  [Preprocessor.java:255] [main]  Processing chromosome chr15
Processing chromosome chr15
..INFO [2024-10-24 17:05:27,996]  [Preprocessor.java:255] [main]  Processing chromosome chr16
Processing chromosome chr16
.40.0% 
.INFO [2024-10-24 17:05:28,278]  [Preprocessor.java:255] [main]  Processing chromosome chr17
Processing chromosome chr17
....INFO [2024-10-24 17:05:28,683]  [Preprocessor.java:255] [main]  Processing chromosome chr18
Processing chromosome chr18
.INFO [2024-10-24 17:05:28,750]  [Preprocessor.java:255] [main]  Processing chromosome chr19
Processing chromosome chr19
...50.0% 
.INFO [2024-10-24 17:05:29,179]  [Preprocessor.java:255] [main]  Processing chromosome chr20
Processing chromosome chr20
..INFO [2024-10-24 17:05:29,410]  [Preprocessor.java:255] [main]  Processing chromosome chr21
Processing chromosome chr21
INFO [2024-10-24 17:05:29,451]  [Preprocessor.java:255] [main]  Processing chromosome chr22
Processing chromosome chr22
..INFO [2024-10-24 17:05:29,726]  [Preprocessor.java:255] [main]  Processing chromosome chrX
Processing chromosome chrX
.INFO [2024-10-24 17:05:29,815]  [Preprocessor.java:255] [main]  Processing chromosome chrY
Processing chromosome chrY
INFO [2024-10-24 17:05:29,819]  [Preprocessor.java:255] [main]  Processing chromosome chrM
Processing chromosome chrM
.INFO [2024-10-24 17:05:29,925]  [Preprocessor.java:255] [main]  Processing chromosome GL000009.2
Processing chromosome GL000009.2
INFO [2024-10-24 17:05:29,941]  [Preprocessor.java:255] [main]  Processing chromosome GL000195.1
Processing chromosome GL000195.1
INFO [2024-10-24 17:05:29,942]  [Preprocessor.java:255] [main]  Processing chromosome GL000205.2
Processing chromosome GL000205.2
INFO [2024-10-24 17:05:29,943]  [Preprocessor.java:255] [main]  Processing chromosome GL000220.1
Processing chromosome GL000220.1
INFO [2024-10-24 17:05:29,946]  [Preprocessor.java:255] [main]  Processing chromosome KI270438.1
Processing chromosome KI270438.1
INFO [2024-10-24 17:05:29,947]  [Preprocessor.java:255] [main]  Processing chromosome KI270713.1
Processing chromosome KI270713.1
INFO [2024-10-24 17:05:29,952]  [Preprocessor.java:255] [main]  Processing chromosome KI270714.1
Processing chromosome KI270714.1
INFO [2024-10-24 17:05:29,953]  [Preprocessor.java:255] [main]  Processing chromosome KI270719.1
Processing chromosome KI270719.1
INFO [2024-10-24 17:05:29,954]  [Preprocessor.java:255] [main]  Processing chromosome KI270721.1
Processing chromosome KI270721.1
INFO [2024-10-24 17:05:29,956]  [Preprocessor.java:255] [main]  Processing chromosome KI270728.1
Processing chromosome KI270728.1
INFO [2024-10-24 17:05:29,957]  [Preprocessor.java:255] [main]  Processing chromosome KI270733.1
Processing chromosome KI270733.1
INFO [2024-10-24 17:05:29,965]  [Preprocessor.java:255] [main]  Processing chromosome KI270734.1
Processing chromosome KI270734.1
INFO [2024-10-24 17:05:29,967]  [Preprocessor.java:255] [main]  Processing chromosome KI270743.1
Processing chromosome KI270743.1
INFO [2024-10-24 17:05:29,968]  [Preprocessor.java:255] [main]  Processing chromosome KI270748.1
Processing chromosome KI270748.1
INFO [2024-10-24 17:05:29,968]  [Preprocessor.java:255] [main]  Processing chromosome KI270752.1
Processing chromosome KI270752.1
INFO [2024-10-24 17:05:29,992]  [TDFWriter.java:318] [main]  Group idx: 1
Group idx: 1
100.0% 
Done
INFO [2024-10-24 17:05:21,287]  [IgvTools.java:667] [main]  toTDF.  File = ./results/tracks/Ctrl_24h_IAA_4SU_3.TC.1.pos.bedGraph
toTDF.  File = ./results/tracks/Ctrl_24h_IAA_4SU_3.TC.1.pos.bedGraph
INFO [2024-10-24 17:05:21,290]  [IgvTools.java:668] [main]  Max zoom = 7
Max zoom = 7
INFO [2024-10-24 17:05:21,291]  [IgvTools.java:676] [main]  Window functions: mean max 
Window functions: mean max 
INFO [2024-10-24 17:05:21,297]  [GenomeManager.java:145] [main]  Loading genome: /srv/2023_UPF1_4SU_EZbakR/./results/tracks/GRCh38.chrom.sizes
Loading genome: /srv/2023_UPF1_4SU_EZbakR/./results/tracks/GRCh38.chrom.sizes
INFO [2024-10-24 17:05:21,499]  [DirectoryManager.java:169] [main]  IGV Directory: /home/volker/igv
IGV Directory: /home/volker/igv
INFO [2024-10-24 17:05:21,513]  [GenomeManager.java:192] [main]  Genome loaded.  id= /srv/2023_UPF1_4SU_EZbakR/
Genome loaded.  id= /srv/2023_UPF1_4SU_EZbakR/
INFO [2024-10-24 17:05:21,536]  [Preprocessor.java:125] [main]  track type=bedGraph name=" Ctrl_24h_IAA_4SU_3 TC 1 plus " description=" Ctrl_24h_IAA_4SU_3 TC 1 positive strand" visibility=full autoScale=off windowingFunction=mean viewLimits=0:10 color=250,150,150  altColor=10,10,10 priority=20
track type=bedGraph name=" Ctrl_24h_IAA_4SU_3 TC 1 plus " description=" Ctrl_24h_IAA_4SU_3 TC 1 positive strand" visibility=full autoScale=off windowingFunction=mean viewLimits=0:10 color=250,150,150  altColor=10,10,10 priority=20
INFO [2024-10-24 17:05:21,550]  [Preprocessor.java:255] [main]  Processing chromosome chr1
Processing chromosome chr1
.....INFO [2024-10-24 17:05:23,621]  [Preprocessor.java:255] [main]  Processing chromosome chr2
Processing chromosome chr2
...INFO [2024-10-24 17:05:24,213]  [Preprocessor.java:255] [main]  Processing chromosome chr3
Processing chromosome chr3
.10.0% 
.INFO [2024-10-24 17:05:24,746]  [Preprocessor.java:255] [main]  Processing chromosome chr4
Processing chromosome chr4
..INFO [2024-10-24 17:05:25,035]  [Preprocessor.java:255] [main]  Processing chromosome chr5
Processing chromosome chr5
..INFO [2024-10-24 17:05:25,311]  [Preprocessor.java:255] [main]  Processing chromosome chr6
Processing chromosome chr6
..INFO [2024-10-24 17:05:25,596]  [Preprocessor.java:255] [main]  Processing chromosome chr7
Processing chromosome chr7
..INFO [2024-10-24 17:05:25,896]  [Preprocessor.java:255] [main]  Processing chromosome chr8
Processing chromosome chr8
20.0% 
..INFO [2024-10-24 17:05:26,245]  [Preprocessor.java:255] [main]  Processing chromosome chr9
Processing chromosome chr9
..INFO [2024-10-24 17:05:26,434]  [Preprocessor.java:255] [main]  Processing chromosome chr10
Processing chromosome chr10
..INFO [2024-10-24 17:05:26,721]  [Preprocessor.java:255] [main]  Processing chromosome chr11
Processing chromosome chr11
...INFO [2024-10-24 17:05:27,095]  [Preprocessor.java:255] [main]  Processing chromosome chr12
Processing chromosome chr12
30.0% 
..INFO [2024-10-24 17:05:27,385]  [Preprocessor.java:255] [main]  Processing chromosome chr13
Processing chromosome chr13
.INFO [2024-10-24 17:05:27,460]  [Preprocessor.java:255] [main]  Processing chromosome chr14
Processing chromosome chr14
.INFO [2024-10-24 17:05:27,665]  [Preprocessor.java:255] [main]  Processing chromosome chr15
Processing chromosome chr15
..INFO [2024-10-24 17:05:27,790]  [Preprocessor.java:255] [main]  Processing chromosome chr16
Processing chromosome chr16
..INFO [2024-10-24 17:05:28,105]  [Preprocessor.java:255] [main]  Processing chromosome chr17
Processing chromosome chr17
.40.0% 
...INFO [2024-10-24 17:05:28,703]  [Preprocessor.java:255] [main]  Processing chromosome chr18
Processing chromosome chr18
INFO [2024-10-24 17:05:28,768]  [Preprocessor.java:255] [main]  Processing chromosome chr19
Processing chromosome chr19
....INFO [2024-10-24 17:05:29,165]  [Preprocessor.java:255] [main]  Processing chromosome chr20
Processing chromosome chr20
..INFO [2024-10-24 17:05:29,439]  [Preprocessor.java:255] [main]  Processing chromosome chr21
Processing chromosome chr21
INFO [2024-10-24 17:05:29,485]  [Preprocessor.java:255] [main]  Processing chromosome chr22
Processing chromosome chr22
50.0% 
.INFO [2024-10-24 17:05:29,620]  [Preprocessor.java:255] [main]  Processing chromosome chrX
Processing chromosome chrX
.INFO [2024-10-24 17:05:29,854]  [Preprocessor.java:255] [main]  Processing chromosome chrY
Processing chromosome chrY
INFO [2024-10-24 17:05:29,857]  [Preprocessor.java:255] [main]  Processing chromosome chrM
Processing chromosome chrM
INFO [2024-10-24 17:05:29,937]  [Preprocessor.java:255] [main]  Processing chromosome GL000008.2
Processing chromosome GL000008.2
INFO [2024-10-24 17:05:29,942]  [Preprocessor.java:255] [main]  Processing chromosome GL000009.2
Processing chromosome GL000009.2
INFO [2024-10-24 17:05:29,942]  [Preprocessor.java:255] [main]  Processing chromosome GL000194.1
Processing chromosome GL000194.1
INFO [2024-10-24 17:05:29,946]  [Preprocessor.java:255] [main]  Processing chromosome GL000195.1
Processing chromosome GL000195.1
INFO [2024-10-24 17:05:29,952]  [Preprocessor.java:255] [main]  Processing chromosome GL000205.2
Processing chromosome GL000205.2
INFO [2024-10-24 17:05:29,958]  [Preprocessor.java:255] [main]  Processing chromosome GL000218.1
Processing chromosome GL000218.1
INFO [2024-10-24 17:05:29,967]  [Preprocessor.java:255] [main]  Processing chromosome GL000219.1
Processing chromosome GL000219.1
INFO [2024-10-24 17:05:29,973]  [Preprocessor.java:255] [main]  Processing chromosome GL000220.1
Processing chromosome GL000220.1
INFO [2024-10-24 17:05:29,976]  [Preprocessor.java:255] [main]  Processing chromosome KI270707.1
Processing chromosome KI270707.1
INFO [2024-10-24 17:05:29,977]  [Preprocessor.java:255] [main]  Processing chromosome KI270711.1
Processing chromosome KI270711.1
INFO [2024-10-24 17:05:29,985]  [Preprocessor.java:255] [main]  Processing chromosome KI270712.1
Processing chromosome KI270712.1
INFO [2024-10-24 17:05:29,985]  [Preprocessor.java:255] [main]  Processing chromosome KI270713.1
Processing chromosome KI270713.1
INFO [2024-10-24 17:05:29,987]  [Preprocessor.java:255] [main]  Processing chromosome KI270714.1
Processing chromosome KI270714.1
INFO [2024-10-24 17:05:29,995]  [Preprocessor.java:255] [main]  Processing chromosome KI270728.1
Processing chromosome KI270728.1
INFO [2024-10-24 17:05:29,996]  [Preprocessor.java:255] [main]  Processing chromosome KI270733.1
Processing chromosome KI270733.1
INFO [2024-10-24 17:05:30,000]  [Preprocessor.java:255] [main]  Processing chromosome KI270734.1
Processing chromosome KI270734.1
INFO [2024-10-24 17:05:30,001]  [Preprocessor.java:255] [main]  Processing chromosome KI270741.1
Processing chromosome KI270741.1
INFO [2024-10-24 17:05:30,001]  [Preprocessor.java:255] [main]  Processing chromosome KI270742.1
Processing chromosome KI270742.1
INFO [2024-10-24 17:05:30,002]  [Preprocessor.java:255] [main]  Processing chromosome KI270743.1
Processing chromosome KI270743.1
INFO [2024-10-24 17:05:30,003]  [Preprocessor.java:255] [main]  Processing chromosome KI270744.1
Processing chromosome KI270744.1
INFO [2024-10-24 17:05:30,018]  [TDFWriter.java:318] [main]  Group idx: 1
Group idx: 1
100.0% 
Done
INFO [2024-10-24 17:05:21,346]  [IgvTools.java:667] [main]  toTDF.  File = ./results/tracks/Ctrl_24h_IAA_4SU_3.TC.1.min.bedGraph
toTDF.  File = ./results/tracks/Ctrl_24h_IAA_4SU_3.TC.1.min.bedGraph
INFO [2024-10-24 17:05:21,350]  [IgvTools.java:668] [main]  Max zoom = 7
Max zoom = 7
INFO [2024-10-24 17:05:21,350]  [IgvTools.java:676] [main]  Window functions: mean max 
Window functions: mean max 
INFO [2024-10-24 17:05:21,358]  [GenomeManager.java:145] [main]  Loading genome: /srv/2023_UPF1_4SU_EZbakR/./results/tracks/GRCh38.chrom.sizes
Loading genome: /srv/2023_UPF1_4SU_EZbakR/./results/tracks/GRCh38.chrom.sizes
INFO [2024-10-24 17:05:21,531]  [DirectoryManager.java:169] [main]  IGV Directory: /home/volker/igv
IGV Directory: /home/volker/igv
INFO [2024-10-24 17:05:21,545]  [GenomeManager.java:192] [main]  Genome loaded.  id= /srv/2023_UPF1_4SU_EZbakR/
Genome loaded.  id= /srv/2023_UPF1_4SU_EZbakR/
INFO [2024-10-24 17:05:21,560]  [Preprocessor.java:125] [main]  track type=bedGraph name=" Ctrl_24h_IAA_4SU_3 TC 1 minus " description=" Ctrl_24h_IAA_4SU_3 TC 1 minus strand" visibility=full negateValues=on autoScale=off windowingFunction=mean viewLimits=-10:0 color=10,10,10 altColor=250,150,150  priority=20
track type=bedGraph name=" Ctrl_24h_IAA_4SU_3 TC 1 minus " description=" Ctrl_24h_IAA_4SU_3 TC 1 minus strand" visibility=full negateValues=on autoScale=off windowingFunction=mean viewLimits=-10:0 color=10,10,10 altColor=250,150,150  priority=20
INFO [2024-10-24 17:05:21,576]  [Preprocessor.java:255] [main]  Processing chromosome chr1
Processing chromosome chr1
.....INFO [2024-10-24 17:05:23,657]  [Preprocessor.java:255] [main]  Processing chromosome chr2
Processing chromosome chr2
...INFO [2024-10-24 17:05:24,347]  [Preprocessor.java:255] [main]  Processing chromosome chr3
Processing chromosome chr3
.10.0% 
.INFO [2024-10-24 17:05:24,799]  [Preprocessor.java:255] [main]  Processing chromosome chr4
Processing chromosome chr4
..INFO [2024-10-24 17:05:25,102]  [Preprocessor.java:255] [main]  Processing chromosome chr5
Processing chromosome chr5
..INFO [2024-10-24 17:05:25,318]  [Preprocessor.java:255] [main]  Processing chromosome chr6
Processing chromosome chr6
...INFO [2024-10-24 17:05:25,660]  [Preprocessor.java:255] [main]  Processing chromosome chr7
Processing chromosome chr7
.20.0% 
.INFO [2024-10-24 17:05:25,930]  [Preprocessor.java:255] [main]  Processing chromosome chr8
Processing chromosome chr8
..INFO [2024-10-24 17:05:26,209]  [Preprocessor.java:255] [main]  Processing chromosome chr9
Processing chromosome chr9
..INFO [2024-10-24 17:05:26,566]  [Preprocessor.java:255] [main]  Processing chromosome chr10
Processing chromosome chr10
..INFO [2024-10-24 17:05:26,771]  [Preprocessor.java:255] [main]  Processing chromosome chr11
Processing chromosome chr11
..30.0% 
INFO [2024-10-24 17:05:27,105]  [Preprocessor.java:255] [main]  Processing chromosome chr12
Processing chromosome chr12
....INFO [2024-10-24 17:05:27,503]  [Preprocessor.java:255] [main]  Processing chromosome chr13
Processing chromosome chr13
INFO [2024-10-24 17:05:27,763]  [Preprocessor.java:255] [main]  Processing chromosome chr14
Processing chromosome chr14
..INFO [2024-10-24 17:05:27,891]  [Preprocessor.java:255] [main]  Processing chromosome chr15
Processing chromosome chr15
..INFO [2024-10-24 17:05:28,186]  [Preprocessor.java:255] [main]  Processing chromosome chr16
Processing chromosome chr16
.40.0% 
.INFO [2024-10-24 17:05:28,444]  [Preprocessor.java:255] [main]  Processing chromosome chr17
Processing chromosome chr17
....INFO [2024-10-24 17:05:28,845]  [Preprocessor.java:255] [main]  Processing chromosome chr18
Processing chromosome chr18
.INFO [2024-10-24 17:05:28,921]  [Preprocessor.java:255] [main]  Processing chromosome chr19
Processing chromosome chr19
...50.0% 
.INFO [2024-10-24 17:05:29,389]  [Preprocessor.java:255] [main]  Processing chromosome chr20
Processing chromosome chr20
..INFO [2024-10-24 17:05:29,544]  [Preprocessor.java:255] [main]  Processing chromosome chr21
Processing chromosome chr21
INFO [2024-10-24 17:05:29,590]  [Preprocessor.java:255] [main]  Processing chromosome chr22
Processing chromosome chr22
..INFO [2024-10-24 17:05:29,784]  [Preprocessor.java:255] [main]  Processing chromosome chrX
Processing chromosome chrX
.INFO [2024-10-24 17:05:29,883]  [Preprocessor.java:255] [main]  Processing chromosome chrY
Processing chromosome chrY
INFO [2024-10-24 17:05:29,886]  [Preprocessor.java:255] [main]  Processing chromosome chrM
Processing chromosome chrM
.INFO [2024-10-24 17:05:29,992]  [Preprocessor.java:255] [main]  Processing chromosome GL000009.2
Processing chromosome GL000009.2
INFO [2024-10-24 17:05:30,010]  [Preprocessor.java:255] [main]  Processing chromosome GL000194.1
Processing chromosome GL000194.1
INFO [2024-10-24 17:05:30,010]  [Preprocessor.java:255] [main]  Processing chromosome GL000195.1
Processing chromosome GL000195.1
INFO [2024-10-24 17:05:30,012]  [Preprocessor.java:255] [main]  Processing chromosome GL000205.2
Processing chromosome GL000205.2
INFO [2024-10-24 17:05:30,013]  [Preprocessor.java:255] [main]  Processing chromosome GL000220.1
Processing chromosome GL000220.1
INFO [2024-10-24 17:05:30,016]  [Preprocessor.java:255] [main]  Processing chromosome KI270438.1
Processing chromosome KI270438.1
INFO [2024-10-24 17:05:30,017]  [Preprocessor.java:255] [main]  Processing chromosome KI270712.1
Processing chromosome KI270712.1
INFO [2024-10-24 17:05:30,018]  [Preprocessor.java:255] [main]  Processing chromosome KI270713.1
Processing chromosome KI270713.1
INFO [2024-10-24 17:05:30,024]  [Preprocessor.java:255] [main]  Processing chromosome KI270714.1
Processing chromosome KI270714.1
INFO [2024-10-24 17:05:30,026]  [Preprocessor.java:255] [main]  Processing chromosome KI270719.1
Processing chromosome KI270719.1
INFO [2024-10-24 17:05:30,026]  [Preprocessor.java:255] [main]  Processing chromosome KI270721.1
Processing chromosome KI270721.1
INFO [2024-10-24 17:05:30,028]  [Preprocessor.java:255] [main]  Processing chromosome KI270728.1
Processing chromosome KI270728.1
INFO [2024-10-24 17:05:30,029]  [Preprocessor.java:255] [main]  Processing chromosome KI270733.1
Processing chromosome KI270733.1
INFO [2024-10-24 17:05:30,038]  [Preprocessor.java:255] [main]  Processing chromosome KI270734.1
Processing chromosome KI270734.1
INFO [2024-10-24 17:05:30,040]  [Preprocessor.java:255] [main]  Processing chromosome KI270743.1
Processing chromosome KI270743.1
INFO [2024-10-24 17:05:30,041]  [Preprocessor.java:255] [main]  Processing chromosome KI270748.1
Processing chromosome KI270748.1
INFO [2024-10-24 17:05:30,041]  [Preprocessor.java:255] [main]  Processing chromosome KI270752.1
Processing chromosome KI270752.1
INFO [2024-10-24 17:05:30,103]  [TDFWriter.java:318] [main]  Group idx: 1
Group idx: 1
100.0% 
Done
INFO [2024-10-24 17:05:21,315]  [IgvTools.java:667] [main]  toTDF.  File = ./results/tracks/Ctrl_24h_IAA_4SU_3.TC.0.pos.bedGraph
toTDF.  File = ./results/tracks/Ctrl_24h_IAA_4SU_3.TC.0.pos.bedGraph
INFO [2024-10-24 17:05:21,318]  [IgvTools.java:668] [main]  Max zoom = 7
Max zoom = 7
INFO [2024-10-24 17:05:21,319]  [IgvTools.java:676] [main]  Window functions: mean max 
Window functions: mean max 
INFO [2024-10-24 17:05:21,325]  [GenomeManager.java:145] [main]  Loading genome: /srv/2023_UPF1_4SU_EZbakR/./results/tracks/GRCh38.chrom.sizes
Loading genome: /srv/2023_UPF1_4SU_EZbakR/./results/tracks/GRCh38.chrom.sizes
INFO [2024-10-24 17:05:21,571]  [DirectoryManager.java:169] [main]  IGV Directory: /home/volker/igv
IGV Directory: /home/volker/igv
INFO [2024-10-24 17:05:21,586]  [GenomeManager.java:192] [main]  Genome loaded.  id= /srv/2023_UPF1_4SU_EZbakR/
Genome loaded.  id= /srv/2023_UPF1_4SU_EZbakR/
INFO [2024-10-24 17:05:21,608]  [Preprocessor.java:125] [main]  track type=bedGraph name=" Ctrl_24h_IAA_4SU_3 TC 0 plus " description=" Ctrl_24h_IAA_4SU_3 TC 0 positive strand" visibility=full autoScale=off windowingFunction=mean viewLimits=0:10 color=200,200,200  altColor=10,10,10 priority=20
track type=bedGraph name=" Ctrl_24h_IAA_4SU_3 TC 0 plus " description=" Ctrl_24h_IAA_4SU_3 TC 0 positive strand" visibility=full autoScale=off windowingFunction=mean viewLimits=0:10 color=200,200,200  altColor=10,10,10 priority=20
INFO [2024-10-24 17:05:21,630]  [Preprocessor.java:255] [main]  Processing chromosome chr1
Processing chromosome chr1
.....INFO [2024-10-24 17:05:24,977]  [Preprocessor.java:255] [main]  Processing chromosome chr2
Processing chromosome chr2
...INFO [2024-10-24 17:05:26,275]  [Preprocessor.java:255] [main]  Processing chromosome chr3
Processing chromosome chr3
.10.0% 
.INFO [2024-10-24 17:05:27,139]  [Preprocessor.java:255] [main]  Processing chromosome chr4
Processing chromosome chr4
..INFO [2024-10-24 17:05:27,683]  [Preprocessor.java:255] [main]  Processing chromosome chr5
Processing chromosome chr5
..INFO [2024-10-24 17:05:28,279]  [Preprocessor.java:255] [main]  Processing chromosome chr6
Processing chromosome chr6
...INFO [2024-10-24 17:05:29,101]  [Preprocessor.java:255] [main]  Processing chromosome chr7
Processing chromosome chr7
.20.0% 
INFO [2024-10-24 17:05:29,766]  [Preprocessor.java:255] [main]  Processing chromosome chr8
Processing chromosome chr8
..INFO [2024-10-24 17:05:30,425]  [Preprocessor.java:255] [main]  Processing chromosome chr9
Processing chromosome chr9
..INFO [2024-10-24 17:05:31,028]  [Preprocessor.java:255] [main]  Processing chromosome chr10
Processing chromosome chr10
..INFO [2024-10-24 17:05:31,612]  [Preprocessor.java:255] [main]  Processing chromosome chr11
Processing chromosome chr11
...INFO [2024-10-24 17:05:32,418]  [Preprocessor.java:255] [main]  Processing chromosome chr12
Processing chromosome chr12
30.0% 
..INFO [2024-10-24 17:05:33,241]  [Preprocessor.java:255] [main]  Processing chromosome chr13
Processing chromosome chr13
.INFO [2024-10-24 17:05:33,512]  [Preprocessor.java:255] [main]  Processing chromosome chr14
Processing chromosome chr14
..INFO [2024-10-24 17:05:33,979]  [Preprocessor.java:255] [main]  Processing chromosome chr15
Processing chromosome chr15
.INFO [2024-10-24 17:05:34,374]  [Preprocessor.java:255] [main]  Processing chromosome chr16
Processing chromosome chr16
...INFO [2024-10-24 17:05:35,029]  [Preprocessor.java:255] [main]  Processing chromosome chr17
Processing chromosome chr17
40.0% 
...INFO [2024-10-24 17:05:36,131]  [Preprocessor.java:255] [main]  Processing chromosome chr18
Processing chromosome chr18
.INFO [2024-10-24 17:05:36,323]  [Preprocessor.java:255] [main]  Processing chromosome chr19
Processing chromosome chr19
...INFO [2024-10-24 17:05:37,214]  [Preprocessor.java:255] [main]  Processing chromosome chr20
Processing chromosome chr20
..INFO [2024-10-24 17:05:37,608]  [Preprocessor.java:255] [main]  Processing chromosome chr21
Processing chromosome chr21
INFO [2024-10-24 17:05:37,737]  [Preprocessor.java:255] [main]  Processing chromosome chr22
Processing chromosome chr22
50.0% 
INFO [2024-10-24 17:05:38,144]  [Preprocessor.java:255] [main]  Processing chromosome chrX
Processing chromosome chrX
..INFO [2024-10-24 17:05:38,545]  [Preprocessor.java:255] [main]  Processing chromosome chrY
Processing chromosome chrY
INFO [2024-10-24 17:05:38,549]  [Preprocessor.java:255] [main]  Processing chromosome chrM
Processing chromosome chrM
INFO [2024-10-24 17:05:38,641]  [Preprocessor.java:255] [main]  Processing chromosome GL000008.2
Processing chromosome GL000008.2
INFO [2024-10-24 17:05:38,653]  [Preprocessor.java:255] [main]  Processing chromosome GL000009.2
Processing chromosome GL000009.2
INFO [2024-10-24 17:05:38,654]  [Preprocessor.java:255] [main]  Processing chromosome GL000194.1
Processing chromosome GL000194.1
INFO [2024-10-24 17:05:38,660]  [Preprocessor.java:255] [main]  Processing chromosome GL000195.1
Processing chromosome GL000195.1
INFO [2024-10-24 17:05:38,672]  [Preprocessor.java:255] [main]  Processing chromosome GL000205.2
Processing chromosome GL000205.2
INFO [2024-10-24 17:05:38,682]  [Preprocessor.java:255] [main]  Processing chromosome GL000218.1
Processing chromosome GL000218.1
INFO [2024-10-24 17:05:38,698]  [Preprocessor.java:255] [main]  Processing chromosome GL000219.1
Processing chromosome GL000219.1
INFO [2024-10-24 17:05:38,708]  [Preprocessor.java:255] [main]  Processing chromosome GL000220.1
Processing chromosome GL000220.1
INFO [2024-10-24 17:05:38,713]  [Preprocessor.java:255] [main]  Processing chromosome GL000221.1
Processing chromosome GL000221.1
INFO [2024-10-24 17:05:38,714]  [Preprocessor.java:255] [main]  Processing chromosome GL000224.1
Processing chromosome GL000224.1
INFO [2024-10-24 17:05:38,715]  [Preprocessor.java:255] [main]  Processing chromosome KI270706.1
Processing chromosome KI270706.1
INFO [2024-10-24 17:05:38,716]  [Preprocessor.java:255] [main]  Processing chromosome KI270707.1
Processing chromosome KI270707.1
INFO [2024-10-24 17:05:38,716]  [Preprocessor.java:255] [main]  Processing chromosome KI270711.1
Processing chromosome KI270711.1
INFO [2024-10-24 17:05:38,730]  [Preprocessor.java:255] [main]  Processing chromosome KI270712.1
Processing chromosome KI270712.1
INFO [2024-10-24 17:05:38,732]  [Preprocessor.java:255] [main]  Processing chromosome KI270713.1
Processing chromosome KI270713.1
INFO [2024-10-24 17:05:38,734]  [Preprocessor.java:255] [main]  Processing chromosome KI270714.1
Processing chromosome KI270714.1
INFO [2024-10-24 17:05:38,750]  [Preprocessor.java:255] [main]  Processing chromosome KI270720.1
Processing chromosome KI270720.1
INFO [2024-10-24 17:05:38,752]  [Preprocessor.java:255] [main]  Processing chromosome KI270728.1
Processing chromosome KI270728.1
INFO [2024-10-24 17:05:38,753]  [Preprocessor.java:255] [main]  Processing chromosome KI270733.1
Processing chromosome KI270733.1
INFO [2024-10-24 17:05:38,759]  [Preprocessor.java:255] [main]  Processing chromosome KI270734.1
Processing chromosome KI270734.1
INFO [2024-10-24 17:05:38,761]  [Preprocessor.java:255] [main]  Processing chromosome KI270741.1
Processing chromosome KI270741.1
INFO [2024-10-24 17:05:38,761]  [Preprocessor.java:255] [main]  Processing chromosome KI270742.1
Processing chromosome KI270742.1
INFO [2024-10-24 17:05:38,763]  [Preprocessor.java:255] [main]  Processing chromosome KI270743.1
Processing chromosome KI270743.1
INFO [2024-10-24 17:05:38,763]  [Preprocessor.java:255] [main]  Processing chromosome KI270744.1
Processing chromosome KI270744.1
INFO [2024-10-24 17:05:38,783]  [TDFWriter.java:318] [main]  Group idx: 1
Group idx: 1
100.0% 
Done
INFO [2024-10-24 17:05:21,332]  [IgvTools.java:667] [main]  toTDF.  File = ./results/tracks/Ctrl_24h_IAA_4SU_3.TC.0.min.bedGraph
toTDF.  File = ./results/tracks/Ctrl_24h_IAA_4SU_3.TC.0.min.bedGraph
INFO [2024-10-24 17:05:21,334]  [IgvTools.java:668] [main]  Max zoom = 7
Max zoom = 7
INFO [2024-10-24 17:05:21,335]  [IgvTools.java:676] [main]  Window functions: mean max 
Window functions: mean max 
INFO [2024-10-24 17:05:21,341]  [GenomeManager.java:145] [main]  Loading genome: /srv/2023_UPF1_4SU_EZbakR/./results/tracks/GRCh38.chrom.sizes
Loading genome: /srv/2023_UPF1_4SU_EZbakR/./results/tracks/GRCh38.chrom.sizes
INFO [2024-10-24 17:05:21,538]  [DirectoryManager.java:169] [main]  IGV Directory: /home/volker/igv
IGV Directory: /home/volker/igv
INFO [2024-10-24 17:05:21,552]  [GenomeManager.java:192] [main]  Genome loaded.  id= /srv/2023_UPF1_4SU_EZbakR/
Genome loaded.  id= /srv/2023_UPF1_4SU_EZbakR/
INFO [2024-10-24 17:05:21,567]  [Preprocessor.java:125] [main]  track type=bedGraph name=" Ctrl_24h_IAA_4SU_3 TC 0 minus " description=" Ctrl_24h_IAA_4SU_3 TC 0 minus strand" visibility=full negateValues=on autoScale=off windowingFunction=mean viewLimits=-10:0 color=10,10,10 altColor=200,200,200  priority=20
track type=bedGraph name=" Ctrl_24h_IAA_4SU_3 TC 0 minus " description=" Ctrl_24h_IAA_4SU_3 TC 0 minus strand" visibility=full negateValues=on autoScale=off windowingFunction=mean viewLimits=-10:0 color=10,10,10 altColor=200,200,200  priority=20
INFO [2024-10-24 17:05:21,585]  [Preprocessor.java:255] [main]  Processing chromosome chr1
Processing chromosome chr1
.....INFO [2024-10-24 17:05:25,467]  [Preprocessor.java:255] [main]  Processing chromosome chr2
Processing chromosome chr2
....INFO [2024-10-24 17:05:26,608]  [Preprocessor.java:255] [main]  Processing chromosome chr3
Processing chromosome chr3
10.0% 
..INFO [2024-10-24 17:05:27,421]  [Preprocessor.java:255] [main]  Processing chromosome chr4
Processing chromosome chr4
..INFO [2024-10-24 17:05:27,961]  [Preprocessor.java:255] [main]  Processing chromosome chr5
Processing chromosome chr5
..INFO [2024-10-24 17:05:28,682]  [Preprocessor.java:255] [main]  Processing chromosome chr6
Processing chromosome chr6
...INFO [2024-10-24 17:05:29,473]  [Preprocessor.java:255] [main]  Processing chromosome chr7
Processing chromosome chr7
20.0% 
..INFO [2024-10-24 17:05:30,176]  [Preprocessor.java:255] [main]  Processing chromosome chr8
Processing chromosome chr8
..INFO [2024-10-24 17:05:30,707]  [Preprocessor.java:255] [main]  Processing chromosome chr9
Processing chromosome chr9
..INFO [2024-10-24 17:05:31,267]  [Preprocessor.java:255] [main]  Processing chromosome chr10
Processing chromosome chr10
..INFO [2024-10-24 17:05:31,875]  [Preprocessor.java:255] [main]  Processing chromosome chr11
Processing chromosome chr11
.30.0% 
..INFO [2024-10-24 17:05:32,730]  [Preprocessor.java:255] [main]  Processing chromosome chr12
Processing chromosome chr12
...INFO [2024-10-24 17:05:33,548]  [Preprocessor.java:255] [main]  Processing chromosome chr13
Processing chromosome chr13
.INFO [2024-10-24 17:05:33,785]  [Preprocessor.java:255] [main]  Processing chromosome chr14
Processing chromosome chr14
.INFO [2024-10-24 17:05:34,226]  [Preprocessor.java:255] [main]  Processing chromosome chr15
Processing chromosome chr15
..INFO [2024-10-24 17:05:34,685]  [Preprocessor.java:255] [main]  Processing chromosome chr16
Processing chromosome chr16
40.0% 
..INFO [2024-10-24 17:05:35,509]  [Preprocessor.java:255] [main]  Processing chromosome chr17
Processing chromosome chr17
....INFO [2024-10-24 17:05:36,486]  [Preprocessor.java:255] [main]  Processing chromosome chr18
Processing chromosome chr18
.INFO [2024-10-24 17:05:36,678]  [Preprocessor.java:255] [main]  Processing chromosome chr19
Processing chromosome chr19
..50.0% 
.INFO [2024-10-24 17:05:37,720]  [Preprocessor.java:255] [main]  Processing chromosome chr20
Processing chromosome chr20
..INFO [2024-10-24 17:05:38,173]  [Preprocessor.java:255] [main]  Processing chromosome chr21
Processing chromosome chr21
INFO [2024-10-24 17:05:38,327]  [Preprocessor.java:255] [main]  Processing chromosome chr22
Processing chromosome chr22
..INFO [2024-10-24 17:05:38,728]  [Preprocessor.java:255] [main]  Processing chromosome chrX
Processing chromosome chrX
.INFO [2024-10-24 17:05:39,122]  [Preprocessor.java:255] [main]  Processing chromosome chrY
Processing chromosome chrY
INFO [2024-10-24 17:05:39,125]  [Preprocessor.java:255] [main]  Processing chromosome chrM
Processing chromosome chrM
INFO [2024-10-24 17:05:39,226]  [Preprocessor.java:255] [main]  Processing chromosome GL000009.2
Processing chromosome GL000009.2
INFO [2024-10-24 17:05:39,243]  [Preprocessor.java:255] [main]  Processing chromosome GL000194.1
Processing chromosome GL000194.1
INFO [2024-10-24 17:05:39,244]  [Preprocessor.java:255] [main]  Processing chromosome GL000195.1
Processing chromosome GL000195.1
INFO [2024-10-24 17:05:39,248]  [Preprocessor.java:255] [main]  Processing chromosome GL000205.2
Processing chromosome GL000205.2
INFO [2024-10-24 17:05:39,249]  [Preprocessor.java:255] [main]  Processing chromosome GL000218.1
Processing chromosome GL000218.1
INFO [2024-10-24 17:05:39,250]  [Preprocessor.java:255] [main]  Processing chromosome GL000219.1
Processing chromosome GL000219.1
INFO [2024-10-24 17:05:39,251]  [Preprocessor.java:255] [main]  Processing chromosome GL000220.1
Processing chromosome GL000220.1
INFO [2024-10-24 17:05:39,256]  [Preprocessor.java:255] [main]  Processing chromosome KI270438.1
Processing chromosome KI270438.1
INFO [2024-10-24 17:05:39,257]  [Preprocessor.java:255] [main]  Processing chromosome KI270711.1
Processing chromosome KI270711.1
INFO [2024-10-24 17:05:39,258]  [Preprocessor.java:255] [main]  Processing chromosome KI270712.1
Processing chromosome KI270712.1
INFO [2024-10-24 17:05:39,258]  [Preprocessor.java:255] [main]  Processing chromosome KI270713.1
Processing chromosome KI270713.1
INFO [2024-10-24 17:05:39,270]  [Preprocessor.java:255] [main]  Processing chromosome KI270714.1
Processing chromosome KI270714.1
INFO [2024-10-24 17:05:39,271]  [Preprocessor.java:255] [main]  Processing chromosome KI270719.1
Processing chromosome KI270719.1
INFO [2024-10-24 17:05:39,272]  [Preprocessor.java:255] [main]  Processing chromosome KI270721.1
Processing chromosome KI270721.1
INFO [2024-10-24 17:05:39,274]  [Preprocessor.java:255] [main]  Processing chromosome KI270725.1
Processing chromosome KI270725.1
INFO [2024-10-24 17:05:39,275]  [Preprocessor.java:255] [main]  Processing chromosome KI270728.1
Processing chromosome KI270728.1
INFO [2024-10-24 17:05:39,276]  [Preprocessor.java:255] [main]  Processing chromosome KI270731.1
Processing chromosome KI270731.1
INFO [2024-10-24 17:05:39,276]  [Preprocessor.java:255] [main]  Processing chromosome KI270733.1
Processing chromosome KI270733.1
INFO [2024-10-24 17:05:39,289]  [Preprocessor.java:255] [main]  Processing chromosome KI270734.1
Processing chromosome KI270734.1
INFO [2024-10-24 17:05:39,291]  [Preprocessor.java:255] [main]  Processing chromosome KI270743.1
Processing chromosome KI270743.1
INFO [2024-10-24 17:05:39,292]  [Preprocessor.java:255] [main]  Processing chromosome KI270745.1
Processing chromosome KI270745.1
INFO [2024-10-24 17:05:39,295]  [Preprocessor.java:255] [main]  Processing chromosome KI270748.1
Processing chromosome KI270748.1
INFO [2024-10-24 17:05:39,296]  [Preprocessor.java:255] [main]  Processing chromosome KI270752.1
Processing chromosome KI270752.1
INFO [2024-10-24 17:05:39,313]  [TDFWriter.java:318] [main]  Group idx: 1
Group idx: 1
100.0% 
Done
* TDF track files created for sample Ctrl_24h_IAA_4SU_3.
