* Creating files for each level of counting.
* Sorting bam files by coordiantes
[bam_sort_core] merging from 0 files and 20 in-memory blocks...
* Making .chrom.sizes file
* Making track headers
* Filtering reads
*making tracks with STAR
Oct 24 14:32:27 ..... reading from BAM, output wiggle
Oct 24 14:33:53 ..... done
Oct 24 14:32:27 ..... reading from BAM, output wiggle
Oct 24 14:33:54 ..... done
Oct 24 14:32:27 ..... reading from BAM, output wiggle
Oct 24 14:33:55 ..... done
Oct 24 14:32:27 ..... reading from BAM, output wiggle
Oct 24 14:33:56 ..... done
Oct 24 14:32:27 ..... reading from BAM, output wiggle
Oct 24 14:34:00 ..... done
Oct 24 14:32:27 ..... reading from BAM, output wiggle
Oct 24 14:34:37 ..... done
* Taking only unique components of tracks
* Make tdf files from tracks
INFO [2024-10-24 14:34:51,051]  [IgvTools.java:667] [main]  toTDF.  File = ./results/tracks/Ctrl_0h_IAA_4SU_2.TC.5.pos.bedGraph
toTDF.  File = ./results/tracks/Ctrl_0h_IAA_4SU_2.TC.5.pos.bedGraph
INFO [2024-10-24 14:34:51,053]  [IgvTools.java:668] [main]  Max zoom = 7
Max zoom = 7
INFO [2024-10-24 14:34:51,054]  [IgvTools.java:676] [main]  Window functions: mean max 
Window functions: mean max 
INFO [2024-10-24 14:34:51,060]  [GenomeManager.java:145] [main]  Loading genome: /srv/2023_UPF1_4SU_EZbakR/./results/tracks/GRCh38.chrom.sizes
Loading genome: /srv/2023_UPF1_4SU_EZbakR/./results/tracks/GRCh38.chrom.sizes
INFO [2024-10-24 14:34:51,260]  [DirectoryManager.java:169] [main]  IGV Directory: /home/volker/igv
IGV Directory: /home/volker/igv
INFO [2024-10-24 14:34:51,273]  [GenomeManager.java:192] [main]  Genome loaded.  id= /srv/2023_UPF1_4SU_EZbakR/
Genome loaded.  id= /srv/2023_UPF1_4SU_EZbakR/
INFO [2024-10-24 14:34:51,287]  [Preprocessor.java:125] [main]  track type=bedGraph name=" Ctrl_0h_IAA_4SU_2 TC 5 plus " description=" Ctrl_0h_IAA_4SU_2 TC 5 positive strand" visibility=full autoScale=off windowingFunction=mean viewLimits=0:10 color=50,0,0  altColor=10,10,10 priority=20
track type=bedGraph name=" Ctrl_0h_IAA_4SU_2 TC 5 plus " description=" Ctrl_0h_IAA_4SU_2 TC 5 positive strand" visibility=full autoScale=off windowingFunction=mean viewLimits=0:10 color=50,0,0  altColor=10,10,10 priority=20
INFO [2024-10-24 14:34:51,300]  [Preprocessor.java:255] [main]  Processing chromosome chr1
Processing chromosome chr1
.....INFO [2024-10-24 14:34:52,661]  [Preprocessor.java:255] [main]  Processing chromosome chr2
Processing chromosome chr2
....INFO [2024-10-24 14:34:53,339]  [Preprocessor.java:255] [main]  Processing chromosome chr3
Processing chromosome chr3
10.0% 
.INFO [2024-10-24 14:34:53,634]  [Preprocessor.java:255] [main]  Processing chromosome chr4
Processing chromosome chr4
..INFO [2024-10-24 14:34:54,247]  [Preprocessor.java:255] [main]  Processing chromosome chr5
Processing chromosome chr5
..INFO [2024-10-24 14:34:54,455]  [Preprocessor.java:255] [main]  Processing chromosome chr6
Processing chromosome chr6
...INFO [2024-10-24 14:34:54,684]  [Preprocessor.java:255] [main]  Processing chromosome chr7
Processing chromosome chr7
.20.0% 
INFO [2024-10-24 14:34:55,103]  [Preprocessor.java:255] [main]  Processing chromosome chr8
Processing chromosome chr8
...INFO [2024-10-24 14:34:55,217]  [Preprocessor.java:255] [main]  Processing chromosome chr9
Processing chromosome chr9
..INFO [2024-10-24 14:34:55,444]  [Preprocessor.java:255] [main]  Processing chromosome chr10
Processing chromosome chr10
..INFO [2024-10-24 14:34:55,558]  [Preprocessor.java:255] [main]  Processing chromosome chr11
Processing chromosome chr11
..30.0% 
INFO [2024-10-24 14:34:55,690]  [Preprocessor.java:255] [main]  Processing chromosome chr12
Processing chromosome chr12
....INFO [2024-10-24 14:34:55,982]  [Preprocessor.java:255] [main]  Processing chromosome chr13
Processing chromosome chr13
INFO [2024-10-24 14:34:56,027]  [Preprocessor.java:255] [main]  Processing chromosome chr14
Processing chromosome chr14
..INFO [2024-10-24 14:34:56,104]  [Preprocessor.java:255] [main]  Processing chromosome chr15
Processing chromosome chr15
.INFO [2024-10-24 14:34:56,175]  [Preprocessor.java:255] [main]  Processing chromosome chr16
Processing chromosome chr16
..40.0% 
INFO [2024-10-24 14:34:56,362]  [Preprocessor.java:255] [main]  Processing chromosome chr17
Processing chromosome chr17
.....INFO [2024-10-24 14:34:56,788]  [Preprocessor.java:255] [main]  Processing chromosome chr18
Processing chromosome chr18
INFO [2024-10-24 14:34:56,826]  [Preprocessor.java:255] [main]  Processing chromosome chr19
Processing chromosome chr19
....INFO [2024-10-24 14:34:56,974]  [Preprocessor.java:255] [main]  Processing chromosome chr20
Processing chromosome chr20
50.0% 
.INFO [2024-10-24 14:34:57,138]  [Preprocessor.java:255] [main]  Processing chromosome chr21
Processing chromosome chr21
INFO [2024-10-24 14:34:57,162]  [Preprocessor.java:255] [main]  Processing chromosome chr22
Processing chromosome chr22
..INFO [2024-10-24 14:34:57,233]  [Preprocessor.java:255] [main]  Processing chromosome chrX
Processing chromosome chrX
.INFO [2024-10-24 14:34:57,293]  [Preprocessor.java:255] [main]  Processing chromosome chrY
Processing chromosome chrY
INFO [2024-10-24 14:34:57,295]  [Preprocessor.java:255] [main]  Processing chromosome chrM
Processing chromosome chrM
INFO [2024-10-24 14:34:57,359]  [Preprocessor.java:255] [main]  Processing chromosome GL000194.1
Processing chromosome GL000194.1
INFO [2024-10-24 14:34:57,363]  [Preprocessor.java:255] [main]  Processing chromosome GL000195.1
Processing chromosome GL000195.1
INFO [2024-10-24 14:34:57,369]  [Preprocessor.java:255] [main]  Processing chromosome GL000205.2
Processing chromosome GL000205.2
INFO [2024-10-24 14:34:57,373]  [Preprocessor.java:255] [main]  Processing chromosome GL000218.1
Processing chromosome GL000218.1
INFO [2024-10-24 14:34:57,378]  [Preprocessor.java:255] [main]  Processing chromosome GL000219.1
Processing chromosome GL000219.1
INFO [2024-10-24 14:34:57,381]  [Preprocessor.java:255] [main]  Processing chromosome GL000220.1
Processing chromosome GL000220.1
INFO [2024-10-24 14:34:57,382]  [Preprocessor.java:255] [main]  Processing chromosome GL000221.1
Processing chromosome GL000221.1
INFO [2024-10-24 14:34:57,383]  [Preprocessor.java:255] [main]  Processing chromosome KI270711.1
Processing chromosome KI270711.1
INFO [2024-10-24 14:34:57,392]  [Preprocessor.java:255] [main]  Processing chromosome KI270713.1
Processing chromosome KI270713.1
INFO [2024-10-24 14:34:57,396]  [Preprocessor.java:255] [main]  Processing chromosome KI270714.1
Processing chromosome KI270714.1
INFO [2024-10-24 14:34:57,401]  [Preprocessor.java:255] [main]  Processing chromosome KI270733.1
Processing chromosome KI270733.1
INFO [2024-10-24 14:34:57,403]  [Preprocessor.java:255] [main]  Processing chromosome KI270734.1
Processing chromosome KI270734.1
INFO [2024-10-24 14:34:57,404]  [Preprocessor.java:255] [main]  Processing chromosome KI270742.1
Processing chromosome KI270742.1
INFO [2024-10-24 14:34:57,471]  [TDFWriter.java:318] [main]  Group idx: 1
Group idx: 1
100.0% 
Done
INFO [2024-10-24 14:34:51,068]  [IgvTools.java:667] [main]  toTDF.  File = ./results/tracks/Ctrl_0h_IAA_4SU_2.TC.4.pos.bedGraph
toTDF.  File = ./results/tracks/Ctrl_0h_IAA_4SU_2.TC.4.pos.bedGraph
INFO [2024-10-24 14:34:51,071]  [IgvTools.java:668] [main]  Max zoom = 7
Max zoom = 7
INFO [2024-10-24 14:34:51,071]  [IgvTools.java:676] [main]  Window functions: mean max 
Window functions: mean max 
INFO [2024-10-24 14:34:51,079]  [GenomeManager.java:145] [main]  Loading genome: /srv/2023_UPF1_4SU_EZbakR/./results/tracks/GRCh38.chrom.sizes
Loading genome: /srv/2023_UPF1_4SU_EZbakR/./results/tracks/GRCh38.chrom.sizes
INFO [2024-10-24 14:34:51,291]  [DirectoryManager.java:169] [main]  IGV Directory: /home/volker/igv
IGV Directory: /home/volker/igv
INFO [2024-10-24 14:34:51,304]  [GenomeManager.java:192] [main]  Genome loaded.  id= /srv/2023_UPF1_4SU_EZbakR/
Genome loaded.  id= /srv/2023_UPF1_4SU_EZbakR/
INFO [2024-10-24 14:34:51,321]  [Preprocessor.java:125] [main]  track type=bedGraph name=" Ctrl_0h_IAA_4SU_2 TC 4 plus " description=" Ctrl_0h_IAA_4SU_2 TC 4 positive strand" visibility=full autoScale=off windowingFunction=mean viewLimits=0:10 color=100,0,0  altColor=10,10,10 priority=20
track type=bedGraph name=" Ctrl_0h_IAA_4SU_2 TC 4 plus " description=" Ctrl_0h_IAA_4SU_2 TC 4 positive strand" visibility=full autoScale=off windowingFunction=mean viewLimits=0:10 color=100,0,0  altColor=10,10,10 priority=20
INFO [2024-10-24 14:34:51,340]  [Preprocessor.java:255] [main]  Processing chromosome chr1
Processing chromosome chr1
.....INFO [2024-10-24 14:34:53,153]  [Preprocessor.java:255] [main]  Processing chromosome chr2
Processing chromosome chr2
...INFO [2024-10-24 14:34:53,422]  [Preprocessor.java:255] [main]  Processing chromosome chr3
Processing chromosome chr3
.10.0% 
.INFO [2024-10-24 14:34:53,803]  [Preprocessor.java:255] [main]  Processing chromosome chr4
Processing chromosome chr4
..INFO [2024-10-24 14:34:54,046]  [Preprocessor.java:255] [main]  Processing chromosome chr5
Processing chromosome chr5
..INFO [2024-10-24 14:34:54,588]  [Preprocessor.java:255] [main]  Processing chromosome chr6
Processing chromosome chr6
..INFO [2024-10-24 14:34:54,817]  [Preprocessor.java:255] [main]  Processing chromosome chr7
Processing chromosome chr7
..INFO [2024-10-24 14:34:55,058]  [Preprocessor.java:255] [main]  Processing chromosome chr8
Processing chromosome chr8
20.0% 
..INFO [2024-10-24 14:34:55,195]  [Preprocessor.java:255] [main]  Processing chromosome chr9
Processing chromosome chr9
..INFO [2024-10-24 14:34:55,437]  [Preprocessor.java:255] [main]  Processing chromosome chr10
Processing chromosome chr10
..INFO [2024-10-24 14:34:55,565]  [Preprocessor.java:255] [main]  Processing chromosome chr11
Processing chromosome chr11
...INFO [2024-10-24 14:34:55,818]  [Preprocessor.java:255] [main]  Processing chromosome chr12
Processing chromosome chr12
30.0% 
..INFO [2024-10-24 14:34:55,993]  [Preprocessor.java:255] [main]  Processing chromosome chr13
Processing chromosome chr13
.INFO [2024-10-24 14:34:56,103]  [Preprocessor.java:255] [main]  Processing chromosome chr14
Processing chromosome chr14
.INFO [2024-10-24 14:34:56,200]  [Preprocessor.java:255] [main]  Processing chromosome chr15
Processing chromosome chr15
..INFO [2024-10-24 14:34:56,283]  [Preprocessor.java:255] [main]  Processing chromosome chr16
Processing chromosome chr16
..INFO [2024-10-24 14:34:56,695]  [Preprocessor.java:255] [main]  Processing chromosome chr17
Processing chromosome chr17
.40.0% 
...INFO [2024-10-24 14:34:57,018]  [Preprocessor.java:255] [main]  Processing chromosome chr18
Processing chromosome chr18
INFO [2024-10-24 14:34:57,065]  [Preprocessor.java:255] [main]  Processing chromosome chr19
Processing chromosome chr19
....INFO [2024-10-24 14:34:57,423]  [Preprocessor.java:255] [main]  Processing chromosome chr20
Processing chromosome chr20
..INFO [2024-10-24 14:34:57,516]  [Preprocessor.java:255] [main]  Processing chromosome chr21
Processing chromosome chr21
INFO [2024-10-24 14:34:57,547]  [Preprocessor.java:255] [main]  Processing chromosome chr22
Processing chromosome chr22
50.0% 
.INFO [2024-10-24 14:34:57,698]  [Preprocessor.java:255] [main]  Processing chromosome chrX
Processing chromosome chrX
INFO [2024-10-24 14:34:57,761]  [Preprocessor.java:255] [main]  Processing chromosome chrY
Processing chromosome chrY
INFO [2024-10-24 14:34:57,763]  [Preprocessor.java:255] [main]  Processing chromosome chrM
Processing chromosome chrM
.INFO [2024-10-24 14:34:57,826]  [Preprocessor.java:255] [main]  Processing chromosome GL000194.1
Processing chromosome GL000194.1
INFO [2024-10-24 14:34:57,832]  [Preprocessor.java:255] [main]  Processing chromosome GL000195.1
Processing chromosome GL000195.1
INFO [2024-10-24 14:34:57,839]  [Preprocessor.java:255] [main]  Processing chromosome GL000205.2
Processing chromosome GL000205.2
INFO [2024-10-24 14:34:57,843]  [Preprocessor.java:255] [main]  Processing chromosome GL000218.1
Processing chromosome GL000218.1
INFO [2024-10-24 14:34:57,849]  [Preprocessor.java:255] [main]  Processing chromosome GL000219.1
Processing chromosome GL000219.1
INFO [2024-10-24 14:34:57,853]  [Preprocessor.java:255] [main]  Processing chromosome GL000220.1
Processing chromosome GL000220.1
INFO [2024-10-24 14:34:57,854]  [Preprocessor.java:255] [main]  Processing chromosome GL000221.1
Processing chromosome GL000221.1
INFO [2024-10-24 14:34:57,855]  [Preprocessor.java:255] [main]  Processing chromosome KI270711.1
Processing chromosome KI270711.1
INFO [2024-10-24 14:34:57,865]  [Preprocessor.java:255] [main]  Processing chromosome KI270713.1
Processing chromosome KI270713.1
INFO [2024-10-24 14:34:57,869]  [Preprocessor.java:255] [main]  Processing chromosome KI270714.1
Processing chromosome KI270714.1
INFO [2024-10-24 14:34:57,877]  [Preprocessor.java:255] [main]  Processing chromosome KI270727.1
Processing chromosome KI270727.1
INFO [2024-10-24 14:34:57,879]  [Preprocessor.java:255] [main]  Processing chromosome KI270733.1
Processing chromosome KI270733.1
INFO [2024-10-24 14:34:57,882]  [Preprocessor.java:255] [main]  Processing chromosome KI270734.1
Processing chromosome KI270734.1
INFO [2024-10-24 14:34:57,883]  [Preprocessor.java:255] [main]  Processing chromosome KI270742.1
Processing chromosome KI270742.1
INFO [2024-10-24 14:34:57,884]  [Preprocessor.java:255] [main]  Processing chromosome KI270744.1
Processing chromosome KI270744.1
INFO [2024-10-24 14:34:57,905]  [TDFWriter.java:318] [main]  Group idx: 1
Group idx: 1
100.0% 
Done
INFO [2024-10-24 14:34:51,053]  [IgvTools.java:667] [main]  toTDF.  File = ./results/tracks/Ctrl_0h_IAA_4SU_2.TC.5.min.bedGraph
toTDF.  File = ./results/tracks/Ctrl_0h_IAA_4SU_2.TC.5.min.bedGraph
INFO [2024-10-24 14:34:51,056]  [IgvTools.java:668] [main]  Max zoom = 7
Max zoom = 7
INFO [2024-10-24 14:34:51,057]  [IgvTools.java:676] [main]  Window functions: mean max 
Window functions: mean max 
INFO [2024-10-24 14:34:51,072]  [GenomeManager.java:145] [main]  Loading genome: /srv/2023_UPF1_4SU_EZbakR/./results/tracks/GRCh38.chrom.sizes
Loading genome: /srv/2023_UPF1_4SU_EZbakR/./results/tracks/GRCh38.chrom.sizes
INFO [2024-10-24 14:34:51,262]  [DirectoryManager.java:169] [main]  IGV Directory: /home/volker/igv
IGV Directory: /home/volker/igv
INFO [2024-10-24 14:34:51,282]  [GenomeManager.java:192] [main]  Genome loaded.  id= /srv/2023_UPF1_4SU_EZbakR/
Genome loaded.  id= /srv/2023_UPF1_4SU_EZbakR/
INFO [2024-10-24 14:34:51,297]  [Preprocessor.java:125] [main]  track type=bedGraph name=" Ctrl_0h_IAA_4SU_2 TC 5 minus " description=" Ctrl_0h_IAA_4SU_2 TC 5 minus strand" visibility=full negateValues=on autoScale=off windowingFunction=mean viewLimits=-10:0 color=10,10,10 altColor=50,0,0  priority=20
track type=bedGraph name=" Ctrl_0h_IAA_4SU_2 TC 5 minus " description=" Ctrl_0h_IAA_4SU_2 TC 5 minus strand" visibility=full negateValues=on autoScale=off windowingFunction=mean viewLimits=-10:0 color=10,10,10 altColor=50,0,0  priority=20
INFO [2024-10-24 14:34:51,328]  [Preprocessor.java:255] [main]  Processing chromosome chr1
Processing chromosome chr1
.....INFO [2024-10-24 14:34:52,522]  [Preprocessor.java:255] [main]  Processing chromosome chr2
Processing chromosome chr2
...INFO [2024-10-24 14:34:53,690]  [Preprocessor.java:255] [main]  Processing chromosome chr3
Processing chromosome chr3
.10.0% 
.INFO [2024-10-24 14:34:53,956]  [Preprocessor.java:255] [main]  Processing chromosome chr4
Processing chromosome chr4
..INFO [2024-10-24 14:34:54,270]  [Preprocessor.java:255] [main]  Processing chromosome chr5
Processing chromosome chr5
..INFO [2024-10-24 14:34:54,416]  [Preprocessor.java:255] [main]  Processing chromosome chr6
Processing chromosome chr6
....INFO [2024-10-24 14:34:54,848]  [Preprocessor.java:255] [main]  Processing chromosome chr7
Processing chromosome chr7
20.0% 
.INFO [2024-10-24 14:34:54,996]  [Preprocessor.java:255] [main]  Processing chromosome chr8
Processing chromosome chr8
..INFO [2024-10-24 14:34:55,142]  [Preprocessor.java:255] [main]  Processing chromosome chr9
Processing chromosome chr9
..INFO [2024-10-24 14:34:55,464]  [Preprocessor.java:255] [main]  Processing chromosome chr10
Processing chromosome chr10
...INFO [2024-10-24 14:34:55,675]  [Preprocessor.java:255] [main]  Processing chromosome chr11
Processing chromosome chr11
.30.0% 
.INFO [2024-10-24 14:34:56,097]  [Preprocessor.java:255] [main]  Processing chromosome chr12
Processing chromosome chr12
...INFO [2024-10-24 14:34:56,240]  [Preprocessor.java:255] [main]  Processing chromosome chr13
Processing chromosome chr13
.INFO [2024-10-24 14:34:56,284]  [Preprocessor.java:255] [main]  Processing chromosome chr14
Processing chromosome chr14
.INFO [2024-10-24 14:34:56,364]  [Preprocessor.java:255] [main]  Processing chromosome chr15
Processing chromosome chr15
..INFO [2024-10-24 14:34:56,560]  [Preprocessor.java:255] [main]  Processing chromosome chr16
Processing chromosome chr16
.40.0% 
.INFO [2024-10-24 14:34:56,683]  [Preprocessor.java:255] [main]  Processing chromosome chr17
Processing chromosome chr17
....INFO [2024-10-24 14:34:57,027]  [Preprocessor.java:255] [main]  Processing chromosome chr18
Processing chromosome chr18
.INFO [2024-10-24 14:34:57,069]  [Preprocessor.java:255] [main]  Processing chromosome chr19
Processing chromosome chr19
...50.0% 
INFO [2024-10-24 14:34:57,409]  [Preprocessor.java:255] [main]  Processing chromosome chr20
Processing chromosome chr20
..INFO [2024-10-24 14:34:57,496]  [Preprocessor.java:255] [main]  Processing chromosome chr21
Processing chromosome chr21
.INFO [2024-10-24 14:34:57,527]  [Preprocessor.java:255] [main]  Processing chromosome chr22
Processing chromosome chr22
.INFO [2024-10-24 14:34:57,611]  [Preprocessor.java:255] [main]  Processing chromosome chrX
Processing chromosome chrX
.INFO [2024-10-24 14:34:57,676]  [Preprocessor.java:255] [main]  Processing chromosome chrY
Processing chromosome chrY
INFO [2024-10-24 14:34:57,678]  [Preprocessor.java:255] [main]  Processing chromosome chrM
Processing chromosome chrM
.INFO [2024-10-24 14:34:57,796]  [Preprocessor.java:255] [main]  Processing chromosome GL000194.1
Processing chromosome GL000194.1
INFO [2024-10-24 14:34:57,810]  [Preprocessor.java:255] [main]  Processing chromosome GL000195.1
Processing chromosome GL000195.1
INFO [2024-10-24 14:34:57,813]  [Preprocessor.java:255] [main]  Processing chromosome GL000219.1
Processing chromosome GL000219.1
INFO [2024-10-24 14:34:57,814]  [Preprocessor.java:255] [main]  Processing chromosome GL000220.1
Processing chromosome GL000220.1
INFO [2024-10-24 14:34:57,814]  [Preprocessor.java:255] [main]  Processing chromosome KI270438.1
Processing chromosome KI270438.1
INFO [2024-10-24 14:34:57,816]  [Preprocessor.java:255] [main]  Processing chromosome KI270713.1
Processing chromosome KI270713.1
INFO [2024-10-24 14:34:57,823]  [Preprocessor.java:255] [main]  Processing chromosome KI270721.1
Processing chromosome KI270721.1
INFO [2024-10-24 14:34:57,825]  [Preprocessor.java:255] [main]  Processing chromosome KI270733.1
Processing chromosome KI270733.1
INFO [2024-10-24 14:34:57,830]  [Preprocessor.java:255] [main]  Processing chromosome KI270734.1
Processing chromosome KI270734.1
INFO [2024-10-24 14:34:57,831]  [Preprocessor.java:255] [main]  Processing chromosome KI270744.1
Processing chromosome KI270744.1
INFO [2024-10-24 14:34:57,832]  [Preprocessor.java:255] [main]  Processing chromosome KI270745.1
Processing chromosome KI270745.1
INFO [2024-10-24 14:34:58,021]  [TDFWriter.java:318] [main]  Group idx: 1
Group idx: 1
100.0% 
Done
INFO [2024-10-24 14:34:51,056]  [IgvTools.java:667] [main]  toTDF.  File = ./results/tracks/Ctrl_0h_IAA_4SU_2.TC.4.min.bedGraph
toTDF.  File = ./results/tracks/Ctrl_0h_IAA_4SU_2.TC.4.min.bedGraph
INFO [2024-10-24 14:34:51,058]  [IgvTools.java:668] [main]  Max zoom = 7
Max zoom = 7
INFO [2024-10-24 14:34:51,059]  [IgvTools.java:676] [main]  Window functions: mean max 
Window functions: mean max 
INFO [2024-10-24 14:34:51,064]  [GenomeManager.java:145] [main]  Loading genome: /srv/2023_UPF1_4SU_EZbakR/./results/tracks/GRCh38.chrom.sizes
Loading genome: /srv/2023_UPF1_4SU_EZbakR/./results/tracks/GRCh38.chrom.sizes
INFO [2024-10-24 14:34:51,277]  [DirectoryManager.java:169] [main]  IGV Directory: /home/volker/igv
IGV Directory: /home/volker/igv
INFO [2024-10-24 14:34:51,292]  [GenomeManager.java:192] [main]  Genome loaded.  id= /srv/2023_UPF1_4SU_EZbakR/
Genome loaded.  id= /srv/2023_UPF1_4SU_EZbakR/
INFO [2024-10-24 14:34:51,305]  [Preprocessor.java:125] [main]  track type=bedGraph name=" Ctrl_0h_IAA_4SU_2 TC 4 minus " description=" Ctrl_0h_IAA_4SU_2 TC 4 minus strand" visibility=full negateValues=on autoScale=off windowingFunction=mean viewLimits=-10:0 color=10,10,10 altColor=100,0,0  priority=20
track type=bedGraph name=" Ctrl_0h_IAA_4SU_2 TC 4 minus " description=" Ctrl_0h_IAA_4SU_2 TC 4 minus strand" visibility=full negateValues=on autoScale=off windowingFunction=mean viewLimits=-10:0 color=10,10,10 altColor=100,0,0  priority=20
INFO [2024-10-24 14:34:51,320]  [Preprocessor.java:255] [main]  Processing chromosome chr1
Processing chromosome chr1
.....INFO [2024-10-24 14:34:53,252]  [Preprocessor.java:255] [main]  Processing chromosome chr2
Processing chromosome chr2
...INFO [2024-10-24 14:34:53,730]  [Preprocessor.java:255] [main]  Processing chromosome chr3
Processing chromosome chr3
.10.0% 
.INFO [2024-10-24 14:34:54,163]  [Preprocessor.java:255] [main]  Processing chromosome chr4
Processing chromosome chr4
..INFO [2024-10-24 14:34:54,402]  [Preprocessor.java:255] [main]  Processing chromosome chr5
Processing chromosome chr5
..INFO [2024-10-24 14:34:54,719]  [Preprocessor.java:255] [main]  Processing chromosome chr6
Processing chromosome chr6
...INFO [2024-10-24 14:34:54,947]  [Preprocessor.java:255] [main]  Processing chromosome chr7
Processing chromosome chr7
.20.0% 
.INFO [2024-10-24 14:34:55,216]  [Preprocessor.java:255] [main]  Processing chromosome chr8
Processing chromosome chr8
..INFO [2024-10-24 14:34:55,332]  [Preprocessor.java:255] [main]  Processing chromosome chr9
Processing chromosome chr9
..INFO [2024-10-24 14:34:55,623]  [Preprocessor.java:255] [main]  Processing chromosome chr10
Processing chromosome chr10
...INFO [2024-10-24 14:34:55,765]  [Preprocessor.java:255] [main]  Processing chromosome chr11
Processing chromosome chr11
.30.0% 
.INFO [2024-10-24 14:34:56,026]  [Preprocessor.java:255] [main]  Processing chromosome chr12
Processing chromosome chr12
...INFO [2024-10-24 14:34:56,381]  [Preprocessor.java:255] [main]  Processing chromosome chr13
Processing chromosome chr13
INFO [2024-10-24 14:34:56,432]  [Preprocessor.java:255] [main]  Processing chromosome chr14
Processing chromosome chr14
..INFO [2024-10-24 14:34:56,517]  [Preprocessor.java:255] [main]  Processing chromosome chr15
Processing chromosome chr15
..INFO [2024-10-24 14:34:56,615]  [Preprocessor.java:255] [main]  Processing chromosome chr16
Processing chromosome chr16
.40.0% 
.INFO [2024-10-24 14:34:57,078]  [Preprocessor.java:255] [main]  Processing chromosome chr17
Processing chromosome chr17
....INFO [2024-10-24 14:34:57,397]  [Preprocessor.java:255] [main]  Processing chromosome chr18
Processing chromosome chr18
INFO [2024-10-24 14:34:57,445]  [Preprocessor.java:255] [main]  Processing chromosome chr19
Processing chromosome chr19
....50.0% 
INFO [2024-10-24 14:34:57,858]  [Preprocessor.java:255] [main]  Processing chromosome chr20
Processing chromosome chr20
..INFO [2024-10-24 14:34:58,126]  [Preprocessor.java:255] [main]  Processing chromosome chr21
Processing chromosome chr21
.INFO [2024-10-24 14:34:58,157]  [Preprocessor.java:255] [main]  Processing chromosome chr22
Processing chromosome chr22
.INFO [2024-10-24 14:34:58,246]  [Preprocessor.java:255] [main]  Processing chromosome chrX
Processing chromosome chrX
..INFO [2024-10-24 14:34:58,329]  [Preprocessor.java:255] [main]  Processing chromosome chrY
Processing chromosome chrY
INFO [2024-10-24 14:34:58,331]  [Preprocessor.java:255] [main]  Processing chromosome chrM
Processing chromosome chrM
INFO [2024-10-24 14:34:58,479]  [Preprocessor.java:255] [main]  Processing chromosome GL000194.1
Processing chromosome GL000194.1
INFO [2024-10-24 14:34:58,494]  [Preprocessor.java:255] [main]  Processing chromosome GL000195.1
Processing chromosome GL000195.1
INFO [2024-10-24 14:34:58,497]  [Preprocessor.java:255] [main]  Processing chromosome GL000205.2
Processing chromosome GL000205.2
INFO [2024-10-24 14:34:58,498]  [Preprocessor.java:255] [main]  Processing chromosome GL000219.1
Processing chromosome GL000219.1
INFO [2024-10-24 14:34:58,499]  [Preprocessor.java:255] [main]  Processing chromosome GL000220.1
Processing chromosome GL000220.1
INFO [2024-10-24 14:34:58,500]  [Preprocessor.java:255] [main]  Processing chromosome KI270438.1
Processing chromosome KI270438.1
INFO [2024-10-24 14:34:58,504]  [Preprocessor.java:255] [main]  Processing chromosome KI270442.1
Processing chromosome KI270442.1
INFO [2024-10-24 14:34:58,504]  [Preprocessor.java:255] [main]  Processing chromosome KI270713.1
Processing chromosome KI270713.1
INFO [2024-10-24 14:34:58,515]  [Preprocessor.java:255] [main]  Processing chromosome KI270721.1
Processing chromosome KI270721.1
INFO [2024-10-24 14:34:58,517]  [Preprocessor.java:255] [main]  Processing chromosome KI270733.1
Processing chromosome KI270733.1
INFO [2024-10-24 14:34:58,523]  [Preprocessor.java:255] [main]  Processing chromosome KI270734.1
Processing chromosome KI270734.1
INFO [2024-10-24 14:34:58,524]  [Preprocessor.java:255] [main]  Processing chromosome KI270744.1
Processing chromosome KI270744.1
INFO [2024-10-24 14:34:58,525]  [Preprocessor.java:255] [main]  Processing chromosome KI270745.1
Processing chromosome KI270745.1
INFO [2024-10-24 14:34:58,691]  [TDFWriter.java:318] [main]  Group idx: 1
Group idx: 1
100.0% 
Done
INFO [2024-10-24 14:34:51,032]  [IgvTools.java:667] [main]  toTDF.  File = ./results/tracks/Ctrl_0h_IAA_4SU_2.TC.3.pos.bedGraph
toTDF.  File = ./results/tracks/Ctrl_0h_IAA_4SU_2.TC.3.pos.bedGraph
INFO [2024-10-24 14:34:51,035]  [IgvTools.java:668] [main]  Max zoom = 7
Max zoom = 7
INFO [2024-10-24 14:34:51,035]  [IgvTools.java:676] [main]  Window functions: mean max 
Window functions: mean max 
INFO [2024-10-24 14:34:51,041]  [GenomeManager.java:145] [main]  Loading genome: /srv/2023_UPF1_4SU_EZbakR/./results/tracks/GRCh38.chrom.sizes
Loading genome: /srv/2023_UPF1_4SU_EZbakR/./results/tracks/GRCh38.chrom.sizes
INFO [2024-10-24 14:34:51,204]  [DirectoryManager.java:169] [main]  IGV Directory: /home/volker/igv
IGV Directory: /home/volker/igv
INFO [2024-10-24 14:34:51,223]  [GenomeManager.java:192] [main]  Genome loaded.  id= /srv/2023_UPF1_4SU_EZbakR/
Genome loaded.  id= /srv/2023_UPF1_4SU_EZbakR/
INFO [2024-10-24 14:34:51,243]  [Preprocessor.java:125] [main]  track type=bedGraph name=" Ctrl_0h_IAA_4SU_2 TC 3 plus " description=" Ctrl_0h_IAA_4SU_2 TC 3 positive strand" visibility=full autoScale=off windowingFunction=mean viewLimits=0:10 color=150,0,0  altColor=10,10,10 priority=20
track type=bedGraph name=" Ctrl_0h_IAA_4SU_2 TC 3 plus " description=" Ctrl_0h_IAA_4SU_2 TC 3 positive strand" visibility=full autoScale=off windowingFunction=mean viewLimits=0:10 color=150,0,0  altColor=10,10,10 priority=20
INFO [2024-10-24 14:34:51,257]  [Preprocessor.java:255] [main]  Processing chromosome chr1
Processing chromosome chr1
.....INFO [2024-10-24 14:34:53,337]  [Preprocessor.java:255] [main]  Processing chromosome chr2
Processing chromosome chr2
...INFO [2024-10-24 14:34:53,941]  [Preprocessor.java:255] [main]  Processing chromosome chr3
Processing chromosome chr3
.10.0% 
.INFO [2024-10-24 14:34:54,411]  [Preprocessor.java:255] [main]  Processing chromosome chr4
Processing chromosome chr4
..INFO [2024-10-24 14:34:54,607]  [Preprocessor.java:255] [main]  Processing chromosome chr5
Processing chromosome chr5
.INFO [2024-10-24 14:34:54,920]  [Preprocessor.java:255] [main]  Processing chromosome chr6
Processing chromosome chr6
...INFO [2024-10-24 14:34:55,114]  [Preprocessor.java:255] [main]  Processing chromosome chr7
Processing chromosome chr7
..INFO [2024-10-24 14:34:55,360]  [Preprocessor.java:255] [main]  Processing chromosome chr8
Processing chromosome chr8
20.0% 
.INFO [2024-10-24 14:34:55,549]  [Preprocessor.java:255] [main]  Processing chromosome chr9
Processing chromosome chr9
...INFO [2024-10-24 14:34:55,889]  [Preprocessor.java:255] [main]  Processing chromosome chr10
Processing chromosome chr10
..INFO [2024-10-24 14:34:56,237]  [Preprocessor.java:255] [main]  Processing chromosome chr11
Processing chromosome chr11
...INFO [2024-10-24 14:34:56,445]  [Preprocessor.java:255] [main]  Processing chromosome chr12
Processing chromosome chr12
30.0% 
..INFO [2024-10-24 14:34:56,742]  [Preprocessor.java:255] [main]  Processing chromosome chr13
Processing chromosome chr13
INFO [2024-10-24 14:34:56,807]  [Preprocessor.java:255] [main]  Processing chromosome chr14
Processing chromosome chr14
..INFO [2024-10-24 14:34:57,047]  [Preprocessor.java:255] [main]  Processing chromosome chr15
Processing chromosome chr15
.INFO [2024-10-24 14:34:57,193]  [Preprocessor.java:255] [main]  Processing chromosome chr16
Processing chromosome chr16
...INFO [2024-10-24 14:34:57,582]  [Preprocessor.java:255] [main]  Processing chromosome chr17
Processing chromosome chr17
.40.0% 
...INFO [2024-10-24 14:34:58,147]  [Preprocessor.java:255] [main]  Processing chromosome chr18
Processing chromosome chr18
INFO [2024-10-24 14:34:58,200]  [Preprocessor.java:255] [main]  Processing chromosome chr19
Processing chromosome chr19
....INFO [2024-10-24 14:34:58,561]  [Preprocessor.java:255] [main]  Processing chromosome chr20
Processing chromosome chr20
..INFO [2024-10-24 14:34:58,814]  [Preprocessor.java:255] [main]  Processing chromosome chr21
Processing chromosome chr21
INFO [2024-10-24 14:34:58,854]  [Preprocessor.java:255] [main]  Processing chromosome chr22
Processing chromosome chr22
50.0% 
.INFO [2024-10-24 14:34:58,972]  [Preprocessor.java:255] [main]  Processing chromosome chrX
Processing chromosome chrX
.INFO [2024-10-24 14:34:59,122]  [Preprocessor.java:255] [main]  Processing chromosome chrY
Processing chromosome chrY
INFO [2024-10-24 14:34:59,124]  [Preprocessor.java:255] [main]  Processing chromosome chrM
Processing chromosome chrM
INFO [2024-10-24 14:34:59,192]  [Preprocessor.java:255] [main]  Processing chromosome GL000194.1
Processing chromosome GL000194.1
INFO [2024-10-24 14:34:59,199]  [Preprocessor.java:255] [main]  Processing chromosome GL000195.1
Processing chromosome GL000195.1
INFO [2024-10-24 14:34:59,206]  [Preprocessor.java:255] [main]  Processing chromosome GL000205.2
Processing chromosome GL000205.2
INFO [2024-10-24 14:34:59,211]  [Preprocessor.java:255] [main]  Processing chromosome GL000218.1
Processing chromosome GL000218.1
INFO [2024-10-24 14:34:59,219]  [Preprocessor.java:255] [main]  Processing chromosome GL000219.1
Processing chromosome GL000219.1
INFO [2024-10-24 14:34:59,223]  [Preprocessor.java:255] [main]  Processing chromosome GL000220.1
Processing chromosome GL000220.1
INFO [2024-10-24 14:34:59,224]  [Preprocessor.java:255] [main]  Processing chromosome GL000221.1
Processing chromosome GL000221.1
INFO [2024-10-24 14:34:59,225]  [Preprocessor.java:255] [main]  Processing chromosome KI270711.1
Processing chromosome KI270711.1
INFO [2024-10-24 14:34:59,236]  [Preprocessor.java:255] [main]  Processing chromosome KI270713.1
Processing chromosome KI270713.1
INFO [2024-10-24 14:34:59,240]  [Preprocessor.java:255] [main]  Processing chromosome KI270714.1
Processing chromosome KI270714.1
INFO [2024-10-24 14:34:59,248]  [Preprocessor.java:255] [main]  Processing chromosome KI270720.1
Processing chromosome KI270720.1
INFO [2024-10-24 14:34:59,249]  [Preprocessor.java:255] [main]  Processing chromosome KI270727.1
Processing chromosome KI270727.1
INFO [2024-10-24 14:34:59,250]  [Preprocessor.java:255] [main]  Processing chromosome KI270728.1
Processing chromosome KI270728.1
INFO [2024-10-24 14:34:59,250]  [Preprocessor.java:255] [main]  Processing chromosome KI270733.1
Processing chromosome KI270733.1
INFO [2024-10-24 14:34:59,252]  [Preprocessor.java:255] [main]  Processing chromosome KI270734.1
Processing chromosome KI270734.1
INFO [2024-10-24 14:34:59,254]  [Preprocessor.java:255] [main]  Processing chromosome KI270742.1
Processing chromosome KI270742.1
INFO [2024-10-24 14:34:59,254]  [Preprocessor.java:255] [main]  Processing chromosome KI270744.1
Processing chromosome KI270744.1
INFO [2024-10-24 14:34:59,267]  [TDFWriter.java:318] [main]  Group idx: 1
Group idx: 1
100.0% 
Done
INFO [2024-10-24 14:34:51,047]  [IgvTools.java:667] [main]  toTDF.  File = ./results/tracks/Ctrl_0h_IAA_4SU_2.TC.3.min.bedGraph
toTDF.  File = ./results/tracks/Ctrl_0h_IAA_4SU_2.TC.3.min.bedGraph
INFO [2024-10-24 14:34:51,049]  [IgvTools.java:668] [main]  Max zoom = 7
Max zoom = 7
INFO [2024-10-24 14:34:51,049]  [IgvTools.java:676] [main]  Window functions: mean max 
Window functions: mean max 
INFO [2024-10-24 14:34:51,057]  [GenomeManager.java:145] [main]  Loading genome: /srv/2023_UPF1_4SU_EZbakR/./results/tracks/GRCh38.chrom.sizes
Loading genome: /srv/2023_UPF1_4SU_EZbakR/./results/tracks/GRCh38.chrom.sizes
INFO [2024-10-24 14:34:51,314]  [DirectoryManager.java:169] [main]  IGV Directory: /home/volker/igv
IGV Directory: /home/volker/igv
INFO [2024-10-24 14:34:51,340]  [GenomeManager.java:192] [main]  Genome loaded.  id= /srv/2023_UPF1_4SU_EZbakR/
Genome loaded.  id= /srv/2023_UPF1_4SU_EZbakR/
INFO [2024-10-24 14:34:51,371]  [Preprocessor.java:125] [main]  track type=bedGraph name=" Ctrl_0h_IAA_4SU_2 TC 3 minus " description=" Ctrl_0h_IAA_4SU_2 TC 3 minus strand" visibility=full negateValues=on autoScale=off windowingFunction=mean viewLimits=-10:0 color=10,10,10 altColor=150,0,0  priority=20
track type=bedGraph name=" Ctrl_0h_IAA_4SU_2 TC 3 minus " description=" Ctrl_0h_IAA_4SU_2 TC 3 minus strand" visibility=full negateValues=on autoScale=off windowingFunction=mean viewLimits=-10:0 color=10,10,10 altColor=150,0,0  priority=20
INFO [2024-10-24 14:34:51,391]  [Preprocessor.java:255] [main]  Processing chromosome chr1
Processing chromosome chr1
.....INFO [2024-10-24 14:34:53,441]  [Preprocessor.java:255] [main]  Processing chromosome chr2
Processing chromosome chr2
...INFO [2024-10-24 14:34:54,180]  [Preprocessor.java:255] [main]  Processing chromosome chr3
Processing chromosome chr3
.10.0% 
.INFO [2024-10-24 14:34:54,477]  [Preprocessor.java:255] [main]  Processing chromosome chr4
Processing chromosome chr4
..INFO [2024-10-24 14:34:54,856]  [Preprocessor.java:255] [main]  Processing chromosome chr5
Processing chromosome chr5
..INFO [2024-10-24 14:34:55,240]  [Preprocessor.java:255] [main]  Processing chromosome chr6
Processing chromosome chr6
...INFO [2024-10-24 14:34:55,550]  [Preprocessor.java:255] [main]  Processing chromosome chr7
Processing chromosome chr7
.20.0% 
.INFO [2024-10-24 14:34:55,855]  [Preprocessor.java:255] [main]  Processing chromosome chr8
Processing chromosome chr8
..INFO [2024-10-24 14:34:56,087]  [Preprocessor.java:255] [main]  Processing chromosome chr9
Processing chromosome chr9
..INFO [2024-10-24 14:34:56,226]  [Preprocessor.java:255] [main]  Processing chromosome chr10
Processing chromosome chr10
..INFO [2024-10-24 14:34:56,508]  [Preprocessor.java:255] [main]  Processing chromosome chr11
Processing chromosome chr11
..30.0% 
INFO [2024-10-24 14:34:56,825]  [Preprocessor.java:255] [main]  Processing chromosome chr12
Processing chromosome chr12
...INFO [2024-10-24 14:34:57,040]  [Preprocessor.java:255] [main]  Processing chromosome chr13
Processing chromosome chr13
.INFO [2024-10-24 14:34:57,229]  [Preprocessor.java:255] [main]  Processing chromosome chr14
Processing chromosome chr14
..INFO [2024-10-24 14:34:57,352]  [Preprocessor.java:255] [main]  Processing chromosome chr15
Processing chromosome chr15
.INFO [2024-10-24 14:34:57,495]  [Preprocessor.java:255] [main]  Processing chromosome chr16
Processing chromosome chr16
..40.0% 
INFO [2024-10-24 14:34:57,897]  [Preprocessor.java:255] [main]  Processing chromosome chr17
Processing chromosome chr17
.....INFO [2024-10-24 14:34:58,212]  [Preprocessor.java:255] [main]  Processing chromosome chr18
Processing chromosome chr18
INFO [2024-10-24 14:34:58,427]  [Preprocessor.java:255] [main]  Processing chromosome chr19
Processing chromosome chr19
....50.0% 
.INFO [2024-10-24 14:34:58,823]  [Preprocessor.java:255] [main]  Processing chromosome chr20
Processing chromosome chr20
..INFO [2024-10-24 14:34:58,975]  [Preprocessor.java:255] [main]  Processing chromosome chr21
Processing chromosome chr21
INFO [2024-10-24 14:34:59,041]  [Preprocessor.java:255] [main]  Processing chromosome chr22
Processing chromosome chr22
..INFO [2024-10-24 14:34:59,170]  [Preprocessor.java:255] [main]  Processing chromosome chrX
Processing chromosome chrX
.INFO [2024-10-24 14:34:59,265]  [Preprocessor.java:255] [main]  Processing chromosome chrY
Processing chromosome chrY
INFO [2024-10-24 14:34:59,268]  [Preprocessor.java:255] [main]  Processing chromosome chrM
Processing chromosome chrM
INFO [2024-10-24 14:34:59,396]  [Preprocessor.java:255] [main]  Processing chromosome GL000194.1
Processing chromosome GL000194.1
INFO [2024-10-24 14:34:59,413]  [Preprocessor.java:255] [main]  Processing chromosome GL000195.1
Processing chromosome GL000195.1
INFO [2024-10-24 14:34:59,416]  [Preprocessor.java:255] [main]  Processing chromosome GL000205.2
Processing chromosome GL000205.2
INFO [2024-10-24 14:34:59,417]  [Preprocessor.java:255] [main]  Processing chromosome GL000219.1
Processing chromosome GL000219.1
INFO [2024-10-24 14:34:59,417]  [Preprocessor.java:255] [main]  Processing chromosome GL000220.1
Processing chromosome GL000220.1
INFO [2024-10-24 14:34:59,419]  [Preprocessor.java:255] [main]  Processing chromosome KI270438.1
Processing chromosome KI270438.1
INFO [2024-10-24 14:34:59,420]  [Preprocessor.java:255] [main]  Processing chromosome KI270442.1
Processing chromosome KI270442.1
INFO [2024-10-24 14:34:59,421]  [Preprocessor.java:255] [main]  Processing chromosome KI270713.1
Processing chromosome KI270713.1
INFO [2024-10-24 14:34:59,431]  [Preprocessor.java:255] [main]  Processing chromosome KI270721.1
Processing chromosome KI270721.1
INFO [2024-10-24 14:34:59,433]  [Preprocessor.java:255] [main]  Processing chromosome KI270733.1
Processing chromosome KI270733.1
INFO [2024-10-24 14:34:59,441]  [Preprocessor.java:255] [main]  Processing chromosome KI270734.1
Processing chromosome KI270734.1
INFO [2024-10-24 14:34:59,442]  [Preprocessor.java:255] [main]  Processing chromosome KI270744.1
Processing chromosome KI270744.1
INFO [2024-10-24 14:34:59,443]  [Preprocessor.java:255] [main]  Processing chromosome KI270745.1
Processing chromosome KI270745.1
INFO [2024-10-24 14:34:59,575]  [TDFWriter.java:318] [main]  Group idx: 1
Group idx: 1
100.0% 
Done
INFO [2024-10-24 14:34:51,033]  [IgvTools.java:667] [main]  toTDF.  File = ./results/tracks/Ctrl_0h_IAA_4SU_2.TC.2.pos.bedGraph
toTDF.  File = ./results/tracks/Ctrl_0h_IAA_4SU_2.TC.2.pos.bedGraph
INFO [2024-10-24 14:34:51,035]  [IgvTools.java:668] [main]  Max zoom = 7
Max zoom = 7
INFO [2024-10-24 14:34:51,035]  [IgvTools.java:676] [main]  Window functions: mean max 
Window functions: mean max 
INFO [2024-10-24 14:34:51,041]  [GenomeManager.java:145] [main]  Loading genome: /srv/2023_UPF1_4SU_EZbakR/./results/tracks/GRCh38.chrom.sizes
Loading genome: /srv/2023_UPF1_4SU_EZbakR/./results/tracks/GRCh38.chrom.sizes
INFO [2024-10-24 14:34:51,210]  [DirectoryManager.java:169] [main]  IGV Directory: /home/volker/igv
IGV Directory: /home/volker/igv
INFO [2024-10-24 14:34:51,220]  [GenomeManager.java:192] [main]  Genome loaded.  id= /srv/2023_UPF1_4SU_EZbakR/
Genome loaded.  id= /srv/2023_UPF1_4SU_EZbakR/
INFO [2024-10-24 14:34:51,235]  [Preprocessor.java:125] [main]  track type=bedGraph name=" Ctrl_0h_IAA_4SU_2 TC 2 plus " description=" Ctrl_0h_IAA_4SU_2 TC 2 positive strand" visibility=full autoScale=off windowingFunction=mean viewLimits=0:10 color=250,0,0  altColor=10,10,10 priority=20
track type=bedGraph name=" Ctrl_0h_IAA_4SU_2 TC 2 plus " description=" Ctrl_0h_IAA_4SU_2 TC 2 positive strand" visibility=full autoScale=off windowingFunction=mean viewLimits=0:10 color=250,0,0  altColor=10,10,10 priority=20
INFO [2024-10-24 14:34:51,249]  [Preprocessor.java:255] [main]  Processing chromosome chr1
Processing chromosome chr1
.....INFO [2024-10-24 14:34:53,149]  [Preprocessor.java:255] [main]  Processing chromosome chr2
Processing chromosome chr2
...INFO [2024-10-24 14:34:53,838]  [Preprocessor.java:255] [main]  Processing chromosome chr3
Processing chromosome chr3
.10.0% 
.INFO [2024-10-24 14:34:54,350]  [Preprocessor.java:255] [main]  Processing chromosome chr4
Processing chromosome chr4
.INFO [2024-10-24 14:34:54,750]  [Preprocessor.java:255] [main]  Processing chromosome chr5
Processing chromosome chr5
..INFO [2024-10-24 14:34:54,937]  [Preprocessor.java:255] [main]  Processing chromosome chr6
Processing chromosome chr6
...INFO [2024-10-24 14:34:55,225]  [Preprocessor.java:255] [main]  Processing chromosome chr7
Processing chromosome chr7
..INFO [2024-10-24 14:34:55,568]  [Preprocessor.java:255] [main]  Processing chromosome chr8
Processing chromosome chr8
20.0% 
.INFO [2024-10-24 14:34:55,949]  [Preprocessor.java:255] [main]  Processing chromosome chr9
Processing chromosome chr9
..INFO [2024-10-24 14:34:56,129]  [Preprocessor.java:255] [main]  Processing chromosome chr10
Processing chromosome chr10
..INFO [2024-10-24 14:34:56,503]  [Preprocessor.java:255] [main]  Processing chromosome chr11
Processing chromosome chr11
...INFO [2024-10-24 14:34:56,843]  [Preprocessor.java:255] [main]  Processing chromosome chr12
Processing chromosome chr12
.30.0% 
.INFO [2024-10-24 14:34:57,158]  [Preprocessor.java:255] [main]  Processing chromosome chr13
Processing chromosome chr13
.INFO [2024-10-24 14:34:57,228]  [Preprocessor.java:255] [main]  Processing chromosome chr14
Processing chromosome chr14
..INFO [2024-10-24 14:34:57,547]  [Preprocessor.java:255] [main]  Processing chromosome chr15
Processing chromosome chr15
.INFO [2024-10-24 14:34:57,660]  [Preprocessor.java:255] [main]  Processing chromosome chr16
Processing chromosome chr16
...INFO [2024-10-24 14:34:57,965]  [Preprocessor.java:255] [main]  Processing chromosome chr17
Processing chromosome chr17
.40.0% 
...INFO [2024-10-24 14:34:58,423]  [Preprocessor.java:255] [main]  Processing chromosome chr18
Processing chromosome chr18
INFO [2024-10-24 14:34:58,550]  [Preprocessor.java:255] [main]  Processing chromosome chr19
Processing chromosome chr19
....INFO [2024-10-24 14:34:58,957]  [Preprocessor.java:255] [main]  Processing chromosome chr20
Processing chromosome chr20
..INFO [2024-10-24 14:34:59,102]  [Preprocessor.java:255] [main]  Processing chromosome chr21
Processing chromosome chr21
INFO [2024-10-24 14:34:59,206]  [Preprocessor.java:255] [main]  Processing chromosome chr22
Processing chromosome chr22
50.0% 
.INFO [2024-10-24 14:34:59,339]  [Preprocessor.java:255] [main]  Processing chromosome chrX
Processing chromosome chrX
.INFO [2024-10-24 14:34:59,426]  [Preprocessor.java:255] [main]  Processing chromosome chrY
Processing chromosome chrY
INFO [2024-10-24 14:34:59,429]  [Preprocessor.java:255] [main]  Processing chromosome chrM
Processing chromosome chrM
INFO [2024-10-24 14:34:59,505]  [Preprocessor.java:255] [main]  Processing chromosome GL000194.1
Processing chromosome GL000194.1
INFO [2024-10-24 14:34:59,514]  [Preprocessor.java:255] [main]  Processing chromosome GL000195.1
Processing chromosome GL000195.1
INFO [2024-10-24 14:34:59,522]  [Preprocessor.java:255] [main]  Processing chromosome GL000205.2
Processing chromosome GL000205.2
INFO [2024-10-24 14:34:59,529]  [Preprocessor.java:255] [main]  Processing chromosome GL000218.1
Processing chromosome GL000218.1
INFO [2024-10-24 14:34:59,538]  [Preprocessor.java:255] [main]  Processing chromosome GL000219.1
Processing chromosome GL000219.1
INFO [2024-10-24 14:34:59,543]  [Preprocessor.java:255] [main]  Processing chromosome GL000220.1
Processing chromosome GL000220.1
INFO [2024-10-24 14:34:59,545]  [Preprocessor.java:255] [main]  Processing chromosome GL000221.1
Processing chromosome GL000221.1
INFO [2024-10-24 14:34:59,545]  [Preprocessor.java:255] [main]  Processing chromosome KI270706.1
Processing chromosome KI270706.1
INFO [2024-10-24 14:34:59,546]  [Preprocessor.java:255] [main]  Processing chromosome KI270711.1
Processing chromosome KI270711.1
INFO [2024-10-24 14:34:59,558]  [Preprocessor.java:255] [main]  Processing chromosome KI270713.1
Processing chromosome KI270713.1
INFO [2024-10-24 14:34:59,564]  [Preprocessor.java:255] [main]  Processing chromosome KI270714.1
Processing chromosome KI270714.1
INFO [2024-10-24 14:34:59,571]  [Preprocessor.java:255] [main]  Processing chromosome KI270718.1
Processing chromosome KI270718.1
INFO [2024-10-24 14:34:59,572]  [Preprocessor.java:255] [main]  Processing chromosome KI270720.1
Processing chromosome KI270720.1
INFO [2024-10-24 14:34:59,574]  [Preprocessor.java:255] [main]  Processing chromosome KI270727.1
Processing chromosome KI270727.1
INFO [2024-10-24 14:34:59,575]  [Preprocessor.java:255] [main]  Processing chromosome KI270728.1
Processing chromosome KI270728.1
INFO [2024-10-24 14:34:59,576]  [Preprocessor.java:255] [main]  Processing chromosome KI270733.1
Processing chromosome KI270733.1
INFO [2024-10-24 14:34:59,580]  [Preprocessor.java:255] [main]  Processing chromosome KI270734.1
Processing chromosome KI270734.1
INFO [2024-10-24 14:34:59,581]  [Preprocessor.java:255] [main]  Processing chromosome KI270742.1
Processing chromosome KI270742.1
INFO [2024-10-24 14:34:59,581]  [Preprocessor.java:255] [main]  Processing chromosome KI270744.1
Processing chromosome KI270744.1
INFO [2024-10-24 14:34:59,651]  [TDFWriter.java:318] [main]  Group idx: 1
Group idx: 1
100.0% 
Done
INFO [2024-10-24 14:34:51,034]  [IgvTools.java:667] [main]  toTDF.  File = ./results/tracks/Ctrl_0h_IAA_4SU_2.TC.2.min.bedGraph
toTDF.  File = ./results/tracks/Ctrl_0h_IAA_4SU_2.TC.2.min.bedGraph
INFO [2024-10-24 14:34:51,036]  [IgvTools.java:668] [main]  Max zoom = 7
Max zoom = 7
INFO [2024-10-24 14:34:51,036]  [IgvTools.java:676] [main]  Window functions: mean max 
Window functions: mean max 
INFO [2024-10-24 14:34:51,043]  [GenomeManager.java:145] [main]  Loading genome: /srv/2023_UPF1_4SU_EZbakR/./results/tracks/GRCh38.chrom.sizes
Loading genome: /srv/2023_UPF1_4SU_EZbakR/./results/tracks/GRCh38.chrom.sizes
INFO [2024-10-24 14:34:51,231]  [DirectoryManager.java:169] [main]  IGV Directory: /home/volker/igv
IGV Directory: /home/volker/igv
INFO [2024-10-24 14:34:51,244]  [GenomeManager.java:192] [main]  Genome loaded.  id= /srv/2023_UPF1_4SU_EZbakR/
Genome loaded.  id= /srv/2023_UPF1_4SU_EZbakR/
INFO [2024-10-24 14:34:51,260]  [Preprocessor.java:125] [main]  track type=bedGraph name=" Ctrl_0h_IAA_4SU_2 TC 2 minus " description=" Ctrl_0h_IAA_4SU_2 TC 2 minus strand" visibility=full negateValues=on autoScale=off windowingFunction=mean viewLimits=-10:0 color=10,10,10 altColor=250,0,0  priority=20
track type=bedGraph name=" Ctrl_0h_IAA_4SU_2 TC 2 minus " description=" Ctrl_0h_IAA_4SU_2 TC 2 minus strand" visibility=full negateValues=on autoScale=off windowingFunction=mean viewLimits=-10:0 color=10,10,10 altColor=250,0,0  priority=20
INFO [2024-10-24 14:34:51,276]  [Preprocessor.java:255] [main]  Processing chromosome chr1
Processing chromosome chr1
.....INFO [2024-10-24 14:34:53,432]  [Preprocessor.java:255] [main]  Processing chromosome chr2
Processing chromosome chr2
...INFO [2024-10-24 14:34:54,160]  [Preprocessor.java:255] [main]  Processing chromosome chr3
Processing chromosome chr3
.10.0% 
.INFO [2024-10-24 14:34:54,564]  [Preprocessor.java:255] [main]  Processing chromosome chr4
Processing chromosome chr4
.INFO [2024-10-24 14:34:54,979]  [Preprocessor.java:255] [main]  Processing chromosome chr5
Processing chromosome chr5
...INFO [2024-10-24 14:34:55,266]  [Preprocessor.java:255] [main]  Processing chromosome chr6
Processing chromosome chr6
...INFO [2024-10-24 14:34:55,583]  [Preprocessor.java:255] [main]  Processing chromosome chr7
Processing chromosome chr7
.20.0% 
.INFO [2024-10-24 14:34:55,905]  [Preprocessor.java:255] [main]  Processing chromosome chr8
Processing chromosome chr8
..INFO [2024-10-24 14:34:56,186]  [Preprocessor.java:255] [main]  Processing chromosome chr9
Processing chromosome chr9
..INFO [2024-10-24 14:34:56,344]  [Preprocessor.java:255] [main]  Processing chromosome chr10
Processing chromosome chr10
..INFO [2024-10-24 14:34:56,639]  [Preprocessor.java:255] [main]  Processing chromosome chr11
Processing chromosome chr11
..30.0% 
INFO [2024-10-24 14:34:56,984]  [Preprocessor.java:255] [main]  Processing chromosome chr12
Processing chromosome chr12
...INFO [2024-10-24 14:34:57,500]  [Preprocessor.java:255] [main]  Processing chromosome chr13
Processing chromosome chr13
.INFO [2024-10-24 14:34:57,605]  [Preprocessor.java:255] [main]  Processing chromosome chr14
Processing chromosome chr14
.INFO [2024-10-24 14:34:57,852]  [Preprocessor.java:255] [main]  Processing chromosome chr15
Processing chromosome chr15
..INFO [2024-10-24 14:34:58,008]  [Preprocessor.java:255] [main]  Processing chromosome chr16
Processing chromosome chr16
..40.0% 
INFO [2024-10-24 14:34:58,437]  [Preprocessor.java:255] [main]  Processing chromosome chr17
Processing chromosome chr17
....INFO [2024-10-24 14:34:58,802]  [Preprocessor.java:255] [main]  Processing chromosome chr18
Processing chromosome chr18
.INFO [2024-10-24 14:34:58,868]  [Preprocessor.java:255] [main]  Processing chromosome chr19
Processing chromosome chr19
....50.0% 
.INFO [2024-10-24 14:34:59,416]  [Preprocessor.java:255] [main]  Processing chromosome chr20
Processing chromosome chr20
..INFO [2024-10-24 14:34:59,572]  [Preprocessor.java:255] [main]  Processing chromosome chr21
Processing chromosome chr21
INFO [2024-10-24 14:34:59,616]  [Preprocessor.java:255] [main]  Processing chromosome chr22
Processing chromosome chr22
..INFO [2024-10-24 14:34:59,824]  [Preprocessor.java:255] [main]  Processing chromosome chrX
Processing chromosome chrX
.INFO [2024-10-24 14:34:59,918]  [Preprocessor.java:255] [main]  Processing chromosome chrY
Processing chromosome chrY
INFO [2024-10-24 14:34:59,921]  [Preprocessor.java:255] [main]  Processing chromosome chrM
Processing chromosome chrM
INFO [2024-10-24 14:35:00,031]  [Preprocessor.java:255] [main]  Processing chromosome GL000194.1
Processing chromosome GL000194.1
INFO [2024-10-24 14:35:00,049]  [Preprocessor.java:255] [main]  Processing chromosome GL000195.1
Processing chromosome GL000195.1
INFO [2024-10-24 14:35:00,052]  [Preprocessor.java:255] [main]  Processing chromosome GL000205.2
Processing chromosome GL000205.2
INFO [2024-10-24 14:35:00,053]  [Preprocessor.java:255] [main]  Processing chromosome GL000219.1
Processing chromosome GL000219.1
INFO [2024-10-24 14:35:00,053]  [Preprocessor.java:255] [main]  Processing chromosome GL000220.1
Processing chromosome GL000220.1
INFO [2024-10-24 14:35:00,056]  [Preprocessor.java:255] [main]  Processing chromosome KI270438.1
Processing chromosome KI270438.1
INFO [2024-10-24 14:35:00,057]  [Preprocessor.java:255] [main]  Processing chromosome KI270442.1
Processing chromosome KI270442.1
INFO [2024-10-24 14:35:00,057]  [Preprocessor.java:255] [main]  Processing chromosome KI270706.1
Processing chromosome KI270706.1
INFO [2024-10-24 14:35:00,058]  [Preprocessor.java:255] [main]  Processing chromosome KI270713.1
Processing chromosome KI270713.1
INFO [2024-10-24 14:35:00,068]  [Preprocessor.java:255] [main]  Processing chromosome KI270714.1
Processing chromosome KI270714.1
INFO [2024-10-24 14:35:00,069]  [Preprocessor.java:255] [main]  Processing chromosome KI270721.1
Processing chromosome KI270721.1
INFO [2024-10-24 14:35:00,071]  [Preprocessor.java:255] [main]  Processing chromosome KI270733.1
Processing chromosome KI270733.1
INFO [2024-10-24 14:35:00,079]  [Preprocessor.java:255] [main]  Processing chromosome KI270734.1
Processing chromosome KI270734.1
INFO [2024-10-24 14:35:00,081]  [Preprocessor.java:255] [main]  Processing chromosome KI270744.1
Processing chromosome KI270744.1
INFO [2024-10-24 14:35:00,081]  [Preprocessor.java:255] [main]  Processing chromosome KI270745.1
Processing chromosome KI270745.1
INFO [2024-10-24 14:35:00,128]  [TDFWriter.java:318] [main]  Group idx: 1
Group idx: 1
100.0% 
Done
INFO [2024-10-24 14:34:51,021]  [IgvTools.java:667] [main]  toTDF.  File = ./results/tracks/Ctrl_0h_IAA_4SU_2.TC.1.pos.bedGraph
toTDF.  File = ./results/tracks/Ctrl_0h_IAA_4SU_2.TC.1.pos.bedGraph
INFO [2024-10-24 14:34:51,024]  [IgvTools.java:668] [main]  Max zoom = 7
Max zoom = 7
INFO [2024-10-24 14:34:51,024]  [IgvTools.java:676] [main]  Window functions: mean max 
Window functions: mean max 
INFO [2024-10-24 14:34:51,030]  [GenomeManager.java:145] [main]  Loading genome: /srv/2023_UPF1_4SU_EZbakR/./results/tracks/GRCh38.chrom.sizes
Loading genome: /srv/2023_UPF1_4SU_EZbakR/./results/tracks/GRCh38.chrom.sizes
INFO [2024-10-24 14:34:51,198]  [DirectoryManager.java:169] [main]  IGV Directory: /home/volker/igv
IGV Directory: /home/volker/igv
INFO [2024-10-24 14:34:51,214]  [GenomeManager.java:192] [main]  Genome loaded.  id= /srv/2023_UPF1_4SU_EZbakR/
Genome loaded.  id= /srv/2023_UPF1_4SU_EZbakR/
INFO [2024-10-24 14:34:51,233]  [Preprocessor.java:125] [main]  track type=bedGraph name=" Ctrl_0h_IAA_4SU_2 TC 1 plus " description=" Ctrl_0h_IAA_4SU_2 TC 1 positive strand" visibility=full autoScale=off windowingFunction=mean viewLimits=0:10 color=250,150,150  altColor=10,10,10 priority=20
track type=bedGraph name=" Ctrl_0h_IAA_4SU_2 TC 1 plus " description=" Ctrl_0h_IAA_4SU_2 TC 1 positive strand" visibility=full autoScale=off windowingFunction=mean viewLimits=0:10 color=250,150,150  altColor=10,10,10 priority=20
INFO [2024-10-24 14:34:51,246]  [Preprocessor.java:255] [main]  Processing chromosome chr1
Processing chromosome chr1
.....INFO [2024-10-24 14:34:53,726]  [Preprocessor.java:255] [main]  Processing chromosome chr2
Processing chromosome chr2
...INFO [2024-10-24 14:34:54,557]  [Preprocessor.java:255] [main]  Processing chromosome chr3
Processing chromosome chr3
.10.0% 
.INFO [2024-10-24 14:34:54,961]  [Preprocessor.java:255] [main]  Processing chromosome chr4
Processing chromosome chr4
.INFO [2024-10-24 14:34:55,288]  [Preprocessor.java:255] [main]  Processing chromosome chr5
Processing chromosome chr5
..INFO [2024-10-24 14:34:55,506]  [Preprocessor.java:255] [main]  Processing chromosome chr6
Processing chromosome chr6
...INFO [2024-10-24 14:34:55,844]  [Preprocessor.java:255] [main]  Processing chromosome chr7
Processing chromosome chr7
..INFO [2024-10-24 14:34:56,107]  [Preprocessor.java:255] [main]  Processing chromosome chr8
Processing chromosome chr8
20.0% 
.INFO [2024-10-24 14:34:56,443]  [Preprocessor.java:255] [main]  Processing chromosome chr9
Processing chromosome chr9
..INFO [2024-10-24 14:34:56,791]  [Preprocessor.java:255] [main]  Processing chromosome chr10
Processing chromosome chr10
..INFO [2024-10-24 14:34:57,182]  [Preprocessor.java:255] [main]  Processing chromosome chr11
Processing chromosome chr11
...INFO [2024-10-24 14:34:57,581]  [Preprocessor.java:255] [main]  Processing chromosome chr12
Processing chromosome chr12
.30.0% 
.INFO [2024-10-24 14:34:57,978]  [Preprocessor.java:255] [main]  Processing chromosome chr13
Processing chromosome chr13
.INFO [2024-10-24 14:34:58,193]  [Preprocessor.java:255] [main]  Processing chromosome chr14
Processing chromosome chr14
..INFO [2024-10-24 14:34:58,366]  [Preprocessor.java:255] [main]  Processing chromosome chr15
Processing chromosome chr15
.INFO [2024-10-24 14:34:58,565]  [Preprocessor.java:255] [main]  Processing chromosome chr16
Processing chromosome chr16
...INFO [2024-10-24 14:34:58,889]  [Preprocessor.java:255] [main]  Processing chromosome chr17
Processing chromosome chr17
.40.0% 
..INFO [2024-10-24 14:34:59,495]  [Preprocessor.java:255] [main]  Processing chromosome chr18
Processing chromosome chr18
.INFO [2024-10-24 14:34:59,562]  [Preprocessor.java:255] [main]  Processing chromosome chr19
Processing chromosome chr19
....INFO [2024-10-24 14:34:59,967]  [Preprocessor.java:255] [main]  Processing chromosome chr20
Processing chromosome chr20
..INFO [2024-10-24 14:35:00,121]  [Preprocessor.java:255] [main]  Processing chromosome chr21
Processing chromosome chr21
INFO [2024-10-24 14:35:00,175]  [Preprocessor.java:255] [main]  Processing chromosome chr22
Processing chromosome chr22
50.0% 
.INFO [2024-10-24 14:35:00,474]  [Preprocessor.java:255] [main]  Processing chromosome chrX
Processing chromosome chrX
.INFO [2024-10-24 14:35:00,596]  [Preprocessor.java:255] [main]  Processing chromosome chrY
Processing chromosome chrY
INFO [2024-10-24 14:35:00,599]  [Preprocessor.java:255] [main]  Processing chromosome chrM
Processing chromosome chrM
INFO [2024-10-24 14:35:00,697]  [Preprocessor.java:255] [main]  Processing chromosome GL000008.2
Processing chromosome GL000008.2
INFO [2024-10-24 14:35:00,703]  [Preprocessor.java:255] [main]  Processing chromosome GL000194.1
Processing chromosome GL000194.1
INFO [2024-10-24 14:35:00,708]  [Preprocessor.java:255] [main]  Processing chromosome GL000195.1
Processing chromosome GL000195.1
INFO [2024-10-24 14:35:00,716]  [Preprocessor.java:255] [main]  Processing chromosome GL000205.2
Processing chromosome GL000205.2
INFO [2024-10-24 14:35:00,723]  [Preprocessor.java:255] [main]  Processing chromosome GL000218.1
Processing chromosome GL000218.1
INFO [2024-10-24 14:35:00,735]  [Preprocessor.java:255] [main]  Processing chromosome GL000219.1
Processing chromosome GL000219.1
INFO [2024-10-24 14:35:00,742]  [Preprocessor.java:255] [main]  Processing chromosome GL000220.1
Processing chromosome GL000220.1
INFO [2024-10-24 14:35:00,744]  [Preprocessor.java:255] [main]  Processing chromosome GL000221.1
Processing chromosome GL000221.1
INFO [2024-10-24 14:35:00,746]  [Preprocessor.java:255] [main]  Processing chromosome KI270706.1
Processing chromosome KI270706.1
INFO [2024-10-24 14:35:00,746]  [Preprocessor.java:255] [main]  Processing chromosome KI270711.1
Processing chromosome KI270711.1
INFO [2024-10-24 14:35:00,759]  [Preprocessor.java:255] [main]  Processing chromosome KI270713.1
Processing chromosome KI270713.1
INFO [2024-10-24 14:35:00,766]  [Preprocessor.java:255] [main]  Processing chromosome KI270714.1
Processing chromosome KI270714.1
INFO [2024-10-24 14:35:00,776]  [Preprocessor.java:255] [main]  Processing chromosome KI270718.1
Processing chromosome KI270718.1
INFO [2024-10-24 14:35:00,777]  [Preprocessor.java:255] [main]  Processing chromosome KI270719.1
Processing chromosome KI270719.1
INFO [2024-10-24 14:35:00,778]  [Preprocessor.java:255] [main]  Processing chromosome KI270720.1
Processing chromosome KI270720.1
INFO [2024-10-24 14:35:00,779]  [Preprocessor.java:255] [main]  Processing chromosome KI270727.1
Processing chromosome KI270727.1
INFO [2024-10-24 14:35:00,780]  [Preprocessor.java:255] [main]  Processing chromosome KI270728.1
Processing chromosome KI270728.1
INFO [2024-10-24 14:35:00,781]  [Preprocessor.java:255] [main]  Processing chromosome KI270733.1
Processing chromosome KI270733.1
INFO [2024-10-24 14:35:00,786]  [Preprocessor.java:255] [main]  Processing chromosome KI270734.1
Processing chromosome KI270734.1
INFO [2024-10-24 14:35:00,787]  [Preprocessor.java:255] [main]  Processing chromosome KI270742.1
Processing chromosome KI270742.1
INFO [2024-10-24 14:35:00,788]  [Preprocessor.java:255] [main]  Processing chromosome KI270743.1
Processing chromosome KI270743.1
INFO [2024-10-24 14:35:00,789]  [Preprocessor.java:255] [main]  Processing chromosome KI270744.1
Processing chromosome KI270744.1
INFO [2024-10-24 14:35:00,822]  [TDFWriter.java:318] [main]  Group idx: 1
Group idx: 1
100.0% 
Done
INFO [2024-10-24 14:34:51,057]  [IgvTools.java:667] [main]  toTDF.  File = ./results/tracks/Ctrl_0h_IAA_4SU_2.TC.1.min.bedGraph
toTDF.  File = ./results/tracks/Ctrl_0h_IAA_4SU_2.TC.1.min.bedGraph
INFO [2024-10-24 14:34:51,059]  [IgvTools.java:668] [main]  Max zoom = 7
Max zoom = 7
INFO [2024-10-24 14:34:51,059]  [IgvTools.java:676] [main]  Window functions: mean max 
Window functions: mean max 
INFO [2024-10-24 14:34:51,065]  [GenomeManager.java:145] [main]  Loading genome: /srv/2023_UPF1_4SU_EZbakR/./results/tracks/GRCh38.chrom.sizes
Loading genome: /srv/2023_UPF1_4SU_EZbakR/./results/tracks/GRCh38.chrom.sizes
INFO [2024-10-24 14:34:51,254]  [DirectoryManager.java:169] [main]  IGV Directory: /home/volker/igv
IGV Directory: /home/volker/igv
INFO [2024-10-24 14:34:51,269]  [GenomeManager.java:192] [main]  Genome loaded.  id= /srv/2023_UPF1_4SU_EZbakR/
Genome loaded.  id= /srv/2023_UPF1_4SU_EZbakR/
INFO [2024-10-24 14:34:51,282]  [Preprocessor.java:125] [main]  track type=bedGraph name=" Ctrl_0h_IAA_4SU_2 TC 1 minus " description=" Ctrl_0h_IAA_4SU_2 TC 1 minus strand" visibility=full negateValues=on autoScale=off windowingFunction=mean viewLimits=-10:0 color=10,10,10 altColor=250,150,150  priority=20
track type=bedGraph name=" Ctrl_0h_IAA_4SU_2 TC 1 minus " description=" Ctrl_0h_IAA_4SU_2 TC 1 minus strand" visibility=full negateValues=on autoScale=off windowingFunction=mean viewLimits=-10:0 color=10,10,10 altColor=250,150,150  priority=20
INFO [2024-10-24 14:34:51,304]  [Preprocessor.java:255] [main]  Processing chromosome chr1
Processing chromosome chr1
.....INFO [2024-10-24 14:34:53,707]  [Preprocessor.java:255] [main]  Processing chromosome chr2
Processing chromosome chr2
...INFO [2024-10-24 14:34:54,452]  [Preprocessor.java:255] [main]  Processing chromosome chr3
Processing chromosome chr3
.10.0% 
.INFO [2024-10-24 14:34:54,933]  [Preprocessor.java:255] [main]  Processing chromosome chr4
Processing chromosome chr4
..INFO [2024-10-24 14:34:55,248]  [Preprocessor.java:255] [main]  Processing chromosome chr5
Processing chromosome chr5
..INFO [2024-10-24 14:34:55,545]  [Preprocessor.java:255] [main]  Processing chromosome chr6
Processing chromosome chr6
...INFO [2024-10-24 14:34:55,924]  [Preprocessor.java:255] [main]  Processing chromosome chr7
Processing chromosome chr7
.20.0% 
.INFO [2024-10-24 14:34:56,259]  [Preprocessor.java:255] [main]  Processing chromosome chr8
Processing chromosome chr8
..INFO [2024-10-24 14:34:56,447]  [Preprocessor.java:255] [main]  Processing chromosome chr9
Processing chromosome chr9
..INFO [2024-10-24 14:34:56,788]  [Preprocessor.java:255] [main]  Processing chromosome chr10
Processing chromosome chr10
..INFO [2024-10-24 14:34:57,186]  [Preprocessor.java:255] [main]  Processing chromosome chr11
Processing chromosome chr11
..30.0% 
INFO [2024-10-24 14:34:57,545]  [Preprocessor.java:255] [main]  Processing chromosome chr12
Processing chromosome chr12
...INFO [2024-10-24 14:34:57,985]  [Preprocessor.java:255] [main]  Processing chromosome chr13
Processing chromosome chr13
.INFO [2024-10-24 14:34:58,071]  [Preprocessor.java:255] [main]  Processing chromosome chr14
Processing chromosome chr14
.INFO [2024-10-24 14:34:58,315]  [Preprocessor.java:255] [main]  Processing chromosome chr15
Processing chromosome chr15
..INFO [2024-10-24 14:34:58,508]  [Preprocessor.java:255] [main]  Processing chromosome chr16
Processing chromosome chr16
..40.0% 
INFO [2024-10-24 14:34:58,938]  [Preprocessor.java:255] [main]  Processing chromosome chr17
Processing chromosome chr17
....INFO [2024-10-24 14:34:59,508]  [Preprocessor.java:255] [main]  Processing chromosome chr18
Processing chromosome chr18
.INFO [2024-10-24 14:34:59,589]  [Preprocessor.java:255] [main]  Processing chromosome chr19
Processing chromosome chr19
....50.0% 
.INFO [2024-10-24 14:35:00,158]  [Preprocessor.java:255] [main]  Processing chromosome chr20
Processing chromosome chr20
..INFO [2024-10-24 14:35:00,357]  [Preprocessor.java:255] [main]  Processing chromosome chr21
Processing chromosome chr21
INFO [2024-10-24 14:35:00,407]  [Preprocessor.java:255] [main]  Processing chromosome chr22
Processing chromosome chr22
..INFO [2024-10-24 14:35:00,583]  [Preprocessor.java:255] [main]  Processing chromosome chrX
Processing chromosome chrX
.INFO [2024-10-24 14:35:00,701]  [Preprocessor.java:255] [main]  Processing chromosome chrY
Processing chromosome chrY
INFO [2024-10-24 14:35:00,704]  [Preprocessor.java:255] [main]  Processing chromosome chrM
Processing chromosome chrM
INFO [2024-10-24 14:35:00,798]  [Preprocessor.java:255] [main]  Processing chromosome GL000194.1
Processing chromosome GL000194.1
INFO [2024-10-24 14:35:00,815]  [Preprocessor.java:255] [main]  Processing chromosome GL000195.1
Processing chromosome GL000195.1
INFO [2024-10-24 14:35:00,819]  [Preprocessor.java:255] [main]  Processing chromosome GL000205.2
Processing chromosome GL000205.2
INFO [2024-10-24 14:35:00,819]  [Preprocessor.java:255] [main]  Processing chromosome GL000219.1
Processing chromosome GL000219.1
INFO [2024-10-24 14:35:00,820]  [Preprocessor.java:255] [main]  Processing chromosome GL000220.1
Processing chromosome GL000220.1
INFO [2024-10-24 14:35:00,823]  [Preprocessor.java:255] [main]  Processing chromosome KI270438.1
Processing chromosome KI270438.1
INFO [2024-10-24 14:35:00,824]  [Preprocessor.java:255] [main]  Processing chromosome KI270442.1
Processing chromosome KI270442.1
INFO [2024-10-24 14:35:00,825]  [Preprocessor.java:255] [main]  Processing chromosome KI270706.1
Processing chromosome KI270706.1
INFO [2024-10-24 14:35:00,825]  [Preprocessor.java:255] [main]  Processing chromosome KI270713.1
Processing chromosome KI270713.1
INFO [2024-10-24 14:35:00,836]  [Preprocessor.java:255] [main]  Processing chromosome KI270714.1
Processing chromosome KI270714.1
INFO [2024-10-24 14:35:00,837]  [Preprocessor.java:255] [main]  Processing chromosome KI270721.1
Processing chromosome KI270721.1
INFO [2024-10-24 14:35:00,839]  [Preprocessor.java:255] [main]  Processing chromosome KI270733.1
Processing chromosome KI270733.1
INFO [2024-10-24 14:35:00,848]  [Preprocessor.java:255] [main]  Processing chromosome KI270734.1
Processing chromosome KI270734.1
INFO [2024-10-24 14:35:00,849]  [Preprocessor.java:255] [main]  Processing chromosome KI270743.1
Processing chromosome KI270743.1
INFO [2024-10-24 14:35:00,850]  [Preprocessor.java:255] [main]  Processing chromosome KI270744.1
Processing chromosome KI270744.1
INFO [2024-10-24 14:35:00,850]  [Preprocessor.java:255] [main]  Processing chromosome KI270745.1
Processing chromosome KI270745.1
INFO [2024-10-24 14:35:00,886]  [TDFWriter.java:318] [main]  Group idx: 1
Group idx: 1
100.0% 
Done
INFO [2024-10-24 14:34:51,063]  [IgvTools.java:667] [main]  toTDF.  File = ./results/tracks/Ctrl_0h_IAA_4SU_2.TC.0.pos.bedGraph
toTDF.  File = ./results/tracks/Ctrl_0h_IAA_4SU_2.TC.0.pos.bedGraph
INFO [2024-10-24 14:34:51,065]  [IgvTools.java:668] [main]  Max zoom = 7
Max zoom = 7
INFO [2024-10-24 14:34:51,066]  [IgvTools.java:676] [main]  Window functions: mean max 
Window functions: mean max 
INFO [2024-10-24 14:34:51,071]  [GenomeManager.java:145] [main]  Loading genome: /srv/2023_UPF1_4SU_EZbakR/./results/tracks/GRCh38.chrom.sizes
Loading genome: /srv/2023_UPF1_4SU_EZbakR/./results/tracks/GRCh38.chrom.sizes
INFO [2024-10-24 14:34:51,267]  [DirectoryManager.java:169] [main]  IGV Directory: /home/volker/igv
IGV Directory: /home/volker/igv
INFO [2024-10-24 14:34:51,289]  [GenomeManager.java:192] [main]  Genome loaded.  id= /srv/2023_UPF1_4SU_EZbakR/
Genome loaded.  id= /srv/2023_UPF1_4SU_EZbakR/
INFO [2024-10-24 14:34:51,303]  [Preprocessor.java:125] [main]  track type=bedGraph name=" Ctrl_0h_IAA_4SU_2 TC 0 plus " description=" Ctrl_0h_IAA_4SU_2 TC 0 positive strand" visibility=full autoScale=off windowingFunction=mean viewLimits=0:10 color=200,200,200  altColor=10,10,10 priority=20
track type=bedGraph name=" Ctrl_0h_IAA_4SU_2 TC 0 plus " description=" Ctrl_0h_IAA_4SU_2 TC 0 positive strand" visibility=full autoScale=off windowingFunction=mean viewLimits=0:10 color=200,200,200  altColor=10,10,10 priority=20
INFO [2024-10-24 14:34:51,318]  [Preprocessor.java:255] [main]  Processing chromosome chr1
Processing chromosome chr1
.....INFO [2024-10-24 14:34:55,104]  [Preprocessor.java:255] [main]  Processing chromosome chr2
Processing chromosome chr2
...INFO [2024-10-24 14:34:56,467]  [Preprocessor.java:255] [main]  Processing chromosome chr3
Processing chromosome chr3
.10.0% 
.INFO [2024-10-24 14:34:57,488]  [Preprocessor.java:255] [main]  Processing chromosome chr4
Processing chromosome chr4
..INFO [2024-10-24 14:34:58,114]  [Preprocessor.java:255] [main]  Processing chromosome chr5
Processing chromosome chr5
..INFO [2024-10-24 14:34:58,802]  [Preprocessor.java:255] [main]  Processing chromosome chr6
Processing chromosome chr6
...INFO [2024-10-24 14:34:59,678]  [Preprocessor.java:255] [main]  Processing chromosome chr7
Processing chromosome chr7
.20.0% 
INFO [2024-10-24 14:35:00,524]  [Preprocessor.java:255] [main]  Processing chromosome chr8
Processing chromosome chr8
..INFO [2024-10-24 14:35:01,237]  [Preprocessor.java:255] [main]  Processing chromosome chr9
Processing chromosome chr9
..INFO [2024-10-24 14:35:01,959]  [Preprocessor.java:255] [main]  Processing chromosome chr10
Processing chromosome chr10
..INFO [2024-10-24 14:35:02,651]  [Preprocessor.java:255] [main]  Processing chromosome chr11
Processing chromosome chr11
...INFO [2024-10-24 14:35:03,598]  [Preprocessor.java:255] [main]  Processing chromosome chr12
Processing chromosome chr12
30.0% 
..INFO [2024-10-24 14:35:04,540]  [Preprocessor.java:255] [main]  Processing chromosome chr13
Processing chromosome chr13
.INFO [2024-10-24 14:35:04,824]  [Preprocessor.java:255] [main]  Processing chromosome chr14
Processing chromosome chr14
..INFO [2024-10-24 14:35:05,377]  [Preprocessor.java:255] [main]  Processing chromosome chr15
Processing chromosome chr15
.INFO [2024-10-24 14:35:05,862]  [Preprocessor.java:255] [main]  Processing chromosome chr16
Processing chromosome chr16
...INFO [2024-10-24 14:35:06,666]  [Preprocessor.java:255] [main]  Processing chromosome chr17
Processing chromosome chr17
40.0% 
...INFO [2024-10-24 14:35:08,047]  [Preprocessor.java:255] [main]  Processing chromosome chr18
Processing chromosome chr18
.INFO [2024-10-24 14:35:08,275]  [Preprocessor.java:255] [main]  Processing chromosome chr19
Processing chromosome chr19
...INFO [2024-10-24 14:35:09,314]  [Preprocessor.java:255] [main]  Processing chromosome chr20
Processing chromosome chr20
.INFO [2024-10-24 14:35:09,757]  [Preprocessor.java:255] [main]  Processing chromosome chr21
Processing chromosome chr21
.INFO [2024-10-24 14:35:09,913]  [Preprocessor.java:255] [main]  Processing chromosome chr22
Processing chromosome chr22
50.0% 
INFO [2024-10-24 14:35:10,398]  [Preprocessor.java:255] [main]  Processing chromosome chrX
Processing chromosome chrX
..INFO [2024-10-24 14:35:10,854]  [Preprocessor.java:255] [main]  Processing chromosome chrY
Processing chromosome chrY
INFO [2024-10-24 14:35:10,858]  [Preprocessor.java:255] [main]  Processing chromosome chrM
Processing chromosome chrM
INFO [2024-10-24 14:35:10,942]  [Preprocessor.java:255] [main]  Processing chromosome GL000008.2
Processing chromosome GL000008.2
INFO [2024-10-24 14:35:10,952]  [Preprocessor.java:255] [main]  Processing chromosome GL000194.1
Processing chromosome GL000194.1
INFO [2024-10-24 14:35:10,959]  [Preprocessor.java:255] [main]  Processing chromosome GL000195.1
Processing chromosome GL000195.1
INFO [2024-10-24 14:35:10,968]  [Preprocessor.java:255] [main]  Processing chromosome GL000205.2
Processing chromosome GL000205.2
INFO [2024-10-24 14:35:10,976]  [Preprocessor.java:255] [main]  Processing chromosome GL000218.1
Processing chromosome GL000218.1
INFO [2024-10-24 14:35:10,991]  [Preprocessor.java:255] [main]  Processing chromosome GL000219.1
Processing chromosome GL000219.1
INFO [2024-10-24 14:35:11,000]  [Preprocessor.java:255] [main]  Processing chromosome GL000220.1
Processing chromosome GL000220.1
INFO [2024-10-24 14:35:11,003]  [Preprocessor.java:255] [main]  Processing chromosome GL000221.1
Processing chromosome GL000221.1
INFO [2024-10-24 14:35:11,005]  [Preprocessor.java:255] [main]  Processing chromosome KI270706.1
Processing chromosome KI270706.1
INFO [2024-10-24 14:35:11,006]  [Preprocessor.java:255] [main]  Processing chromosome KI270711.1
Processing chromosome KI270711.1
INFO [2024-10-24 14:35:11,022]  [Preprocessor.java:255] [main]  Processing chromosome KI270713.1
Processing chromosome KI270713.1
INFO [2024-10-24 14:35:11,028]  [Preprocessor.java:255] [main]  Processing chromosome KI270714.1
Processing chromosome KI270714.1
INFO [2024-10-24 14:35:11,044]  [Preprocessor.java:255] [main]  Processing chromosome KI270718.1
Processing chromosome KI270718.1
INFO [2024-10-24 14:35:11,046]  [Preprocessor.java:255] [main]  Processing chromosome KI270719.1
Processing chromosome KI270719.1
INFO [2024-10-24 14:35:11,046]  [Preprocessor.java:255] [main]  Processing chromosome KI270720.1
Processing chromosome KI270720.1
INFO [2024-10-24 14:35:11,048]  [Preprocessor.java:255] [main]  Processing chromosome KI270727.1
Processing chromosome KI270727.1
INFO [2024-10-24 14:35:11,049]  [Preprocessor.java:255] [main]  Processing chromosome KI270728.1
Processing chromosome KI270728.1
INFO [2024-10-24 14:35:11,050]  [Preprocessor.java:255] [main]  Processing chromosome KI270733.1
Processing chromosome KI270733.1
INFO [2024-10-24 14:35:11,056]  [Preprocessor.java:255] [main]  Processing chromosome KI270734.1
Processing chromosome KI270734.1
INFO [2024-10-24 14:35:11,058]  [Preprocessor.java:255] [main]  Processing chromosome KI270742.1
Processing chromosome KI270742.1
INFO [2024-10-24 14:35:11,060]  [Preprocessor.java:255] [main]  Processing chromosome KI270743.1
Processing chromosome KI270743.1
INFO [2024-10-24 14:35:11,060]  [Preprocessor.java:255] [main]  Processing chromosome KI270744.1
Processing chromosome KI270744.1
INFO [2024-10-24 14:35:11,077]  [TDFWriter.java:318] [main]  Group idx: 1
Group idx: 1
100.0% 
Done
INFO [2024-10-24 14:34:51,081]  [IgvTools.java:667] [main]  toTDF.  File = ./results/tracks/Ctrl_0h_IAA_4SU_2.TC.0.min.bedGraph
toTDF.  File = ./results/tracks/Ctrl_0h_IAA_4SU_2.TC.0.min.bedGraph
INFO [2024-10-24 14:34:51,084]  [IgvTools.java:668] [main]  Max zoom = 7
Max zoom = 7
INFO [2024-10-24 14:34:51,085]  [IgvTools.java:676] [main]  Window functions: mean max 
Window functions: mean max 
INFO [2024-10-24 14:34:51,091]  [GenomeManager.java:145] [main]  Loading genome: /srv/2023_UPF1_4SU_EZbakR/./results/tracks/GRCh38.chrom.sizes
Loading genome: /srv/2023_UPF1_4SU_EZbakR/./results/tracks/GRCh38.chrom.sizes
INFO [2024-10-24 14:34:51,324]  [DirectoryManager.java:169] [main]  IGV Directory: /home/volker/igv
IGV Directory: /home/volker/igv
INFO [2024-10-24 14:34:51,345]  [GenomeManager.java:192] [main]  Genome loaded.  id= /srv/2023_UPF1_4SU_EZbakR/
Genome loaded.  id= /srv/2023_UPF1_4SU_EZbakR/
INFO [2024-10-24 14:34:51,361]  [Preprocessor.java:125] [main]  track type=bedGraph name=" Ctrl_0h_IAA_4SU_2 TC 0 minus " description=" Ctrl_0h_IAA_4SU_2 TC 0 minus strand" visibility=full negateValues=on autoScale=off windowingFunction=mean viewLimits=-10:0 color=10,10,10 altColor=200,200,200  priority=20
track type=bedGraph name=" Ctrl_0h_IAA_4SU_2 TC 0 minus " description=" Ctrl_0h_IAA_4SU_2 TC 0 minus strand" visibility=full negateValues=on autoScale=off windowingFunction=mean viewLimits=-10:0 color=10,10,10 altColor=200,200,200  priority=20
INFO [2024-10-24 14:34:51,393]  [Preprocessor.java:255] [main]  Processing chromosome chr1
Processing chromosome chr1
.....INFO [2024-10-24 14:34:55,259]  [Preprocessor.java:255] [main]  Processing chromosome chr2
Processing chromosome chr2
....INFO [2024-10-24 14:34:56,593]  [Preprocessor.java:255] [main]  Processing chromosome chr3
Processing chromosome chr3
10.0% 
..INFO [2024-10-24 14:34:57,535]  [Preprocessor.java:255] [main]  Processing chromosome chr4
Processing chromosome chr4
..INFO [2024-10-24 14:34:58,212]  [Preprocessor.java:255] [main]  Processing chromosome chr5
Processing chromosome chr5
..INFO [2024-10-24 14:34:59,234]  [Preprocessor.java:255] [main]  Processing chromosome chr6
Processing chromosome chr6
...INFO [2024-10-24 14:35:00,034]  [Preprocessor.java:255] [main]  Processing chromosome chr7
Processing chromosome chr7
20.0% 
..INFO [2024-10-24 14:35:00,821]  [Preprocessor.java:255] [main]  Processing chromosome chr8
Processing chromosome chr8
.INFO [2024-10-24 14:35:01,395]  [Preprocessor.java:255] [main]  Processing chromosome chr9
Processing chromosome chr9
...INFO [2024-10-24 14:35:02,018]  [Preprocessor.java:255] [main]  Processing chromosome chr10
Processing chromosome chr10
..INFO [2024-10-24 14:35:02,703]  [Preprocessor.java:255] [main]  Processing chromosome chr11
Processing chromosome chr11
.30.0% 
.INFO [2024-10-24 14:35:03,698]  [Preprocessor.java:255] [main]  Processing chromosome chr12
Processing chromosome chr12
....INFO [2024-10-24 14:35:04,639]  [Preprocessor.java:255] [main]  Processing chromosome chr13
Processing chromosome chr13
INFO [2024-10-24 14:35:04,884]  [Preprocessor.java:255] [main]  Processing chromosome chr14
Processing chromosome chr14
..INFO [2024-10-24 14:35:05,402]  [Preprocessor.java:255] [main]  Processing chromosome chr15
Processing chromosome chr15
..INFO [2024-10-24 14:35:05,913]  [Preprocessor.java:255] [main]  Processing chromosome chr16
Processing chromosome chr16
40.0% 
..INFO [2024-10-24 14:35:06,783]  [Preprocessor.java:255] [main]  Processing chromosome chr17
Processing chromosome chr17
....INFO [2024-10-24 14:35:07,934]  [Preprocessor.java:255] [main]  Processing chromosome chr18
Processing chromosome chr18
INFO [2024-10-24 14:35:08,164]  [Preprocessor.java:255] [main]  Processing chromosome chr19
Processing chromosome chr19
...50.0% 
.INFO [2024-10-24 14:35:09,356]  [Preprocessor.java:255] [main]  Processing chromosome chr20
Processing chromosome chr20
.INFO [2024-10-24 14:35:09,861]  [Preprocessor.java:255] [main]  Processing chromosome chr21
Processing chromosome chr21
.INFO [2024-10-24 14:35:10,038]  [Preprocessor.java:255] [main]  Processing chromosome chr22
Processing chromosome chr22
..INFO [2024-10-24 14:35:10,538]  [Preprocessor.java:255] [main]  Processing chromosome chrX
Processing chromosome chrX
.INFO [2024-10-24 14:35:11,008]  [Preprocessor.java:255] [main]  Processing chromosome chrY
Processing chromosome chrY
INFO [2024-10-24 14:35:11,011]  [Preprocessor.java:255] [main]  Processing chromosome chrM
Processing chromosome chrM
INFO [2024-10-24 14:35:11,100]  [Preprocessor.java:255] [main]  Processing chromosome GL000008.2
Processing chromosome GL000008.2
INFO [2024-10-24 14:35:11,118]  [Preprocessor.java:255] [main]  Processing chromosome GL000194.1
Processing chromosome GL000194.1
INFO [2024-10-24 14:35:11,119]  [Preprocessor.java:255] [main]  Processing chromosome GL000195.1
Processing chromosome GL000195.1
INFO [2024-10-24 14:35:11,123]  [Preprocessor.java:255] [main]  Processing chromosome GL000205.2
Processing chromosome GL000205.2
INFO [2024-10-24 14:35:11,124]  [Preprocessor.java:255] [main]  Processing chromosome GL000219.1
Processing chromosome GL000219.1
INFO [2024-10-24 14:35:11,125]  [Preprocessor.java:255] [main]  Processing chromosome GL000220.1
Processing chromosome GL000220.1
INFO [2024-10-24 14:35:11,129]  [Preprocessor.java:255] [main]  Processing chromosome KI270438.1
Processing chromosome KI270438.1
INFO [2024-10-24 14:35:11,130]  [Preprocessor.java:255] [main]  Processing chromosome KI270442.1
Processing chromosome KI270442.1
INFO [2024-10-24 14:35:11,130]  [Preprocessor.java:255] [main]  Processing chromosome KI270706.1
Processing chromosome KI270706.1
INFO [2024-10-24 14:35:11,131]  [Preprocessor.java:255] [main]  Processing chromosome KI270713.1
Processing chromosome KI270713.1
INFO [2024-10-24 14:35:11,144]  [Preprocessor.java:255] [main]  Processing chromosome KI270714.1
Processing chromosome KI270714.1
INFO [2024-10-24 14:35:11,146]  [Preprocessor.java:255] [main]  Processing chromosome KI270721.1
Processing chromosome KI270721.1
INFO [2024-10-24 14:35:11,149]  [Preprocessor.java:255] [main]  Processing chromosome KI270731.1
Processing chromosome KI270731.1
INFO [2024-10-24 14:35:11,150]  [Preprocessor.java:255] [main]  Processing chromosome KI270733.1
Processing chromosome KI270733.1
INFO [2024-10-24 14:35:11,161]  [Preprocessor.java:255] [main]  Processing chromosome KI270734.1
Processing chromosome KI270734.1
INFO [2024-10-24 14:35:11,164]  [Preprocessor.java:255] [main]  Processing chromosome KI270743.1
Processing chromosome KI270743.1
INFO [2024-10-24 14:35:11,165]  [Preprocessor.java:255] [main]  Processing chromosome KI270744.1
Processing chromosome KI270744.1
INFO [2024-10-24 14:35:11,166]  [Preprocessor.java:255] [main]  Processing chromosome KI270745.1
Processing chromosome KI270745.1
INFO [2024-10-24 14:35:11,170]  [Preprocessor.java:255] [main]  Processing chromosome KI270755.1
Processing chromosome KI270755.1
INFO [2024-10-24 14:35:11,188]  [TDFWriter.java:318] [main]  Group idx: 1
Group idx: 1
100.0% 
Done
* TDF track files created for sample Ctrl_0h_IAA_4SU_2.
