* Creating files for each level of counting.
* Sorting bam files by coordiantes
[bam_sort_core] merging from 0 files and 20 in-memory blocks...
* Making .chrom.sizes file
* Making track headers
* Filtering reads
*making tracks with STAR
Oct 24 11:39:57 ..... reading from BAM, output wiggle
Oct 24 11:41:21 ..... done
Oct 24 11:39:57 ..... reading from BAM, output wiggle
Oct 24 11:41:23 ..... done
Oct 24 11:39:57 ..... reading from BAM, output wiggle
Oct 24 11:41:24 ..... done
Oct 24 11:39:57 ..... reading from BAM, output wiggle
Oct 24 11:41:25 ..... done
Oct 24 11:39:57 ..... reading from BAM, output wiggle
Oct 24 11:41:27 ..... done
Oct 24 11:39:57 ..... reading from BAM, output wiggle
Oct 24 11:42:08 ..... done
* Taking only unique components of tracks
* Make tdf files from tracks
INFO [2024-10-24 11:42:20,702]  [IgvTools.java:667] [main]  toTDF.  File = ./results/tracks/Ctrl_0h_IAA_4SU_1.TC.5.pos.bedGraph
toTDF.  File = ./results/tracks/Ctrl_0h_IAA_4SU_1.TC.5.pos.bedGraph
INFO [2024-10-24 11:42:20,705]  [IgvTools.java:668] [main]  Max zoom = 7
Max zoom = 7
INFO [2024-10-24 11:42:20,706]  [IgvTools.java:676] [main]  Window functions: mean max 
Window functions: mean max 
INFO [2024-10-24 11:42:20,714]  [GenomeManager.java:145] [main]  Loading genome: /srv/2023_UPF1_4SU_EZbakR/./results/tracks/GRCh38.chrom.sizes
Loading genome: /srv/2023_UPF1_4SU_EZbakR/./results/tracks/GRCh38.chrom.sizes
INFO [2024-10-24 11:42:20,921]  [DirectoryManager.java:169] [main]  IGV Directory: /home/volker/igv
IGV Directory: /home/volker/igv
INFO [2024-10-24 11:42:20,935]  [GenomeManager.java:192] [main]  Genome loaded.  id= /srv/2023_UPF1_4SU_EZbakR/
Genome loaded.  id= /srv/2023_UPF1_4SU_EZbakR/
INFO [2024-10-24 11:42:20,953]  [Preprocessor.java:125] [main]  track type=bedGraph name=" Ctrl_0h_IAA_4SU_1 TC 5 plus " description=" Ctrl_0h_IAA_4SU_1 TC 5 positive strand" visibility=full autoScale=off windowingFunction=mean viewLimits=0:10 color=50,0,0  altColor=10,10,10 priority=20
track type=bedGraph name=" Ctrl_0h_IAA_4SU_1 TC 5 plus " description=" Ctrl_0h_IAA_4SU_1 TC 5 positive strand" visibility=full autoScale=off windowingFunction=mean viewLimits=0:10 color=50,0,0  altColor=10,10,10 priority=20
INFO [2024-10-24 11:42:20,970]  [Preprocessor.java:255] [main]  Processing chromosome chr1
Processing chromosome chr1
.....INFO [2024-10-24 11:42:22,199]  [Preprocessor.java:255] [main]  Processing chromosome chr2
Processing chromosome chr2
...INFO [2024-10-24 11:42:23,399]  [Preprocessor.java:255] [main]  Processing chromosome chr3
Processing chromosome chr3
.10.0% 
.INFO [2024-10-24 11:42:23,553]  [Preprocessor.java:255] [main]  Processing chromosome chr4
Processing chromosome chr4
..INFO [2024-10-24 11:42:23,675]  [Preprocessor.java:255] [main]  Processing chromosome chr5
Processing chromosome chr5
..INFO [2024-10-24 11:42:23,804]  [Preprocessor.java:255] [main]  Processing chromosome chr6
Processing chromosome chr6
...INFO [2024-10-24 11:42:24,315]  [Preprocessor.java:255] [main]  Processing chromosome chr7
Processing chromosome chr7
.20.0% 
INFO [2024-10-24 11:42:24,435]  [Preprocessor.java:255] [main]  Processing chromosome chr8
Processing chromosome chr8
..INFO [2024-10-24 11:42:24,604]  [Preprocessor.java:255] [main]  Processing chromosome chr9
Processing chromosome chr9
...INFO [2024-10-24 11:42:24,861]  [Preprocessor.java:255] [main]  Processing chromosome chr10
Processing chromosome chr10
..INFO [2024-10-24 11:42:24,959]  [Preprocessor.java:255] [main]  Processing chromosome chr11
Processing chromosome chr11
..30.0% 
INFO [2024-10-24 11:42:25,084]  [Preprocessor.java:255] [main]  Processing chromosome chr12
Processing chromosome chr12
...INFO [2024-10-24 11:42:25,404]  [Preprocessor.java:255] [main]  Processing chromosome chr13
Processing chromosome chr13
.INFO [2024-10-24 11:42:25,441]  [Preprocessor.java:255] [main]  Processing chromosome chr14
Processing chromosome chr14
..INFO [2024-10-24 11:42:25,508]  [Preprocessor.java:255] [main]  Processing chromosome chr15
Processing chromosome chr15
.INFO [2024-10-24 11:42:25,570]  [Preprocessor.java:255] [main]  Processing chromosome chr16
Processing chromosome chr16
..40.0% 
INFO [2024-10-24 11:42:25,805]  [Preprocessor.java:255] [main]  Processing chromosome chr17
Processing chromosome chr17
.....INFO [2024-10-24 11:42:25,983]  [Preprocessor.java:255] [main]  Processing chromosome chr18
Processing chromosome chr18
INFO [2024-10-24 11:42:26,017]  [Preprocessor.java:255] [main]  Processing chromosome chr19
Processing chromosome chr19
....INFO [2024-10-24 11:42:26,279]  [Preprocessor.java:255] [main]  Processing chromosome chr20
Processing chromosome chr20
50.0% 
.INFO [2024-10-24 11:42:26,346]  [Preprocessor.java:255] [main]  Processing chromosome chr21
Processing chromosome chr21
INFO [2024-10-24 11:42:26,368]  [Preprocessor.java:255] [main]  Processing chromosome chr22
Processing chromosome chr22
..INFO [2024-10-24 11:42:26,430]  [Preprocessor.java:255] [main]  Processing chromosome chrX
Processing chromosome chrX
.INFO [2024-10-24 11:42:26,475]  [Preprocessor.java:255] [main]  Processing chromosome chrY
Processing chromosome chrY
INFO [2024-10-24 11:42:26,477]  [Preprocessor.java:255] [main]  Processing chromosome chrM
Processing chromosome chrM
INFO [2024-10-24 11:42:26,527]  [Preprocessor.java:255] [main]  Processing chromosome GL000194.1
Processing chromosome GL000194.1
INFO [2024-10-24 11:42:26,531]  [Preprocessor.java:255] [main]  Processing chromosome GL000195.1
Processing chromosome GL000195.1
INFO [2024-10-24 11:42:26,534]  [Preprocessor.java:255] [main]  Processing chromosome GL000205.2
Processing chromosome GL000205.2
INFO [2024-10-24 11:42:26,537]  [Preprocessor.java:255] [main]  Processing chromosome GL000218.1
Processing chromosome GL000218.1
INFO [2024-10-24 11:42:26,543]  [Preprocessor.java:255] [main]  Processing chromosome GL000219.1
Processing chromosome GL000219.1
INFO [2024-10-24 11:42:26,545]  [Preprocessor.java:255] [main]  Processing chromosome GL000220.1
Processing chromosome GL000220.1
INFO [2024-10-24 11:42:26,547]  [Preprocessor.java:255] [main]  Processing chromosome KI270711.1
Processing chromosome KI270711.1
INFO [2024-10-24 11:42:26,554]  [Preprocessor.java:255] [main]  Processing chromosome KI270713.1
Processing chromosome KI270713.1
INFO [2024-10-24 11:42:26,557]  [Preprocessor.java:255] [main]  Processing chromosome KI270714.1
Processing chromosome KI270714.1
INFO [2024-10-24 11:42:26,559]  [Preprocessor.java:255] [main]  Processing chromosome KI270733.1
Processing chromosome KI270733.1
INFO [2024-10-24 11:42:26,560]  [Preprocessor.java:255] [main]  Processing chromosome KI270734.1
Processing chromosome KI270734.1
INFO [2024-10-24 11:42:26,561]  [Preprocessor.java:255] [main]  Processing chromosome KI270744.1
Processing chromosome KI270744.1
INFO [2024-10-24 11:42:26,810]  [TDFWriter.java:318] [main]  Group idx: 1
Group idx: 1
100.0% 
Done
INFO [2024-10-24 11:42:20,688]  [IgvTools.java:667] [main]  toTDF.  File = ./results/tracks/Ctrl_0h_IAA_4SU_1.TC.4.pos.bedGraph
toTDF.  File = ./results/tracks/Ctrl_0h_IAA_4SU_1.TC.4.pos.bedGraph
INFO [2024-10-24 11:42:20,691]  [IgvTools.java:668] [main]  Max zoom = 7
Max zoom = 7
INFO [2024-10-24 11:42:20,691]  [IgvTools.java:676] [main]  Window functions: mean max 
Window functions: mean max 
INFO [2024-10-24 11:42:20,699]  [GenomeManager.java:145] [main]  Loading genome: /srv/2023_UPF1_4SU_EZbakR/./results/tracks/GRCh38.chrom.sizes
Loading genome: /srv/2023_UPF1_4SU_EZbakR/./results/tracks/GRCh38.chrom.sizes
INFO [2024-10-24 11:42:20,916]  [DirectoryManager.java:169] [main]  IGV Directory: /home/volker/igv
IGV Directory: /home/volker/igv
INFO [2024-10-24 11:42:20,933]  [GenomeManager.java:192] [main]  Genome loaded.  id= /srv/2023_UPF1_4SU_EZbakR/
Genome loaded.  id= /srv/2023_UPF1_4SU_EZbakR/
INFO [2024-10-24 11:42:20,948]  [Preprocessor.java:125] [main]  track type=bedGraph name=" Ctrl_0h_IAA_4SU_1 TC 4 plus " description=" Ctrl_0h_IAA_4SU_1 TC 4 positive strand" visibility=full autoScale=off windowingFunction=mean viewLimits=0:10 color=100,0,0  altColor=10,10,10 priority=20
track type=bedGraph name=" Ctrl_0h_IAA_4SU_1 TC 4 plus " description=" Ctrl_0h_IAA_4SU_1 TC 4 positive strand" visibility=full autoScale=off windowingFunction=mean viewLimits=0:10 color=100,0,0  altColor=10,10,10 priority=20
INFO [2024-10-24 11:42:20,964]  [Preprocessor.java:255] [main]  Processing chromosome chr1
Processing chromosome chr1
.....INFO [2024-10-24 11:42:22,953]  [Preprocessor.java:255] [main]  Processing chromosome chr2
Processing chromosome chr2
...INFO [2024-10-24 11:42:23,207]  [Preprocessor.java:255] [main]  Processing chromosome chr3
Processing chromosome chr3
.10.0% 
.INFO [2024-10-24 11:42:23,568]  [Preprocessor.java:255] [main]  Processing chromosome chr4
Processing chromosome chr4
..INFO [2024-10-24 11:42:23,688]  [Preprocessor.java:255] [main]  Processing chromosome chr5
Processing chromosome chr5
.INFO [2024-10-24 11:42:23,833]  [Preprocessor.java:255] [main]  Processing chromosome chr6
Processing chromosome chr6
...INFO [2024-10-24 11:42:24,105]  [Preprocessor.java:255] [main]  Processing chromosome chr7
Processing chromosome chr7
..INFO [2024-10-24 11:42:24,275]  [Preprocessor.java:255] [main]  Processing chromosome chr8
Processing chromosome chr8
20.0% 
.INFO [2024-10-24 11:42:24,402]  [Preprocessor.java:255] [main]  Processing chromosome chr9
Processing chromosome chr9
...INFO [2024-10-24 11:42:24,631]  [Preprocessor.java:255] [main]  Processing chromosome chr10
Processing chromosome chr10
..INFO [2024-10-24 11:42:24,739]  [Preprocessor.java:255] [main]  Processing chromosome chr11
Processing chromosome chr11
...INFO [2024-10-24 11:42:25,068]  [Preprocessor.java:255] [main]  Processing chromosome chr12
Processing chromosome chr12
30.0% 
..INFO [2024-10-24 11:42:25,217]  [Preprocessor.java:255] [main]  Processing chromosome chr13
Processing chromosome chr13
.INFO [2024-10-24 11:42:25,268]  [Preprocessor.java:255] [main]  Processing chromosome chr14
Processing chromosome chr14
.INFO [2024-10-24 11:42:25,440]  [Preprocessor.java:255] [main]  Processing chromosome chr15
Processing chromosome chr15
..INFO [2024-10-24 11:42:25,515]  [Preprocessor.java:255] [main]  Processing chromosome chr16
Processing chromosome chr16
..INFO [2024-10-24 11:42:25,633]  [Preprocessor.java:255] [main]  Processing chromosome chr17
Processing chromosome chr17
.40.0% 
...INFO [2024-10-24 11:42:26,041]  [Preprocessor.java:255] [main]  Processing chromosome chr18
Processing chromosome chr18
INFO [2024-10-24 11:42:26,077]  [Preprocessor.java:255] [main]  Processing chromosome chr19
Processing chromosome chr19
....INFO [2024-10-24 11:42:26,356]  [Preprocessor.java:255] [main]  Processing chromosome chr20
Processing chromosome chr20
..INFO [2024-10-24 11:42:26,439]  [Preprocessor.java:255] [main]  Processing chromosome chr21
Processing chromosome chr21
INFO [2024-10-24 11:42:26,465]  [Preprocessor.java:255] [main]  Processing chromosome chr22
Processing chromosome chr22
50.0% 
.INFO [2024-10-24 11:42:26,652]  [Preprocessor.java:255] [main]  Processing chromosome chrX
Processing chromosome chrX
.INFO [2024-10-24 11:42:26,708]  [Preprocessor.java:255] [main]  Processing chromosome chrY
Processing chromosome chrY
INFO [2024-10-24 11:42:26,709]  [Preprocessor.java:255] [main]  Processing chromosome chrM
Processing chromosome chrM
INFO [2024-10-24 11:42:26,771]  [Preprocessor.java:255] [main]  Processing chromosome GL000194.1
Processing chromosome GL000194.1
INFO [2024-10-24 11:42:26,776]  [Preprocessor.java:255] [main]  Processing chromosome GL000195.1
Processing chromosome GL000195.1
INFO [2024-10-24 11:42:26,781]  [Preprocessor.java:255] [main]  Processing chromosome GL000205.2
Processing chromosome GL000205.2
INFO [2024-10-24 11:42:26,786]  [Preprocessor.java:255] [main]  Processing chromosome GL000218.1
Processing chromosome GL000218.1
INFO [2024-10-24 11:42:26,792]  [Preprocessor.java:255] [main]  Processing chromosome GL000219.1
Processing chromosome GL000219.1
INFO [2024-10-24 11:42:26,795]  [Preprocessor.java:255] [main]  Processing chromosome GL000220.1
Processing chromosome GL000220.1
INFO [2024-10-24 11:42:26,797]  [Preprocessor.java:255] [main]  Processing chromosome KI270711.1
Processing chromosome KI270711.1
INFO [2024-10-24 11:42:26,805]  [Preprocessor.java:255] [main]  Processing chromosome KI270713.1
Processing chromosome KI270713.1
INFO [2024-10-24 11:42:26,808]  [Preprocessor.java:255] [main]  Processing chromosome KI270714.1
Processing chromosome KI270714.1
INFO [2024-10-24 11:42:26,810]  [Preprocessor.java:255] [main]  Processing chromosome KI270718.1
Processing chromosome KI270718.1
INFO [2024-10-24 11:42:26,811]  [Preprocessor.java:255] [main]  Processing chromosome KI270733.1
Processing chromosome KI270733.1
INFO [2024-10-24 11:42:26,813]  [Preprocessor.java:255] [main]  Processing chromosome KI270734.1
Processing chromosome KI270734.1
INFO [2024-10-24 11:42:26,815]  [Preprocessor.java:255] [main]  Processing chromosome KI270744.1
Processing chromosome KI270744.1
INFO [2024-10-24 11:42:26,881]  [TDFWriter.java:318] [main]  Group idx: 1
Group idx: 1
100.0% 
Done
INFO [2024-10-24 11:42:20,705]  [IgvTools.java:667] [main]  toTDF.  File = ./results/tracks/Ctrl_0h_IAA_4SU_1.TC.5.min.bedGraph
toTDF.  File = ./results/tracks/Ctrl_0h_IAA_4SU_1.TC.5.min.bedGraph
INFO [2024-10-24 11:42:20,708]  [IgvTools.java:668] [main]  Max zoom = 7
Max zoom = 7
INFO [2024-10-24 11:42:20,708]  [IgvTools.java:676] [main]  Window functions: mean max 
Window functions: mean max 
INFO [2024-10-24 11:42:20,715]  [GenomeManager.java:145] [main]  Loading genome: /srv/2023_UPF1_4SU_EZbakR/./results/tracks/GRCh38.chrom.sizes
Loading genome: /srv/2023_UPF1_4SU_EZbakR/./results/tracks/GRCh38.chrom.sizes
INFO [2024-10-24 11:42:20,907]  [DirectoryManager.java:169] [main]  IGV Directory: /home/volker/igv
IGV Directory: /home/volker/igv
INFO [2024-10-24 11:42:20,924]  [GenomeManager.java:192] [main]  Genome loaded.  id= /srv/2023_UPF1_4SU_EZbakR/
Genome loaded.  id= /srv/2023_UPF1_4SU_EZbakR/
INFO [2024-10-24 11:42:20,941]  [Preprocessor.java:125] [main]  track type=bedGraph name=" Ctrl_0h_IAA_4SU_1 TC 5 minus " description=" Ctrl_0h_IAA_4SU_1 TC 5 minus strand" visibility=full negateValues=on autoScale=off windowingFunction=mean viewLimits=-10:0 color=10,10,10 altColor=50,0,0  priority=20
track type=bedGraph name=" Ctrl_0h_IAA_4SU_1 TC 5 minus " description=" Ctrl_0h_IAA_4SU_1 TC 5 minus strand" visibility=full negateValues=on autoScale=off windowingFunction=mean viewLimits=-10:0 color=10,10,10 altColor=50,0,0  priority=20
INFO [2024-10-24 11:42:20,964]  [Preprocessor.java:255] [main]  Processing chromosome chr1
Processing chromosome chr1
.....INFO [2024-10-24 11:42:22,161]  [Preprocessor.java:255] [main]  Processing chromosome chr2
Processing chromosome chr2
...INFO [2024-10-24 11:42:22,925]  [Preprocessor.java:255] [main]  Processing chromosome chr3
Processing chromosome chr3
.10.0% 
.INFO [2024-10-24 11:42:23,105]  [Preprocessor.java:255] [main]  Processing chromosome chr4
Processing chromosome chr4
..INFO [2024-10-24 11:42:23,251]  [Preprocessor.java:255] [main]  Processing chromosome chr5
Processing chromosome chr5
..INFO [2024-10-24 11:42:23,919]  [Preprocessor.java:255] [main]  Processing chromosome chr6
Processing chromosome chr6
...INFO [2024-10-24 11:42:24,130]  [Preprocessor.java:255] [main]  Processing chromosome chr7
Processing chromosome chr7
.20.0% 
.INFO [2024-10-24 11:42:24,270]  [Preprocessor.java:255] [main]  Processing chromosome chr8
Processing chromosome chr8
..INFO [2024-10-24 11:42:24,703]  [Preprocessor.java:255] [main]  Processing chromosome chr9
Processing chromosome chr9
..INFO [2024-10-24 11:42:24,856]  [Preprocessor.java:255] [main]  Processing chromosome chr10
Processing chromosome chr10
..INFO [2024-10-24 11:42:24,980]  [Preprocessor.java:255] [main]  Processing chromosome chr11
Processing chromosome chr11
..30.0% 
INFO [2024-10-24 11:42:25,409]  [Preprocessor.java:255] [main]  Processing chromosome chr12
Processing chromosome chr12
....INFO [2024-10-24 11:42:25,539]  [Preprocessor.java:255] [main]  Processing chromosome chr13
Processing chromosome chr13
.INFO [2024-10-24 11:42:25,574]  [Preprocessor.java:255] [main]  Processing chromosome chr14
Processing chromosome chr14
.INFO [2024-10-24 11:42:25,635]  [Preprocessor.java:255] [main]  Processing chromosome chr15
Processing chromosome chr15
..INFO [2024-10-24 11:42:25,705]  [Preprocessor.java:255] [main]  Processing chromosome chr16
Processing chromosome chr16
.40.0% 
.INFO [2024-10-24 11:42:26,003]  [Preprocessor.java:255] [main]  Processing chromosome chr17
Processing chromosome chr17
....INFO [2024-10-24 11:42:26,170]  [Preprocessor.java:255] [main]  Processing chromosome chr18
Processing chromosome chr18
INFO [2024-10-24 11:42:26,205]  [Preprocessor.java:255] [main]  Processing chromosome chr19
Processing chromosome chr19
....50.0% 
INFO [2024-10-24 11:42:26,507]  [Preprocessor.java:255] [main]  Processing chromosome chr20
Processing chromosome chr20
..INFO [2024-10-24 11:42:26,592]  [Preprocessor.java:255] [main]  Processing chromosome chr21
Processing chromosome chr21
.INFO [2024-10-24 11:42:26,616]  [Preprocessor.java:255] [main]  Processing chromosome chr22
Processing chromosome chr22
.INFO [2024-10-24 11:42:26,954]  [Preprocessor.java:255] [main]  Processing chromosome chrX
Processing chromosome chrX
..INFO [2024-10-24 11:42:27,006]  [Preprocessor.java:255] [main]  Processing chromosome chrY
Processing chromosome chrY
INFO [2024-10-24 11:42:27,008]  [Preprocessor.java:255] [main]  Processing chromosome chrM
Processing chromosome chrM
.INFO [2024-10-24 11:42:27,121]  [Preprocessor.java:255] [main]  Processing chromosome GL000195.1
Processing chromosome GL000195.1
INFO [2024-10-24 11:42:27,137]  [Preprocessor.java:255] [main]  Processing chromosome GL000205.2
Processing chromosome GL000205.2
INFO [2024-10-24 11:42:27,138]  [Preprocessor.java:255] [main]  Processing chromosome GL000218.1
Processing chromosome GL000218.1
INFO [2024-10-24 11:42:27,139]  [Preprocessor.java:255] [main]  Processing chromosome GL000219.1
Processing chromosome GL000219.1
INFO [2024-10-24 11:42:27,140]  [Preprocessor.java:255] [main]  Processing chromosome GL000220.1
Processing chromosome GL000220.1
INFO [2024-10-24 11:42:27,140]  [Preprocessor.java:255] [main]  Processing chromosome KI270713.1
Processing chromosome KI270713.1
INFO [2024-10-24 11:42:27,145]  [Preprocessor.java:255] [main]  Processing chromosome KI270721.1
Processing chromosome KI270721.1
INFO [2024-10-24 11:42:27,147]  [Preprocessor.java:255] [main]  Processing chromosome KI270731.1
Processing chromosome KI270731.1
INFO [2024-10-24 11:42:27,148]  [Preprocessor.java:255] [main]  Processing chromosome KI270733.1
Processing chromosome KI270733.1
INFO [2024-10-24 11:42:27,152]  [Preprocessor.java:255] [main]  Processing chromosome KI270734.1
Processing chromosome KI270734.1
INFO [2024-10-24 11:42:27,153]  [Preprocessor.java:255] [main]  Processing chromosome KI270755.1
Processing chromosome KI270755.1
INFO [2024-10-24 11:42:27,183]  [TDFWriter.java:318] [main]  Group idx: 1
Group idx: 1
100.0% 
Done
INFO [2024-10-24 11:42:20,656]  [IgvTools.java:667] [main]  toTDF.  File = ./results/tracks/Ctrl_0h_IAA_4SU_1.TC.4.min.bedGraph
toTDF.  File = ./results/tracks/Ctrl_0h_IAA_4SU_1.TC.4.min.bedGraph
INFO [2024-10-24 11:42:20,658]  [IgvTools.java:668] [main]  Max zoom = 7
Max zoom = 7
INFO [2024-10-24 11:42:20,659]  [IgvTools.java:676] [main]  Window functions: mean max 
Window functions: mean max 
INFO [2024-10-24 11:42:20,666]  [GenomeManager.java:145] [main]  Loading genome: /srv/2023_UPF1_4SU_EZbakR/./results/tracks/GRCh38.chrom.sizes
Loading genome: /srv/2023_UPF1_4SU_EZbakR/./results/tracks/GRCh38.chrom.sizes
INFO [2024-10-24 11:42:20,855]  [DirectoryManager.java:169] [main]  IGV Directory: /home/volker/igv
IGV Directory: /home/volker/igv
INFO [2024-10-24 11:42:20,875]  [GenomeManager.java:192] [main]  Genome loaded.  id= /srv/2023_UPF1_4SU_EZbakR/
Genome loaded.  id= /srv/2023_UPF1_4SU_EZbakR/
INFO [2024-10-24 11:42:20,891]  [Preprocessor.java:125] [main]  track type=bedGraph name=" Ctrl_0h_IAA_4SU_1 TC 4 minus " description=" Ctrl_0h_IAA_4SU_1 TC 4 minus strand" visibility=full negateValues=on autoScale=off windowingFunction=mean viewLimits=-10:0 color=10,10,10 altColor=100,0,0  priority=20
track type=bedGraph name=" Ctrl_0h_IAA_4SU_1 TC 4 minus " description=" Ctrl_0h_IAA_4SU_1 TC 4 minus strand" visibility=full negateValues=on autoScale=off windowingFunction=mean viewLimits=-10:0 color=10,10,10 altColor=100,0,0  priority=20
INFO [2024-10-24 11:42:20,906]  [Preprocessor.java:255] [main]  Processing chromosome chr1
Processing chromosome chr1
.....INFO [2024-10-24 11:42:22,275]  [Preprocessor.java:255] [main]  Processing chromosome chr2
Processing chromosome chr2
...INFO [2024-10-24 11:42:23,016]  [Preprocessor.java:255] [main]  Processing chromosome chr3
Processing chromosome chr3
.10.0% 
.INFO [2024-10-24 11:42:23,803]  [Preprocessor.java:255] [main]  Processing chromosome chr4
Processing chromosome chr4
.INFO [2024-10-24 11:42:23,965]  [Preprocessor.java:255] [main]  Processing chromosome chr5
Processing chromosome chr5
...INFO [2024-10-24 11:42:24,171]  [Preprocessor.java:255] [main]  Processing chromosome chr6
Processing chromosome chr6
...INFO [2024-10-24 11:42:24,462]  [Preprocessor.java:255] [main]  Processing chromosome chr7
Processing chromosome chr7
.20.0% 
.INFO [2024-10-24 11:42:24,666]  [Preprocessor.java:255] [main]  Processing chromosome chr8
Processing chromosome chr8
..INFO [2024-10-24 11:42:24,928]  [Preprocessor.java:255] [main]  Processing chromosome chr9
Processing chromosome chr9
..INFO [2024-10-24 11:42:25,033]  [Preprocessor.java:255] [main]  Processing chromosome chr10
Processing chromosome chr10
..INFO [2024-10-24 11:42:25,157]  [Preprocessor.java:255] [main]  Processing chromosome chr11
Processing chromosome chr11
..30.0% 
INFO [2024-10-24 11:42:25,490]  [Preprocessor.java:255] [main]  Processing chromosome chr12
Processing chromosome chr12
....INFO [2024-10-24 11:42:25,893]  [Preprocessor.java:255] [main]  Processing chromosome chr13
Processing chromosome chr13
INFO [2024-10-24 11:42:25,942]  [Preprocessor.java:255] [main]  Processing chromosome chr14
Processing chromosome chr14
..INFO [2024-10-24 11:42:26,023]  [Preprocessor.java:255] [main]  Processing chromosome chr15
Processing chromosome chr15
.INFO [2024-10-24 11:42:26,111]  [Preprocessor.java:255] [main]  Processing chromosome chr16
Processing chromosome chr16
..40.0% 
INFO [2024-10-24 11:42:26,384]  [Preprocessor.java:255] [main]  Processing chromosome chr17
Processing chromosome chr17
.....INFO [2024-10-24 11:42:26,582]  [Preprocessor.java:255] [main]  Processing chromosome chr18
Processing chromosome chr18
INFO [2024-10-24 11:42:26,821]  [Preprocessor.java:255] [main]  Processing chromosome chr19
Processing chromosome chr19
....50.0% 
.INFO [2024-10-24 11:42:27,156]  [Preprocessor.java:255] [main]  Processing chromosome chr20
Processing chromosome chr20
..INFO [2024-10-24 11:42:27,273]  [Preprocessor.java:255] [main]  Processing chromosome chr21
Processing chromosome chr21
INFO [2024-10-24 11:42:27,304]  [Preprocessor.java:255] [main]  Processing chromosome chr22
Processing chromosome chr22
..INFO [2024-10-24 11:42:27,400]  [Preprocessor.java:255] [main]  Processing chromosome chrX
Processing chromosome chrX
.INFO [2024-10-24 11:42:27,474]  [Preprocessor.java:255] [main]  Processing chromosome chrY
Processing chromosome chrY
INFO [2024-10-24 11:42:27,477]  [Preprocessor.java:255] [main]  Processing chromosome chrM
Processing chromosome chrM
.INFO [2024-10-24 11:42:27,615]  [Preprocessor.java:255] [main]  Processing chromosome GL000195.1
Processing chromosome GL000195.1
INFO [2024-10-24 11:42:27,633]  [Preprocessor.java:255] [main]  Processing chromosome GL000205.2
Processing chromosome GL000205.2
INFO [2024-10-24 11:42:27,634]  [Preprocessor.java:255] [main]  Processing chromosome GL000218.1
Processing chromosome GL000218.1
INFO [2024-10-24 11:42:27,635]  [Preprocessor.java:255] [main]  Processing chromosome GL000219.1
Processing chromosome GL000219.1
INFO [2024-10-24 11:42:27,635]  [Preprocessor.java:255] [main]  Processing chromosome GL000220.1
Processing chromosome GL000220.1
INFO [2024-10-24 11:42:27,636]  [Preprocessor.java:255] [main]  Processing chromosome KI270713.1
Processing chromosome KI270713.1
INFO [2024-10-24 11:42:27,643]  [Preprocessor.java:255] [main]  Processing chromosome KI270714.1
Processing chromosome KI270714.1
INFO [2024-10-24 11:42:27,644]  [Preprocessor.java:255] [main]  Processing chromosome KI270721.1
Processing chromosome KI270721.1
INFO [2024-10-24 11:42:27,646]  [Preprocessor.java:255] [main]  Processing chromosome KI270731.1
Processing chromosome KI270731.1
INFO [2024-10-24 11:42:27,646]  [Preprocessor.java:255] [main]  Processing chromosome KI270733.1
Processing chromosome KI270733.1
INFO [2024-10-24 11:42:27,653]  [Preprocessor.java:255] [main]  Processing chromosome KI270734.1
Processing chromosome KI270734.1
INFO [2024-10-24 11:42:27,655]  [Preprocessor.java:255] [main]  Processing chromosome KI270755.1
Processing chromosome KI270755.1
INFO [2024-10-24 11:42:27,762]  [TDFWriter.java:318] [main]  Group idx: 1
Group idx: 1
100.0% 
Done
INFO [2024-10-24 11:42:20,648]  [IgvTools.java:667] [main]  toTDF.  File = ./results/tracks/Ctrl_0h_IAA_4SU_1.TC.3.pos.bedGraph
toTDF.  File = ./results/tracks/Ctrl_0h_IAA_4SU_1.TC.3.pos.bedGraph
INFO [2024-10-24 11:42:20,651]  [IgvTools.java:668] [main]  Max zoom = 7
Max zoom = 7
INFO [2024-10-24 11:42:20,651]  [IgvTools.java:676] [main]  Window functions: mean max 
Window functions: mean max 
INFO [2024-10-24 11:42:20,657]  [GenomeManager.java:145] [main]  Loading genome: /srv/2023_UPF1_4SU_EZbakR/./results/tracks/GRCh38.chrom.sizes
Loading genome: /srv/2023_UPF1_4SU_EZbakR/./results/tracks/GRCh38.chrom.sizes
INFO [2024-10-24 11:42:20,843]  [DirectoryManager.java:169] [main]  IGV Directory: /home/volker/igv
IGV Directory: /home/volker/igv
INFO [2024-10-24 11:42:20,861]  [GenomeManager.java:192] [main]  Genome loaded.  id= /srv/2023_UPF1_4SU_EZbakR/
Genome loaded.  id= /srv/2023_UPF1_4SU_EZbakR/
INFO [2024-10-24 11:42:20,880]  [Preprocessor.java:125] [main]  track type=bedGraph name=" Ctrl_0h_IAA_4SU_1 TC 3 plus " description=" Ctrl_0h_IAA_4SU_1 TC 3 positive strand" visibility=full autoScale=off windowingFunction=mean viewLimits=0:10 color=150,0,0  altColor=10,10,10 priority=20
track type=bedGraph name=" Ctrl_0h_IAA_4SU_1 TC 3 plus " description=" Ctrl_0h_IAA_4SU_1 TC 3 positive strand" visibility=full autoScale=off windowingFunction=mean viewLimits=0:10 color=150,0,0  altColor=10,10,10 priority=20
INFO [2024-10-24 11:42:20,900]  [Preprocessor.java:255] [main]  Processing chromosome chr1
Processing chromosome chr1
.....INFO [2024-10-24 11:42:22,919]  [Preprocessor.java:255] [main]  Processing chromosome chr2
Processing chromosome chr2
...INFO [2024-10-24 11:42:23,438]  [Preprocessor.java:255] [main]  Processing chromosome chr3
Processing chromosome chr3
.10.0% 
.INFO [2024-10-24 11:42:24,000]  [Preprocessor.java:255] [main]  Processing chromosome chr4
Processing chromosome chr4
.INFO [2024-10-24 11:42:24,323]  [Preprocessor.java:255] [main]  Processing chromosome chr5
Processing chromosome chr5
..INFO [2024-10-24 11:42:24,513]  [Preprocessor.java:255] [main]  Processing chromosome chr6
Processing chromosome chr6
...INFO [2024-10-24 11:42:24,800]  [Preprocessor.java:255] [main]  Processing chromosome chr7
Processing chromosome chr7
..INFO [2024-10-24 11:42:24,951]  [Preprocessor.java:255] [main]  Processing chromosome chr8
Processing chromosome chr8
20.0% 
.INFO [2024-10-24 11:42:25,227]  [Preprocessor.java:255] [main]  Processing chromosome chr9
Processing chromosome chr9
..INFO [2024-10-24 11:42:25,372]  [Preprocessor.java:255] [main]  Processing chromosome chr10
Processing chromosome chr10
..INFO [2024-10-24 11:42:25,717]  [Preprocessor.java:255] [main]  Processing chromosome chr11
Processing chromosome chr11
...INFO [2024-10-24 11:42:25,918]  [Preprocessor.java:255] [main]  Processing chromosome chr12
Processing chromosome chr12
.30.0% 
.INFO [2024-10-24 11:42:26,252]  [Preprocessor.java:255] [main]  Processing chromosome chr13
Processing chromosome chr13
.INFO [2024-10-24 11:42:26,312]  [Preprocessor.java:255] [main]  Processing chromosome chr14
Processing chromosome chr14
..INFO [2024-10-24 11:42:26,596]  [Preprocessor.java:255] [main]  Processing chromosome chr15
Processing chromosome chr15
.INFO [2024-10-24 11:42:26,691]  [Preprocessor.java:255] [main]  Processing chromosome chr16
Processing chromosome chr16
...INFO [2024-10-24 11:42:26,853]  [Preprocessor.java:255] [main]  Processing chromosome chr17
Processing chromosome chr17
.40.0% 
...INFO [2024-10-24 11:42:27,348]  [Preprocessor.java:255] [main]  Processing chromosome chr18
Processing chromosome chr18
INFO [2024-10-24 11:42:27,391]  [Preprocessor.java:255] [main]  Processing chromosome chr19
Processing chromosome chr19
....INFO [2024-10-24 11:42:27,750]  [Preprocessor.java:255] [main]  Processing chromosome chr20
Processing chromosome chr20
..INFO [2024-10-24 11:42:27,864]  [Preprocessor.java:255] [main]  Processing chromosome chr21
Processing chromosome chr21
INFO [2024-10-24 11:42:27,900]  [Preprocessor.java:255] [main]  Processing chromosome chr22
Processing chromosome chr22
50.0% 
.INFO [2024-10-24 11:42:28,022]  [Preprocessor.java:255] [main]  Processing chromosome chrX
Processing chromosome chrX
.INFO [2024-10-24 11:42:28,192]  [Preprocessor.java:255] [main]  Processing chromosome chrY
Processing chromosome chrY
INFO [2024-10-24 11:42:28,194]  [Preprocessor.java:255] [main]  Processing chromosome chrM
Processing chromosome chrM
INFO [2024-10-24 11:42:28,276]  [Preprocessor.java:255] [main]  Processing chromosome GL000194.1
Processing chromosome GL000194.1
INFO [2024-10-24 11:42:28,283]  [Preprocessor.java:255] [main]  Processing chromosome GL000195.1
Processing chromosome GL000195.1
INFO [2024-10-24 11:42:28,288]  [Preprocessor.java:255] [main]  Processing chromosome GL000205.2
Processing chromosome GL000205.2
INFO [2024-10-24 11:42:28,292]  [Preprocessor.java:255] [main]  Processing chromosome GL000218.1
Processing chromosome GL000218.1
INFO [2024-10-24 11:42:28,301]  [Preprocessor.java:255] [main]  Processing chromosome GL000219.1
Processing chromosome GL000219.1
INFO [2024-10-24 11:42:28,306]  [Preprocessor.java:255] [main]  Processing chromosome GL000220.1
Processing chromosome GL000220.1
INFO [2024-10-24 11:42:28,307]  [Preprocessor.java:255] [main]  Processing chromosome KI270711.1
Processing chromosome KI270711.1
INFO [2024-10-24 11:42:28,317]  [Preprocessor.java:255] [main]  Processing chromosome KI270713.1
Processing chromosome KI270713.1
INFO [2024-10-24 11:42:28,321]  [Preprocessor.java:255] [main]  Processing chromosome KI270714.1
Processing chromosome KI270714.1
INFO [2024-10-24 11:42:28,325]  [Preprocessor.java:255] [main]  Processing chromosome KI270718.1
Processing chromosome KI270718.1
INFO [2024-10-24 11:42:28,326]  [Preprocessor.java:255] [main]  Processing chromosome KI270733.1
Processing chromosome KI270733.1
INFO [2024-10-24 11:42:28,329]  [Preprocessor.java:255] [main]  Processing chromosome KI270734.1
Processing chromosome KI270734.1
INFO [2024-10-24 11:42:28,330]  [Preprocessor.java:255] [main]  Processing chromosome KI270744.1
Processing chromosome KI270744.1
INFO [2024-10-24 11:42:28,363]  [TDFWriter.java:318] [main]  Group idx: 1
Group idx: 1
100.0% 
Done
INFO [2024-10-24 11:42:20,729]  [IgvTools.java:667] [main]  toTDF.  File = ./results/tracks/Ctrl_0h_IAA_4SU_1.TC.3.min.bedGraph
toTDF.  File = ./results/tracks/Ctrl_0h_IAA_4SU_1.TC.3.min.bedGraph
INFO [2024-10-24 11:42:20,732]  [IgvTools.java:668] [main]  Max zoom = 7
Max zoom = 7
INFO [2024-10-24 11:42:20,732]  [IgvTools.java:676] [main]  Window functions: mean max 
Window functions: mean max 
INFO [2024-10-24 11:42:20,740]  [GenomeManager.java:145] [main]  Loading genome: /srv/2023_UPF1_4SU_EZbakR/./results/tracks/GRCh38.chrom.sizes
Loading genome: /srv/2023_UPF1_4SU_EZbakR/./results/tracks/GRCh38.chrom.sizes
INFO [2024-10-24 11:42:20,943]  [DirectoryManager.java:169] [main]  IGV Directory: /home/volker/igv
IGV Directory: /home/volker/igv
INFO [2024-10-24 11:42:20,960]  [GenomeManager.java:192] [main]  Genome loaded.  id= /srv/2023_UPF1_4SU_EZbakR/
Genome loaded.  id= /srv/2023_UPF1_4SU_EZbakR/
INFO [2024-10-24 11:42:20,981]  [Preprocessor.java:125] [main]  track type=bedGraph name=" Ctrl_0h_IAA_4SU_1 TC 3 minus " description=" Ctrl_0h_IAA_4SU_1 TC 3 minus strand" visibility=full negateValues=on autoScale=off windowingFunction=mean viewLimits=-10:0 color=10,10,10 altColor=150,0,0  priority=20
track type=bedGraph name=" Ctrl_0h_IAA_4SU_1 TC 3 minus " description=" Ctrl_0h_IAA_4SU_1 TC 3 minus strand" visibility=full negateValues=on autoScale=off windowingFunction=mean viewLimits=-10:0 color=10,10,10 altColor=150,0,0  priority=20
INFO [2024-10-24 11:42:20,994]  [Preprocessor.java:255] [main]  Processing chromosome chr1
Processing chromosome chr1
.....INFO [2024-10-24 11:42:23,106]  [Preprocessor.java:255] [main]  Processing chromosome chr2
Processing chromosome chr2
...INFO [2024-10-24 11:42:23,575]  [Preprocessor.java:255] [main]  Processing chromosome chr3
Processing chromosome chr3
.10.0% 
.INFO [2024-10-24 11:42:23,978]  [Preprocessor.java:255] [main]  Processing chromosome chr4
Processing chromosome chr4
.INFO [2024-10-24 11:42:24,197]  [Preprocessor.java:255] [main]  Processing chromosome chr5
Processing chromosome chr5
...INFO [2024-10-24 11:42:24,518]  [Preprocessor.java:255] [main]  Processing chromosome chr6
Processing chromosome chr6
...INFO [2024-10-24 11:42:24,828]  [Preprocessor.java:255] [main]  Processing chromosome chr7
Processing chromosome chr7
.20.0% 
.INFO [2024-10-24 11:42:25,016]  [Preprocessor.java:255] [main]  Processing chromosome chr8
Processing chromosome chr8
.INFO [2024-10-24 11:42:25,315]  [Preprocessor.java:255] [main]  Processing chromosome chr9
Processing chromosome chr9
..INFO [2024-10-24 11:42:25,450]  [Preprocessor.java:255] [main]  Processing chromosome chr10
Processing chromosome chr10
...INFO [2024-10-24 11:42:25,763]  [Preprocessor.java:255] [main]  Processing chromosome chr11
Processing chromosome chr11
..30.0% 
INFO [2024-10-24 11:42:25,948]  [Preprocessor.java:255] [main]  Processing chromosome chr12
Processing chromosome chr12
...INFO [2024-10-24 11:42:26,212]  [Preprocessor.java:255] [main]  Processing chromosome chr13
Processing chromosome chr13
.INFO [2024-10-24 11:42:26,262]  [Preprocessor.java:255] [main]  Processing chromosome chr14
Processing chromosome chr14
.INFO [2024-10-24 11:42:26,499]  [Preprocessor.java:255] [main]  Processing chromosome chr15
Processing chromosome chr15
..INFO [2024-10-24 11:42:26,606]  [Preprocessor.java:255] [main]  Processing chromosome chr16
Processing chromosome chr16
..40.0% 
INFO [2024-10-24 11:42:27,068]  [Preprocessor.java:255] [main]  Processing chromosome chr17
Processing chromosome chr17
....INFO [2024-10-24 11:42:27,396]  [Preprocessor.java:255] [main]  Processing chromosome chr18
Processing chromosome chr18
.INFO [2024-10-24 11:42:27,454]  [Preprocessor.java:255] [main]  Processing chromosome chr19
Processing chromosome chr19
....50.0% 
.INFO [2024-10-24 11:42:27,919]  [Preprocessor.java:255] [main]  Processing chromosome chr20
Processing chromosome chr20
..INFO [2024-10-24 11:42:28,165]  [Preprocessor.java:255] [main]  Processing chromosome chr21
Processing chromosome chr21
INFO [2024-10-24 11:42:28,205]  [Preprocessor.java:255] [main]  Processing chromosome chr22
Processing chromosome chr22
..INFO [2024-10-24 11:42:28,305]  [Preprocessor.java:255] [main]  Processing chromosome chrX
Processing chromosome chrX
.INFO [2024-10-24 11:42:28,393]  [Preprocessor.java:255] [main]  Processing chromosome chrY
Processing chromosome chrY
INFO [2024-10-24 11:42:28,395]  [Preprocessor.java:255] [main]  Processing chromosome chrM
Processing chromosome chrM
.INFO [2024-10-24 11:42:28,521]  [Preprocessor.java:255] [main]  Processing chromosome GL000195.1
Processing chromosome GL000195.1
INFO [2024-10-24 11:42:28,541]  [Preprocessor.java:255] [main]  Processing chromosome GL000205.2
Processing chromosome GL000205.2
INFO [2024-10-24 11:42:28,542]  [Preprocessor.java:255] [main]  Processing chromosome GL000218.1
Processing chromosome GL000218.1
INFO [2024-10-24 11:42:28,543]  [Preprocessor.java:255] [main]  Processing chromosome GL000219.1
Processing chromosome GL000219.1
INFO [2024-10-24 11:42:28,543]  [Preprocessor.java:255] [main]  Processing chromosome GL000220.1
Processing chromosome GL000220.1
INFO [2024-10-24 11:42:28,544]  [Preprocessor.java:255] [main]  Processing chromosome KI270713.1
Processing chromosome KI270713.1
INFO [2024-10-24 11:42:28,551]  [Preprocessor.java:255] [main]  Processing chromosome KI270714.1
Processing chromosome KI270714.1
INFO [2024-10-24 11:42:28,553]  [Preprocessor.java:255] [main]  Processing chromosome KI270721.1
Processing chromosome KI270721.1
INFO [2024-10-24 11:42:28,554]  [Preprocessor.java:255] [main]  Processing chromosome KI270731.1
Processing chromosome KI270731.1
INFO [2024-10-24 11:42:28,555]  [Preprocessor.java:255] [main]  Processing chromosome KI270733.1
Processing chromosome KI270733.1
INFO [2024-10-24 11:42:28,563]  [Preprocessor.java:255] [main]  Processing chromosome KI270734.1
Processing chromosome KI270734.1
INFO [2024-10-24 11:42:28,564]  [Preprocessor.java:255] [main]  Processing chromosome KI270743.1
Processing chromosome KI270743.1
INFO [2024-10-24 11:42:28,565]  [Preprocessor.java:255] [main]  Processing chromosome KI270745.1
Processing chromosome KI270745.1
INFO [2024-10-24 11:42:28,566]  [Preprocessor.java:255] [main]  Processing chromosome KI270755.1
Processing chromosome KI270755.1
INFO [2024-10-24 11:42:28,746]  [TDFWriter.java:318] [main]  Group idx: 1
Group idx: 1
100.0% 
Done
INFO [2024-10-24 11:42:20,665]  [IgvTools.java:667] [main]  toTDF.  File = ./results/tracks/Ctrl_0h_IAA_4SU_1.TC.2.pos.bedGraph
toTDF.  File = ./results/tracks/Ctrl_0h_IAA_4SU_1.TC.2.pos.bedGraph
INFO [2024-10-24 11:42:20,668]  [IgvTools.java:668] [main]  Max zoom = 7
Max zoom = 7
INFO [2024-10-24 11:42:20,669]  [IgvTools.java:676] [main]  Window functions: mean max 
Window functions: mean max 
INFO [2024-10-24 11:42:20,676]  [GenomeManager.java:145] [main]  Loading genome: /srv/2023_UPF1_4SU_EZbakR/./results/tracks/GRCh38.chrom.sizes
Loading genome: /srv/2023_UPF1_4SU_EZbakR/./results/tracks/GRCh38.chrom.sizes
INFO [2024-10-24 11:42:20,891]  [DirectoryManager.java:169] [main]  IGV Directory: /home/volker/igv
IGV Directory: /home/volker/igv
INFO [2024-10-24 11:42:20,908]  [GenomeManager.java:192] [main]  Genome loaded.  id= /srv/2023_UPF1_4SU_EZbakR/
Genome loaded.  id= /srv/2023_UPF1_4SU_EZbakR/
INFO [2024-10-24 11:42:20,923]  [Preprocessor.java:125] [main]  track type=bedGraph name=" Ctrl_0h_IAA_4SU_1 TC 2 plus " description=" Ctrl_0h_IAA_4SU_1 TC 2 positive strand" visibility=full autoScale=off windowingFunction=mean viewLimits=0:10 color=250,0,0  altColor=10,10,10 priority=20
track type=bedGraph name=" Ctrl_0h_IAA_4SU_1 TC 2 plus " description=" Ctrl_0h_IAA_4SU_1 TC 2 positive strand" visibility=full autoScale=off windowingFunction=mean viewLimits=0:10 color=250,0,0  altColor=10,10,10 priority=20
INFO [2024-10-24 11:42:20,942]  [Preprocessor.java:255] [main]  Processing chromosome chr1
Processing chromosome chr1
.....INFO [2024-10-24 11:42:23,095]  [Preprocessor.java:255] [main]  Processing chromosome chr2
Processing chromosome chr2
...INFO [2024-10-24 11:42:23,807]  [Preprocessor.java:255] [main]  Processing chromosome chr3
Processing chromosome chr3
.10.0% 
.INFO [2024-10-24 11:42:24,290]  [Preprocessor.java:255] [main]  Processing chromosome chr4
Processing chromosome chr4
.INFO [2024-10-24 11:42:24,450]  [Preprocessor.java:255] [main]  Processing chromosome chr5
Processing chromosome chr5
..INFO [2024-10-24 11:42:24,703]  [Preprocessor.java:255] [main]  Processing chromosome chr6
Processing chromosome chr6
...INFO [2024-10-24 11:42:24,897]  [Preprocessor.java:255] [main]  Processing chromosome chr7
Processing chromosome chr7
..INFO [2024-10-24 11:42:25,175]  [Preprocessor.java:255] [main]  Processing chromosome chr8
Processing chromosome chr8
20.0% 
.INFO [2024-10-24 11:42:25,531]  [Preprocessor.java:255] [main]  Processing chromosome chr9
Processing chromosome chr9
..INFO [2024-10-24 11:42:25,702]  [Preprocessor.java:255] [main]  Processing chromosome chr10
Processing chromosome chr10
..INFO [2024-10-24 11:42:25,932]  [Preprocessor.java:255] [main]  Processing chromosome chr11
Processing chromosome chr11
...INFO [2024-10-24 11:42:26,263]  [Preprocessor.java:255] [main]  Processing chromosome chr12
Processing chromosome chr12
.30.0% 
.INFO [2024-10-24 11:42:26,571]  [Preprocessor.java:255] [main]  Processing chromosome chr13
Processing chromosome chr13
.INFO [2024-10-24 11:42:26,639]  [Preprocessor.java:255] [main]  Processing chromosome chr14
Processing chromosome chr14
..INFO [2024-10-24 11:42:26,778]  [Preprocessor.java:255] [main]  Processing chromosome chr15
Processing chromosome chr15
.INFO [2024-10-24 11:42:27,029]  [Preprocessor.java:255] [main]  Processing chromosome chr16
Processing chromosome chr16
..INFO [2024-10-24 11:42:27,210]  [Preprocessor.java:255] [main]  Processing chromosome chr17
Processing chromosome chr17
..40.0% 
..INFO [2024-10-24 11:42:27,717]  [Preprocessor.java:255] [main]  Processing chromosome chr18
Processing chromosome chr18
.INFO [2024-10-24 11:42:27,767]  [Preprocessor.java:255] [main]  Processing chromosome chr19
Processing chromosome chr19
....INFO [2024-10-24 11:42:28,091]  [Preprocessor.java:255] [main]  Processing chromosome chr20
Processing chromosome chr20
..INFO [2024-10-24 11:42:28,361]  [Preprocessor.java:255] [main]  Processing chromosome chr21
Processing chromosome chr21
INFO [2024-10-24 11:42:28,401]  [Preprocessor.java:255] [main]  Processing chromosome chr22
Processing chromosome chr22
50.0% 
.INFO [2024-10-24 11:42:28,538]  [Preprocessor.java:255] [main]  Processing chromosome chrX
Processing chromosome chrX
.INFO [2024-10-24 11:42:28,624]  [Preprocessor.java:255] [main]  Processing chromosome chrY
Processing chromosome chrY
INFO [2024-10-24 11:42:28,626]  [Preprocessor.java:255] [main]  Processing chromosome chrM
Processing chromosome chrM
INFO [2024-10-24 11:42:28,716]  [Preprocessor.java:255] [main]  Processing chromosome GL000194.1
Processing chromosome GL000194.1
INFO [2024-10-24 11:42:28,724]  [Preprocessor.java:255] [main]  Processing chromosome GL000195.1
Processing chromosome GL000195.1
INFO [2024-10-24 11:42:28,729]  [Preprocessor.java:255] [main]  Processing chromosome GL000205.2
Processing chromosome GL000205.2
INFO [2024-10-24 11:42:28,734]  [Preprocessor.java:255] [main]  Processing chromosome GL000218.1
Processing chromosome GL000218.1
INFO [2024-10-24 11:42:28,743]  [Preprocessor.java:255] [main]  Processing chromosome GL000219.1
Processing chromosome GL000219.1
INFO [2024-10-24 11:42:28,748]  [Preprocessor.java:255] [main]  Processing chromosome GL000220.1
Processing chromosome GL000220.1
INFO [2024-10-24 11:42:28,750]  [Preprocessor.java:255] [main]  Processing chromosome KI270711.1
Processing chromosome KI270711.1
INFO [2024-10-24 11:42:28,760]  [Preprocessor.java:255] [main]  Processing chromosome KI270713.1
Processing chromosome KI270713.1
INFO [2024-10-24 11:42:28,765]  [Preprocessor.java:255] [main]  Processing chromosome KI270714.1
Processing chromosome KI270714.1
INFO [2024-10-24 11:42:28,770]  [Preprocessor.java:255] [main]  Processing chromosome KI270718.1
Processing chromosome KI270718.1
INFO [2024-10-24 11:42:28,772]  [Preprocessor.java:255] [main]  Processing chromosome KI270733.1
Processing chromosome KI270733.1
INFO [2024-10-24 11:42:28,775]  [Preprocessor.java:255] [main]  Processing chromosome KI270734.1
Processing chromosome KI270734.1
INFO [2024-10-24 11:42:28,776]  [Preprocessor.java:255] [main]  Processing chromosome KI270744.1
Processing chromosome KI270744.1
INFO [2024-10-24 11:42:28,885]  [TDFWriter.java:318] [main]  Group idx: 1
Group idx: 1
100.0% 
Done
INFO [2024-10-24 11:42:20,644]  [IgvTools.java:667] [main]  toTDF.  File = ./results/tracks/Ctrl_0h_IAA_4SU_1.TC.2.min.bedGraph
toTDF.  File = ./results/tracks/Ctrl_0h_IAA_4SU_1.TC.2.min.bedGraph
INFO [2024-10-24 11:42:20,646]  [IgvTools.java:668] [main]  Max zoom = 7
Max zoom = 7
INFO [2024-10-24 11:42:20,646]  [IgvTools.java:676] [main]  Window functions: mean max 
Window functions: mean max 
INFO [2024-10-24 11:42:20,652]  [GenomeManager.java:145] [main]  Loading genome: /srv/2023_UPF1_4SU_EZbakR/./results/tracks/GRCh38.chrom.sizes
Loading genome: /srv/2023_UPF1_4SU_EZbakR/./results/tracks/GRCh38.chrom.sizes
INFO [2024-10-24 11:42:20,883]  [DirectoryManager.java:169] [main]  IGV Directory: /home/volker/igv
IGV Directory: /home/volker/igv
INFO [2024-10-24 11:42:20,899]  [GenomeManager.java:192] [main]  Genome loaded.  id= /srv/2023_UPF1_4SU_EZbakR/
Genome loaded.  id= /srv/2023_UPF1_4SU_EZbakR/
INFO [2024-10-24 11:42:20,916]  [Preprocessor.java:125] [main]  track type=bedGraph name=" Ctrl_0h_IAA_4SU_1 TC 2 minus " description=" Ctrl_0h_IAA_4SU_1 TC 2 minus strand" visibility=full negateValues=on autoScale=off windowingFunction=mean viewLimits=-10:0 color=10,10,10 altColor=250,0,0  priority=20
track type=bedGraph name=" Ctrl_0h_IAA_4SU_1 TC 2 minus " description=" Ctrl_0h_IAA_4SU_1 TC 2 minus strand" visibility=full negateValues=on autoScale=off windowingFunction=mean viewLimits=-10:0 color=10,10,10 altColor=250,0,0  priority=20
INFO [2024-10-24 11:42:20,932]  [Preprocessor.java:255] [main]  Processing chromosome chr1
Processing chromosome chr1
.....INFO [2024-10-24 11:42:22,886]  [Preprocessor.java:255] [main]  Processing chromosome chr2
Processing chromosome chr2
...INFO [2024-10-24 11:42:23,546]  [Preprocessor.java:255] [main]  Processing chromosome chr3
Processing chromosome chr3
.10.0% 
.INFO [2024-10-24 11:42:23,984]  [Preprocessor.java:255] [main]  Processing chromosome chr4
Processing chromosome chr4
.INFO [2024-10-24 11:42:24,161]  [Preprocessor.java:255] [main]  Processing chromosome chr5
Processing chromosome chr5
...INFO [2024-10-24 11:42:24,484]  [Preprocessor.java:255] [main]  Processing chromosome chr6
Processing chromosome chr6
...INFO [2024-10-24 11:42:24,782]  [Preprocessor.java:255] [main]  Processing chromosome chr7
Processing chromosome chr7
.20.0% 
INFO [2024-10-24 11:42:24,970]  [Preprocessor.java:255] [main]  Processing chromosome chr8
Processing chromosome chr8
..INFO [2024-10-24 11:42:25,277]  [Preprocessor.java:255] [main]  Processing chromosome chr9
Processing chromosome chr9
..INFO [2024-10-24 11:42:25,496]  [Preprocessor.java:255] [main]  Processing chromosome chr10
Processing chromosome chr10
...INFO [2024-10-24 11:42:25,900]  [Preprocessor.java:255] [main]  Processing chromosome chr11
Processing chromosome chr11
..30.0% 
INFO [2024-10-24 11:42:26,252]  [Preprocessor.java:255] [main]  Processing chromosome chr12
Processing chromosome chr12
...INFO [2024-10-24 11:42:26,590]  [Preprocessor.java:255] [main]  Processing chromosome chr13
Processing chromosome chr13
.INFO [2024-10-24 11:42:26,656]  [Preprocessor.java:255] [main]  Processing chromosome chr14
Processing chromosome chr14
.INFO [2024-10-24 11:42:26,772]  [Preprocessor.java:255] [main]  Processing chromosome chr15
Processing chromosome chr15
..INFO [2024-10-24 11:42:27,117]  [Preprocessor.java:255] [main]  Processing chromosome chr16
Processing chromosome chr16
..40.0% 
INFO [2024-10-24 11:42:27,457]  [Preprocessor.java:255] [main]  Processing chromosome chr17
Processing chromosome chr17
....INFO [2024-10-24 11:42:27,795]  [Preprocessor.java:255] [main]  Processing chromosome chr18
Processing chromosome chr18
.INFO [2024-10-24 11:42:27,855]  [Preprocessor.java:255] [main]  Processing chromosome chr19
Processing chromosome chr19
....50.0% 
.INFO [2024-10-24 11:42:28,321]  [Preprocessor.java:255] [main]  Processing chromosome chr20
Processing chromosome chr20
..INFO [2024-10-24 11:42:28,478]  [Preprocessor.java:255] [main]  Processing chromosome chr21
Processing chromosome chr21
INFO [2024-10-24 11:42:28,521]  [Preprocessor.java:255] [main]  Processing chromosome chr22
Processing chromosome chr22
..INFO [2024-10-24 11:42:28,710]  [Preprocessor.java:255] [main]  Processing chromosome chrX
Processing chromosome chrX
.INFO [2024-10-24 11:42:28,809]  [Preprocessor.java:255] [main]  Processing chromosome chrY
Processing chromosome chrY
INFO [2024-10-24 11:42:28,812]  [Preprocessor.java:255] [main]  Processing chromosome chrM
Processing chromosome chrM
.INFO [2024-10-24 11:42:28,927]  [Preprocessor.java:255] [main]  Processing chromosome GL000195.1
Processing chromosome GL000195.1
INFO [2024-10-24 11:42:28,946]  [Preprocessor.java:255] [main]  Processing chromosome GL000205.2
Processing chromosome GL000205.2
INFO [2024-10-24 11:42:28,947]  [Preprocessor.java:255] [main]  Processing chromosome GL000218.1
Processing chromosome GL000218.1
INFO [2024-10-24 11:42:28,948]  [Preprocessor.java:255] [main]  Processing chromosome GL000219.1
Processing chromosome GL000219.1
INFO [2024-10-24 11:42:28,948]  [Preprocessor.java:255] [main]  Processing chromosome GL000220.1
Processing chromosome GL000220.1
INFO [2024-10-24 11:42:28,950]  [Preprocessor.java:255] [main]  Processing chromosome KI270713.1
Processing chromosome KI270713.1
INFO [2024-10-24 11:42:28,958]  [Preprocessor.java:255] [main]  Processing chromosome KI270714.1
Processing chromosome KI270714.1
INFO [2024-10-24 11:42:28,959]  [Preprocessor.java:255] [main]  Processing chromosome KI270721.1
Processing chromosome KI270721.1
INFO [2024-10-24 11:42:28,961]  [Preprocessor.java:255] [main]  Processing chromosome KI270731.1
Processing chromosome KI270731.1
INFO [2024-10-24 11:42:28,961]  [Preprocessor.java:255] [main]  Processing chromosome KI270733.1
Processing chromosome KI270733.1
INFO [2024-10-24 11:42:28,971]  [Preprocessor.java:255] [main]  Processing chromosome KI270734.1
Processing chromosome KI270734.1
INFO [2024-10-24 11:42:28,973]  [Preprocessor.java:255] [main]  Processing chromosome KI270743.1
Processing chromosome KI270743.1
INFO [2024-10-24 11:42:28,974]  [Preprocessor.java:255] [main]  Processing chromosome KI270745.1
Processing chromosome KI270745.1
INFO [2024-10-24 11:42:28,974]  [Preprocessor.java:255] [main]  Processing chromosome KI270755.1
Processing chromosome KI270755.1
INFO [2024-10-24 11:42:29,057]  [TDFWriter.java:318] [main]  Group idx: 1
Group idx: 1
100.0% 
Done
INFO [2024-10-24 11:42:20,691]  [IgvTools.java:667] [main]  toTDF.  File = ./results/tracks/Ctrl_0h_IAA_4SU_1.TC.1.pos.bedGraph
toTDF.  File = ./results/tracks/Ctrl_0h_IAA_4SU_1.TC.1.pos.bedGraph
INFO [2024-10-24 11:42:20,696]  [IgvTools.java:668] [main]  Max zoom = 7
Max zoom = 7
INFO [2024-10-24 11:42:20,696]  [IgvTools.java:676] [main]  Window functions: mean max 
Window functions: mean max 
INFO [2024-10-24 11:42:20,703]  [GenomeManager.java:145] [main]  Loading genome: /srv/2023_UPF1_4SU_EZbakR/./results/tracks/GRCh38.chrom.sizes
Loading genome: /srv/2023_UPF1_4SU_EZbakR/./results/tracks/GRCh38.chrom.sizes
INFO [2024-10-24 11:42:20,925]  [DirectoryManager.java:169] [main]  IGV Directory: /home/volker/igv
IGV Directory: /home/volker/igv
INFO [2024-10-24 11:42:20,943]  [GenomeManager.java:192] [main]  Genome loaded.  id= /srv/2023_UPF1_4SU_EZbakR/
Genome loaded.  id= /srv/2023_UPF1_4SU_EZbakR/
INFO [2024-10-24 11:42:20,960]  [Preprocessor.java:125] [main]  track type=bedGraph name=" Ctrl_0h_IAA_4SU_1 TC 1 plus " description=" Ctrl_0h_IAA_4SU_1 TC 1 positive strand" visibility=full autoScale=off windowingFunction=mean viewLimits=0:10 color=250,150,150  altColor=10,10,10 priority=20
track type=bedGraph name=" Ctrl_0h_IAA_4SU_1 TC 1 plus " description=" Ctrl_0h_IAA_4SU_1 TC 1 positive strand" visibility=full autoScale=off windowingFunction=mean viewLimits=0:10 color=250,150,150  altColor=10,10,10 priority=20
INFO [2024-10-24 11:42:20,977]  [Preprocessor.java:255] [main]  Processing chromosome chr1
Processing chromosome chr1
.....INFO [2024-10-24 11:42:22,960]  [Preprocessor.java:255] [main]  Processing chromosome chr2
Processing chromosome chr2
...INFO [2024-10-24 11:42:23,514]  [Preprocessor.java:255] [main]  Processing chromosome chr3
Processing chromosome chr3
.10.0% 
.INFO [2024-10-24 11:42:23,935]  [Preprocessor.java:255] [main]  Processing chromosome chr4
Processing chromosome chr4
.INFO [2024-10-24 11:42:24,186]  [Preprocessor.java:255] [main]  Processing chromosome chr5
Processing chromosome chr5
..INFO [2024-10-24 11:42:24,485]  [Preprocessor.java:255] [main]  Processing chromosome chr6
Processing chromosome chr6
...INFO [2024-10-24 11:42:24,827]  [Preprocessor.java:255] [main]  Processing chromosome chr7
Processing chromosome chr7
..INFO [2024-10-24 11:42:25,051]  [Preprocessor.java:255] [main]  Processing chromosome chr8
Processing chromosome chr8
20.0% 
.INFO [2024-10-24 11:42:25,418]  [Preprocessor.java:255] [main]  Processing chromosome chr9
Processing chromosome chr9
..INFO [2024-10-24 11:42:25,745]  [Preprocessor.java:255] [main]  Processing chromosome chr10
Processing chromosome chr10
..INFO [2024-10-24 11:42:26,035]  [Preprocessor.java:255] [main]  Processing chromosome chr11
Processing chromosome chr11
...INFO [2024-10-24 11:42:26,374]  [Preprocessor.java:255] [main]  Processing chromosome chr12
Processing chromosome chr12
.30.0% 
.INFO [2024-10-24 11:42:26,812]  [Preprocessor.java:255] [main]  Processing chromosome chr13
Processing chromosome chr13
.INFO [2024-10-24 11:42:26,910]  [Preprocessor.java:255] [main]  Processing chromosome chr14
Processing chromosome chr14
..INFO [2024-10-24 11:42:27,145]  [Preprocessor.java:255] [main]  Processing chromosome chr15
Processing chromosome chr15
.INFO [2024-10-24 11:42:27,332]  [Preprocessor.java:255] [main]  Processing chromosome chr16
Processing chromosome chr16
..INFO [2024-10-24 11:42:27,805]  [Preprocessor.java:255] [main]  Processing chromosome chr17
Processing chromosome chr17
..40.0% 
..INFO [2024-10-24 11:42:28,332]  [Preprocessor.java:255] [main]  Processing chromosome chr18
Processing chromosome chr18
.INFO [2024-10-24 11:42:28,391]  [Preprocessor.java:255] [main]  Processing chromosome chr19
Processing chromosome chr19
....INFO [2024-10-24 11:42:28,764]  [Preprocessor.java:255] [main]  Processing chromosome chr20
Processing chromosome chr20
..INFO [2024-10-24 11:42:28,947]  [Preprocessor.java:255] [main]  Processing chromosome chr21
Processing chromosome chr21
INFO [2024-10-24 11:42:28,988]  [Preprocessor.java:255] [main]  Processing chromosome chr22
Processing chromosome chr22
50.0% 
.INFO [2024-10-24 11:42:29,206]  [Preprocessor.java:255] [main]  Processing chromosome chrX
Processing chromosome chrX
.INFO [2024-10-24 11:42:29,298]  [Preprocessor.java:255] [main]  Processing chromosome chrY
Processing chromosome chrY
INFO [2024-10-24 11:42:29,300]  [Preprocessor.java:255] [main]  Processing chromosome chrM
Processing chromosome chrM
INFO [2024-10-24 11:42:29,379]  [Preprocessor.java:255] [main]  Processing chromosome GL000194.1
Processing chromosome GL000194.1
INFO [2024-10-24 11:42:29,387]  [Preprocessor.java:255] [main]  Processing chromosome GL000195.1
Processing chromosome GL000195.1
INFO [2024-10-24 11:42:29,392]  [Preprocessor.java:255] [main]  Processing chromosome GL000205.2
Processing chromosome GL000205.2
INFO [2024-10-24 11:42:29,397]  [Preprocessor.java:255] [main]  Processing chromosome GL000218.1
Processing chromosome GL000218.1
INFO [2024-10-24 11:42:29,405]  [Preprocessor.java:255] [main]  Processing chromosome GL000219.1
Processing chromosome GL000219.1
INFO [2024-10-24 11:42:29,410]  [Preprocessor.java:255] [main]  Processing chromosome GL000220.1
Processing chromosome GL000220.1
INFO [2024-10-24 11:42:29,412]  [Preprocessor.java:255] [main]  Processing chromosome KI270706.1
Processing chromosome KI270706.1
INFO [2024-10-24 11:42:29,413]  [Preprocessor.java:255] [main]  Processing chromosome KI270711.1
Processing chromosome KI270711.1
INFO [2024-10-24 11:42:29,422]  [Preprocessor.java:255] [main]  Processing chromosome KI270713.1
Processing chromosome KI270713.1
INFO [2024-10-24 11:42:29,426]  [Preprocessor.java:255] [main]  Processing chromosome KI270714.1
Processing chromosome KI270714.1
INFO [2024-10-24 11:42:29,431]  [Preprocessor.java:255] [main]  Processing chromosome KI270718.1
Processing chromosome KI270718.1
INFO [2024-10-24 11:42:29,432]  [Preprocessor.java:255] [main]  Processing chromosome KI270728.1
Processing chromosome KI270728.1
INFO [2024-10-24 11:42:29,433]  [Preprocessor.java:255] [main]  Processing chromosome KI270733.1
Processing chromosome KI270733.1
INFO [2024-10-24 11:42:29,437]  [Preprocessor.java:255] [main]  Processing chromosome KI270734.1
Processing chromosome KI270734.1
INFO [2024-10-24 11:42:29,438]  [Preprocessor.java:255] [main]  Processing chromosome KI270744.1
Processing chromosome KI270744.1
INFO [2024-10-24 11:42:29,487]  [TDFWriter.java:318] [main]  Group idx: 1
Group idx: 1
100.0% 
Done
INFO [2024-10-24 11:42:20,648]  [IgvTools.java:667] [main]  toTDF.  File = ./results/tracks/Ctrl_0h_IAA_4SU_1.TC.1.min.bedGraph
toTDF.  File = ./results/tracks/Ctrl_0h_IAA_4SU_1.TC.1.min.bedGraph
INFO [2024-10-24 11:42:20,651]  [IgvTools.java:668] [main]  Max zoom = 7
Max zoom = 7
INFO [2024-10-24 11:42:20,652]  [IgvTools.java:676] [main]  Window functions: mean max 
Window functions: mean max 
INFO [2024-10-24 11:42:20,658]  [GenomeManager.java:145] [main]  Loading genome: /srv/2023_UPF1_4SU_EZbakR/./results/tracks/GRCh38.chrom.sizes
Loading genome: /srv/2023_UPF1_4SU_EZbakR/./results/tracks/GRCh38.chrom.sizes
INFO [2024-10-24 11:42:20,822]  [DirectoryManager.java:169] [main]  IGV Directory: /home/volker/igv
IGV Directory: /home/volker/igv
INFO [2024-10-24 11:42:20,837]  [GenomeManager.java:192] [main]  Genome loaded.  id= /srv/2023_UPF1_4SU_EZbakR/
Genome loaded.  id= /srv/2023_UPF1_4SU_EZbakR/
INFO [2024-10-24 11:42:20,852]  [Preprocessor.java:125] [main]  track type=bedGraph name=" Ctrl_0h_IAA_4SU_1 TC 1 minus " description=" Ctrl_0h_IAA_4SU_1 TC 1 minus strand" visibility=full negateValues=on autoScale=off windowingFunction=mean viewLimits=-10:0 color=10,10,10 altColor=250,150,150  priority=20
track type=bedGraph name=" Ctrl_0h_IAA_4SU_1 TC 1 minus " description=" Ctrl_0h_IAA_4SU_1 TC 1 minus strand" visibility=full negateValues=on autoScale=off windowingFunction=mean viewLimits=-10:0 color=10,10,10 altColor=250,150,150  priority=20
INFO [2024-10-24 11:42:20,874]  [Preprocessor.java:255] [main]  Processing chromosome chr1
Processing chromosome chr1
.....INFO [2024-10-24 11:42:23,003]  [Preprocessor.java:255] [main]  Processing chromosome chr2
Processing chromosome chr2
...INFO [2024-10-24 11:42:23,786]  [Preprocessor.java:255] [main]  Processing chromosome chr3
Processing chromosome chr3
.10.0% 
.INFO [2024-10-24 11:42:24,336]  [Preprocessor.java:255] [main]  Processing chromosome chr4
Processing chromosome chr4
.INFO [2024-10-24 11:42:24,856]  [Preprocessor.java:255] [main]  Processing chromosome chr5
Processing chromosome chr5
...INFO [2024-10-24 11:42:25,241]  [Preprocessor.java:255] [main]  Processing chromosome chr6
Processing chromosome chr6
...INFO [2024-10-24 11:42:25,573]  [Preprocessor.java:255] [main]  Processing chromosome chr7
Processing chromosome chr7
.20.0% 
INFO [2024-10-24 11:42:25,930]  [Preprocessor.java:255] [main]  Processing chromosome chr8
Processing chromosome chr8
..INFO [2024-10-24 11:42:26,093]  [Preprocessor.java:255] [main]  Processing chromosome chr9
Processing chromosome chr9
..INFO [2024-10-24 11:42:26,441]  [Preprocessor.java:255] [main]  Processing chromosome chr10
Processing chromosome chr10
...INFO [2024-10-24 11:42:26,842]  [Preprocessor.java:255] [main]  Processing chromosome chr11
Processing chromosome chr11
..30.0% 
INFO [2024-10-24 11:42:27,173]  [Preprocessor.java:255] [main]  Processing chromosome chr12
Processing chromosome chr12
...INFO [2024-10-24 11:42:27,586]  [Preprocessor.java:255] [main]  Processing chromosome chr13
Processing chromosome chr13
.INFO [2024-10-24 11:42:27,666]  [Preprocessor.java:255] [main]  Processing chromosome chr14
Processing chromosome chr14
.INFO [2024-10-24 11:42:27,950]  [Preprocessor.java:255] [main]  Processing chromosome chr15
Processing chromosome chr15
..INFO [2024-10-24 11:42:28,167]  [Preprocessor.java:255] [main]  Processing chromosome chr16
Processing chromosome chr16
..40.0% 
INFO [2024-10-24 11:42:28,626]  [Preprocessor.java:255] [main]  Processing chromosome chr17
Processing chromosome chr17
....INFO [2024-10-24 11:42:29,083]  [Preprocessor.java:255] [main]  Processing chromosome chr18
Processing chromosome chr18
.INFO [2024-10-24 11:42:29,147]  [Preprocessor.java:255] [main]  Processing chromosome chr19
Processing chromosome chr19
....50.0% 
.INFO [2024-10-24 11:42:29,701]  [Preprocessor.java:255] [main]  Processing chromosome chr20
Processing chromosome chr20
..INFO [2024-10-24 11:42:29,904]  [Preprocessor.java:255] [main]  Processing chromosome chr21
Processing chromosome chr21
INFO [2024-10-24 11:42:29,949]  [Preprocessor.java:255] [main]  Processing chromosome chr22
Processing chromosome chr22
..INFO [2024-10-24 11:42:30,167]  [Preprocessor.java:255] [main]  Processing chromosome chrX
Processing chromosome chrX
.INFO [2024-10-24 11:42:30,273]  [Preprocessor.java:255] [main]  Processing chromosome chrY
Processing chromosome chrY
INFO [2024-10-24 11:42:30,276]  [Preprocessor.java:255] [main]  Processing chromosome chrM
Processing chromosome chrM
.INFO [2024-10-24 11:42:30,372]  [Preprocessor.java:255] [main]  Processing chromosome GL000009.2
Processing chromosome GL000009.2
INFO [2024-10-24 11:42:30,389]  [Preprocessor.java:255] [main]  Processing chromosome GL000194.1
Processing chromosome GL000194.1
INFO [2024-10-24 11:42:30,390]  [Preprocessor.java:255] [main]  Processing chromosome GL000195.1
Processing chromosome GL000195.1
INFO [2024-10-24 11:42:30,393]  [Preprocessor.java:255] [main]  Processing chromosome GL000205.2
Processing chromosome GL000205.2
INFO [2024-10-24 11:42:30,394]  [Preprocessor.java:255] [main]  Processing chromosome GL000218.1
Processing chromosome GL000218.1
INFO [2024-10-24 11:42:30,395]  [Preprocessor.java:255] [main]  Processing chromosome GL000219.1
Processing chromosome GL000219.1
INFO [2024-10-24 11:42:30,395]  [Preprocessor.java:255] [main]  Processing chromosome GL000220.1
Processing chromosome GL000220.1
INFO [2024-10-24 11:42:30,397]  [Preprocessor.java:255] [main]  Processing chromosome KI270442.1
Processing chromosome KI270442.1
INFO [2024-10-24 11:42:30,399]  [Preprocessor.java:255] [main]  Processing chromosome KI270713.1
Processing chromosome KI270713.1
INFO [2024-10-24 11:42:30,405]  [Preprocessor.java:255] [main]  Processing chromosome KI270714.1
Processing chromosome KI270714.1
INFO [2024-10-24 11:42:30,407]  [Preprocessor.java:255] [main]  Processing chromosome KI270721.1
Processing chromosome KI270721.1
INFO [2024-10-24 11:42:30,408]  [Preprocessor.java:255] [main]  Processing chromosome KI270731.1
Processing chromosome KI270731.1
INFO [2024-10-24 11:42:30,409]  [Preprocessor.java:255] [main]  Processing chromosome KI270733.1
Processing chromosome KI270733.1
INFO [2024-10-24 11:42:30,421]  [Preprocessor.java:255] [main]  Processing chromosome KI270734.1
Processing chromosome KI270734.1
INFO [2024-10-24 11:42:30,423]  [Preprocessor.java:255] [main]  Processing chromosome KI270743.1
Processing chromosome KI270743.1
INFO [2024-10-24 11:42:30,424]  [Preprocessor.java:255] [main]  Processing chromosome KI270745.1
Processing chromosome KI270745.1
INFO [2024-10-24 11:42:30,426]  [Preprocessor.java:255] [main]  Processing chromosome KI270748.1
Processing chromosome KI270748.1
INFO [2024-10-24 11:42:30,427]  [Preprocessor.java:255] [main]  Processing chromosome KI270755.1
Processing chromosome KI270755.1
INFO [2024-10-24 11:42:30,480]  [TDFWriter.java:318] [main]  Group idx: 1
Group idx: 1
100.0% 
Done
INFO [2024-10-24 11:42:20,657]  [IgvTools.java:667] [main]  toTDF.  File = ./results/tracks/Ctrl_0h_IAA_4SU_1.TC.0.pos.bedGraph
toTDF.  File = ./results/tracks/Ctrl_0h_IAA_4SU_1.TC.0.pos.bedGraph
INFO [2024-10-24 11:42:20,660]  [IgvTools.java:668] [main]  Max zoom = 7
Max zoom = 7
INFO [2024-10-24 11:42:20,660]  [IgvTools.java:676] [main]  Window functions: mean max 
Window functions: mean max 
INFO [2024-10-24 11:42:20,667]  [GenomeManager.java:145] [main]  Loading genome: /srv/2023_UPF1_4SU_EZbakR/./results/tracks/GRCh38.chrom.sizes
Loading genome: /srv/2023_UPF1_4SU_EZbakR/./results/tracks/GRCh38.chrom.sizes
INFO [2024-10-24 11:42:20,877]  [DirectoryManager.java:169] [main]  IGV Directory: /home/volker/igv
IGV Directory: /home/volker/igv
INFO [2024-10-24 11:42:20,894]  [GenomeManager.java:192] [main]  Genome loaded.  id= /srv/2023_UPF1_4SU_EZbakR/
Genome loaded.  id= /srv/2023_UPF1_4SU_EZbakR/
INFO [2024-10-24 11:42:20,911]  [Preprocessor.java:125] [main]  track type=bedGraph name=" Ctrl_0h_IAA_4SU_1 TC 0 plus " description=" Ctrl_0h_IAA_4SU_1 TC 0 positive strand" visibility=full autoScale=off windowingFunction=mean viewLimits=0:10 color=200,200,200  altColor=10,10,10 priority=20
track type=bedGraph name=" Ctrl_0h_IAA_4SU_1 TC 0 plus " description=" Ctrl_0h_IAA_4SU_1 TC 0 positive strand" visibility=full autoScale=off windowingFunction=mean viewLimits=0:10 color=200,200,200  altColor=10,10,10 priority=20
INFO [2024-10-24 11:42:20,924]  [Preprocessor.java:255] [main]  Processing chromosome chr1
Processing chromosome chr1
.....INFO [2024-10-24 11:42:24,391]  [Preprocessor.java:255] [main]  Processing chromosome chr2
Processing chromosome chr2
...INFO [2024-10-24 11:42:25,538]  [Preprocessor.java:255] [main]  Processing chromosome chr3
Processing chromosome chr3
.10.0% 
.INFO [2024-10-24 11:42:26,417]  [Preprocessor.java:255] [main]  Processing chromosome chr4
Processing chromosome chr4
..INFO [2024-10-24 11:42:26,957]  [Preprocessor.java:255] [main]  Processing chromosome chr5
Processing chromosome chr5
..INFO [2024-10-24 11:42:27,632]  [Preprocessor.java:255] [main]  Processing chromosome chr6
Processing chromosome chr6
..INFO [2024-10-24 11:42:28,525]  [Preprocessor.java:255] [main]  Processing chromosome chr7
Processing chromosome chr7
..20.0% 
INFO [2024-10-24 11:42:29,241]  [Preprocessor.java:255] [main]  Processing chromosome chr8
Processing chromosome chr8
..INFO [2024-10-24 11:42:29,848]  [Preprocessor.java:255] [main]  Processing chromosome chr9
Processing chromosome chr9
..INFO [2024-10-24 11:42:30,489]  [Preprocessor.java:255] [main]  Processing chromosome chr10
Processing chromosome chr10
..INFO [2024-10-24 11:42:31,073]  [Preprocessor.java:255] [main]  Processing chromosome chr11
Processing chromosome chr11
...INFO [2024-10-24 11:42:32,010]  [Preprocessor.java:255] [main]  Processing chromosome chr12
Processing chromosome chr12
30.0% 
..INFO [2024-10-24 11:42:32,777]  [Preprocessor.java:255] [main]  Processing chromosome chr13
Processing chromosome chr13
.INFO [2024-10-24 11:42:33,003]  [Preprocessor.java:255] [main]  Processing chromosome chr14
Processing chromosome chr14
..INFO [2024-10-24 11:42:33,456]  [Preprocessor.java:255] [main]  Processing chromosome chr15
Processing chromosome chr15
.INFO [2024-10-24 11:42:33,847]  [Preprocessor.java:255] [main]  Processing chromosome chr16
Processing chromosome chr16
...INFO [2024-10-24 11:42:34,497]  [Preprocessor.java:255] [main]  Processing chromosome chr17
Processing chromosome chr17
40.0% 
...INFO [2024-10-24 11:42:35,638]  [Preprocessor.java:255] [main]  Processing chromosome chr18
Processing chromosome chr18
.INFO [2024-10-24 11:42:35,838]  [Preprocessor.java:255] [main]  Processing chromosome chr19
Processing chromosome chr19
...INFO [2024-10-24 11:42:36,843]  [Preprocessor.java:255] [main]  Processing chromosome chr20
Processing chromosome chr20
.INFO [2024-10-24 11:42:37,225]  [Preprocessor.java:255] [main]  Processing chromosome chr21
Processing chromosome chr21
.INFO [2024-10-24 11:42:37,342]  [Preprocessor.java:255] [main]  Processing chromosome chr22
Processing chromosome chr22
50.0% 
INFO [2024-10-24 11:42:37,770]  [Preprocessor.java:255] [main]  Processing chromosome chrX
Processing chromosome chrX
..INFO [2024-10-24 11:42:38,155]  [Preprocessor.java:255] [main]  Processing chromosome chrY
Processing chromosome chrY
INFO [2024-10-24 11:42:38,158]  [Preprocessor.java:255] [main]  Processing chromosome chrM
Processing chromosome chrM
INFO [2024-10-24 11:42:38,246]  [Preprocessor.java:255] [main]  Processing chromosome GL000008.2
Processing chromosome GL000008.2
INFO [2024-10-24 11:42:38,257]  [Preprocessor.java:255] [main]  Processing chromosome GL000194.1
Processing chromosome GL000194.1
INFO [2024-10-24 11:42:38,262]  [Preprocessor.java:255] [main]  Processing chromosome GL000195.1
Processing chromosome GL000195.1
INFO [2024-10-24 11:42:38,270]  [Preprocessor.java:255] [main]  Processing chromosome GL000205.2
Processing chromosome GL000205.2
INFO [2024-10-24 11:42:38,278]  [Preprocessor.java:255] [main]  Processing chromosome GL000218.1
Processing chromosome GL000218.1
INFO [2024-10-24 11:42:38,291]  [Preprocessor.java:255] [main]  Processing chromosome GL000219.1
Processing chromosome GL000219.1
INFO [2024-10-24 11:42:38,299]  [Preprocessor.java:255] [main]  Processing chromosome GL000220.1
Processing chromosome GL000220.1
INFO [2024-10-24 11:42:38,302]  [Preprocessor.java:255] [main]  Processing chromosome GL000221.1
Processing chromosome GL000221.1
INFO [2024-10-24 11:42:38,303]  [Preprocessor.java:255] [main]  Processing chromosome GL000224.1
Processing chromosome GL000224.1
INFO [2024-10-24 11:42:38,304]  [Preprocessor.java:255] [main]  Processing chromosome KI270442.1
Processing chromosome KI270442.1
INFO [2024-10-24 11:42:38,304]  [Preprocessor.java:255] [main]  Processing chromosome KI270706.1
Processing chromosome KI270706.1
INFO [2024-10-24 11:42:38,305]  [Preprocessor.java:255] [main]  Processing chromosome KI270711.1
Processing chromosome KI270711.1
INFO [2024-10-24 11:42:38,317]  [Preprocessor.java:255] [main]  Processing chromosome KI270713.1
Processing chromosome KI270713.1
INFO [2024-10-24 11:42:38,321]  [Preprocessor.java:255] [main]  Processing chromosome KI270714.1
Processing chromosome KI270714.1
INFO [2024-10-24 11:42:38,333]  [Preprocessor.java:255] [main]  Processing chromosome KI270717.1
Processing chromosome KI270717.1
INFO [2024-10-24 11:42:38,334]  [Preprocessor.java:255] [main]  Processing chromosome KI270718.1
Processing chromosome KI270718.1
INFO [2024-10-24 11:42:38,335]  [Preprocessor.java:255] [main]  Processing chromosome KI270728.1
Processing chromosome KI270728.1
INFO [2024-10-24 11:42:38,335]  [Preprocessor.java:255] [main]  Processing chromosome KI270733.1
Processing chromosome KI270733.1
INFO [2024-10-24 11:42:38,341]  [Preprocessor.java:255] [main]  Processing chromosome KI270734.1
Processing chromosome KI270734.1
INFO [2024-10-24 11:42:38,343]  [Preprocessor.java:255] [main]  Processing chromosome KI270742.1
Processing chromosome KI270742.1
INFO [2024-10-24 11:42:38,344]  [Preprocessor.java:255] [main]  Processing chromosome KI270744.1
Processing chromosome KI270744.1
INFO [2024-10-24 11:42:38,360]  [TDFWriter.java:318] [main]  Group idx: 1
Group idx: 1
100.0% 
Done
INFO [2024-10-24 11:42:20,710]  [IgvTools.java:667] [main]  toTDF.  File = ./results/tracks/Ctrl_0h_IAA_4SU_1.TC.0.min.bedGraph
toTDF.  File = ./results/tracks/Ctrl_0h_IAA_4SU_1.TC.0.min.bedGraph
INFO [2024-10-24 11:42:20,712]  [IgvTools.java:668] [main]  Max zoom = 7
Max zoom = 7
INFO [2024-10-24 11:42:20,713]  [IgvTools.java:676] [main]  Window functions: mean max 
Window functions: mean max 
INFO [2024-10-24 11:42:20,719]  [GenomeManager.java:145] [main]  Loading genome: /srv/2023_UPF1_4SU_EZbakR/./results/tracks/GRCh38.chrom.sizes
Loading genome: /srv/2023_UPF1_4SU_EZbakR/./results/tracks/GRCh38.chrom.sizes
INFO [2024-10-24 11:42:20,919]  [DirectoryManager.java:169] [main]  IGV Directory: /home/volker/igv
IGV Directory: /home/volker/igv
INFO [2024-10-24 11:42:20,936]  [GenomeManager.java:192] [main]  Genome loaded.  id= /srv/2023_UPF1_4SU_EZbakR/
Genome loaded.  id= /srv/2023_UPF1_4SU_EZbakR/
INFO [2024-10-24 11:42:20,953]  [Preprocessor.java:125] [main]  track type=bedGraph name=" Ctrl_0h_IAA_4SU_1 TC 0 minus " description=" Ctrl_0h_IAA_4SU_1 TC 0 minus strand" visibility=full negateValues=on autoScale=off windowingFunction=mean viewLimits=-10:0 color=10,10,10 altColor=200,200,200  priority=20
track type=bedGraph name=" Ctrl_0h_IAA_4SU_1 TC 0 minus " description=" Ctrl_0h_IAA_4SU_1 TC 0 minus strand" visibility=full negateValues=on autoScale=off windowingFunction=mean viewLimits=-10:0 color=10,10,10 altColor=200,200,200  priority=20
INFO [2024-10-24 11:42:20,975]  [Preprocessor.java:255] [main]  Processing chromosome chr1
Processing chromosome chr1
.....INFO [2024-10-24 11:42:24,425]  [Preprocessor.java:255] [main]  Processing chromosome chr2
Processing chromosome chr2
....INFO [2024-10-24 11:42:25,838]  [Preprocessor.java:255] [main]  Processing chromosome chr3
Processing chromosome chr3
10.0% 
..INFO [2024-10-24 11:42:26,692]  [Preprocessor.java:255] [main]  Processing chromosome chr4
Processing chromosome chr4
.INFO [2024-10-24 11:42:27,304]  [Preprocessor.java:255] [main]  Processing chromosome chr5
Processing chromosome chr5
...INFO [2024-10-24 11:42:28,190]  [Preprocessor.java:255] [main]  Processing chromosome chr6
Processing chromosome chr6
...INFO [2024-10-24 11:42:29,041]  [Preprocessor.java:255] [main]  Processing chromosome chr7
Processing chromosome chr7
20.0% 
.INFO [2024-10-24 11:42:29,914]  [Preprocessor.java:255] [main]  Processing chromosome chr8
Processing chromosome chr8
..INFO [2024-10-24 11:42:30,457]  [Preprocessor.java:255] [main]  Processing chromosome chr9
Processing chromosome chr9
..INFO [2024-10-24 11:42:31,067]  [Preprocessor.java:255] [main]  Processing chromosome chr10
Processing chromosome chr10
...INFO [2024-10-24 11:42:31,683]  [Preprocessor.java:255] [main]  Processing chromosome chr11
Processing chromosome chr11
.30.0% 
.INFO [2024-10-24 11:42:32,657]  [Preprocessor.java:255] [main]  Processing chromosome chr12
Processing chromosome chr12
...INFO [2024-10-24 11:42:33,531]  [Preprocessor.java:255] [main]  Processing chromosome chr13
Processing chromosome chr13
.INFO [2024-10-24 11:42:33,778]  [Preprocessor.java:255] [main]  Processing chromosome chr14
Processing chromosome chr14
..INFO [2024-10-24 11:42:34,292]  [Preprocessor.java:255] [main]  Processing chromosome chr15
Processing chromosome chr15
..INFO [2024-10-24 11:42:34,760]  [Preprocessor.java:255] [main]  Processing chromosome chr16
Processing chromosome chr16
40.0% 
..INFO [2024-10-24 11:42:35,564]  [Preprocessor.java:255] [main]  Processing chromosome chr17
Processing chromosome chr17
....INFO [2024-10-24 11:42:36,589]  [Preprocessor.java:255] [main]  Processing chromosome chr18
Processing chromosome chr18
INFO [2024-10-24 11:42:36,799]  [Preprocessor.java:255] [main]  Processing chromosome chr19
Processing chromosome chr19
...50.0% 
.INFO [2024-10-24 11:42:37,945]  [Preprocessor.java:255] [main]  Processing chromosome chr20
Processing chromosome chr20
..INFO [2024-10-24 11:42:38,436]  [Preprocessor.java:255] [main]  Processing chromosome chr21
Processing chromosome chr21
INFO [2024-10-24 11:42:38,604]  [Preprocessor.java:255] [main]  Processing chromosome chr22
Processing chromosome chr22
..INFO [2024-10-24 11:42:39,041]  [Preprocessor.java:255] [main]  Processing chromosome chrX
Processing chromosome chrX
.INFO [2024-10-24 11:42:39,477]  [Preprocessor.java:255] [main]  Processing chromosome chrY
Processing chromosome chrY
INFO [2024-10-24 11:42:39,480]  [Preprocessor.java:255] [main]  Processing chromosome chrM
Processing chromosome chrM
INFO [2024-10-24 11:42:39,583]  [Preprocessor.java:255] [main]  Processing chromosome GL000009.2
Processing chromosome GL000009.2
INFO [2024-10-24 11:42:39,600]  [Preprocessor.java:255] [main]  Processing chromosome GL000194.1
Processing chromosome GL000194.1
INFO [2024-10-24 11:42:39,601]  [Preprocessor.java:255] [main]  Processing chromosome GL000195.1
Processing chromosome GL000195.1
INFO [2024-10-24 11:42:39,606]  [Preprocessor.java:255] [main]  Processing chromosome GL000205.2
Processing chromosome GL000205.2
INFO [2024-10-24 11:42:39,609]  [Preprocessor.java:255] [main]  Processing chromosome GL000214.1
Processing chromosome GL000214.1
INFO [2024-10-24 11:42:39,609]  [Preprocessor.java:255] [main]  Processing chromosome GL000218.1
Processing chromosome GL000218.1
INFO [2024-10-24 11:42:39,610]  [Preprocessor.java:255] [main]  Processing chromosome GL000219.1
Processing chromosome GL000219.1
INFO [2024-10-24 11:42:39,611]  [Preprocessor.java:255] [main]  Processing chromosome GL000220.1
Processing chromosome GL000220.1
INFO [2024-10-24 11:42:39,615]  [Preprocessor.java:255] [main]  Processing chromosome KI270333.1
Processing chromosome KI270333.1
INFO [2024-10-24 11:42:39,620]  [Preprocessor.java:255] [main]  Processing chromosome KI270442.1
Processing chromosome KI270442.1
INFO [2024-10-24 11:42:39,622]  [Preprocessor.java:255] [main]  Processing chromosome KI270713.1
Processing chromosome KI270713.1
INFO [2024-10-24 11:42:39,632]  [Preprocessor.java:255] [main]  Processing chromosome KI270714.1
Processing chromosome KI270714.1
INFO [2024-10-24 11:42:39,634]  [Preprocessor.java:255] [main]  Processing chromosome KI270721.1
Processing chromosome KI270721.1
INFO [2024-10-24 11:42:39,637]  [Preprocessor.java:255] [main]  Processing chromosome KI270727.1
Processing chromosome KI270727.1
INFO [2024-10-24 11:42:39,638]  [Preprocessor.java:255] [main]  Processing chromosome KI270731.1
Processing chromosome KI270731.1
INFO [2024-10-24 11:42:39,639]  [Preprocessor.java:255] [main]  Processing chromosome KI270733.1
Processing chromosome KI270733.1
INFO [2024-10-24 11:42:39,652]  [Preprocessor.java:255] [main]  Processing chromosome KI270734.1
Processing chromosome KI270734.1
INFO [2024-10-24 11:42:39,655]  [Preprocessor.java:255] [main]  Processing chromosome KI270743.1
Processing chromosome KI270743.1
INFO [2024-10-24 11:42:39,656]  [Preprocessor.java:255] [main]  Processing chromosome KI270744.1
Processing chromosome KI270744.1
INFO [2024-10-24 11:42:39,657]  [Preprocessor.java:255] [main]  Processing chromosome KI270745.1
Processing chromosome KI270745.1
INFO [2024-10-24 11:42:39,659]  [Preprocessor.java:255] [main]  Processing chromosome KI270748.1
Processing chromosome KI270748.1
INFO [2024-10-24 11:42:39,661]  [Preprocessor.java:255] [main]  Processing chromosome KI270755.1
Processing chromosome KI270755.1
INFO [2024-10-24 11:42:39,676]  [TDFWriter.java:318] [main]  Group idx: 1
Group idx: 1
100.0% 
Done
* TDF track files created for sample Ctrl_0h_IAA_4SU_1.
